#
# A fatal error has been detected by the Java Runtime Environment:
#
#  SIGBUS (0xa) at pc=0x0000000101b6815e, pid=4235, tid=20995
#
# JRE version: 7.0_10-b18
# Java VM: Java HotSpot(TM) 64-Bit Server VM (23.6-b04 mixed mode bsd-amd64 compressed oops)
# Problematic frame:
# C  [libzip.dylib+0x315e]  newEntry+0x154
#
# Failed to write core dump. Core dumps have been disabled. To enable core dumping, try "ulimit -c unlimited" before starting Java again
#
# If you would like to submit a bug report, please visit:
#   http://bugreport.sun.com/bugreport/crash.jsp
# The crash happened outside the Java Virtual Machine in native code.
# See problematic frame for where to report the bug.
#

---------------  T H R E A D  ---------------

Current thread (0x00007fe37a8c8800):  JavaThread "Thread-12" [_thread_in_native, id=20995, stack(0x0000000108869000,0x0000000108969000)]

siginfo:si_signo=SIGBUS: si_errno=0, si_code=2 (BUS_ADRERR), si_addr=0x0000000106e52c91

Registers:
RAX=0x00007fe379d660e0, RBX=0x0000000106e52c85, RCX=0x0000000000000701, RDX=0x0000000000000000
RSP=0x0000000108966f10, RBP=0x0000000108966f70, RSI=0x000000007fffffff, RDI=0x00000001019f6800
R8 =0x0000000000000004, R9 =0x00007fe379c00000, R10=0x000000010302b2d8, R11=0xfffffff91eba3e9e
R12=0x000000000000416d, R13=0x0000000106d9c000, R14=0x00007fe379d660e0, R15=0x00000000000015cf
RIP=0x0000000101b6815e, EFLAGS=0x0000000000010202, ERR=0x0000000000000004
  TRAPNO=0x000000000000000e

Top of Stack: (sp=0x0000000108966f10)
0x0000000108966f10:   0000000100000000 0000000001b6762a
0x0000000108966f20:   00007fff75329940 00000007faf07940
0x0000000108966f30:   0000000108966f50 00007fe379d660e0
0x0000000108966f40:   00007fe379c763e0 000000009ac6435b
0x0000000108966f50:   000000000000416d 0000000106d9c000
0x0000000108966f60:   00007fe379d660e0 00000000000015cf
0x0000000108966f70:   0000000108966fc0 0000000101b687d0
0x0000000108966f80:   000000000000002b 0000002b7a8c8800
0x0000000108966f90:   0000000108966fde 0000000108967428
0x0000000108966fa0:   000000000000002b 0000000108966fde
0x0000000108966fb0:   00007fe379d660e0 00007fe37a8c89d8
0x0000000108966fc0:   0000000108967410 0000000101b6762a
0x0000000108966fd0:   0000000000000000 726f000100000001
0x0000000108966fe0:   7370696c63652f67 2f797474656a2f65
0x0000000108966ff0:   7475462f6c697475 626c6c6143657275
0x0000000108967000:   73616c632e6b6361 0000000108960073
0x0000000108967010:   0000000000000004 00000001089671b7
0x0000000108967020:   0000000000000009 0000000000000000
0x0000000108967030:   00000000000001f0 5800000000000000
0x0000000108967040:   0000000000000000 0000000000000000
0x0000000108967050:   0000000000000000 0000000000000000
0x0000000108967060:   0000000000000000 0000000000000000
0x0000000108967070:   3100a47761fb7ad4 58007fff75329940
0x0000000108967080:   0000000000000000 ffffffffffffffff
0x0000000108967090:   0000000108967750 0000000108967280
0x00000001089670a0:   0000000108967100 00007fe37a8c8800
0x00000001089670b0:   0000000000000000 00007fe379c6fbc0
0x00000001089670c0:   00000007e9dc2e20 0000000000000000
0x00000001089670d0:   00000007e9dc2ed0 00007fe30000000c
0x00000001089670e0:   0000000000000000 00007fe379c6fb88
0x00000001089670f0:   00000007e9dc2cf8 00007fe37c0c8b50
0x0000000108967100:   00007fe379e6d090 00007fe379e6d0a0 

Instructions: (pc=0x0000000101b6815e)
0x0000000101b6813e:   49 8b 7f 38 e8 83 19 00 00 4d 89 77 38 49 89 5f
0x0000000101b6814e:   40 4c 89 f0 48 85 c0 0f 84 16 05 00 00 48 89 c3
0x0000000101b6815e:   0f b6 43 0c 0f b6 4b 0d 48 c1 e1 08 48 01 c1 0f
0x0000000101b6816e:   b6 43 0e 0f b6 53 0f 48 c1 e2 08 48 01 c2 48 c1 

Register to memory mapping:

RAX=0x00007fe379d660e0 is an unknown value
RBX=0x0000000106e52c85 is an unknown value
RCX=0x0000000000000701 is an unknown value
RDX=0x0000000000000000 is an unknown value
RSP=0x0000000108966f10 is pointing into the stack for thread: 0x00007fe37a8c8800
RBP=0x0000000108966f70 is pointing into the stack for thread: 0x00007fe37a8c8800
RSI=0x000000007fffffff is an unknown value
RDI=0x00000001019f6800 is an unknown value
R8 =0x0000000000000004 is an unknown value
R9 =0x00007fe379c00000 is an unknown value
R10=0x000000010302b110 [CodeBlob (0x000000010302b110)]
Framesize: 10
R11=0xfffffff91eba3e9e is an unknown value
R12=0x000000000000416d is an unknown value
R13=0x0000000106d9c000 is an unknown value
R14=0x00007fe379d660e0 is an unknown value
R15=0x00000000000015cf is an unknown value


Stack: [0x0000000108869000,0x0000000108969000],  sp=0x0000000108966f10,  free space=1015k
Native frames: (J=compiled Java code, j=interpreted, Vv=VM code, C=native code)
C  [libzip.dylib+0x315e]  newEntry+0x154
C  [libzip.dylib+0x37d0]  ZIP_GetEntry+0xa2
C  [libzip.dylib+0x262a]  Java_java_util_zip_ZipFile_getEntry+0xdd
J  java.util.zip.ZipFile.getEntry(J[BZ)J

Java frames: (J=compiled Java code, j=interpreted, Vv=VM code)
J  java.util.zip.ZipFile.getEntry(J[BZ)J
J  java.util.jar.JarFile.getEntry(Ljava/lang/String;)Ljava/util/zip/ZipEntry;
J  sun.misc.URLClassPath.getResource(Ljava/lang/String;Z)Lsun/misc/Resource;
j  java.net.URLClassLoader$1.run()Ljava/lang/Class;+26
j  java.net.URLClassLoader$1.run()Ljava/lang/Object;+1
v  ~StubRoutines::call_stub
j  java.security.AccessController.doPrivileged(Ljava/security/PrivilegedExceptionAction;Ljava/security/AccessControlContext;)Ljava/lang/Object;+0
j  java.net.URLClassLoader.findClass(Ljava/lang/String;)Ljava/lang/Class;+13
j  java.lang.ClassLoader.loadClass(Ljava/lang/String;Z)Ljava/lang/Class;+70
j  sun.misc.Launcher$AppClassLoader.loadClass(Ljava/lang/String;Z)Ljava/lang/Class;+36
j  java.lang.ClassLoader.loadClass(Ljava/lang/String;)Ljava/lang/Class;+3
v  ~StubRoutines::call_stub
j  org.eclipse.jetty.server.AbstractConnector.shutdown()Ljava/util/concurrent/Future;+0
j  org.eclipse.jetty.server.AbstractNetworkConnector.shutdown()Ljava/util/concurrent/Future;+5
j  org.eclipse.jetty.server.ServerConnector.shutdown()Ljava/util/concurrent/Future;+1
j  org.eclipse.jetty.server.Server.doStop()V+60
j  org.eclipse.jetty.util.component.AbstractLifeCycle.stop()V+30
j  org.eclipse.jetty.util.thread.ShutdownThread.run()V+41
v  ~StubRoutines::call_stub

---------------  P R O C E S S  ---------------

Java Threads: ( => current thread )
=>0x00007fe37a8c8800 JavaThread "Thread-12" [_thread_in_native, id=20995, stack(0x0000000108869000,0x0000000108969000)]
  0x00007fe37b0b5000 JavaThread "SIGINT handler" daemon [_thread_blocked, id=20739, stack(0x0000000108663000,0x0000000108763000)]
  0x00007fe37a8c7800 JavaThread "dw-admin-33" [_thread_blocked, id=10503, stack(0x0000000108766000,0x0000000108866000)]
  0x00007fe37ba04800 JavaThread "Scheduler-1291017295" [_thread_blocked, id=12299, stack(0x00000001066c7000,0x00000001067c7000)]
  0x00007fe37a94f800 JavaThread "dw-admin-28-acceptor-1-admin@8c5697a{HTTP/1.1}{0.0.0.0:8081}" [_thread_blocked, id=19971, stack(0x0000000108560000,0x0000000108660000)]
  0x00007fe37b001000 JavaThread "DestroyJavaVM" [_thread_blocked, id=3847, stack(0x0000000102ea8000,0x0000000102fa8000)]
  0x00007fe37aa90000 JavaThread "dw-admin-26-acceptor-0-admin@8c5697a{HTTP/1.1}{0.0.0.0:8081}" [_thread_in_native, id=19715, stack(0x000000010845d000,0x000000010855d000)]
  0x00007fe37a127800 JavaThread "dw-admin-25-selector-3" [_thread_in_native, id=19459, stack(0x000000010835a000,0x000000010845a000)]
  0x00007fe37a952800 JavaThread "dw-admin-24-selector-2" [_thread_in_native, id=19203, stack(0x0000000108257000,0x0000000108357000)]
  0x00007fe37a07f800 JavaThread "dw-admin-23-selector-1" [_thread_in_native, id=18947, stack(0x0000000108154000,0x0000000108254000)]
  0x00007fe37b194000 JavaThread "dw-admin-22-selector-0" [_thread_in_native, id=18691, stack(0x0000000108051000,0x0000000108151000)]
  0x00007fe37a12d800 JavaThread "dw-19" [_thread_blocked, id=18435, stack(0x0000000107f4e000,0x000000010804e000)]
  0x00007fe37a12c800 JavaThread "dw-18" [_thread_blocked, id=18179, stack(0x0000000107e4b000,0x0000000107f4b000)]
  0x00007fe37b0ee800 JavaThread "dw-17" [_thread_blocked, id=17923, stack(0x0000000107d48000,0x0000000107e48000)]
  0x00007fe37b8b2800 JavaThread "dw-16" [_thread_blocked, id=17667, stack(0x0000000107c45000,0x0000000107d45000)]
  0x00007fe37a14c800 JavaThread "dw-15-selector-3" [_thread_in_native, id=17411, stack(0x0000000107b42000,0x0000000107c42000)]
  0x00007fe37a0bf800 JavaThread "dw-14-selector-2" [_thread_in_native, id=17155, stack(0x0000000107a3f000,0x0000000107b3f000)]
  0x00007fe37b8cd800 JavaThread "dw-13-selector-1" [_thread_in_native, id=16899, stack(0x000000010793c000,0x0000000107a3c000)]
  0x00007fe37b0ed800 JavaThread "dw-12-selector-0" [_thread_in_native, id=16643, stack(0x0000000107839000,0x0000000107939000)]
  0x00007fe37b069000 JavaThread "DateCache" daemon [_thread_blocked, id=16387, stack(0x0000000107736000,0x0000000107836000)]
  0x00007fe37b068800 JavaThread "async-console-appender-2" [_thread_blocked, id=16131, stack(0x0000000107633000,0x0000000107733000)]
  0x00007fe37a9c8800 JavaThread "async-console-appender-1" [_thread_blocked, id=15875, stack(0x0000000107530000,0x0000000107630000)]
  0x00007fe37b809000 JavaThread "Service Thread" daemon [_thread_blocked, id=15363, stack(0x0000000106ad6000,0x0000000106bd6000)]
  0x00007fe37a884000 JavaThread "C2 CompilerThread1" daemon [_thread_blocked, id=15107, stack(0x00000001069d3000,0x0000000106ad3000)]
  0x00007fe37b00c000 JavaThread "C2 CompilerThread0" daemon [_thread_blocked, id=14851, stack(0x00000001068d0000,0x00000001069d0000)]
  0x00007fe37a85c000 JavaThread "Signal Dispatcher" daemon [_thread_blocked, id=14595, stack(0x00000001067cd000,0x00000001068cd000)]
  0x00007fe37b006800 JavaThread "Finalizer" daemon [_thread_blocked, id=9267, stack(0x000000010657e000,0x000000010667e000)]
  0x00007fe37b005800 JavaThread "Reference Handler" daemon [_thread_blocked, id=271, stack(0x000000010647b000,0x000000010657b000)]

Other Threads:
  0x00007fe37a851800 VMThread [stack: 0x0000000106378000,0x0000000106478000] [id=523]
  0x00007fe37b805800 WatcherThread [stack: 0x0000000106bd9000,0x0000000106cd9000] [id=15619]

VM state:not at safepoint (normal execution)

VM Mutex/Monitor currently owned by a thread: None

Heap
 def new generation   total 5248K, used 4541K [0x00000007e9a00000, 0x00000007e9fb0000, 0x00000007ef600000)
  eden space 4672K,  84% used [0x00000007e9a00000, 0x00000007e9ddf740, 0x00000007e9e90000)
  from space 576K, 100% used [0x00000007e9f20000, 0x00000007e9fb0000, 0x00000007e9fb0000)
  to   space 576K,   0% used [0x00000007e9e90000, 0x00000007e9e90000, 0x00000007e9f20000)
 tenured generation   total 11776K, used 10959K [0x00000007ef600000, 0x00000007f0180000, 0x00000007fae00000)
   the space 11776K,  93% used [0x00000007ef600000, 0x00000007f00b3de0, 0x00000007f00b3e00, 0x00000007f0180000)
 compacting perm gen  total 21568K, used 21296K [0x00000007fae00000, 0x00000007fc310000, 0x0000000800000000)
   the space 21568K,  98% used [0x00000007fae00000, 0x00000007fc2cc0b0, 0x00000007fc2cc200, 0x00000007fc310000)
No shared spaces configured.

Card table byte_map: [0x000000010606a000,0x000000010611e000] byte_map_base: 0x000000010211d000

Polling page: 0x0000000101b5b000

Code Cache  [0x0000000102faa000, 0x000000010321a000, 0x0000000105faa000)
 total_blobs=584 nmethods=244 adapters=292 free_code_cache=48208Kb largest_free_block=49336064

Compilation events (10 events):
Event: 66.858 Thread 0x00007fe37b00c000  246             java.util.concurrent.locks.ReentrantLock::unlock (10 bytes)
Event: 66.861 Thread 0x00007fe37b00c000 nmethod 246 0x0000000103099810 code [0x0000000103099960, 0x0000000103099a68]
Event: 84.380 Thread 0x00007fe37a884000  247             java.util.concurrent.atomic.AtomicReferenceArray::checkedByteOffset (45 bytes)
Event: 84.380 Thread 0x00007fe37b00c000  248             java.util.concurrent.atomic.AtomicReferenceArray::byteOffset (12 bytes)
Event: 84.381 Thread 0x00007fe37b00c000 nmethod 248 0x0000000103099610 code [0x0000000103099740, 0x0000000103099798]
Event: 84.381 Thread 0x00007fe37a884000 nmethod 247 0x0000000103099390 code [0x00000001030994e0, 0x0000000103099578]
Event: 84.863 Thread 0x00007fe37a884000  250             java.util.concurrent.atomic.AtomicReferenceArray::getRaw (12 bytes)
Event: 84.863 Thread 0x00007fe37b00c000  249             java.util.concurrent.atomic.AtomicReferenceArray::get (10 bytes)
Event: 84.864 Thread 0x00007fe37a884000 nmethod 250 0x0000000103099190 code [0x00000001030992c0, 0x0000000103099338]
Event: 84.865 Thread 0x00007fe37b00c000 nmethod 249 0x0000000103098ed0 code [0x0000000103099020, 0x00000001030990d8]

GC Heap History (10 events):
Event: 2.767 GC heap before
{Heap before GC invocations=16 (full 0):
 def new generation   total 5248K, used 5228K [0x00000007e9a00000, 0x00000007e9fb0000, 0x00000007ef600000)
  eden space 4672K, 100% used [0x00000007e9a00000, 0x00000007e9e90000, 0x00000007e9e90000)
  from space 576K,  96% used [0x00000007e9e90000, 0x00000007e9f1b168, 0x00000007e9f20000)
  to   space 576K,   0% used [0x00000007e9f20000, 0x00000007e9f20000, 0x00000007e9fb0000)
 tenured generation   total 11776K, used 10140K [0x00000007ef600000, 0x00000007f0180000, 0x00000007fae00000)
   the space 11776K,  86% used [0x00000007ef600000, 0x00000007effe70a8, 0x00000007effe7200, 0x00000007f0180000)
 compacting perm gen  total 21248K, used 19250K [0x00000007fae00000, 0x00000007fc2c0000, 0x0000000800000000)
   the space 21248K,  90% used [0x00000007fae00000, 0x00000007fc0ccad8, 0x00000007fc0ccc00, 0x00000007fc2c0000)
No shared spaces configured.
Event: 2.771 GC heap after
Heap after GC invocations=17 (full 0):
 def new generation   total 5248K, used 576K [0x00000007e9a00000, 0x00000007e9fb0000, 0x00000007ef600000)
  eden space 4672K,   0% used [0x00000007e9a00000, 0x00000007e9a00000, 0x00000007e9e90000)
  from space 576K, 100% used [0x00000007e9f20000, 0x00000007e9fb0000, 0x00000007e9fb0000)
  to   space 576K,   0% used [0x00000007e9e90000, 0x00000007e9e90000, 0x00000007e9f20000)
 tenured generation   total 11776K, used 10381K [0x00000007ef600000, 0x00000007f0180000, 0x00000007fae00000)
   the space 11776K,  88% used [0x00000007ef600000, 0x00000007f0023468, 0x00000007f0023600, 0x00000007f0180000)
 compacting perm gen  total 21248K, used 19250K [0x00000007fae00000, 0x00000007fc2c0000, 0x0000000800000000)
   the space 21248K,  90% used [0x00000007fae00000, 0x00000007fc0ccad8, 0x00000007fc0ccc00, 0x00000007fc2c0000)
No shared spaces configured.
}
Event: 2.870 GC heap before
{Heap before GC invocations=17 (full 0):
 def new generation   total 5248K, used 5248K [0x00000007e9a00000, 0x00000007e9fb0000, 0x00000007ef600000)
  eden space 4672K, 100% used [0x00000007e9a00000, 0x00000007e9e90000, 0x00000007e9e90000)
  from space 576K, 100% used [0x00000007e9f20000, 0x00000007e9fb0000, 0x00000007e9fb0000)
  to   space 576K,   0% used [0x00000007e9e90000, 0x00000007e9e90000, 0x00000007e9f20000)
 tenured generation   total 11776K, used 10381K [0x00000007ef600000, 0x00000007f0180000, 0x00000007fae00000)
   the space 11776K,  88% used [0x00000007ef600000, 0x00000007f0023468, 0x00000007f0023600, 0x00000007f0180000)
 compacting perm gen  total 21248K, used 19360K [0x00000007fae00000, 0x00000007fc2c0000, 0x0000000800000000)
   the space 21248K,  91% used [0x00000007fae00000, 0x00000007fc0e8200, 0x00000007fc0e8200, 0x00000007fc2c0000)
No shared spaces configured.
Event: 2.873 GC heap after
Heap after GC invocations=18 (full 0):
 def new generation   total 5248K, used 164K [0x00000007e9a00000, 0x00000007e9fb0000, 0x00000007ef600000)
  eden space 4672K,   0% used [0x00000007e9a00000, 0x00000007e9a00000, 0x00000007e9e90000)
  from space 576K,  28% used [0x00000007e9e90000, 0x00000007e9eb9188, 0x00000007e9f20000)
  to   space 576K,   0% used [0x00000007e9f20000, 0x00000007e9f20000, 0x00000007e9fb0000)
 tenured generation   total 11776K, used 10532K [0x00000007ef600000, 0x00000007f0180000, 0x00000007fae00000)
   the space 11776K,  89% used [0x00000007ef600000, 0x00000007f00491e0, 0x00000007f0049200, 0x00000007f0180000)
 compacting perm gen  total 21248K, used 19360K [0x00000007fae00000, 0x00000007fc2c0000, 0x0000000800000000)
   the space 21248K,  91% used [0x00000007fae00000, 0x00000007fc0e8200, 0x00000007fc0e8200, 0x00000007fc2c0000)
No shared spaces configured.
}
Event: 2.951 GC heap before
{Heap before GC invocations=18 (full 0):
 def new generation   total 5248K, used 4836K [0x00000007e9a00000, 0x00000007e9fb0000, 0x00000007ef600000)
  eden space 4672K, 100% used [0x00000007e9a00000, 0x00000007e9e90000, 0x00000007e9e90000)
  from space 576K,  28% used [0x00000007e9e90000, 0x00000007e9eb9188, 0x00000007e9f20000)
  to   space 576K,   0% used [0x00000007e9f20000, 0x00000007e9f20000, 0x00000007e9fb0000)
 tenured generation   total 11776K, used 10532K [0x00000007ef600000, 0x00000007f0180000, 0x00000007fae00000)
   the space 11776K,  89% used [0x00000007ef600000, 0x00000007f00491e0, 0x00000007f0049200, 0x00000007f0180000)
 compacting perm gen  total 21248K, used 19499K [0x00000007fae00000, 0x00000007fc2c0000, 0x0000000800000000)
   the space 21248K,  91% used [0x00000007fae00000, 0x00000007fc10af50, 0x00000007fc10b000, 0x00000007fc2c0000)
No shared spaces configured.
Event: 2.953 GC heap after
Heap after GC invocations=19 (full 0):
 def new generation   total 5248K, used 340K [0x00000007e9a00000, 0x00000007e9fb0000, 0x00000007ef600000)
  eden space 4672K,   0% used [0x00000007e9a00000, 0x00000007e9a00000, 0x00000007e9e90000)
  from space 576K,  59% used [0x00000007e9f20000, 0x00000007e9f75030, 0x00000007e9fb0000)
  to   space 576K,   0% used [0x00000007e9e90000, 0x00000007e9e90000, 0x00000007e9f20000)
 tenured generation   total 11776K, used 10532K [0x00000007ef600000, 0x00000007f0180000, 0x00000007fae00000)
   the space 11776K,  89% used [0x00000007ef600000, 0x00000007f00491e0, 0x00000007f0049200, 0x00000007f0180000)
 compacting perm gen  total 21248K, used 19499K [0x00000007fae00000, 0x00000007fc2c0000, 0x0000000800000000)
   the space 21248K,  91% used [0x00000007fae00000, 0x00000007fc10af50, 0x00000007fc10b000, 0x00000007fc2c0000)
No shared spaces configured.
}
Event: 3.028 GC heap before
{Heap before GC invocations=19 (full 0):
 def new generation   total 5248K, used 5012K [0x00000007e9a00000, 0x00000007e9fb0000, 0x00000007ef600000)
  eden space 4672K, 100% used [0x00000007e9a00000, 0x00000007e9e90000, 0x00000007e9e90000)
  from space 576K,  59% used [0x00000007e9f20000, 0x00000007e9f75030, 0x00000007e9fb0000)
  to   space 576K,   0% used [0x00000007e9e90000, 0x00000007e9e90000, 0x00000007e9f20000)
 tenured generation   total 11776K, used 10532K [0x00000007ef600000, 0x00000007f0180000, 0x00000007fae00000)
   the space 11776K,  89% used [0x00000007ef600000, 0x00000007f00491e0, 0x00000007f0049200, 0x00000007f0180000)
 compacting perm gen  total 21248K, used 19640K [0x00000007fae00000, 0x00000007fc2c0000, 0x0000000800000000)
   the space 21248K,  92% used [0x00000007fae00000, 0x00000007fc12e3c0, 0x00000007fc12e400, 0x00000007fc2c0000)
No shared spaces configured.
Event: 3.031 GC heap after
Heap after GC invocations=20 (full 0):
 def new generation   total 5248K, used 318K [0x00000007e9a00000, 0x00000007e9fb0000, 0x00000007ef600000)
  eden space 4672K,   0% used [0x00000007e9a00000, 0x00000007e9a00000, 0x00000007e9e90000)
  from space 576K,  55% used [0x00000007e9e90000, 0x00000007e9edf800, 0x00000007e9f20000)
  to   space 576K,   0% used [0x00000007e9f20000, 0x00000007e9f20000, 0x00000007e9fb0000)
 tenured generation   total 11776K, used 10662K [0x00000007ef600000, 0x00000007f0180000, 0x00000007fae00000)
   the space 11776K,  90% used [0x00000007ef600000, 0x00000007f0069b88, 0x00000007f0069c00, 0x00000007f0180000)
 compacting perm gen  total 21248K, used 19640K [0x00000007fae00000, 0x00000007fc2c0000, 0x0000000800000000)
   the space 21248K,  92% used [0x00000007fae00000, 0x00000007fc12e3c0, 0x00000007fc12e400, 0x00000007fc2c0000)
No shared spaces configured.
}
Event: 12.492 GC heap before
{Heap before GC invocations=20 (full 0):
 def new generation   total 5248K, used 4990K [0x00000007e9a00000, 0x00000007e9fb0000, 0x00000007ef600000)
  eden space 4672K, 100% used [0x00000007e9a00000, 0x00000007e9e90000, 0x00000007e9e90000)
  from space 576K,  55% used [0x00000007e9e90000, 0x00000007e9edf800, 0x00000007e9f20000)
  to   space 576K,   0% used [0x00000007e9f20000, 0x00000007e9f20000, 0x00000007e9fb0000)
 tenured generation   total 11776K, used 10662K [0x00000007ef600000, 0x00000007f0180000, 0x00000007fae00000)
   the space 11776K,  90% used [0x00000007ef600000, 0x00000007f0069b88, 0x00000007f0069c00, 0x00000007f0180000)
 compacting perm gen  total 21248K, used 20591K [0x00000007fae00000, 0x00000007fc2c0000, 0x0000000800000000)
   the space 21248K,  96% used [0x00000007fae00000, 0x00000007fc21bcf0, 0x00000007fc21be00, 0x00000007fc2c0000)
No shared spaces configured.
Event: 12.497 GC heap after
Heap after GC invocations=21 (full 0):
 def new generation   total 5248K, used 576K [0x00000007e9a00000, 0x00000007e9fb0000, 0x00000007ef600000)
  eden space 4672K,   0% used [0x00000007e9a00000, 0x00000007e9a00000, 0x00000007e9e90000)
  from space 576K, 100% used [0x00000007e9f20000, 0x00000007e9fb0000, 0x00000007e9fb0000)
  to   space 576K,   0% used [0x00000007e9e90000, 0x00000007e9e90000, 0x00000007e9f20000)
 tenured generation   total 11776K, used 10959K [0x00000007ef600000, 0x00000007f0180000, 0x00000007fae00000)
   the space 11776K,  93% used [0x00000007ef600000, 0x00000007f00b3de0, 0x00000007f00b3e00, 0x00000007f0180000)
 compacting perm gen  total 21248K, used 20591K [0x00000007fae00000, 0x00000007fc2c0000, 0x0000000800000000)
   the space 21248K,  96% used [0x00000007fae00000, 0x00000007fc21bcf0, 0x00000007fc21be00, 0x00000007fc2c0000)
No shared spaces configured.
}

Deoptimization events (8 events):
Event: 0.774 Thread 0x00007fe37b001000 Uncommon trap -34 fr.pc 0x0000000103011418
Event: 1.010 Thread 0x00007fe37b001000 Uncommon trap -34 fr.pc 0x0000000103011418
Event: 1.149 Thread 0x00007fe37b001000 Uncommon trap -83 fr.pc 0x00000001030310c4
Event: 1.527 Thread 0x00007fe37b001000 Uncommon trap -34 fr.pc 0x0000000103011418
Event: 1.536 Thread 0x00007fe37b001000 Uncommon trap -34 fr.pc 0x0000000103011418
Event: 1.975 Thread 0x00007fe37b001000 Uncommon trap -83 fr.pc 0x000000010303c9ec
Event: 1.975 Thread 0x00007fe37b001000 Uncommon trap -83 fr.pc 0x000000010303556c
Event: 2.700 Thread 0x00007fe37b001000 Uncommon trap -83 fr.pc 0x000000010305f844

Internal exceptions (10 events):
Event: 12.713 Thread 0x00007fe37a12c800 Threw 0x00000007e9d0a968 at /HUDSON/workspace/jdk7u10-2-build-macosx-amd64-product/jdk7u10/hotspot/src/share/vm/prims/jvm.cpp:1166
Event: 12.713 Thread 0x00007fe37a12c800 Threw 0x00000007e9d0e328 at /HUDSON/workspace/jdk7u10-2-build-macosx-amd64-product/jdk7u10/hotspot/src/share/vm/prims/jvm.cpp:1166
Event: 12.714 Thread 0x00007fe37a12c800 Threw 0x00000007e9d11a08 at /HUDSON/workspace/jdk7u10-2-build-macosx-amd64-product/jdk7u10/hotspot/src/share/vm/prims/jvm.cpp:1166
Event: 12.716 Thread 0x00007fe37a12c800 Threw 0x00000007e9d15250 at /HUDSON/workspace/jdk7u10-2-build-macosx-amd64-product/jdk7u10/hotspot/src/share/vm/prims/jvm.cpp:1166
Event: 12.716 Thread 0x00007fe37a12c800 Threw 0x00000007e9d18820 at /HUDSON/workspace/jdk7u10-2-build-macosx-amd64-product/jdk7u10/hotspot/src/share/vm/prims/jvm.cpp:1166
Event: 12.716 Thread 0x00007fe37a12c800 Threw 0x00000007e9d1c250 at /HUDSON/workspace/jdk7u10-2-build-macosx-amd64-product/jdk7u10/hotspot/src/share/vm/prims/jvm.cpp:1166
Event: 42.718 Thread 0x00007fe37ba04800 Threw 0x00000007e9d41940 at /HUDSON/workspace/jdk7u10-2-build-macosx-amd64-product/jdk7u10/hotspot/src/share/vm/prims/jvm.cpp:1166
Event: 42.719 Thread 0x00007fe37ba04800 Threw 0x00000007e9d452a0 at /HUDSON/workspace/jdk7u10-2-build-macosx-amd64-product/jdk7u10/hotspot/src/share/vm/prims/jvm.cpp:1166
Event: 133.517 Thread 0x00007fe37b8b2800 Threw 0x00000007e9dc7b38 at /HUDSON/workspace/jdk7u10-2-build-macosx-amd64-product/jdk7u10/hotspot/src/share/vm/prims/jni.cpp:716
Event: 133.518 Thread 0x00007fe37a8c8800 Threw 0x00000007e9dc2df8 at /HUDSON/workspace/jdk7u10-2-build-macosx-amd64-product/jdk7u10/hotspot/src/share/vm/prims/jvm.cpp:1166

Events (10 events):
Event: 133.517 loading class 0x00007fe379e11b10
Event: 133.517 loading class 0x00007fe379e11b10 done
Event: 133.517 loading class 0x00007fe379e11ad0 done
Event: 133.517 Thread 0x00007fe37a8c8800 Thread added: 0x00007fe37a8c8800
Event: 133.517 Thread 0x00007fe37ba01800 Thread added: 0x00007fe37ba01800
Event: 133.517 Thread 0x00007fe37ba01800 Thread exited: 0x00007fe37ba01800
Event: 133.517 loading class 0x00007fe37c023ca0
Event: 133.517 loading class 0x00007fe37c023ca0 done
Event: 133.518 loading class 0x00007fe37c056a10
Event: 133.518 loading class 0x00007fe37c056a10 done


Dynamic libraries:
0x00000000045a5000 	/System/Library/Frameworks/Cocoa.framework/Versions/A/Cocoa
0x00000000045a5000 	/System/Library/Frameworks/Security.framework/Versions/A/Security
0x00000000045a5000 	/System/Library/Frameworks/ApplicationServices.framework/Versions/A/ApplicationServices
0x00000000045a5000 	/usr/lib/libz.1.dylib
0x00000000045a5000 	/usr/lib/libSystem.B.dylib
0x00000000045a5000 	/usr/lib/libobjc.A.dylib
0x00000000045a5000 	/System/Library/Frameworks/CoreFoundation.framework/Versions/A/CoreFoundation
0x00000000045a5000 	/System/Library/Frameworks/AppKit.framework/Versions/C/AppKit
0x00000000045a5000 	/System/Library/Frameworks/CoreData.framework/Versions/A/CoreData
0x00000000045a5000 	/System/Library/Frameworks/Foundation.framework/Versions/C/Foundation
0x00000000045a5000 	/System/Library/PrivateFrameworks/RemoteViewServices.framework/Versions/A/RemoteViewServices
0x00000000045a5000 	/System/Library/Frameworks/AudioToolbox.framework/Versions/A/AudioToolbox
0x00000000045a5000 	/System/Library/Frameworks/AudioUnit.framework/Versions/A/AudioUnit
0x00000000045a5000 	/System/Library/PrivateFrameworks/DataDetectorsCore.framework/Versions/A/DataDetectorsCore
0x00000000045a5000 	/System/Library/PrivateFrameworks/DesktopServicesPriv.framework/Versions/A/DesktopServicesPriv
0x00000000045a5000 	/System/Library/Frameworks/Carbon.framework/Versions/A/Frameworks/HIToolbox.framework/Versions/A/HIToolbox
0x00000000045a5000 	/System/Library/Frameworks/QuartzCore.framework/Versions/A/QuartzCore
0x00000000045a5000 	/System/Library/Frameworks/Carbon.framework/Versions/A/Frameworks/SpeechRecognition.framework/Versions/A/SpeechRecognition
0x00000000045a5000 	/usr/lib/libauto.dylib
0x00000000045a5000 	/usr/lib/libicucore.A.dylib
0x00000000045a5000 	/usr/lib/libxml2.2.dylib
0x00000000045a5000 	/System/Library/PrivateFrameworks/CoreUI.framework/Versions/A/CoreUI
0x00000000045a5000 	/System/Library/Frameworks/CoreAudio.framework/Versions/A/CoreAudio
0x00000000045a5000 	/System/Library/Frameworks/DiskArbitration.framework/Versions/A/DiskArbitration
0x00000000045a5000 	/usr/lib/liblangid.dylib
0x00000000045a5000 	/System/Library/PrivateFrameworks/MultitouchSupport.framework/Versions/A/MultitouchSupport
0x00000000045a5000 	/System/Library/Frameworks/IOKit.framework/Versions/A/IOKit
0x00000000045a5000 	/usr/lib/libDiagnosticMessagesClient.dylib
0x00000000045a5000 	/System/Library/Frameworks/CoreServices.framework/Versions/A/CoreServices
0x00000000045a5000 	/System/Library/PrivateFrameworks/PerformanceAnalysis.framework/Versions/A/PerformanceAnalysis
0x00000000045a5000 	/System/Library/PrivateFrameworks/GenerationalStorage.framework/Versions/A/GenerationalStorage
0x00000000045a5000 	/System/Library/Frameworks/OpenGL.framework/Versions/A/OpenGL
0x00000000045a5000 	/System/Library/PrivateFrameworks/Sharing.framework/Versions/A/Sharing
0x00000000045a5000 	/System/Library/Frameworks/ImageIO.framework/Versions/A/ImageIO
0x00000000045a5000 	/System/Library/Frameworks/CoreText.framework/Versions/A/CoreText
0x00000000045a5000 	/System/Library/Frameworks/CoreGraphics.framework/Versions/A/CoreGraphics
0x00000000045a5000 	/System/Library/PrivateFrameworks/Backup.framework/Versions/A/Backup
0x00000000045a5000 	/System/Library/Frameworks/CFNetwork.framework/Versions/A/CFNetwork
0x00000000045a5000 	/System/Library/Frameworks/SystemConfiguration.framework/Versions/A/SystemConfiguration
0x00000000045a5000 	/usr/lib/libCRFSuite.dylib
0x00000000045a5000 	/usr/lib/libc++.1.dylib
0x00000000045a5000 	/usr/lib/libc++abi.dylib
0x00000000045a5000 	/usr/lib/system/libcache.dylib
0x00000000045a5000 	/usr/lib/system/libcommonCrypto.dylib
0x00000000045a5000 	/usr/lib/system/libcompiler_rt.dylib
0x00000000045a5000 	/usr/lib/system/libcopyfile.dylib
0x00000000045a5000 	/usr/lib/system/libcorecrypto.dylib
0x00000000045a5000 	/usr/lib/system/libdispatch.dylib
0x00000000045a5000 	/usr/lib/system/libdyld.dylib
0x00000000045a5000 	/usr/lib/system/libkeymgr.dylib
0x00000000045a5000 	/usr/lib/system/liblaunch.dylib
0x00000000045a5000 	/usr/lib/system/libmacho.dylib
0x00000000045a5000 	/usr/lib/system/libquarantine.dylib
0x00000000045a5000 	/usr/lib/system/libremovefile.dylib
0x00000000045a5000 	/usr/lib/system/libsystem_asl.dylib
0x00000000045a5000 	/usr/lib/system/libsystem_blocks.dylib
0x00000000045a5000 	/usr/lib/system/libsystem_c.dylib
0x00000000045a5000 	/usr/lib/system/libsystem_configuration.dylib
0x00000000045a5000 	/usr/lib/system/libsystem_dnssd.dylib
0x00000000045a5000 	/usr/lib/system/libsystem_info.dylib
0x00000000045a5000 	/usr/lib/system/libsystem_kernel.dylib
0x00000000045a5000 	/usr/lib/system/libsystem_m.dylib
0x00000000045a5000 	/usr/lib/system/libsystem_malloc.dylib
0x00000000045a5000 	/usr/lib/system/libsystem_network.dylib
0x00000000045a5000 	/usr/lib/system/libsystem_notify.dylib
0x00000000045a5000 	/usr/lib/system/libsystem_platform.dylib
0x00000000045a5000 	/usr/lib/system/libsystem_pthread.dylib
0x00000000045a5000 	/usr/lib/system/libsystem_sandbox.dylib
0x00000000045a5000 	/usr/lib/system/libsystem_stats.dylib
0x00000000045a5000 	/usr/lib/system/libunc.dylib
0x00000000045a5000 	/usr/lib/system/libunwind.dylib
0x00000000045a5000 	/usr/lib/system/libxpc.dylib
0x00000000045a5000 	/usr/lib/libbsm.0.dylib
0x00000000045a5000 	/usr/lib/libsqlite3.dylib
0x00000000045a5000 	/usr/lib/libxar.1.dylib
0x00000000045a5000 	/usr/lib/libpam.2.dylib
0x00000000045a5000 	/usr/lib/libOpenScriptingUtil.dylib
0x00000000045a5000 	/usr/lib/libbz2.1.0.dylib
0x00000000045a5000 	/System/Library/Frameworks/CoreServices.framework/Versions/A/Frameworks/CarbonCore.framework/Versions/A/CarbonCore
0x00000000045a5000 	/System/Library/Frameworks/CoreServices.framework/Versions/A/Frameworks/Metadata.framework/Versions/A/Metadata
0x00000000045a5000 	/System/Library/Frameworks/CoreServices.framework/Versions/A/Frameworks/OSServices.framework/Versions/A/OSServices
0x00000000045a5000 	/System/Library/Frameworks/CoreServices.framework/Versions/A/Frameworks/SearchKit.framework/Versions/A/SearchKit
0x00000000045a5000 	/System/Library/Frameworks/CoreServices.framework/Versions/A/Frameworks/AE.framework/Versions/A/AE
0x00000000045a5000 	/System/Library/Frameworks/CoreServices.framework/Versions/A/Frameworks/LaunchServices.framework/Versions/A/LaunchServices
0x00000000045a5000 	/System/Library/Frameworks/CoreServices.framework/Versions/A/Frameworks/DictionaryServices.framework/Versions/A/DictionaryServices
0x00000000045a5000 	/System/Library/Frameworks/NetFS.framework/Versions/A/NetFS
0x00000000045a5000 	/usr/lib/system/libkxld.dylib
0x00000000045a5000 	/System/Library/PrivateFrameworks/NetAuth.framework/Versions/A/NetAuth
0x00000000045a5000 	/System/Library/PrivateFrameworks/TCC.framework/Versions/A/TCC
0x00000000045a5000 	/System/Library/Frameworks/OpenDirectory.framework/Versions/A/Frameworks/CFOpenDirectory.framework/Versions/A/CFOpenDirectory
0x00000000045a5000 	/System/Library/Frameworks/ServiceManagement.framework/Versions/A/ServiceManagement
0x00000000045a5000 	/usr/lib/libxslt.1.dylib
0x00000000045a5000 	/System/Library/Frameworks/Carbon.framework/Versions/A/Frameworks/Ink.framework/Versions/A/Ink
0x00000000045a5000 	/System/Library/Frameworks/ApplicationServices.framework/Versions/A/Frameworks/ATS.framework/Versions/A/ATS
0x00000000045a5000 	/System/Library/Frameworks/ApplicationServices.framework/Versions/A/Frameworks/ColorSync.framework/Versions/A/ColorSync
0x00000000045a5000 	/System/Library/Frameworks/ApplicationServices.framework/Versions/A/Frameworks/HIServices.framework/Versions/A/HIServices
0x00000000045a5000 	/System/Library/Frameworks/ApplicationServices.framework/Versions/A/Frameworks/LangAnalysis.framework/Versions/A/LangAnalysis
0x00000000045a5000 	/System/Library/Frameworks/ApplicationServices.framework/Versions/A/Frameworks/PrintCore.framework/Versions/A/PrintCore
0x00000000045a5000 	/System/Library/Frameworks/ApplicationServices.framework/Versions/A/Frameworks/QD.framework/Versions/A/QD
0x00000000045a5000 	/System/Library/Frameworks/ApplicationServices.framework/Versions/A/Frameworks/SpeechSynthesis.framework/Versions/A/SpeechSynthesis
0x00000000045a5000 	/System/Library/Frameworks/IOSurface.framework/Versions/A/IOSurface
0x00000000045a5000 	/System/Library/Frameworks/Accelerate.framework/Versions/A/Accelerate
0x00000000045a5000 	/System/Library/Frameworks/Accelerate.framework/Versions/A/Frameworks/vImage.framework/Versions/A/vImage
0x00000000045a5000 	/System/Library/Frameworks/Accelerate.framework/Versions/A/Frameworks/vecLib.framework/Versions/A/vecLib
0x00000000045a5000 	/System/Library/Frameworks/Accelerate.framework/Versions/A/Frameworks/vecLib.framework/Versions/A/libvDSP.dylib
0x00000000045a5000 	/System/Library/Frameworks/Accelerate.framework/Versions/A/Frameworks/vecLib.framework/Versions/A/libvMisc.dylib
0x00000000045a5000 	/System/Library/Frameworks/Accelerate.framework/Versions/A/Frameworks/vecLib.framework/Versions/A/libLAPACK.dylib
0x00000000045a5000 	/System/Library/Frameworks/Accelerate.framework/Versions/A/Frameworks/vecLib.framework/Versions/A/libBLAS.dylib
0x00000000045a5000 	/System/Library/Frameworks/ApplicationServices.framework/Versions/A/Frameworks/ATS.framework/Versions/A/Resources/libFontParser.dylib
0x00000000045a5000 	/System/Library/Frameworks/ApplicationServices.framework/Versions/A/Frameworks/ATS.framework/Versions/A/Resources/libFontRegistry.dylib
0x00000000045a5000 	/System/Library/Frameworks/ImageIO.framework/Versions/A/Resources/libJPEG.dylib
0x00000000045a5000 	/System/Library/Frameworks/ImageIO.framework/Versions/A/Resources/libTIFF.dylib
0x00000000045a5000 	/System/Library/Frameworks/ImageIO.framework/Versions/A/Resources/libPng.dylib
0x00000000045a5000 	/System/Library/Frameworks/ImageIO.framework/Versions/A/Resources/libGIF.dylib
0x00000000045a5000 	/System/Library/Frameworks/ImageIO.framework/Versions/A/Resources/libJP2.dylib
0x00000000045a5000 	/System/Library/Frameworks/ImageIO.framework/Versions/A/Resources/libRadiance.dylib
0x00000000045a5000 	/usr/lib/libcups.2.dylib
0x00000000045a5000 	/System/Library/Frameworks/Kerberos.framework/Versions/A/Kerberos
0x00000000045a5000 	/System/Library/Frameworks/GSS.framework/Versions/A/GSS
0x00000000045a5000 	/usr/lib/libresolv.9.dylib
0x00000000045a5000 	/usr/lib/libiconv.2.dylib
0x00000000045a5000 	/System/Library/PrivateFrameworks/Heimdal.framework/Versions/A/Heimdal
0x00000000045a5000 	/System/Library/PrivateFrameworks/TrustEvaluationAgent.framework/Versions/A/TrustEvaluationAgent
0x00000000045a5000 	/usr/lib/libheimdal-asn1.dylib
0x00000000045a5000 	/System/Library/Frameworks/OpenDirectory.framework/Versions/A/OpenDirectory
0x00000000045a5000 	/System/Library/PrivateFrameworks/CommonAuth.framework/Versions/A/CommonAuth
0x00000000045a5000 	/System/Library/Frameworks/SecurityFoundation.framework/Versions/A/SecurityFoundation
0x00000000045a5000 	/System/Library/PrivateFrameworks/Bom.framework/Versions/A/Bom
0x00000000045a5000 	/System/Library/Frameworks/CoreVideo.framework/Versions/A/CoreVideo
0x00000000045a5000 	/System/Library/Frameworks/QuartzCore.framework/Versions/A/Frameworks/CoreImage.framework/Versions/A/CoreImage
0x00000000045a5000 	/System/Library/Frameworks/QuartzCore.framework/Versions/A/Frameworks/ScalableUserInterface.framework/Versions/A/ScalableUserInterface
0x00000000045a5000 	/System/Library/Frameworks/OpenGL.framework/Versions/A/Libraries/libGLU.dylib
0x00000000045a5000 	/System/Library/Frameworks/OpenGL.framework/Versions/A/Libraries/libGFXShared.dylib
0x00000000045a5000 	/System/Library/Frameworks/OpenGL.framework/Versions/A/Libraries/libGL.dylib
0x00000000045a5000 	/System/Library/Frameworks/OpenGL.framework/Versions/A/Libraries/libGLImage.dylib
0x00000000045a5000 	/System/Library/Frameworks/OpenGL.framework/Versions/A/Libraries/libCVMSPluginSupport.dylib
0x00000000045a5000 	/System/Library/Frameworks/OpenGL.framework/Versions/A/Libraries/libCoreVMClient.dylib
0x00000000045a5000 	/System/Library/PrivateFrameworks/FaceCore.framework/Versions/A/FaceCore
0x00000000045a5000 	/System/Library/PrivateFrameworks/CrashReporterSupport.framework/Versions/A/CrashReporterSupport
0x00000000045a5000 	/System/Library/Frameworks/OpenCL.framework/Versions/A/OpenCL
0x00000000045a5000 	/System/Library/PrivateFrameworks/AppleFSCompression.framework/Versions/A/AppleFSCompression
0x00000000045a5000 	/System/Library/PrivateFrameworks/Ubiquity.framework/Versions/A/Ubiquity
0x00000000045a5000 	/System/Library/PrivateFrameworks/IconServices.framework/Versions/A/IconServices
0x00000000045a5000 	/System/Library/PrivateFrameworks/ChunkingLibrary.framework/Versions/A/ChunkingLibrary
0x00000000045a5000 	/System/Library/PrivateFrameworks/CoreSymbolication.framework/Versions/A/CoreSymbolication
0x00000000045a5000 	/System/Library/PrivateFrameworks/Symbolication.framework/Versions/A/Symbolication
0x00000000045a5000 	/System/Library/PrivateFrameworks/DebugSymbols.framework/Versions/A/DebugSymbols
0x0000000102400000 	/Library/Java/JavaVirtualMachines/jdk1.7.0_10.jdk/Contents/Home/jre/lib/server/libjvm.dylib
0x00000000045a5000 	/usr/lib/libstdc++.6.dylib
0x0000000101b1e000 	/Library/Java/JavaVirtualMachines/jdk1.7.0_10.jdk/Contents/Home/jre/lib/libverify.dylib
0x0000000101b2b000 	/Library/Java/JavaVirtualMachines/jdk1.7.0_10.jdk/Contents/Home/jre/lib/libjava.dylib
0x0000000101b65000 	/Library/Java/JavaVirtualMachines/jdk1.7.0_10.jdk/Contents/Home/jre/lib/libzip.dylib
0x0000000106680000 	/System/Library/Frameworks/JavaVM.framework/Frameworks/JavaRuntimeSupport.framework/JavaRuntimeSupport
0x0000000106698000 	/System/Library/Frameworks/JavaVM.framework/Versions/A/Frameworks/JavaNativeFoundation.framework/Versions/A/JavaNativeFoundation
0x00000001066ad000 	/System/Library/Frameworks/JavaVM.framework/Versions/A/JavaVM
0x00000000045a5000 	/System/Library/Frameworks/Carbon.framework/Versions/A/Carbon
0x00000001066ba000 	/System/Library/PrivateFrameworks/JavaLaunching.framework/Versions/A/JavaLaunching
0x00000000045a5000 	/System/Library/Frameworks/Carbon.framework/Versions/A/Frameworks/CommonPanels.framework/Versions/A/CommonPanels
0x00000000045a5000 	/System/Library/Frameworks/Carbon.framework/Versions/A/Frameworks/Help.framework/Versions/A/Help
0x00000000045a5000 	/System/Library/Frameworks/Carbon.framework/Versions/A/Frameworks/ImageCapture.framework/Versions/A/ImageCapture
0x00000000045a5000 	/System/Library/Frameworks/Carbon.framework/Versions/A/Frameworks/OpenScripting.framework/Versions/A/OpenScripting
0x00000000045a5000 	/System/Library/Frameworks/Carbon.framework/Versions/A/Frameworks/Print.framework/Versions/A/Print
0x00000000045a5000 	/System/Library/Frameworks/Carbon.framework/Versions/A/Frameworks/SecurityHI.framework/Versions/A/SecurityHI
0x0000000106e8b000 	/Library/Java/JavaVirtualMachines/jdk1.7.0_10.jdk/Contents/Home/jre/lib/libnio.dylib
0x0000000106e9a000 	/Library/Java/JavaVirtualMachines/jdk1.7.0_10.jdk/Contents/Home/jre/lib/./libnet.dylib
0x00000001070ca000 	/Library/Java/JavaVirtualMachines/jdk1.7.0_10.jdk/Contents/Home/jre/lib/libmanagement.dylib

VM Arguments:
java_command: usage-0.0.1-SNAPSHOT.jar server ../src/main/resources/usage.yml
Launcher Type: SUN_STANDARD

Environment Variables:
PATH=/usr/bin:/bin:/usr/sbin:/sbin:/usr/local/bin:/opt/X11/bin
SHELL=/bin/bash
DISPLAY=/tmp/launch-8bzTXb/org.macosforge.xquartz:0

Signal Handlers:
SIGSEGV: [libjvm.dylib+0x4a363d], sa_mask[0]=0xfffefeff, sa_flags=0x00000042
SIGBUS: [libjvm.dylib+0x4a363d], sa_mask[0]=0xfffefeff, sa_flags=0x00000042
SIGFPE: [libjvm.dylib+0x3b3051], sa_mask[0]=0xfffefeff, sa_flags=0x00000042
SIGPIPE: [libjvm.dylib+0x3b3051], sa_mask[0]=0xfffefeff, sa_flags=0x00000042
SIGXFSZ: [libjvm.dylib+0x3b3051], sa_mask[0]=0xfffefeff, sa_flags=0x00000042
SIGILL: [libjvm.dylib+0x3b3051], sa_mask[0]=0xfffefeff, sa_flags=0x00000042
SIGUSR1: SIG_DFL, sa_mask[0]=0x63807efb, sa_flags=0x00000000
SIGUSR2: [libjvm.dylib+0x3b2bea], sa_mask[0]=0x00000000, sa_flags=0x00000042
SIGHUP: [libjvm.dylib+0x3b0e4b], sa_mask[0]=0xfffefeff, sa_flags=0x00000042
SIGINT: [libjvm.dylib+0x3b0e4b], sa_mask[0]=0xfffefeff, sa_flags=0x00000042
SIGTERM: [libjvm.dylib+0x3b0e4b], sa_mask[0]=0xfffefeff, sa_flags=0x00000042
SIGQUIT: [libjvm.dylib+0x3b0e4b], sa_mask[0]=0xfffefeff, sa_flags=0x00000042


---------------  S Y S T E M  ---------------

OS:Bsduname:Darwin 13.4.0 Darwin Kernel Version 13.4.0: Sun Aug 17 19:50:11 PDT 2014; root:xnu-2422.115.4~1/RELEASE_X86_64 x86_64
rlimit: STACK 8192k, CORE 0k, NPROC 709, NOFILE 10240, AS infinity
load average:1.53 1.51 1.46

CPU:total 4 (2 cores per cpu, 2 threads per core) family 6 model 37 stepping 2, cmov, cx8, fxsr, mmx, sse, sse2, sse3, ssse3, sse4.1, sse4.2, popcnt, ht, tsc, tscinvbit

Memory: 4k page, physical 1122856k(280714k free)

/proc/meminfo:


vm_info: Java HotSpot(TM) 64-Bit Server VM (23.6-b04) for bsd-amd64 JRE (1.7.0_10-b18), built on Nov 28 2012 07:52:20 by "java_re" with gcc 4.2.1 (Based on Apple Inc. build 5658) (LLVM build 2336.9.00)

time: Sun Nov  9 23:22:54 2014
elapsed time: 133 seconds

