#
# A fatal error has been detected by the Java Runtime Environment:
#
#  SIGBUS (0xa) at pc=0x00000001003de15e, pid=3273, tid=149507
#
# JRE version: 7.0_10-b18
# Java VM: Java HotSpot(TM) 64-Bit Server VM (23.6-b04 mixed mode bsd-amd64 compressed oops)
# Problematic frame:
# C  [libzip.dylib+0x315e]  newEntry+0x154
#
# Failed to write core dump. Core dumps have been disabled. To enable core dumping, try "ulimit -c unlimited" before starting Java again
#
# If you would like to submit a bug report, please visit:
#   http://bugreport.sun.com/bugreport/crash.jsp
# The crash happened outside the Java Virtual Machine in native code.
# See problematic frame for where to report the bug.
#

---------------  T H R E A D  ---------------

Current thread (0x00007fe414078800):  JavaThread "Thread-12" [_thread_in_native, id=149507, stack(0x0000000105942000,0x0000000105a42000)]

siginfo:si_signo=SIGBUS: si_errno=0, si_code=2 (BUS_ADRERR), si_addr=0x00000001055e2877

Registers:
RAX=0x00007fe412c60b90, RBX=0x00000001055e286b, RCX=0x0000000000000001, RDX=0x0000000000000000
RSP=0x0000000105a3ff10, RBP=0x0000000105a3ff70, RSI=0x00000000fffffe1f, RDI=0x0000000100168e00
R8 =0x0000000000000004, R9 =0x00007fe415100000, R10=0x00000001017236d8, R11=0xfffffff91e8c103e
R12=0x000000000000415b, R13=0x000000010552c000, R14=0x00007fe412c60b90, R15=0x00000000000015c9
RIP=0x00000001003de15e, EFLAGS=0x0000000000010202, ERR=0x0000000000000004
  TRAPNO=0x000000000000000e

Top of Stack: (sp=0x0000000105a3ff10)
0x0000000105a3ff10:   0000000100000000 00000000003dd62a
0x0000000105a3ff20:   00007fff75329940 726f000000000001
0x0000000105a3ff30:   0000000105a3ff50 00007fe412c60b90
0x0000000105a3ff40:   00007fe41512f040 000000009ac6435b
0x0000000105a3ff50:   000000000000415b 000000010552c000
0x0000000105a3ff60:   00007fe412c60b90 00000000000015c9
0x0000000105a3ff70:   0000000105a3ffc0 00000001003de7d0
0x0000000105a3ff80:   000000000000002b 0000002b14078800
0x0000000105a3ff90:   0000000105a3ffde 0000000105a40428
0x0000000105a3ffa0:   000000000000002b 0000000105a3ffde
0x0000000105a3ffb0:   00007fe412c60b90 00007fe4140789d8
0x0000000105a3ffc0:   0000000105a40410 00000001003dd62a
0x0000000105a3ffd0:   0000000000000000 726f000100000001
0x0000000105a3ffe0:   7370696c63652f67 2f797474656a2f65
0x0000000105a3fff0:   7475462f6c697475 626c6c6143657275
0x0000000105a40000:   73616c632e6b6361 0000000105a40073
0x0000000105a40010:   0000000000000004 0000000105a401b7
0x0000000105a40020:   0000000000000009 0000000000000000
0x0000000105a40030:   0000000000000000 5800000000000000
0x0000000105a40040:   0000000000000000 0000000000000000
0x0000000105a40050:   0000000000000000 0000000000000000
0x0000000105a40060:   0000000000000000 0000000000000000
0x0000000105a40070:   41007fe01eacdb85 58007fff75329940
0x0000000105a40080:   0000000000000000 ffffffffffffffff
0x0000000105a40090:   0000000105a40750 0000000105a40280
0x0000000105a400a0:   0000000105a40100 00007fe414078800
0x0000000105a400b0:   0000000000000000 00007fe412e4c490
0x0000000105a400c0:   00000007e717ec80 0000000000000000
0x0000000105a400d0:   00000007e717ed30 00007fe40000000c
0x0000000105a400e0:   0000000000000000 00007fe412e4c458
0x0000000105a400f0:   00000007e717eb58 00007fe41512d020
0x0000000105a40100:   00007fe4150deb60 00007fe4150deb70 

Instructions: (pc=0x00000001003de15e)
0x00000001003de13e:   49 8b 7f 38 e8 83 19 00 00 4d 89 77 38 49 89 5f
0x00000001003de14e:   40 4c 89 f0 48 85 c0 0f 84 16 05 00 00 48 89 c3
0x00000001003de15e:   0f b6 43 0c 0f b6 4b 0d 48 c1 e1 08 48 01 c1 0f
0x00000001003de16e:   b6 43 0e 0f b6 53 0f 48 c1 e2 08 48 01 c2 48 c1 

Register to memory mapping:

RAX=0x00007fe412c60b90 is an unknown value
RBX=0x00000001055e286b is an unknown value
RCX=0x0000000000000001 is an unknown value
RDX=0x0000000000000000 is an unknown value
RSP=0x0000000105a3ff10 is pointing into the stack for thread: 0x00007fe414078800
RBP=0x0000000105a3ff70 is pointing into the stack for thread: 0x00007fe414078800
RSI=0x00000000fffffe1f is an unknown value
RDI=0x0000000100168e00 is an unknown value
R8 =0x0000000000000004 is an unknown value
R9 =0x00007fe415100000 is an unknown value
R10=0x0000000101723510 [CodeBlob (0x0000000101723510)]
Framesize: 10
R11=0xfffffff91e8c103e is an unknown value
R12=0x000000000000415b is an unknown value
R13=0x000000010552c000 is an unknown value
R14=0x00007fe412c60b90 is an unknown value
R15=0x00000000000015c9 is an unknown value


Stack: [0x0000000105942000,0x0000000105a42000],  sp=0x0000000105a3ff10,  free space=1015k
Native frames: (J=compiled Java code, j=interpreted, Vv=VM code, C=native code)
C  [libzip.dylib+0x315e]  newEntry+0x154
C  [libzip.dylib+0x37d0]  ZIP_GetEntry+0xa2
C  [libzip.dylib+0x262a]  Java_java_util_zip_ZipFile_getEntry+0xdd
J  java.util.zip.ZipFile.getEntry(J[BZ)J

Java frames: (J=compiled Java code, j=interpreted, Vv=VM code)
J  java.util.zip.ZipFile.getEntry(J[BZ)J
J  java.util.jar.JarFile.getEntry(Ljava/lang/String;)Ljava/util/zip/ZipEntry;
J  sun.misc.URLClassPath.getResource(Ljava/lang/String;Z)Lsun/misc/Resource;
j  java.net.URLClassLoader$1.run()Ljava/lang/Class;+26
j  java.net.URLClassLoader$1.run()Ljava/lang/Object;+1
v  ~StubRoutines::call_stub
j  java.security.AccessController.doPrivileged(Ljava/security/PrivilegedExceptionAction;Ljava/security/AccessControlContext;)Ljava/lang/Object;+0
j  java.net.URLClassLoader.findClass(Ljava/lang/String;)Ljava/lang/Class;+13
j  java.lang.ClassLoader.loadClass(Ljava/lang/String;Z)Ljava/lang/Class;+70
j  sun.misc.Launcher$AppClassLoader.loadClass(Ljava/lang/String;Z)Ljava/lang/Class;+36
j  java.lang.ClassLoader.loadClass(Ljava/lang/String;)Ljava/lang/Class;+3
v  ~StubRoutines::call_stub
j  org.eclipse.jetty.server.AbstractConnector.shutdown()Ljava/util/concurrent/Future;+0
j  org.eclipse.jetty.server.AbstractNetworkConnector.shutdown()Ljava/util/concurrent/Future;+5
j  org.eclipse.jetty.server.ServerConnector.shutdown()Ljava/util/concurrent/Future;+1
j  org.eclipse.jetty.server.Server.doStop()V+60
j  org.eclipse.jetty.util.component.AbstractLifeCycle.stop()V+30
j  org.eclipse.jetty.util.thread.ShutdownThread.run()V+41
v  ~StubRoutines::call_stub

---------------  P R O C E S S  ---------------

Java Threads: ( => current thread )
  0x00007fe4140b4800 JavaThread "Thread-0" [_thread_in_Java, id=149763, stack(0x0000000105a45000,0x0000000105b45000)]
=>0x00007fe414078800 JavaThread "Thread-12" [_thread_in_native, id=149507, stack(0x0000000105942000,0x0000000105a42000)]
  0x00007fe414107800 JavaThread "SIGINT handler" daemon [_thread_blocked, id=149251, stack(0x000000010583f000,0x000000010593f000)]
  0x00007fe4132c8800 JavaThread "dw-admin-532" [_thread_blocked, id=148995, stack(0x0000000105663000,0x0000000105763000)]
  0x00007fe413ace800 JavaThread "Scheduler-1871115457" [_thread_blocked, id=22787, stack(0x0000000104e58000,0x0000000104f58000)]
  0x00007fe413251800 JavaThread "Scheduler-1421647029" [_thread_blocked, id=9519, stack(0x0000000106df2000,0x0000000106ef2000)]
  0x00007fe41300c800 JavaThread "dw-admin-28-acceptor-1-admin@4981ab45{HTTP/1.1}{0.0.0.0:8081}" [_thread_blocked, id=19971, stack(0x0000000106cef000,0x0000000106def000)]
  0x00007fe414110800 JavaThread "dw-admin-27-acceptor-0-admin@4981ab45{HTTP/1.1}{0.0.0.0:8081}" [_thread_in_native, id=19715, stack(0x0000000106bec000,0x0000000106cec000)]
  0x00007fe413add000 JavaThread "DestroyJavaVM" [_thread_blocked, id=3847, stack(0x0000000100292000,0x0000000100392000)]
  0x00007fe41410f800 JavaThread "dw-admin-25-selector-3" [_thread_in_native, id=19459, stack(0x0000000106ae9000,0x0000000106be9000)]
  0x00007fe41410f000 JavaThread "dw-admin-24-selector-2" [_thread_in_native, id=19203, stack(0x00000001069e6000,0x0000000106ae6000)]
  0x00007fe413ada000 JavaThread "dw-admin-23-selector-1" [_thread_in_native, id=18947, stack(0x00000001068e3000,0x00000001069e3000)]
  0x00007fe4130cb800 JavaThread "dw-admin-22-selector-0" [_thread_in_native, id=18691, stack(0x00000001067e0000,0x00000001068e0000)]
  0x00007fe413ac0800 JavaThread "dw-19" [_thread_blocked, id=18435, stack(0x00000001066dd000,0x00000001067dd000)]
  0x00007fe413ac0000 JavaThread "dw-18" [_thread_blocked, id=18179, stack(0x00000001065da000,0x00000001066da000)]
  0x00007fe41410c000 JavaThread "dw-17" [_thread_blocked, id=17923, stack(0x00000001064d7000,0x00000001065d7000)]
  0x00007fe4149f9000 JavaThread "dw-16" [_thread_blocked, id=17667, stack(0x00000001063d4000,0x00000001064d4000)]
  0x00007fe413932000 JavaThread "dw-15-selector-3" [_thread_in_native, id=17411, stack(0x00000001062d1000,0x00000001063d1000)]
  0x00007fe414109000 JavaThread "dw-14-selector-2" [_thread_in_native, id=17155, stack(0x00000001061ce000,0x00000001062ce000)]
  0x00007fe4149f8800 JavaThread "dw-13-selector-0" [_thread_in_native, id=16899, stack(0x00000001060cb000,0x00000001061cb000)]
  0x00007fe413a03000 JavaThread "dw-12-selector-1" [_thread_in_native, id=16643, stack(0x0000000105fc8000,0x00000001060c8000)]
  0x00007fe4149c0000 JavaThread "DateCache" daemon [_thread_blocked, id=16387, stack(0x0000000105ec5000,0x0000000105fc5000)]
  0x00007fe4149bf000 JavaThread "async-console-appender-2" [_thread_blocked, id=16131, stack(0x0000000105dc2000,0x0000000105ec2000)]
  0x00007fe413980000 JavaThread "async-console-appender-1" [_thread_blocked, id=15875, stack(0x0000000105cbf000,0x0000000105dbf000)]
  0x00007fe414003800 JavaThread "Service Thread" daemon [_thread_blocked, id=15363, stack(0x0000000105267000,0x0000000105367000)]
  0x00007fe414003000 JavaThread "C2 CompilerThread1" daemon [_thread_blocked, id=15107, stack(0x0000000105164000,0x0000000105264000)]
  0x00007fe41480a000 JavaThread "C2 CompilerThread0" daemon [_thread_blocked, id=14851, stack(0x0000000105061000,0x0000000105161000)]
  0x00007fe41380d800 JavaThread "Signal Dispatcher" daemon [_thread_blocked, id=14595, stack(0x0000000104f5e000,0x000000010505e000)]
  0x00007fe41305d800 JavaThread "Finalizer" daemon [_thread_blocked, id=9267, stack(0x0000000104d0f000,0x0000000104e0f000)]
  0x00007fe41305d000 JavaThread "Reference Handler" daemon [_thread_blocked, id=271, stack(0x0000000104c0c000,0x0000000104d0c000)]

Other Threads:
  0x00007fe41305a000 VMThread [stack: 0x0000000104b09000,0x0000000104c09000] [id=523]
  0x00007fe414813800 WatcherThread [stack: 0x000000010536a000,0x000000010546a000] [id=15619]

VM state:not at safepoint (normal execution)

VM Mutex/Monitor currently owned by a thread: None

Heap
 def new generation   total 6144K, used 3668K [0x00000007e6e00000, 0x00000007e74a0000, 0x00000007ed8a0000)
  eden space 5504K,  66% used [0x00000007e6e00000, 0x00000007e7194cd8, 0x00000007e7360000)
  from space 640K,   0% used [0x00000007e7360000, 0x00000007e73603f8, 0x00000007e7400000)
  to   space 640K,   0% used [0x00000007e7400000, 0x00000007e7400000, 0x00000007e74a0000)
 tenured generation   total 13632K, used 12196K [0x00000007ed8a0000, 0x00000007ee5f0000, 0x00000007fae00000)
   the space 13632K,  89% used [0x00000007ed8a0000, 0x00000007ee489050, 0x00000007ee489200, 0x00000007ee5f0000)
 compacting perm gen  total 21888K, used 21571K [0x00000007fae00000, 0x00000007fc360000, 0x0000000800000000)
   the space 21888K,  98% used [0x00000007fae00000, 0x00000007fc310c90, 0x00000007fc310e00, 0x00000007fc360000)
No shared spaces configured.

Card table byte_map: [0x0000000104767000,0x0000000104831000] byte_map_base: 0x0000000100830000

Polling page: 0x00000001003d1000

Code Cache  [0x00000001016a7000, 0x0000000101917000, 0x00000001046a7000)
 total_blobs=682 nmethods=340 adapters=294 free_code_cache=48045Kb largest_free_block=49159872

Compilation events (10 events):
Event: 14946.397 Thread 0x00007fe41480a000 nmethod 352 0x00000001017a5550 code [0x00000001017a56a0, 0x00000001017a5a58]
Event: 14946.539 Thread 0x00007fe414003000 nmethod 353 0x00000001017be210 code [0x00000001017be620, 0x00000001017c1dd0]
Event: 52668.237 Thread 0x00007fe41480a000  354             java.util.Calendar::getZone (5 bytes)
Event: 52668.237 Thread 0x00007fe41480a000 nmethod 354 0x00000001017be010 code [0x00000001017be140, 0x00000001017be1b8]
Event: 52865.234 Thread 0x00007fe414003000  355             java.util.GregorianCalendar::computeFields (1579 bytes)
Event: 52865.374 Thread 0x00007fe414003000 nmethod 355 0x00000001017b7e50 code [0x00000001017b81a0, 0x00000001017b9638]
Event: 63523.872 Thread 0x00007fe41480a000  356             java.util.concurrent.locks.AbstractQueuedSynchronizer$ConditionObject::unlinkCancelledWaiters (67 bytes)
Event: 63524.460 Thread 0x00007fe41480a000 nmethod 356 0x00000001017b7b90 code [0x00000001017b7cc0, 0x00000001017b7db8]
Event: 100619.199 Thread 0x00007fe414003000  357   !         java.lang.ThreadGroup::remove (94 bytes)
Event: 100619.209 Thread 0x00007fe414003000 nmethod 357 0x00000001017bb9d0 code [0x00000001017bbb20, 0x00000001017bc178]

GC Heap History (10 events):
Event: 87572.622 GC heap before
{Heap before GC invocations=43 (full 0):
 def new generation   total 6144K, used 5505K [0x00000007e6e00000, 0x00000007e74a0000, 0x00000007ed8a0000)
  eden space 5504K, 100% used [0x00000007e6e00000, 0x00000007e7360000, 0x00000007e7360000)
  from space 640K,   0% used [0x00000007e7400000, 0x00000007e7400410, 0x00000007e74a0000)
  to   space 640K,   0% used [0x00000007e7360000, 0x00000007e7360000, 0x00000007e7400000)
 tenured generation   total 13632K, used 12196K [0x00000007ed8a0000, 0x00000007ee5f0000, 0x00000007fae00000)
   the space 13632K,  89% used [0x00000007ed8a0000, 0x00000007ee489050, 0x00000007ee489200, 0x00000007ee5f0000)
 compacting perm gen  total 21568K, used 21556K [0x00000007fae00000, 0x00000007fc310000, 0x0000000800000000)
   the space 21568K,  99% used [0x00000007fae00000, 0x00000007fc30d210, 0x00000007fc30d400, 0x00000007fc310000)
No shared spaces configured.
Event: 87572.627 GC heap after
Heap after GC invocations=44 (full 0):
 def new generation   total 6144K, used 0K [0x00000007e6e00000, 0x00000007e74a0000, 0x00000007ed8a0000)
  eden space 5504K,   0% used [0x00000007e6e00000, 0x00000007e6e00000, 0x00000007e7360000)
  from space 640K,   0% used [0x00000007e7360000, 0x00000007e73603f8, 0x00000007e7400000)
  to   space 640K,   0% used [0x00000007e7400000, 0x00000007e7400000, 0x00000007e74a0000)
 tenured generation   total 13632K, used 12196K [0x00000007ed8a0000, 0x00000007ee5f0000, 0x00000007fae00000)
   the space 13632K,  89% used [0x00000007ed8a0000, 0x00000007ee489050, 0x00000007ee489200, 0x00000007ee5f0000)
 compacting perm gen  total 21568K, used 21556K [0x00000007fae00000, 0x00000007fc310000, 0x0000000800000000)
   the space 21568K,  99% used [0x00000007fae00000, 0x00000007fc30d210, 0x00000007fc30d400, 0x00000007fc310000)
No shared spaces configured.
}
Event: 94557.952 GC heap before
{Heap before GC invocations=44 (full 0):
 def new generation   total 6144K, used 5504K [0x00000007e6e00000, 0x00000007e74a0000, 0x00000007ed8a0000)
  eden space 5504K, 100% used [0x00000007e6e00000, 0x00000007e7360000, 0x00000007e7360000)
  from space 640K,   0% used [0x00000007e7360000, 0x00000007e73603f8, 0x00000007e7400000)
  to   space 640K,   0% used [0x00000007e7400000, 0x00000007e7400000, 0x00000007e74a0000)
 tenured generation   total 13632K, used 12196K [0x00000007ed8a0000, 0x00000007ee5f0000, 0x00000007fae00000)
   the space 13632K,  89% used [0x00000007ed8a0000, 0x00000007ee489050, 0x00000007ee489200, 0x00000007ee5f0000)
 compacting perm gen  total 21568K, used 21556K [0x00000007fae00000, 0x00000007fc310000, 0x0000000800000000)
   the space 21568K,  99% used [0x00000007fae00000, 0x00000007fc30d210, 0x00000007fc30d400, 0x00000007fc310000)
No shared spaces configured.
Event: 94557.953 GC heap after
Heap after GC invocations=45 (full 0):
 def new generation   total 6144K, used 1K [0x00000007e6e00000, 0x00000007e74a0000, 0x00000007ed8a0000)
  eden space 5504K,   0% used [0x00000007e6e00000, 0x00000007e6e00000, 0x00000007e7360000)
  from space 640K,   0% used [0x00000007e7400000, 0x00000007e7400510, 0x00000007e74a0000)
  to   space 640K,   0% used [0x00000007e7360000, 0x00000007e7360000, 0x00000007e7400000)
 tenured generation   total 13632K, used 12196K [0x00000007ed8a0000, 0x00000007ee5f0000, 0x00000007fae00000)
   the space 13632K,  89% used [0x00000007ed8a0000, 0x00000007ee489050, 0x00000007ee489200, 0x00000007ee5f0000)
 compacting perm gen  total 21568K, used 21556K [0x00000007fae00000, 0x00000007fc310000, 0x0000000800000000)
   the space 21568K,  99% used [0x00000007fae00000, 0x00000007fc30d210, 0x00000007fc30d400, 0x00000007fc310000)
No shared spaces configured.
}
Event: 95515.456 GC heap before
{Heap before GC invocations=45 (full 0):
 def new generation   total 6144K, used 5505K [0x00000007e6e00000, 0x00000007e74a0000, 0x00000007ed8a0000)
  eden space 5504K, 100% used [0x00000007e6e00000, 0x00000007e7360000, 0x00000007e7360000)
  from space 640K,   0% used [0x00000007e7400000, 0x00000007e7400510, 0x00000007e74a0000)
  to   space 640K,   0% used [0x00000007e7360000, 0x00000007e7360000, 0x00000007e7400000)
 tenured generation   total 13632K, used 12196K [0x00000007ed8a0000, 0x00000007ee5f0000, 0x00000007fae00000)
   the space 13632K,  89% used [0x00000007ed8a0000, 0x00000007ee489050, 0x00000007ee489200, 0x00000007ee5f0000)
 compacting perm gen  total 21568K, used 21556K [0x00000007fae00000, 0x00000007fc310000, 0x0000000800000000)
   the space 21568K,  99% used [0x00000007fae00000, 0x00000007fc30d210, 0x00000007fc30d400, 0x00000007fc310000)
No shared spaces configured.
Event: 95515.462 GC heap after
Heap after GC invocations=46 (full 0):
 def new generation   total 6144K, used 1K [0x00000007e6e00000, 0x00000007e74a0000, 0x00000007ed8a0000)
  eden space 5504K,   0% used [0x00000007e6e00000, 0x00000007e6e00000, 0x00000007e7360000)
  from space 640K,   0% used [0x00000007e7360000, 0x00000007e7360410, 0x00000007e7400000)
  to   space 640K,   0% used [0x00000007e7400000, 0x00000007e7400000, 0x00000007e74a0000)
 tenured generation   total 13632K, used 12196K [0x00000007ed8a0000, 0x00000007ee5f0000, 0x00000007fae00000)
   the space 13632K,  89% used [0x00000007ed8a0000, 0x00000007ee489050, 0x00000007ee489200, 0x00000007ee5f0000)
 compacting perm gen  total 21568K, used 21556K [0x00000007fae00000, 0x00000007fc310000, 0x0000000800000000)
   the space 21568K,  99% used [0x00000007fae00000, 0x00000007fc30d210, 0x00000007fc30d400, 0x00000007fc310000)
No shared spaces configured.
}
Event: 97557.133 GC heap before
{Heap before GC invocations=46 (full 0):
 def new generation   total 6144K, used 5505K [0x00000007e6e00000, 0x00000007e74a0000, 0x00000007ed8a0000)
  eden space 5504K, 100% used [0x00000007e6e00000, 0x00000007e7360000, 0x00000007e7360000)
  from space 640K,   0% used [0x00000007e7360000, 0x00000007e7360410, 0x00000007e7400000)
  to   space 640K,   0% used [0x00000007e7400000, 0x00000007e7400000, 0x00000007e74a0000)
 tenured generation   total 13632K, used 12196K [0x00000007ed8a0000, 0x00000007ee5f0000, 0x00000007fae00000)
   the space 13632K,  89% used [0x00000007ed8a0000, 0x00000007ee489050, 0x00000007ee489200, 0x00000007ee5f0000)
 compacting perm gen  total 21568K, used 21556K [0x00000007fae00000, 0x00000007fc310000, 0x0000000800000000)
   the space 21568K,  99% used [0x00000007fae00000, 0x00000007fc30d210, 0x00000007fc30d400, 0x00000007fc310000)
No shared spaces configured.
Event: 97557.139 GC heap after
Heap after GC invocations=47 (full 0):
 def new generation   total 6144K, used 0K [0x00000007e6e00000, 0x00000007e74a0000, 0x00000007ed8a0000)
  eden space 5504K,   0% used [0x00000007e6e00000, 0x00000007e6e00000, 0x00000007e7360000)
  from space 640K,   0% used [0x00000007e7400000, 0x00000007e74003f8, 0x00000007e74a0000)
  to   space 640K,   0% used [0x00000007e7360000, 0x00000007e7360000, 0x00000007e7400000)
 tenured generation   total 13632K, used 12196K [0x00000007ed8a0000, 0x00000007ee5f0000, 0x00000007fae00000)
   the space 13632K,  89% used [0x00000007ed8a0000, 0x00000007ee489050, 0x00000007ee489200, 0x00000007ee5f0000)
 compacting perm gen  total 21568K, used 21556K [0x00000007fae00000, 0x00000007fc310000, 0x0000000800000000)
   the space 21568K,  99% used [0x00000007fae00000, 0x00000007fc30d210, 0x00000007fc30d400, 0x00000007fc310000)
No shared spaces configured.
}
Event: 99597.317 GC heap before
{Heap before GC invocations=47 (full 0):
 def new generation   total 6144K, used 5504K [0x00000007e6e00000, 0x00000007e74a0000, 0x00000007ed8a0000)
  eden space 5504K, 100% used [0x00000007e6e00000, 0x00000007e7360000, 0x00000007e7360000)
  from space 640K,   0% used [0x00000007e7400000, 0x00000007e74003f8, 0x00000007e74a0000)
  to   space 640K,   0% used [0x00000007e7360000, 0x00000007e7360000, 0x00000007e7400000)
 tenured generation   total 13632K, used 12196K [0x00000007ed8a0000, 0x00000007ee5f0000, 0x00000007fae00000)
   the space 13632K,  89% used [0x00000007ed8a0000, 0x00000007ee489050, 0x00000007ee489200, 0x00000007ee5f0000)
 compacting perm gen  total 21568K, used 21557K [0x00000007fae00000, 0x00000007fc310000, 0x0000000800000000)
   the space 21568K,  99% used [0x00000007fae00000, 0x00000007fc30d4d8, 0x00000007fc30d600, 0x00000007fc310000)
No shared spaces configured.
Event: 99597.323 GC heap after
Heap after GC invocations=48 (full 0):
 def new generation   total 6144K, used 0K [0x00000007e6e00000, 0x00000007e74a0000, 0x00000007ed8a0000)
  eden space 5504K,   0% used [0x00000007e6e00000, 0x00000007e6e00000, 0x00000007e7360000)
  from space 640K,   0% used [0x00000007e7360000, 0x00000007e73603f8, 0x00000007e7400000)
  to   space 640K,   0% used [0x00000007e7400000, 0x00000007e7400000, 0x00000007e74a0000)
 tenured generation   total 13632K, used 12196K [0x00000007ed8a0000, 0x00000007ee5f0000, 0x00000007fae00000)
   the space 13632K,  89% used [0x00000007ed8a0000, 0x00000007ee489050, 0x00000007ee489200, 0x00000007ee5f0000)
 compacting perm gen  total 21568K, used 21557K [0x00000007fae00000, 0x00000007fc310000, 0x0000000800000000)
   the space 21568K,  99% used [0x00000007fae00000, 0x00000007fc30d4d8, 0x00000007fc30d600, 0x00000007fc310000)
No shared spaces configured.
}

Deoptimization events (10 events):
Event: 0.989 Thread 0x00007fe41300c800 Uncommon trap -34 fr.pc 0x000000010170e418
Event: 1.348 Thread 0x00007fe41300c800 Uncommon trap -83 fr.pc 0x0000000101739a08
Event: 1.349 Thread 0x00007fe41300c800 Uncommon trap -83 fr.pc 0x0000000101734b08
Event: 2.160 Thread 0x00007fe41300c800 Uncommon trap -83 fr.pc 0x000000010175b404
Event: 2.437 Thread 0x00007fe41300c800 Uncommon trap -12 fr.pc 0x00000001017865cc
Event: 2.442 Thread 0x00007fe41300c800 Uncommon trap -12 fr.pc 0x000000010178b0ec
Event: 319.236 Thread 0x00007fe4149c0000 Uncommon trap -28 fr.pc 0x00000001017966a8
Event: 605.090 Thread 0x00007fe4149bf000 Uncommon trap -83 fr.pc 0x000000010179a264
Event: 635.030 Thread 0x00007fe413ace800 Uncommon trap -83 fr.pc 0x000000010175b574
Event: 61428.552 Thread 0x00007fe413ac0800 Uncommon trap -83 fr.pc 0x0000000101795638

Internal exceptions (10 events):
Event: 834.926 Thread 0x00007fe413222800 Threw 0x00000007e6e2e248 at /HUDSON/workspace/jdk7u10-2-build-macosx-amd64-product/jdk7u10/hotspot/src/share/vm/prims/jvm.cpp:1166
Event: 834.926 Thread 0x00007fe413222800 Threw 0x00000007e6e348c0 at /HUDSON/workspace/jdk7u10-2-build-macosx-amd64-product/jdk7u10/hotspot/src/share/vm/prims/jvm.cpp:1166
Event: 834.926 Thread 0x00007fe413222800 Threw 0x00000007e6e3b9f8 at /HUDSON/workspace/jdk7u10-2-build-macosx-amd64-product/jdk7u10/hotspot/src/share/vm/prims/jvm.cpp:1166
Event: 834.927 Thread 0x00007fe413222800 Threw 0x00000007e6e48090 at /HUDSON/workspace/jdk7u10-2-build-macosx-amd64-product/jdk7u10/hotspot/src/share/vm/prims/jvm.cpp:1166
Event: 834.927 Thread 0x00007fe413222800 Threw 0x00000007e6e526e0 at /HUDSON/workspace/jdk7u10-2-build-macosx-amd64-product/jdk7u10/hotspot/src/share/vm/prims/jvm.cpp:1166
Event: 834.928 Thread 0x00007fe413222800 Threw 0x00000007e6e5ca28 at /HUDSON/workspace/jdk7u10-2-build-macosx-amd64-product/jdk7u10/hotspot/src/share/vm/prims/jvm.cpp:1166
Event: 834.928 Thread 0x00007fe413222800 Threw 0x00000007e6e63fb0 at /HUDSON/workspace/jdk7u10-2-build-macosx-amd64-product/jdk7u10/hotspot/src/share/vm/prims/jvm.cpp:1166
Event: 834.941 Thread 0x00007fe413222800 Threw 0x00000007e6e92610 at /HUDSON/workspace/jdk7u10-2-build-macosx-amd64-product/jdk7u10/hotspot/src/share/vm/prims/jvm.cpp:1166
Event: 100887.246 Thread 0x00007fe4149f9000 Threw 0x00000007e71826f0 at /HUDSON/workspace/jdk7u10-2-build-macosx-amd64-product/jdk7u10/hotspot/src/share/vm/prims/jni.cpp:716
Event: 100887.247 Thread 0x00007fe414078800 Threw 0x00000007e717ec58 at /HUDSON/workspace/jdk7u10-2-build-macosx-amd64-product/jdk7u10/hotspot/src/share/vm/prims/jvm.cpp:1166

Events (10 events):
Event: 100887.219 loading class 0x00007fe412d36360
Event: 100887.219 loading class 0x00007fe412d363a0
Event: 100887.219 loading class 0x00007fe412d363a0 done
Event: 100887.219 loading class 0x00007fe412d36360 done
Event: 100887.241 Thread 0x00007fe414078800 Thread added: 0x00007fe414078800
Event: 100887.241 Thread 0x00007fe4140b4800 Thread added: 0x00007fe4140b4800
Event: 100887.246 loading class 0x00007fe412c97a20
Event: 100887.246 loading class 0x00007fe415060290
Event: 100887.246 loading class 0x00007fe415060290 done
Event: 100887.282 loading class 0x00007fe412c97a20 done


Dynamic libraries:
0x00000000045a5000 	/System/Library/Frameworks/Cocoa.framework/Versions/A/Cocoa
0x00000000045a5000 	/System/Library/Frameworks/Security.framework/Versions/A/Security
0x00000000045a5000 	/System/Library/Frameworks/ApplicationServices.framework/Versions/A/ApplicationServices
0x00000000045a5000 	/usr/lib/libz.1.dylib
0x00000000045a5000 	/usr/lib/libSystem.B.dylib
0x00000000045a5000 	/usr/lib/libobjc.A.dylib
0x00000000045a5000 	/System/Library/Frameworks/CoreFoundation.framework/Versions/A/CoreFoundation
0x00000000045a5000 	/System/Library/Frameworks/AppKit.framework/Versions/C/AppKit
0x00000000045a5000 	/System/Library/Frameworks/CoreData.framework/Versions/A/CoreData
0x00000000045a5000 	/System/Library/Frameworks/Foundation.framework/Versions/C/Foundation
0x00000000045a5000 	/System/Library/PrivateFrameworks/RemoteViewServices.framework/Versions/A/RemoteViewServices
0x00000000045a5000 	/System/Library/Frameworks/AudioToolbox.framework/Versions/A/AudioToolbox
0x00000000045a5000 	/System/Library/Frameworks/AudioUnit.framework/Versions/A/AudioUnit
0x00000000045a5000 	/System/Library/PrivateFrameworks/DataDetectorsCore.framework/Versions/A/DataDetectorsCore
0x00000000045a5000 	/System/Library/PrivateFrameworks/DesktopServicesPriv.framework/Versions/A/DesktopServicesPriv
0x00000000045a5000 	/System/Library/Frameworks/Carbon.framework/Versions/A/Frameworks/HIToolbox.framework/Versions/A/HIToolbox
0x00000000045a5000 	/System/Library/Frameworks/QuartzCore.framework/Versions/A/QuartzCore
0x00000000045a5000 	/System/Library/Frameworks/Carbon.framework/Versions/A/Frameworks/SpeechRecognition.framework/Versions/A/SpeechRecognition
0x00000000045a5000 	/usr/lib/libauto.dylib
0x00000000045a5000 	/usr/lib/libicucore.A.dylib
0x00000000045a5000 	/usr/lib/libxml2.2.dylib
0x00000000045a5000 	/System/Library/PrivateFrameworks/CoreUI.framework/Versions/A/CoreUI
0x00000000045a5000 	/System/Library/Frameworks/CoreAudio.framework/Versions/A/CoreAudio
0x00000000045a5000 	/System/Library/Frameworks/DiskArbitration.framework/Versions/A/DiskArbitration
0x00000000045a5000 	/usr/lib/liblangid.dylib
0x00000000045a5000 	/System/Library/PrivateFrameworks/MultitouchSupport.framework/Versions/A/MultitouchSupport
0x00000000045a5000 	/System/Library/Frameworks/IOKit.framework/Versions/A/IOKit
0x00000000045a5000 	/usr/lib/libDiagnosticMessagesClient.dylib
0x00000000045a5000 	/System/Library/Frameworks/CoreServices.framework/Versions/A/CoreServices
0x00000000045a5000 	/System/Library/PrivateFrameworks/PerformanceAnalysis.framework/Versions/A/PerformanceAnalysis
0x00000000045a5000 	/System/Library/PrivateFrameworks/GenerationalStorage.framework/Versions/A/GenerationalStorage
0x00000000045a5000 	/System/Library/Frameworks/OpenGL.framework/Versions/A/OpenGL
0x00000000045a5000 	/System/Library/PrivateFrameworks/Sharing.framework/Versions/A/Sharing
0x00000000045a5000 	/System/Library/Frameworks/ImageIO.framework/Versions/A/ImageIO
0x00000000045a5000 	/System/Library/Frameworks/CoreText.framework/Versions/A/CoreText
0x00000000045a5000 	/System/Library/Frameworks/CoreGraphics.framework/Versions/A/CoreGraphics
0x00000000045a5000 	/System/Library/PrivateFrameworks/Backup.framework/Versions/A/Backup
0x00000000045a5000 	/System/Library/Frameworks/CFNetwork.framework/Versions/A/CFNetwork
0x00000000045a5000 	/System/Library/Frameworks/SystemConfiguration.framework/Versions/A/SystemConfiguration
0x00000000045a5000 	/usr/lib/libCRFSuite.dylib
0x00000000045a5000 	/usr/lib/libc++.1.dylib
0x00000000045a5000 	/usr/lib/libc++abi.dylib
0x00000000045a5000 	/usr/lib/system/libcache.dylib
0x00000000045a5000 	/usr/lib/system/libcommonCrypto.dylib
0x00000000045a5000 	/usr/lib/system/libcompiler_rt.dylib
0x00000000045a5000 	/usr/lib/system/libcopyfile.dylib
0x00000000045a5000 	/usr/lib/system/libcorecrypto.dylib
0x00000000045a5000 	/usr/lib/system/libdispatch.dylib
0x00000000045a5000 	/usr/lib/system/libdyld.dylib
0x00000000045a5000 	/usr/lib/system/libkeymgr.dylib
0x00000000045a5000 	/usr/lib/system/liblaunch.dylib
0x00000000045a5000 	/usr/lib/system/libmacho.dylib
0x00000000045a5000 	/usr/lib/system/libquarantine.dylib
0x00000000045a5000 	/usr/lib/system/libremovefile.dylib
0x00000000045a5000 	/usr/lib/system/libsystem_asl.dylib
0x00000000045a5000 	/usr/lib/system/libsystem_blocks.dylib
0x00000000045a5000 	/usr/lib/system/libsystem_c.dylib
0x00000000045a5000 	/usr/lib/system/libsystem_configuration.dylib
0x00000000045a5000 	/usr/lib/system/libsystem_dnssd.dylib
0x00000000045a5000 	/usr/lib/system/libsystem_info.dylib
0x00000000045a5000 	/usr/lib/system/libsystem_kernel.dylib
0x00000000045a5000 	/usr/lib/system/libsystem_m.dylib
0x00000000045a5000 	/usr/lib/system/libsystem_malloc.dylib
0x00000000045a5000 	/usr/lib/system/libsystem_network.dylib
0x00000000045a5000 	/usr/lib/system/libsystem_notify.dylib
0x00000000045a5000 	/usr/lib/system/libsystem_platform.dylib
0x00000000045a5000 	/usr/lib/system/libsystem_pthread.dylib
0x00000000045a5000 	/usr/lib/system/libsystem_sandbox.dylib
0x00000000045a5000 	/usr/lib/system/libsystem_stats.dylib
0x00000000045a5000 	/usr/lib/system/libunc.dylib
0x00000000045a5000 	/usr/lib/system/libunwind.dylib
0x00000000045a5000 	/usr/lib/system/libxpc.dylib
0x00000000045a5000 	/usr/lib/libbsm.0.dylib
0x00000000045a5000 	/usr/lib/libsqlite3.dylib
0x00000000045a5000 	/usr/lib/libxar.1.dylib
0x00000000045a5000 	/usr/lib/libpam.2.dylib
0x00000000045a5000 	/usr/lib/libOpenScriptingUtil.dylib
0x00000000045a5000 	/usr/lib/libbz2.1.0.dylib
0x00000000045a5000 	/System/Library/Frameworks/CoreServices.framework/Versions/A/Frameworks/CarbonCore.framework/Versions/A/CarbonCore
0x00000000045a5000 	/System/Library/Frameworks/CoreServices.framework/Versions/A/Frameworks/Metadata.framework/Versions/A/Metadata
0x00000000045a5000 	/System/Library/Frameworks/CoreServices.framework/Versions/A/Frameworks/OSServices.framework/Versions/A/OSServices
0x00000000045a5000 	/System/Library/Frameworks/CoreServices.framework/Versions/A/Frameworks/SearchKit.framework/Versions/A/SearchKit
0x00000000045a5000 	/System/Library/Frameworks/CoreServices.framework/Versions/A/Frameworks/AE.framework/Versions/A/AE
0x00000000045a5000 	/System/Library/Frameworks/CoreServices.framework/Versions/A/Frameworks/LaunchServices.framework/Versions/A/LaunchServices
0x00000000045a5000 	/System/Library/Frameworks/CoreServices.framework/Versions/A/Frameworks/DictionaryServices.framework/Versions/A/DictionaryServices
0x00000000045a5000 	/System/Library/Frameworks/NetFS.framework/Versions/A/NetFS
0x00000000045a5000 	/usr/lib/system/libkxld.dylib
0x00000000045a5000 	/System/Library/PrivateFrameworks/NetAuth.framework/Versions/A/NetAuth
0x00000000045a5000 	/System/Library/PrivateFrameworks/TCC.framework/Versions/A/TCC
0x00000000045a5000 	/System/Library/Frameworks/OpenDirectory.framework/Versions/A/Frameworks/CFOpenDirectory.framework/Versions/A/CFOpenDirectory
0x00000000045a5000 	/System/Library/Frameworks/ServiceManagement.framework/Versions/A/ServiceManagement
0x00000000045a5000 	/usr/lib/libxslt.1.dylib
0x00000000045a5000 	/System/Library/Frameworks/Carbon.framework/Versions/A/Frameworks/Ink.framework/Versions/A/Ink
0x00000000045a5000 	/System/Library/Frameworks/ApplicationServices.framework/Versions/A/Frameworks/ATS.framework/Versions/A/ATS
0x00000000045a5000 	/System/Library/Frameworks/ApplicationServices.framework/Versions/A/Frameworks/ColorSync.framework/Versions/A/ColorSync
0x00000000045a5000 	/System/Library/Frameworks/ApplicationServices.framework/Versions/A/Frameworks/HIServices.framework/Versions/A/HIServices
0x00000000045a5000 	/System/Library/Frameworks/ApplicationServices.framework/Versions/A/Frameworks/LangAnalysis.framework/Versions/A/LangAnalysis
0x00000000045a5000 	/System/Library/Frameworks/ApplicationServices.framework/Versions/A/Frameworks/PrintCore.framework/Versions/A/PrintCore
0x00000000045a5000 	/System/Library/Frameworks/ApplicationServices.framework/Versions/A/Frameworks/QD.framework/Versions/A/QD
0x00000000045a5000 	/System/Library/Frameworks/ApplicationServices.framework/Versions/A/Frameworks/SpeechSynthesis.framework/Versions/A/SpeechSynthesis
0x00000000045a5000 	/System/Library/Frameworks/IOSurface.framework/Versions/A/IOSurface
0x00000000045a5000 	/System/Library/Frameworks/Accelerate.framework/Versions/A/Accelerate
0x00000000045a5000 	/System/Library/Frameworks/Accelerate.framework/Versions/A/Frameworks/vImage.framework/Versions/A/vImage
0x00000000045a5000 	/System/Library/Frameworks/Accelerate.framework/Versions/A/Frameworks/vecLib.framework/Versions/A/vecLib
0x00000000045a5000 	/System/Library/Frameworks/Accelerate.framework/Versions/A/Frameworks/vecLib.framework/Versions/A/libvDSP.dylib
0x00000000045a5000 	/System/Library/Frameworks/Accelerate.framework/Versions/A/Frameworks/vecLib.framework/Versions/A/libvMisc.dylib
0x00000000045a5000 	/System/Library/Frameworks/Accelerate.framework/Versions/A/Frameworks/vecLib.framework/Versions/A/libLAPACK.dylib
0x00000000045a5000 	/System/Library/Frameworks/Accelerate.framework/Versions/A/Frameworks/vecLib.framework/Versions/A/libBLAS.dylib
0x00000000045a5000 	/System/Library/Frameworks/ApplicationServices.framework/Versions/A/Frameworks/ATS.framework/Versions/A/Resources/libFontParser.dylib
0x00000000045a5000 	/System/Library/Frameworks/ApplicationServices.framework/Versions/A/Frameworks/ATS.framework/Versions/A/Resources/libFontRegistry.dylib
0x00000000045a5000 	/System/Library/Frameworks/ImageIO.framework/Versions/A/Resources/libJPEG.dylib
0x00000000045a5000 	/System/Library/Frameworks/ImageIO.framework/Versions/A/Resources/libTIFF.dylib
0x00000000045a5000 	/System/Library/Frameworks/ImageIO.framework/Versions/A/Resources/libPng.dylib
0x00000000045a5000 	/System/Library/Frameworks/ImageIO.framework/Versions/A/Resources/libGIF.dylib
0x00000000045a5000 	/System/Library/Frameworks/ImageIO.framework/Versions/A/Resources/libJP2.dylib
0x00000000045a5000 	/System/Library/Frameworks/ImageIO.framework/Versions/A/Resources/libRadiance.dylib
0x00000000045a5000 	/usr/lib/libcups.2.dylib
0x00000000045a5000 	/System/Library/Frameworks/Kerberos.framework/Versions/A/Kerberos
0x00000000045a5000 	/System/Library/Frameworks/GSS.framework/Versions/A/GSS
0x00000000045a5000 	/usr/lib/libresolv.9.dylib
0x00000000045a5000 	/usr/lib/libiconv.2.dylib
0x00000000045a5000 	/System/Library/PrivateFrameworks/Heimdal.framework/Versions/A/Heimdal
0x00000000045a5000 	/System/Library/PrivateFrameworks/TrustEvaluationAgent.framework/Versions/A/TrustEvaluationAgent
0x00000000045a5000 	/usr/lib/libheimdal-asn1.dylib
0x00000000045a5000 	/System/Library/Frameworks/OpenDirectory.framework/Versions/A/OpenDirectory
0x00000000045a5000 	/System/Library/PrivateFrameworks/CommonAuth.framework/Versions/A/CommonAuth
0x00000000045a5000 	/System/Library/Frameworks/SecurityFoundation.framework/Versions/A/SecurityFoundation
0x00000000045a5000 	/System/Library/PrivateFrameworks/Bom.framework/Versions/A/Bom
0x00000000045a5000 	/System/Library/Frameworks/CoreVideo.framework/Versions/A/CoreVideo
0x00000000045a5000 	/System/Library/Frameworks/QuartzCore.framework/Versions/A/Frameworks/CoreImage.framework/Versions/A/CoreImage
0x00000000045a5000 	/System/Library/Frameworks/QuartzCore.framework/Versions/A/Frameworks/ScalableUserInterface.framework/Versions/A/ScalableUserInterface
0x00000000045a5000 	/System/Library/Frameworks/OpenGL.framework/Versions/A/Libraries/libGLU.dylib
0x00000000045a5000 	/System/Library/Frameworks/OpenGL.framework/Versions/A/Libraries/libGFXShared.dylib
0x00000000045a5000 	/System/Library/Frameworks/OpenGL.framework/Versions/A/Libraries/libGL.dylib
0x00000000045a5000 	/System/Library/Frameworks/OpenGL.framework/Versions/A/Libraries/libGLImage.dylib
0x00000000045a5000 	/System/Library/Frameworks/OpenGL.framework/Versions/A/Libraries/libCVMSPluginSupport.dylib
0x00000000045a5000 	/System/Library/Frameworks/OpenGL.framework/Versions/A/Libraries/libCoreVMClient.dylib
0x00000000045a5000 	/System/Library/PrivateFrameworks/FaceCore.framework/Versions/A/FaceCore
0x00000000045a5000 	/System/Library/PrivateFrameworks/CrashReporterSupport.framework/Versions/A/CrashReporterSupport
0x00000000045a5000 	/System/Library/Frameworks/OpenCL.framework/Versions/A/OpenCL
0x00000000045a5000 	/System/Library/PrivateFrameworks/AppleFSCompression.framework/Versions/A/AppleFSCompression
0x00000000045a5000 	/System/Library/PrivateFrameworks/Ubiquity.framework/Versions/A/Ubiquity
0x00000000045a5000 	/System/Library/PrivateFrameworks/IconServices.framework/Versions/A/IconServices
0x00000000045a5000 	/System/Library/PrivateFrameworks/ChunkingLibrary.framework/Versions/A/ChunkingLibrary
0x00000000045a5000 	/System/Library/PrivateFrameworks/CoreSymbolication.framework/Versions/A/CoreSymbolication
0x00000000045a5000 	/System/Library/PrivateFrameworks/Symbolication.framework/Versions/A/Symbolication
0x00000000045a5000 	/System/Library/PrivateFrameworks/DebugSymbols.framework/Versions/A/DebugSymbols
0x0000000100c00000 	/Library/Java/JavaVirtualMachines/jdk1.7.0_10.jdk/Contents/Home/jre/lib/server/libjvm.dylib
0x00000000045a5000 	/usr/lib/libstdc++.6.dylib
0x0000000100394000 	/Library/Java/JavaVirtualMachines/jdk1.7.0_10.jdk/Contents/Home/jre/lib/libverify.dylib
0x00000001003a1000 	/Library/Java/JavaVirtualMachines/jdk1.7.0_10.jdk/Contents/Home/jre/lib/libjava.dylib
0x00000001003db000 	/Library/Java/JavaVirtualMachines/jdk1.7.0_10.jdk/Contents/Home/jre/lib/libzip.dylib
0x0000000104e11000 	/System/Library/Frameworks/JavaVM.framework/Frameworks/JavaRuntimeSupport.framework/JavaRuntimeSupport
0x0000000104e29000 	/System/Library/Frameworks/JavaVM.framework/Versions/A/Frameworks/JavaNativeFoundation.framework/Versions/A/JavaNativeFoundation
0x0000000104e3e000 	/System/Library/Frameworks/JavaVM.framework/Versions/A/JavaVM
0x00000000045a5000 	/System/Library/Frameworks/Carbon.framework/Versions/A/Carbon
0x0000000104e4b000 	/System/Library/PrivateFrameworks/JavaLaunching.framework/Versions/A/JavaLaunching
0x00000000045a5000 	/System/Library/Frameworks/Carbon.framework/Versions/A/Frameworks/CommonPanels.framework/Versions/A/CommonPanels
0x00000000045a5000 	/System/Library/Frameworks/Carbon.framework/Versions/A/Frameworks/Help.framework/Versions/A/Help
0x00000000045a5000 	/System/Library/Frameworks/Carbon.framework/Versions/A/Frameworks/ImageCapture.framework/Versions/A/ImageCapture
0x00000000045a5000 	/System/Library/Frameworks/Carbon.framework/Versions/A/Frameworks/OpenScripting.framework/Versions/A/OpenScripting
0x00000000045a5000 	/System/Library/Frameworks/Carbon.framework/Versions/A/Frameworks/Print.framework/Versions/A/Print
0x00000000045a5000 	/System/Library/Frameworks/Carbon.framework/Versions/A/Frameworks/SecurityHI.framework/Versions/A/SecurityHI
0x0000000105502000 	/Library/Java/JavaVirtualMachines/jdk1.7.0_10.jdk/Contents/Home/jre/lib/libnio.dylib
0x0000000105511000 	/Library/Java/JavaVirtualMachines/jdk1.7.0_10.jdk/Contents/Home/jre/lib/./libnet.dylib
0x00000001054e9000 	/Library/Java/JavaVirtualMachines/jdk1.7.0_10.jdk/Contents/Home/jre/lib/libmanagement.dylib

VM Arguments:
java_command: usage-0.0.1-SNAPSHOT.jar server ../src/main/resources/usage.yml
Launcher Type: SUN_STANDARD

Environment Variables:
PATH=/usr/bin:/bin:/usr/sbin:/sbin:/usr/local/bin:/opt/X11/bin
SHELL=/bin/bash
DISPLAY=/tmp/launch-8bzTXb/org.macosforge.xquartz:0

Signal Handlers:
SIGSEGV: [libjvm.dylib+0x4a363d], sa_mask[0]=0xfffefeff, sa_flags=0x00000042
SIGBUS: [libjvm.dylib+0x4a363d], sa_mask[0]=0xfffefeff, sa_flags=0x00000042
SIGFPE: [libjvm.dylib+0x3b3051], sa_mask[0]=0xfffefeff, sa_flags=0x00000042
SIGPIPE: [libjvm.dylib+0x3b3051], sa_mask[0]=0xfffefeff, sa_flags=0x00000042
SIGXFSZ: [libjvm.dylib+0x3b3051], sa_mask[0]=0xfffefeff, sa_flags=0x00000042
SIGILL: [libjvm.dylib+0x3b3051], sa_mask[0]=0xfffefeff, sa_flags=0x00000042
SIGUSR1: SIG_DFL, sa_mask[0]=0x63807efb, sa_flags=0x00000000
SIGUSR2: [libjvm.dylib+0x3b2bea], sa_mask[0]=0x00000000, sa_flags=0x00000042
SIGHUP: [libjvm.dylib+0x3b0e4b], sa_mask[0]=0xfffefeff, sa_flags=0x00000042
SIGINT: [libjvm.dylib+0x3b0e4b], sa_mask[0]=0xfffefeff, sa_flags=0x00000042
SIGTERM: [libjvm.dylib+0x3b0e4b], sa_mask[0]=0xfffefeff, sa_flags=0x00000042
SIGQUIT: [libjvm.dylib+0x3b0e4b], sa_mask[0]=0xfffefeff, sa_flags=0x00000042


---------------  S Y S T E M  ---------------

OS:Bsduname:Darwin 13.4.0 Darwin Kernel Version 13.4.0: Sun Aug 17 19:50:11 PDT 2014; root:xnu-2422.115.4~1/RELEASE_X86_64 x86_64
rlimit: STACK 8192k, CORE 0k, NPROC 709, NOFILE 10240, AS infinity
load average:2.13 3.46 4.43

CPU:total 4 (2 cores per cpu, 2 threads per core) family 6 model 37 stepping 2, cmov, cx8, fxsr, mmx, sse, sse2, sse3, ssse3, sse4.1, sse4.2, popcnt, ht, tsc, tscinvbit

Memory: 4k page, physical 1305756k(326439k free)

/proc/meminfo:


vm_info: Java HotSpot(TM) 64-Bit Server VM (23.6-b04) for bsd-amd64 JRE (1.7.0_10-b18), built on Nov 28 2012 07:52:20 by "java_re" with gcc 4.2.1 (Based on Apple Inc. build 5658) (LLVM build 2336.9.00)

time: Sun Nov  9 21:50:59 2014
elapsed time: 100887 seconds

