#
# A fatal error has been detected by the Java Runtime Environment:
#
#  SIGBUS (0xa) at pc=0x0000000104f8815e, pid=4239, tid=21251
#
# JRE version: 7.0_10-b18
# Java VM: Java HotSpot(TM) 64-Bit Server VM (23.6-b04 mixed mode bsd-amd64 compressed oops)
# Problematic frame:
# C  [libzip.dylib+0x315e]  newEntry+0x154
#
# Failed to write core dump. Core dumps have been disabled. To enable core dumping, try "ulimit -c unlimited" before starting Java again
#
# If you would like to submit a bug report, please visit:
#   http://bugreport.sun.com/bugreport/crash.jsp
# The crash happened outside the Java Virtual Machine in native code.
# See problematic frame for where to report the bug.
#

---------------  T H R E A D  ---------------

Current thread (0x00007ff2f19ff800):  JavaThread "Thread-12" [_thread_in_native, id=21251, stack(0x000000010baf3000,0x000000010bbf3000)]

siginfo:si_signo=SIGBUS: si_errno=0, si_code=2 (BUS_ADRERR), si_addr=0x000000010a164cf1

Registers:
RAX=0x00007ff2f0734a60, RBX=0x000000010a164ce5, RCX=0x0000000000000001, RDX=0x0000000000000000
RSP=0x000000010bbf0f10, RBP=0x000000010bbf0f70, RSI=0x00000000ffff87ff, RDI=0x0000000104d13800
R8 =0x0000000000000004, R9 =0x00007ff2f0500000, R10=0x000000010631e498, R11=0xfffffff921ba601e
R12=0x000000000000416d, R13=0x000000010a0ae000, R14=0x00007ff2f0734a60, R15=0x00000000000015cf
RIP=0x0000000104f8815e, EFLAGS=0x0000000000010202, ERR=0x0000000000000004
  TRAPNO=0x000000000000000e

Top of Stack: (sp=0x000000010bbf0f10)
0x000000010bbf0f10:   0000000100000000 0000000004f8762a
0x000000010bbf0f20:   00007fff75329940 00000007faf07940
0x000000010bbf0f30:   000000010bbf0f50 00007ff2f0734a60
0x000000010bbf0f40:   00007ff2f05596a0 000000009ac6435b
0x000000010bbf0f50:   000000000000416d 000000010a0ae000
0x000000010bbf0f60:   00007ff2f0734a60 00000000000015cf
0x000000010bbf0f70:   000000010bbf0fc0 0000000104f887d0
0x000000010bbf0f80:   000000000000002b 0000002bf19ff800
0x000000010bbf0f90:   000000010bbf0fde 000000010bbf1428
0x000000010bbf0fa0:   000000000000002b 000000010bbf0fde
0x000000010bbf0fb0:   00007ff2f0734a60 00007ff2f19ff9d8
0x000000010bbf0fc0:   000000010bbf1410 0000000104f8762a
0x000000010bbf0fd0:   0000000000000000 726f000100000001
0x000000010bbf0fe0:   7370696c63652f67 2f797474656a2f65
0x000000010bbf0ff0:   7475462f6c697475 626c6c6143657275
0x000000010bbf1000:   73616c632e6b6361 000000010bbf0073
0x000000010bbf1010:   0000000000000004 000000010bbf11b7
0x000000010bbf1020:   0000000000000009 0000000000000000
0x000000010bbf1030:   00000000000001f0 5800000000000000
0x000000010bbf1040:   0000000000000000 0000000000000000
0x000000010bbf1050:   0000000000000000 0000000000000000
0x000000010bbf1060:   0000000000000000 0000000000000000
0x000000010bbf1070:   c3007070f0f91da3 58007fff75329940
0x000000010bbf1080:   0000000000000000 ffffffffffffffff
0x000000010bbf1090:   000000010bbf1750 000000010bbf1280
0x000000010bbf10a0:   000000010bbf1100 00007ff2f19ff800
0x000000010bbf10b0:   0000000000000000 00007ff2f28b4820
0x000000010bbf10c0:   00000007ea04aca0 0000000000000000
0x000000010bbf10d0:   00000007ea04ad50 00007ff20000000c
0x000000010bbf10e0:   0000000000000000 00007ff2f28b47e8
0x000000010bbf10f0:   00000007ea04ab78 00007ff2f28b2bf0
0x000000010bbf1100:   00007ff2f2916ce0 00007ff2f2916cf0 

Instructions: (pc=0x0000000104f8815e)
0x0000000104f8813e:   49 8b 7f 38 e8 83 19 00 00 4d 89 77 38 49 89 5f
0x0000000104f8814e:   40 4c 89 f0 48 85 c0 0f 84 16 05 00 00 48 89 c3
0x0000000104f8815e:   0f b6 43 0c 0f b6 4b 0d 48 c1 e1 08 48 01 c1 0f
0x0000000104f8816e:   b6 43 0e 0f b6 53 0f 48 c1 e2 08 48 01 c2 48 c1 

Register to memory mapping:

RAX=0x00007ff2f0734a60 is an unknown value
RBX=0x000000010a164ce5 is an unknown value
RCX=0x0000000000000001 is an unknown value
RDX=0x0000000000000000 is an unknown value
RSP=0x000000010bbf0f10 is pointing into the stack for thread: 0x00007ff2f19ff800
RBP=0x000000010bbf0f70 is pointing into the stack for thread: 0x00007ff2f19ff800
RSI=0x00000000ffff87ff is an unknown value
RDI=0x0000000104d13800 is an unknown value
R8 =0x0000000000000004 is an unknown value
R9 =0x00007ff2f0500000 is an unknown value
R10=0x000000010631e2d0 [CodeBlob (0x000000010631e2d0)]
Framesize: 10
R11=0xfffffff921ba601e is an unknown value
R12=0x000000000000416d is an unknown value
R13=0x000000010a0ae000 is an unknown value
R14=0x00007ff2f0734a60 is an unknown value
R15=0x00000000000015cf is an unknown value


Stack: [0x000000010baf3000,0x000000010bbf3000],  sp=0x000000010bbf0f10,  free space=1015k
Native frames: (J=compiled Java code, j=interpreted, Vv=VM code, C=native code)
C  [libzip.dylib+0x315e]  newEntry+0x154
C  [libzip.dylib+0x37d0]  ZIP_GetEntry+0xa2
C  [libzip.dylib+0x262a]  Java_java_util_zip_ZipFile_getEntry+0xdd
J  java.util.zip.ZipFile.getEntry(J[BZ)J

Java frames: (J=compiled Java code, j=interpreted, Vv=VM code)
J  java.util.zip.ZipFile.getEntry(J[BZ)J
J  java.util.jar.JarFile.getEntry(Ljava/lang/String;)Ljava/util/zip/ZipEntry;
J  sun.misc.URLClassPath.getResource(Ljava/lang/String;Z)Lsun/misc/Resource;
j  java.net.URLClassLoader$1.run()Ljava/lang/Class;+26
j  java.net.URLClassLoader$1.run()Ljava/lang/Object;+1
v  ~StubRoutines::call_stub
j  java.security.AccessController.doPrivileged(Ljava/security/PrivilegedExceptionAction;Ljava/security/AccessControlContext;)Ljava/lang/Object;+0
j  java.net.URLClassLoader.findClass(Ljava/lang/String;)Ljava/lang/Class;+13
j  java.lang.ClassLoader.loadClass(Ljava/lang/String;Z)Ljava/lang/Class;+70
j  sun.misc.Launcher$AppClassLoader.loadClass(Ljava/lang/String;Z)Ljava/lang/Class;+36
j  java.lang.ClassLoader.loadClass(Ljava/lang/String;)Ljava/lang/Class;+3
v  ~StubRoutines::call_stub
j  org.eclipse.jetty.server.AbstractConnector.shutdown()Ljava/util/concurrent/Future;+0
j  org.eclipse.jetty.server.AbstractNetworkConnector.shutdown()Ljava/util/concurrent/Future;+5
j  org.eclipse.jetty.server.ServerConnector.shutdown()Ljava/util/concurrent/Future;+1
j  org.eclipse.jetty.server.Server.doStop()V+60
j  org.eclipse.jetty.util.component.AbstractLifeCycle.stop()V+30
j  org.eclipse.jetty.util.thread.ShutdownThread.run()V+41
v  ~StubRoutines::call_stub

---------------  P R O C E S S  ---------------

Java Threads: ( => current thread )
=>0x00007ff2f19ff800 JavaThread "Thread-12" [_thread_in_native, id=21251, stack(0x000000010baf3000,0x000000010bbf3000)]
  0x00007ff2f08e9800 JavaThread "SIGINT handler" daemon [_thread_blocked, id=20995, stack(0x000000010b9f0000,0x000000010baf0000)]
  0x00007ff2f1a00000 JavaThread "dw-admin-34" [_thread_blocked, id=20739, stack(0x000000010b8ed000,0x000000010b9ed000)]
  0x00007ff2f12d3800 JavaThread "Scheduler-1291017295" [_thread_blocked, id=12299, stack(0x00000001099d8000,0x0000000109ad8000)]
  0x00007ff2f1803000 JavaThread "dw-admin-27-acceptor-1-admin@8c5697a{HTTP/1.1}{0.0.0.0:8081}" [_thread_blocked, id=19971, stack(0x000000010b7ea000,0x000000010b8ea000)]
  0x00007ff2f2063000 JavaThread "DestroyJavaVM" [_thread_blocked, id=3847, stack(0x0000000104e3c000,0x0000000104f3c000)]
  0x00007ff2f1a1e000 JavaThread "dw-admin-26-acceptor-0-admin@8c5697a{HTTP/1.1}{0.0.0.0:8081}" [_thread_in_native, id=19715, stack(0x000000010b6e7000,0x000000010b7e7000)]
  0x00007ff2f1a1d800 JavaThread "dw-admin-25-selector-3" [_thread_in_native, id=19459, stack(0x000000010b5e4000,0x000000010b6e4000)]
  0x00007ff2f08e9000 JavaThread "dw-admin-24-selector-2" [_thread_in_native, id=19203, stack(0x000000010b4e1000,0x000000010b5e1000)]
  0x00007ff2f1a1c800 JavaThread "dw-admin-23-selector-1" [_thread_in_native, id=18947, stack(0x000000010b3de000,0x000000010b4de000)]
  0x00007ff2f1aaa800 JavaThread "dw-admin-22-selector-0" [_thread_in_native, id=18691, stack(0x000000010b2db000,0x000000010b3db000)]
  0x00007ff2f2190000 JavaThread "dw-19" [_thread_blocked, id=18435, stack(0x000000010b1d8000,0x000000010b2d8000)]
  0x00007ff2f0885800 JavaThread "dw-18" [_thread_blocked, id=18179, stack(0x000000010b0d5000,0x000000010b1d5000)]
  0x00007ff2f0914000 JavaThread "dw-17" [_thread_blocked, id=17923, stack(0x000000010afd2000,0x000000010b0d2000)]
  0x00007ff2f192c000 JavaThread "dw-16" [_thread_blocked, id=17667, stack(0x000000010aecf000,0x000000010afcf000)]
  0x00007ff2f218f000 JavaThread "dw-15-selector-3" [_thread_in_native, id=17411, stack(0x000000010adcc000,0x000000010aecc000)]
  0x00007ff2f218e800 JavaThread "dw-14-selector-2" [_thread_in_native, id=17155, stack(0x000000010acc9000,0x000000010adc9000)]
  0x00007ff2f218d800 JavaThread "dw-13-selector-1" [_thread_in_native, id=16899, stack(0x000000010abc6000,0x000000010acc6000)]
  0x00007ff2f218d000 JavaThread "dw-12-selector-0" [_thread_in_native, id=16643, stack(0x000000010aac3000,0x000000010abc3000)]
  0x00007ff2f20d9800 JavaThread "DateCache" daemon [_thread_blocked, id=16387, stack(0x000000010a9c0000,0x000000010aac0000)]
  0x00007ff2f20d8800 JavaThread "async-console-appender-2" [_thread_blocked, id=16131, stack(0x000000010a8bd000,0x000000010a9bd000)]
  0x00007ff2f1946800 JavaThread "async-console-appender-1" [_thread_blocked, id=15875, stack(0x000000010a7ba000,0x000000010a8ba000)]
  0x00007ff2f0837000 JavaThread "Service Thread" daemon [_thread_blocked, id=15363, stack(0x0000000109de8000,0x0000000109ee8000)]
  0x00007ff2f102e000 JavaThread "C2 CompilerThread1" daemon [_thread_blocked, id=15107, stack(0x0000000109ce5000,0x0000000109de5000)]
  0x00007ff2f102d800 JavaThread "C2 CompilerThread0" daemon [_thread_blocked, id=14851, stack(0x0000000109be2000,0x0000000109ce2000)]
  0x00007ff2f1011800 JavaThread "Signal Dispatcher" daemon [_thread_blocked, id=14595, stack(0x0000000109adf000,0x0000000109bdf000)]
  0x00007ff2f0831800 JavaThread "Finalizer" daemon [_thread_blocked, id=8755, stack(0x00000001098a4000,0x00000001099a4000)]
  0x00007ff2f1001000 JavaThread "Reference Handler" daemon [_thread_blocked, id=271, stack(0x00000001097a1000,0x00000001098a1000)]

Other Threads:
  0x00007ff2f0831000 VMThread [stack: 0x000000010969e000,0x000000010979e000] [id=523]
  0x00007ff2f0841000 WatcherThread [stack: 0x0000000109eeb000,0x0000000109feb000] [id=15619]

VM state:not at safepoint (normal execution)

VM Mutex/Monitor currently owned by a thread: None

Heap
 def new generation   total 5248K, used 5085K [0x00000007e9c00000, 0x00000007ea1b0000, 0x00000007ef750000)
  eden space 4672K,  96% used [0x00000007e9c00000, 0x00000007ea0675c0, 0x00000007ea090000)
  from space 576K,  99% used [0x00000007ea120000, 0x00000007ea1afff8, 0x00000007ea1b0000)
  to   space 576K,   0% used [0x00000007ea090000, 0x00000007ea090000, 0x00000007ea120000)
 tenured generation   total 11712K, used 11006K [0x00000007ef750000, 0x00000007f02c0000, 0x00000007fae00000)
   the space 11712K,  93% used [0x00000007ef750000, 0x00000007f020f928, 0x00000007f020fa00, 0x00000007f02c0000)
 compacting perm gen  total 21568K, used 21303K [0x00000007fae00000, 0x00000007fc310000, 0x0000000800000000)
   the space 21568K,  98% used [0x00000007fae00000, 0x00000007fc2cdfe0, 0x00000007fc2ce000, 0x00000007fc310000)
No shared spaces configured.

Card table byte_map: [0x0000000109367000,0x000000010941a000] byte_map_base: 0x0000000105419000

Polling page: 0x0000000104f7b000

Code Cache  [0x00000001062a7000, 0x0000000106517000, 0x00000001092a7000)
 total_blobs=600 nmethods=260 adapters=292 free_code_cache=48219Kb largest_free_block=49343040

Compilation events (10 events):
Event: 169.934 Thread 0x00007ff2f102d800 nmethod 268 0x0000000106365190 code [0x00000001063652c0, 0x0000000106365338]
Event: 169.934 Thread 0x00007ff2f102d800  269             java.util.concurrent.locks.ReentrantLock$NonfairSync::tryAcquire (6 bytes)
Event: 169.935 Thread 0x00007ff2f102d800 nmethod 269 0x0000000106364f10 code [0x0000000106365040, 0x0000000106365118]
Event: 169.936 Thread 0x00007ff2f102e000 nmethod 265 0x0000000106366550 code [0x00000001063666e0, 0x00000001063669b8]
Event: 170.494 Thread 0x00007ff2f102d800  270             org.eclipse.jetty.util.ConcurrentArrayBlockingQueue::poll (22 bytes)
Event: 170.498 Thread 0x00007ff2f102d800 nmethod 270 0x0000000106365b10 code [0x0000000106365ca0, 0x0000000106365f78]
Event: 174.022 Thread 0x00007ff2f102e000  271             java.util.Calendar::setFieldsComputed (117 bytes)
Event: 174.028 Thread 0x00007ff2f102e000 nmethod 271 0x0000000106362f10 code [0x0000000106363060, 0x0000000106363338]
Event: 183.023 Thread 0x00007ff2f102d800  272             java.util.Calendar::internalSet (8 bytes)
Event: 183.023 Thread 0x00007ff2f102d800 nmethod 272 0x0000000106365850 code [0x00000001063659a0, 0x0000000106365a38]

GC Heap History (10 events):
Event: 3.841 GC heap before
{Heap before GC invocations=16 (full 0):
 def new generation   total 5248K, used 5226K [0x00000007e9c00000, 0x00000007ea1b0000, 0x00000007ef750000)
  eden space 4672K, 100% used [0x00000007e9c00000, 0x00000007ea090000, 0x00000007ea090000)
  from space 576K,  96% used [0x00000007ea090000, 0x00000007ea11a970, 0x00000007ea120000)
  to   space 576K,   0% used [0x00000007ea120000, 0x00000007ea120000, 0x00000007ea1b0000)
 tenured generation   total 11712K, used 10173K [0x00000007ef750000, 0x00000007f02c0000, 0x00000007fae00000)
   the space 11712K,  86% used [0x00000007ef750000, 0x00000007f013f638, 0x00000007f013f800, 0x00000007f02c0000)
 compacting perm gen  total 21248K, used 19248K [0x00000007fae00000, 0x00000007fc2c0000, 0x0000000800000000)
   the space 21248K,  90% used [0x00000007fae00000, 0x00000007fc0cc398, 0x00000007fc0cc400, 0x00000007fc2c0000)
No shared spaces configured.
Event: 3.846 GC heap after
Heap after GC invocations=17 (full 0):
 def new generation   total 5248K, used 576K [0x00000007e9c00000, 0x00000007ea1b0000, 0x00000007ef750000)
  eden space 4672K,   0% used [0x00000007e9c00000, 0x00000007e9c00000, 0x00000007ea090000)
  from space 576K, 100% used [0x00000007ea120000, 0x00000007ea1b0000, 0x00000007ea1b0000)
  to   space 576K,   0% used [0x00000007ea090000, 0x00000007ea090000, 0x00000007ea120000)
 tenured generation   total 11712K, used 10419K [0x00000007ef750000, 0x00000007f02c0000, 0x00000007fae00000)
   the space 11712K,  88% used [0x00000007ef750000, 0x00000007f017ce68, 0x00000007f017d000, 0x00000007f02c0000)
 compacting perm gen  total 21248K, used 19248K [0x00000007fae00000, 0x00000007fc2c0000, 0x0000000800000000)
   the space 21248K,  90% used [0x00000007fae00000, 0x00000007fc0cc398, 0x00000007fc0cc400, 0x00000007fc2c0000)
No shared spaces configured.
}
Event: 3.961 GC heap before
{Heap before GC invocations=17 (full 0):
 def new generation   total 5248K, used 5248K [0x00000007e9c00000, 0x00000007ea1b0000, 0x00000007ef750000)
  eden space 4672K, 100% used [0x00000007e9c00000, 0x00000007ea090000, 0x00000007ea090000)
  from space 576K, 100% used [0x00000007ea120000, 0x00000007ea1b0000, 0x00000007ea1b0000)
  to   space 576K,   0% used [0x00000007ea090000, 0x00000007ea090000, 0x00000007ea120000)
 tenured generation   total 11712K, used 10419K [0x00000007ef750000, 0x00000007f02c0000, 0x00000007fae00000)
   the space 11712K,  88% used [0x00000007ef750000, 0x00000007f017ce68, 0x00000007f017d000, 0x00000007f02c0000)
 compacting perm gen  total 21248K, used 19358K [0x00000007fae00000, 0x00000007fc2c0000, 0x0000000800000000)
   the space 21248K,  91% used [0x00000007fae00000, 0x00000007fc0e79f8, 0x00000007fc0e7a00, 0x00000007fc2c0000)
No shared spaces configured.
Event: 3.964 GC heap after
Heap after GC invocations=18 (full 0):
 def new generation   total 5248K, used 162K [0x00000007e9c00000, 0x00000007ea1b0000, 0x00000007ef750000)
  eden space 4672K,   0% used [0x00000007e9c00000, 0x00000007e9c00000, 0x00000007ea090000)
  from space 576K,  28% used [0x00000007ea090000, 0x00000007ea0b8928, 0x00000007ea120000)
  to   space 576K,   0% used [0x00000007ea120000, 0x00000007ea120000, 0x00000007ea1b0000)
 tenured generation   total 11712K, used 10572K [0x00000007ef750000, 0x00000007f02c0000, 0x00000007fae00000)
   the space 11712K,  90% used [0x00000007ef750000, 0x00000007f01a3150, 0x00000007f01a3200, 0x00000007f02c0000)
 compacting perm gen  total 21248K, used 19358K [0x00000007fae00000, 0x00000007fc2c0000, 0x0000000800000000)
   the space 21248K,  91% used [0x00000007fae00000, 0x00000007fc0e79f8, 0x00000007fc0e7a00, 0x00000007fc2c0000)
No shared spaces configured.
}
Event: 4.061 GC heap before
{Heap before GC invocations=18 (full 0):
 def new generation   total 5248K, used 4834K [0x00000007e9c00000, 0x00000007ea1b0000, 0x00000007ef750000)
  eden space 4672K, 100% used [0x00000007e9c00000, 0x00000007ea090000, 0x00000007ea090000)
  from space 576K,  28% used [0x00000007ea090000, 0x00000007ea0b8928, 0x00000007ea120000)
  to   space 576K,   0% used [0x00000007ea120000, 0x00000007ea120000, 0x00000007ea1b0000)
 tenured generation   total 11712K, used 10572K [0x00000007ef750000, 0x00000007f02c0000, 0x00000007fae00000)
   the space 11712K,  90% used [0x00000007ef750000, 0x00000007f01a3150, 0x00000007f01a3200, 0x00000007f02c0000)
 compacting perm gen  total 21248K, used 19485K [0x00000007fae00000, 0x00000007fc2c0000, 0x0000000800000000)
   the space 21248K,  91% used [0x00000007fae00000, 0x00000007fc1077b0, 0x00000007fc107800, 0x00000007fc2c0000)
No shared spaces configured.
Event: 4.064 GC heap after
Heap after GC invocations=19 (full 0):
 def new generation   total 5248K, used 343K [0x00000007e9c00000, 0x00000007ea1b0000, 0x00000007ef750000)
  eden space 4672K,   0% used [0x00000007e9c00000, 0x00000007e9c00000, 0x00000007ea090000)
  from space 576K,  59% used [0x00000007ea120000, 0x00000007ea175ec8, 0x00000007ea1b0000)
  to   space 576K,   0% used [0x00000007ea090000, 0x00000007ea090000, 0x00000007ea120000)
 tenured generation   total 11712K, used 10572K [0x00000007ef750000, 0x00000007f02c0000, 0x00000007fae00000)
   the space 11712K,  90% used [0x00000007ef750000, 0x00000007f01a3150, 0x00000007f01a3200, 0x00000007f02c0000)
 compacting perm gen  total 21248K, used 19485K [0x00000007fae00000, 0x00000007fc2c0000, 0x0000000800000000)
   the space 21248K,  91% used [0x00000007fae00000, 0x00000007fc1077b0, 0x00000007fc107800, 0x00000007fc2c0000)
No shared spaces configured.
}
Event: 4.150 GC heap before
{Heap before GC invocations=19 (full 0):
 def new generation   total 5248K, used 5015K [0x00000007e9c00000, 0x00000007ea1b0000, 0x00000007ef750000)
  eden space 4672K, 100% used [0x00000007e9c00000, 0x00000007ea090000, 0x00000007ea090000)
  from space 576K,  59% used [0x00000007ea120000, 0x00000007ea175ec8, 0x00000007ea1b0000)
  to   space 576K,   0% used [0x00000007ea090000, 0x00000007ea090000, 0x00000007ea120000)
 tenured generation   total 11712K, used 10572K [0x00000007ef750000, 0x00000007f02c0000, 0x00000007fae00000)
   the space 11712K,  90% used [0x00000007ef750000, 0x00000007f01a3150, 0x00000007f01a3200, 0x00000007f02c0000)
 compacting perm gen  total 21248K, used 19621K [0x00000007fae00000, 0x00000007fc2c0000, 0x0000000800000000)
   the space 21248K,  92% used [0x00000007fae00000, 0x00000007fc129750, 0x00000007fc129800, 0x00000007fc2c0000)
No shared spaces configured.
Event: 4.152 GC heap after
Heap after GC invocations=20 (full 0):
 def new generation   total 5248K, used 325K [0x00000007e9c00000, 0x00000007ea1b0000, 0x00000007ef750000)
  eden space 4672K,   0% used [0x00000007e9c00000, 0x00000007e9c00000, 0x00000007ea090000)
  from space 576K,  56% used [0x00000007ea090000, 0x00000007ea0e1798, 0x00000007ea120000)
  to   space 576K,   0% used [0x00000007ea120000, 0x00000007ea120000, 0x00000007ea1b0000)
 tenured generation   total 11712K, used 10702K [0x00000007ef750000, 0x00000007f02c0000, 0x00000007fae00000)
   the space 11712K,  91% used [0x00000007ef750000, 0x00000007f01c3ac0, 0x00000007f01c3c00, 0x00000007f02c0000)
 compacting perm gen  total 21248K, used 19621K [0x00000007fae00000, 0x00000007fc2c0000, 0x0000000800000000)
   the space 21248K,  92% used [0x00000007fae00000, 0x00000007fc129750, 0x00000007fc129800, 0x00000007fc2c0000)
No shared spaces configured.
}
Event: 10.718 GC heap before
{Heap before GC invocations=20 (full 0):
 def new generation   total 5248K, used 4997K [0x00000007e9c00000, 0x00000007ea1b0000, 0x00000007ef750000)
  eden space 4672K, 100% used [0x00000007e9c00000, 0x00000007ea090000, 0x00000007ea090000)
  from space 576K,  56% used [0x00000007ea090000, 0x00000007ea0e1798, 0x00000007ea120000)
  to   space 576K,   0% used [0x00000007ea120000, 0x00000007ea120000, 0x00000007ea1b0000)
 tenured generation   total 11712K, used 10702K [0x00000007ef750000, 0x00000007f02c0000, 0x00000007fae00000)
   the space 11712K,  91% used [0x00000007ef750000, 0x00000007f01c3ac0, 0x00000007f01c3c00, 0x00000007f02c0000)
 compacting perm gen  total 21248K, used 20534K [0x00000007fae00000, 0x00000007fc2c0000, 0x0000000800000000)
   the space 21248K,  96% used [0x00000007fae00000, 0x00000007fc20db28, 0x00000007fc20dc00, 0x00000007fc2c0000)
No shared spaces configured.
Event: 10.722 GC heap after
Heap after GC invocations=21 (full 0):
 def new generation   total 5248K, used 575K [0x00000007e9c00000, 0x00000007ea1b0000, 0x00000007ef750000)
  eden space 4672K,   0% used [0x00000007e9c00000, 0x00000007e9c00000, 0x00000007ea090000)
  from space 576K,  99% used [0x00000007ea120000, 0x00000007ea1afff8, 0x00000007ea1b0000)
  to   space 576K,   0% used [0x00000007ea090000, 0x00000007ea090000, 0x00000007ea120000)
 tenured generation   total 11712K, used 11006K [0x00000007ef750000, 0x00000007f02c0000, 0x00000007fae00000)
   the space 11712K,  93% used [0x00000007ef750000, 0x00000007f020f928, 0x00000007f020fa00, 0x00000007f02c0000)
 compacting perm gen  total 21248K, used 20534K [0x00000007fae00000, 0x00000007fc2c0000, 0x0000000800000000)
   the space 21248K,  96% used [0x00000007fae00000, 0x00000007fc20db28, 0x00000007fc20dc00, 0x00000007fc2c0000)
No shared spaces configured.
}

Deoptimization events (8 events):
Event: 1.731 Thread 0x00007ff2f1803000 Uncommon trap -34 fr.pc 0x00000001063109d8
Event: 1.982 Thread 0x00007ff2f1803000 Uncommon trap -34 fr.pc 0x00000001063109d8
Event: 2.188 Thread 0x00007ff2f1803000 Uncommon trap -83 fr.pc 0x000000010632d004
Event: 2.523 Thread 0x00007ff2f1803000 Uncommon trap -34 fr.pc 0x00000001063109d8
Event: 2.532 Thread 0x00007ff2f1803000 Uncommon trap -34 fr.pc 0x00000001063109d8
Event: 3.002 Thread 0x00007ff2f1803000 Uncommon trap -83 fr.pc 0x0000000106341b48
Event: 3.002 Thread 0x00007ff2f1803000 Uncommon trap -83 fr.pc 0x00000001063388c8
Event: 3.788 Thread 0x00007ff2f1803000 Uncommon trap -83 fr.pc 0x000000010635c204

Internal exceptions (10 events):
Event: 10.972 Thread 0x00007ff2f0885800 Threw 0x00000007e9f22290 at /HUDSON/workspace/jdk7u10-2-build-macosx-amd64-product/jdk7u10/hotspot/src/share/vm/prims/jvm.cpp:1166
Event: 10.973 Thread 0x00007ff2f0885800 Threw 0x00000007e9f25ad8 at /HUDSON/workspace/jdk7u10-2-build-macosx-amd64-product/jdk7u10/hotspot/src/share/vm/prims/jvm.cpp:1166
Event: 10.973 Thread 0x00007ff2f0885800 Threw 0x00000007e9f318c8 at /HUDSON/workspace/jdk7u10-2-build-macosx-amd64-product/jdk7u10/hotspot/src/share/vm/prims/jvm.cpp:1166
Event: 10.974 Thread 0x00007ff2f0885800 Threw 0x00000007e9f352f8 at /HUDSON/workspace/jdk7u10-2-build-macosx-amd64-product/jdk7u10/hotspot/src/share/vm/prims/jvm.cpp:1166
Event: 15.695 Thread 0x00007ff2f2190000 Threw 0x00000007e9f61b90 at /HUDSON/workspace/jdk7u10-2-build-macosx-amd64-product/jdk7u10/hotspot/src/share/vm/interpreter/linkRes
Event: 15.695 Thread 0x00007ff2f2190000 Threw 0x00000007e9f61db0 at /HUDSON/workspace/jdk7u10-2-build-macosx-amd64-product/jdk7u10/hotspot/src/share/vm/runtime/reflection.
Event: 45.699 Thread 0x00007ff2f12d3800 Threw 0x00000007e9fbb420 at /HUDSON/workspace/jdk7u10-2-build-macosx-amd64-product/jdk7u10/hotspot/src/share/vm/prims/jvm.cpp:1166
Event: 45.699 Thread 0x00007ff2f12d3800 Threw 0x00000007e9fbed80 at /HUDSON/workspace/jdk7u10-2-build-macosx-amd64-product/jdk7u10/hotspot/src/share/vm/prims/jvm.cpp:1166
Event: 196.132 Thread 0x00007ff2f192c000 Threw 0x00000007ea04f9b8 at /HUDSON/workspace/jdk7u10-2-build-macosx-amd64-product/jdk7u10/hotspot/src/share/vm/prims/jni.cpp:716
Event: 196.133 Thread 0x00007ff2f19ff800 Threw 0x00000007ea04ac78 at /HUDSON/workspace/jdk7u10-2-build-macosx-amd64-product/jdk7u10/hotspot/src/share/vm/prims/jvm.cpp:1166

Events (10 events):
Event: 196.132 loading class 0x00007ff2f0446180
Event: 196.132 loading class 0x00007ff2f0446180 done
Event: 196.132 loading class 0x00007ff2f0446140 done
Event: 196.132 Thread 0x00007ff2f19ff800 Thread added: 0x00007ff2f19ff800
Event: 196.132 Thread 0x00007ff2f09c9000 Thread added: 0x00007ff2f09c9000
Event: 196.132 Thread 0x00007ff2f09c9000 Thread exited: 0x00007ff2f09c9000
Event: 196.132 loading class 0x00007ff2f2804850
Event: 196.132 loading class 0x00007ff2f2804850 done
Event: 196.133 loading class 0x00007ff2f28477d0
Event: 196.133 loading class 0x00007ff2f28477d0 done


Dynamic libraries:
0x00000000045a5000 	/System/Library/Frameworks/Cocoa.framework/Versions/A/Cocoa
0x00000000045a5000 	/System/Library/Frameworks/Security.framework/Versions/A/Security
0x00000000045a5000 	/System/Library/Frameworks/ApplicationServices.framework/Versions/A/ApplicationServices
0x00000000045a5000 	/usr/lib/libz.1.dylib
0x00000000045a5000 	/usr/lib/libSystem.B.dylib
0x00000000045a5000 	/usr/lib/libobjc.A.dylib
0x00000000045a5000 	/System/Library/Frameworks/CoreFoundation.framework/Versions/A/CoreFoundation
0x00000000045a5000 	/System/Library/Frameworks/AppKit.framework/Versions/C/AppKit
0x00000000045a5000 	/System/Library/Frameworks/CoreData.framework/Versions/A/CoreData
0x00000000045a5000 	/System/Library/Frameworks/Foundation.framework/Versions/C/Foundation
0x00000000045a5000 	/System/Library/PrivateFrameworks/RemoteViewServices.framework/Versions/A/RemoteViewServices
0x00000000045a5000 	/System/Library/Frameworks/AudioToolbox.framework/Versions/A/AudioToolbox
0x00000000045a5000 	/System/Library/Frameworks/AudioUnit.framework/Versions/A/AudioUnit
0x00000000045a5000 	/System/Library/PrivateFrameworks/DataDetectorsCore.framework/Versions/A/DataDetectorsCore
0x00000000045a5000 	/System/Library/PrivateFrameworks/DesktopServicesPriv.framework/Versions/A/DesktopServicesPriv
0x00000000045a5000 	/System/Library/Frameworks/Carbon.framework/Versions/A/Frameworks/HIToolbox.framework/Versions/A/HIToolbox
0x00000000045a5000 	/System/Library/Frameworks/QuartzCore.framework/Versions/A/QuartzCore
0x00000000045a5000 	/System/Library/Frameworks/Carbon.framework/Versions/A/Frameworks/SpeechRecognition.framework/Versions/A/SpeechRecognition
0x00000000045a5000 	/usr/lib/libauto.dylib
0x00000000045a5000 	/usr/lib/libicucore.A.dylib
0x00000000045a5000 	/usr/lib/libxml2.2.dylib
0x00000000045a5000 	/System/Library/PrivateFrameworks/CoreUI.framework/Versions/A/CoreUI
0x00000000045a5000 	/System/Library/Frameworks/CoreAudio.framework/Versions/A/CoreAudio
0x00000000045a5000 	/System/Library/Frameworks/DiskArbitration.framework/Versions/A/DiskArbitration
0x00000000045a5000 	/usr/lib/liblangid.dylib
0x00000000045a5000 	/System/Library/PrivateFrameworks/MultitouchSupport.framework/Versions/A/MultitouchSupport
0x00000000045a5000 	/System/Library/Frameworks/IOKit.framework/Versions/A/IOKit
0x00000000045a5000 	/usr/lib/libDiagnosticMessagesClient.dylib
0x00000000045a5000 	/System/Library/Frameworks/CoreServices.framework/Versions/A/CoreServices
0x00000000045a5000 	/System/Library/PrivateFrameworks/PerformanceAnalysis.framework/Versions/A/PerformanceAnalysis
0x00000000045a5000 	/System/Library/PrivateFrameworks/GenerationalStorage.framework/Versions/A/GenerationalStorage
0x00000000045a5000 	/System/Library/Frameworks/OpenGL.framework/Versions/A/OpenGL
0x00000000045a5000 	/System/Library/PrivateFrameworks/Sharing.framework/Versions/A/Sharing
0x00000000045a5000 	/System/Library/Frameworks/ImageIO.framework/Versions/A/ImageIO
0x00000000045a5000 	/System/Library/Frameworks/CoreText.framework/Versions/A/CoreText
0x00000000045a5000 	/System/Library/Frameworks/CoreGraphics.framework/Versions/A/CoreGraphics
0x00000000045a5000 	/System/Library/PrivateFrameworks/Backup.framework/Versions/A/Backup
0x00000000045a5000 	/System/Library/Frameworks/CFNetwork.framework/Versions/A/CFNetwork
0x00000000045a5000 	/System/Library/Frameworks/SystemConfiguration.framework/Versions/A/SystemConfiguration
0x00000000045a5000 	/usr/lib/libCRFSuite.dylib
0x00000000045a5000 	/usr/lib/libc++.1.dylib
0x00000000045a5000 	/usr/lib/libc++abi.dylib
0x00000000045a5000 	/usr/lib/system/libcache.dylib
0x00000000045a5000 	/usr/lib/system/libcommonCrypto.dylib
0x00000000045a5000 	/usr/lib/system/libcompiler_rt.dylib
0x00000000045a5000 	/usr/lib/system/libcopyfile.dylib
0x00000000045a5000 	/usr/lib/system/libcorecrypto.dylib
0x00000000045a5000 	/usr/lib/system/libdispatch.dylib
0x00000000045a5000 	/usr/lib/system/libdyld.dylib
0x00000000045a5000 	/usr/lib/system/libkeymgr.dylib
0x00000000045a5000 	/usr/lib/system/liblaunch.dylib
0x00000000045a5000 	/usr/lib/system/libmacho.dylib
0x00000000045a5000 	/usr/lib/system/libquarantine.dylib
0x00000000045a5000 	/usr/lib/system/libremovefile.dylib
0x00000000045a5000 	/usr/lib/system/libsystem_asl.dylib
0x00000000045a5000 	/usr/lib/system/libsystem_blocks.dylib
0x00000000045a5000 	/usr/lib/system/libsystem_c.dylib
0x00000000045a5000 	/usr/lib/system/libsystem_configuration.dylib
0x00000000045a5000 	/usr/lib/system/libsystem_dnssd.dylib
0x00000000045a5000 	/usr/lib/system/libsystem_info.dylib
0x00000000045a5000 	/usr/lib/system/libsystem_kernel.dylib
0x00000000045a5000 	/usr/lib/system/libsystem_m.dylib
0x00000000045a5000 	/usr/lib/system/libsystem_malloc.dylib
0x00000000045a5000 	/usr/lib/system/libsystem_network.dylib
0x00000000045a5000 	/usr/lib/system/libsystem_notify.dylib
0x00000000045a5000 	/usr/lib/system/libsystem_platform.dylib
0x00000000045a5000 	/usr/lib/system/libsystem_pthread.dylib
0x00000000045a5000 	/usr/lib/system/libsystem_sandbox.dylib
0x00000000045a5000 	/usr/lib/system/libsystem_stats.dylib
0x00000000045a5000 	/usr/lib/system/libunc.dylib
0x00000000045a5000 	/usr/lib/system/libunwind.dylib
0x00000000045a5000 	/usr/lib/system/libxpc.dylib
0x00000000045a5000 	/usr/lib/libbsm.0.dylib
0x00000000045a5000 	/usr/lib/libsqlite3.dylib
0x00000000045a5000 	/usr/lib/libxar.1.dylib
0x00000000045a5000 	/usr/lib/libpam.2.dylib
0x00000000045a5000 	/usr/lib/libOpenScriptingUtil.dylib
0x00000000045a5000 	/usr/lib/libbz2.1.0.dylib
0x00000000045a5000 	/System/Library/Frameworks/CoreServices.framework/Versions/A/Frameworks/CarbonCore.framework/Versions/A/CarbonCore
0x00000000045a5000 	/System/Library/Frameworks/CoreServices.framework/Versions/A/Frameworks/Metadata.framework/Versions/A/Metadata
0x00000000045a5000 	/System/Library/Frameworks/CoreServices.framework/Versions/A/Frameworks/OSServices.framework/Versions/A/OSServices
0x00000000045a5000 	/System/Library/Frameworks/CoreServices.framework/Versions/A/Frameworks/SearchKit.framework/Versions/A/SearchKit
0x00000000045a5000 	/System/Library/Frameworks/CoreServices.framework/Versions/A/Frameworks/AE.framework/Versions/A/AE
0x00000000045a5000 	/System/Library/Frameworks/CoreServices.framework/Versions/A/Frameworks/LaunchServices.framework/Versions/A/LaunchServices
0x00000000045a5000 	/System/Library/Frameworks/CoreServices.framework/Versions/A/Frameworks/DictionaryServices.framework/Versions/A/DictionaryServices
0x00000000045a5000 	/System/Library/Frameworks/NetFS.framework/Versions/A/NetFS
0x00000000045a5000 	/usr/lib/system/libkxld.dylib
0x00000000045a5000 	/System/Library/PrivateFrameworks/NetAuth.framework/Versions/A/NetAuth
0x00000000045a5000 	/System/Library/PrivateFrameworks/TCC.framework/Versions/A/TCC
0x00000000045a5000 	/System/Library/Frameworks/OpenDirectory.framework/Versions/A/Frameworks/CFOpenDirectory.framework/Versions/A/CFOpenDirectory
0x00000000045a5000 	/System/Library/Frameworks/ServiceManagement.framework/Versions/A/ServiceManagement
0x00000000045a5000 	/usr/lib/libxslt.1.dylib
0x00000000045a5000 	/System/Library/Frameworks/Carbon.framework/Versions/A/Frameworks/Ink.framework/Versions/A/Ink
0x00000000045a5000 	/System/Library/Frameworks/ApplicationServices.framework/Versions/A/Frameworks/ATS.framework/Versions/A/ATS
0x00000000045a5000 	/System/Library/Frameworks/ApplicationServices.framework/Versions/A/Frameworks/ColorSync.framework/Versions/A/ColorSync
0x00000000045a5000 	/System/Library/Frameworks/ApplicationServices.framework/Versions/A/Frameworks/HIServices.framework/Versions/A/HIServices
0x00000000045a5000 	/System/Library/Frameworks/ApplicationServices.framework/Versions/A/Frameworks/LangAnalysis.framework/Versions/A/LangAnalysis
0x00000000045a5000 	/System/Library/Frameworks/ApplicationServices.framework/Versions/A/Frameworks/PrintCore.framework/Versions/A/PrintCore
0x00000000045a5000 	/System/Library/Frameworks/ApplicationServices.framework/Versions/A/Frameworks/QD.framework/Versions/A/QD
0x00000000045a5000 	/System/Library/Frameworks/ApplicationServices.framework/Versions/A/Frameworks/SpeechSynthesis.framework/Versions/A/SpeechSynthesis
0x00000000045a5000 	/System/Library/Frameworks/IOSurface.framework/Versions/A/IOSurface
0x00000000045a5000 	/System/Library/Frameworks/Accelerate.framework/Versions/A/Accelerate
0x00000000045a5000 	/System/Library/Frameworks/Accelerate.framework/Versions/A/Frameworks/vImage.framework/Versions/A/vImage
0x00000000045a5000 	/System/Library/Frameworks/Accelerate.framework/Versions/A/Frameworks/vecLib.framework/Versions/A/vecLib
0x00000000045a5000 	/System/Library/Frameworks/Accelerate.framework/Versions/A/Frameworks/vecLib.framework/Versions/A/libvDSP.dylib
0x00000000045a5000 	/System/Library/Frameworks/Accelerate.framework/Versions/A/Frameworks/vecLib.framework/Versions/A/libvMisc.dylib
0x00000000045a5000 	/System/Library/Frameworks/Accelerate.framework/Versions/A/Frameworks/vecLib.framework/Versions/A/libLAPACK.dylib
0x00000000045a5000 	/System/Library/Frameworks/Accelerate.framework/Versions/A/Frameworks/vecLib.framework/Versions/A/libBLAS.dylib
0x00000000045a5000 	/System/Library/Frameworks/ApplicationServices.framework/Versions/A/Frameworks/ATS.framework/Versions/A/Resources/libFontParser.dylib
0x00000000045a5000 	/System/Library/Frameworks/ApplicationServices.framework/Versions/A/Frameworks/ATS.framework/Versions/A/Resources/libFontRegistry.dylib
0x00000000045a5000 	/System/Library/Frameworks/ImageIO.framework/Versions/A/Resources/libJPEG.dylib
0x00000000045a5000 	/System/Library/Frameworks/ImageIO.framework/Versions/A/Resources/libTIFF.dylib
0x00000000045a5000 	/System/Library/Frameworks/ImageIO.framework/Versions/A/Resources/libPng.dylib
0x00000000045a5000 	/System/Library/Frameworks/ImageIO.framework/Versions/A/Resources/libGIF.dylib
0x00000000045a5000 	/System/Library/Frameworks/ImageIO.framework/Versions/A/Resources/libJP2.dylib
0x00000000045a5000 	/System/Library/Frameworks/ImageIO.framework/Versions/A/Resources/libRadiance.dylib
0x00000000045a5000 	/usr/lib/libcups.2.dylib
0x00000000045a5000 	/System/Library/Frameworks/Kerberos.framework/Versions/A/Kerberos
0x00000000045a5000 	/System/Library/Frameworks/GSS.framework/Versions/A/GSS
0x00000000045a5000 	/usr/lib/libresolv.9.dylib
0x00000000045a5000 	/usr/lib/libiconv.2.dylib
0x00000000045a5000 	/System/Library/PrivateFrameworks/Heimdal.framework/Versions/A/Heimdal
0x00000000045a5000 	/System/Library/PrivateFrameworks/TrustEvaluationAgent.framework/Versions/A/TrustEvaluationAgent
0x00000000045a5000 	/usr/lib/libheimdal-asn1.dylib
0x00000000045a5000 	/System/Library/Frameworks/OpenDirectory.framework/Versions/A/OpenDirectory
0x00000000045a5000 	/System/Library/PrivateFrameworks/CommonAuth.framework/Versions/A/CommonAuth
0x00000000045a5000 	/System/Library/Frameworks/SecurityFoundation.framework/Versions/A/SecurityFoundation
0x00000000045a5000 	/System/Library/PrivateFrameworks/Bom.framework/Versions/A/Bom
0x00000000045a5000 	/System/Library/Frameworks/CoreVideo.framework/Versions/A/CoreVideo
0x00000000045a5000 	/System/Library/Frameworks/QuartzCore.framework/Versions/A/Frameworks/CoreImage.framework/Versions/A/CoreImage
0x00000000045a5000 	/System/Library/Frameworks/QuartzCore.framework/Versions/A/Frameworks/ScalableUserInterface.framework/Versions/A/ScalableUserInterface
0x00000000045a5000 	/System/Library/Frameworks/OpenGL.framework/Versions/A/Libraries/libGLU.dylib
0x00000000045a5000 	/System/Library/Frameworks/OpenGL.framework/Versions/A/Libraries/libGFXShared.dylib
0x00000000045a5000 	/System/Library/Frameworks/OpenGL.framework/Versions/A/Libraries/libGL.dylib
0x00000000045a5000 	/System/Library/Frameworks/OpenGL.framework/Versions/A/Libraries/libGLImage.dylib
0x00000000045a5000 	/System/Library/Frameworks/OpenGL.framework/Versions/A/Libraries/libCVMSPluginSupport.dylib
0x00000000045a5000 	/System/Library/Frameworks/OpenGL.framework/Versions/A/Libraries/libCoreVMClient.dylib
0x00000000045a5000 	/System/Library/PrivateFrameworks/FaceCore.framework/Versions/A/FaceCore
0x00000000045a5000 	/System/Library/PrivateFrameworks/CrashReporterSupport.framework/Versions/A/CrashReporterSupport
0x00000000045a5000 	/System/Library/Frameworks/OpenCL.framework/Versions/A/OpenCL
0x00000000045a5000 	/System/Library/PrivateFrameworks/AppleFSCompression.framework/Versions/A/AppleFSCompression
0x00000000045a5000 	/System/Library/PrivateFrameworks/Ubiquity.framework/Versions/A/Ubiquity
0x00000000045a5000 	/System/Library/PrivateFrameworks/IconServices.framework/Versions/A/IconServices
0x00000000045a5000 	/System/Library/PrivateFrameworks/ChunkingLibrary.framework/Versions/A/ChunkingLibrary
0x00000000045a5000 	/System/Library/PrivateFrameworks/CoreSymbolication.framework/Versions/A/CoreSymbolication
0x00000000045a5000 	/System/Library/PrivateFrameworks/Symbolication.framework/Versions/A/Symbolication
0x00000000045a5000 	/System/Library/PrivateFrameworks/DebugSymbols.framework/Versions/A/DebugSymbols
0x0000000105800000 	/Library/Java/JavaVirtualMachines/jdk1.7.0_10.jdk/Contents/Home/jre/lib/server/libjvm.dylib
0x00000000045a5000 	/usr/lib/libstdc++.6.dylib
0x0000000104f3e000 	/Library/Java/JavaVirtualMachines/jdk1.7.0_10.jdk/Contents/Home/jre/lib/libverify.dylib
0x0000000104f4b000 	/Library/Java/JavaVirtualMachines/jdk1.7.0_10.jdk/Contents/Home/jre/lib/libjava.dylib
0x0000000104f85000 	/Library/Java/JavaVirtualMachines/jdk1.7.0_10.jdk/Contents/Home/jre/lib/libzip.dylib
0x00000001099a6000 	/System/Library/Frameworks/JavaVM.framework/Frameworks/JavaRuntimeSupport.framework/JavaRuntimeSupport
0x0000000104fea000 	/System/Library/Frameworks/JavaVM.framework/Versions/A/Frameworks/JavaNativeFoundation.framework/Versions/A/JavaNativeFoundation
0x00000001099be000 	/System/Library/Frameworks/JavaVM.framework/Versions/A/JavaVM
0x00000000045a5000 	/System/Library/Frameworks/Carbon.framework/Versions/A/Carbon
0x00000001099cb000 	/System/Library/PrivateFrameworks/JavaLaunching.framework/Versions/A/JavaLaunching
0x00000000045a5000 	/System/Library/Frameworks/Carbon.framework/Versions/A/Frameworks/CommonPanels.framework/Versions/A/CommonPanels
0x00000000045a5000 	/System/Library/Frameworks/Carbon.framework/Versions/A/Frameworks/Help.framework/Versions/A/Help
0x00000000045a5000 	/System/Library/Frameworks/Carbon.framework/Versions/A/Frameworks/ImageCapture.framework/Versions/A/ImageCapture
0x00000000045a5000 	/System/Library/Frameworks/Carbon.framework/Versions/A/Frameworks/OpenScripting.framework/Versions/A/OpenScripting
0x00000000045a5000 	/System/Library/Frameworks/Carbon.framework/Versions/A/Frameworks/Print.framework/Versions/A/Print
0x00000000045a5000 	/System/Library/Frameworks/Carbon.framework/Versions/A/Frameworks/SecurityHI.framework/Versions/A/SecurityHI
0x000000010a19d000 	/Library/Java/JavaVirtualMachines/jdk1.7.0_10.jdk/Contents/Home/jre/lib/libnio.dylib
0x000000010a1ac000 	/Library/Java/JavaVirtualMachines/jdk1.7.0_10.jdk/Contents/Home/jre/lib/./libnet.dylib
0x000000010a3e6000 	/Library/Java/JavaVirtualMachines/jdk1.7.0_10.jdk/Contents/Home/jre/lib/libmanagement.dylib

VM Arguments:
java_command: usage-0.0.1-SNAPSHOT.jar server ../src/main/resources/usage.yml
Launcher Type: SUN_STANDARD

Environment Variables:
PATH=/usr/bin:/bin:/usr/sbin:/sbin:/usr/local/bin:/opt/X11/bin
SHELL=/bin/bash
DISPLAY=/tmp/launch-8bzTXb/org.macosforge.xquartz:0

Signal Handlers:
SIGSEGV: [libjvm.dylib+0x4a363d], sa_mask[0]=0xfffefeff, sa_flags=0x00000042
SIGBUS: [libjvm.dylib+0x4a363d], sa_mask[0]=0xfffefeff, sa_flags=0x00000042
SIGFPE: [libjvm.dylib+0x3b3051], sa_mask[0]=0xfffefeff, sa_flags=0x00000042
SIGPIPE: [libjvm.dylib+0x3b3051], sa_mask[0]=0xfffefeff, sa_flags=0x00000042
SIGXFSZ: [libjvm.dylib+0x3b3051], sa_mask[0]=0xfffefeff, sa_flags=0x00000042
SIGILL: [libjvm.dylib+0x3b3051], sa_mask[0]=0xfffefeff, sa_flags=0x00000042
SIGUSR1: SIG_DFL, sa_mask[0]=0x63807efb, sa_flags=0x00000000
SIGUSR2: [libjvm.dylib+0x3b2bea], sa_mask[0]=0x00000000, sa_flags=0x00000042
SIGHUP: [libjvm.dylib+0x3b0e4b], sa_mask[0]=0xfffefeff, sa_flags=0x00000042
SIGINT: [libjvm.dylib+0x3b0e4b], sa_mask[0]=0xfffefeff, sa_flags=0x00000042
SIGTERM: [libjvm.dylib+0x3b0e4b], sa_mask[0]=0xfffefeff, sa_flags=0x00000042
SIGQUIT: [libjvm.dylib+0x3b0e4b], sa_mask[0]=0xfffefeff, sa_flags=0x00000042


---------------  S Y S T E M  ---------------

OS:Bsduname:Darwin 13.4.0 Darwin Kernel Version 13.4.0: Sun Aug 17 19:50:11 PDT 2014; root:xnu-2422.115.4~1/RELEASE_X86_64 x86_64
rlimit: STACK 8192k, CORE 0k, NPROC 709, NOFILE 10240, AS infinity
load average:1.42 1.46 1.44

CPU:total 4 (2 cores per cpu, 2 threads per core) family 6 model 37 stepping 2, cmov, cx8, fxsr, mmx, sse, sse2, sse3, ssse3, sse4.1, sse4.2, popcnt, ht, tsc, tscinvbit

Memory: 4k page, physical 1119660k(279915k free)

/proc/meminfo:


vm_info: Java HotSpot(TM) 64-Bit Server VM (23.6-b04) for bsd-amd64 JRE (1.7.0_10-b18), built on Nov 28 2012 07:52:20 by "java_re" with gcc 4.2.1 (Based on Apple Inc. build 5658) (LLVM build 2336.9.00)

time: Sun Nov  9 23:26:20 2014
elapsed time: 196 seconds

