#
# A fatal error has been detected by the Java Runtime Environment:
#
#  SIGBUS (0xa) at pc=0x000000010c75b15e, pid=7304, tid=20739
#
# JRE version: 7.0_10-b18
# Java VM: Java HotSpot(TM) 64-Bit Server VM (23.6-b04 mixed mode bsd-amd64 compressed oops)
# Problematic frame:
# C  [libzip.dylib+0x315e]  newEntry+0x154
#
# Failed to write core dump. Core dumps have been disabled. To enable core dumping, try "ulimit -c unlimited" before starting Java again
#
# If you would like to submit a bug report, please visit:
#   http://bugreport.sun.com/bugreport/crash.jsp
# The crash happened outside the Java Virtual Machine in native code.
# See problematic frame for where to report the bug.
#

---------------  T H R E A D  ---------------

Current thread (0x00007fb4a905d000):  JavaThread "Thread-12" [_thread_in_native, id=20739, stack(0x000000011334d000,0x000000011344d000)]

siginfo:si_signo=SIGBUS: si_errno=0, si_code=2 (BUS_ADRERR), si_addr=0x0000000111a3a27f

Registers:
RAX=0x00007fb4a8d2f6e0, RBX=0x0000000111a3a273, RCX=0x0000000000000501, RDX=0x0000000000000000
RSP=0x000000011344af10, RBP=0x000000011344af70, RSI=0x000000007fffffff, RDI=0x000000010c5e7a00
R8 =0x0000000000000004, R9 =0x00007fb4ab100000, R10=0x000000010dc1fa18, R11=0xfffffff9295abf7e
R12=0x0000000000004170, R13=0x0000000111983000, R14=0x00007fb4a8d2f6e0, R15=0x00000000000015d0
RIP=0x000000010c75b15e, EFLAGS=0x0000000000010202, ERR=0x0000000000000004
  TRAPNO=0x000000000000000e

Top of Stack: (sp=0x000000011344af10)
0x000000011344af10:   0000000100000000 000000000c75a62a
0x000000011344af20:   00007fff75329940 726f7fff00000001
0x000000011344af30:   000000011344af50 00007fb4a8d2f6e0
0x000000011344af40:   00007fb4ab1503e0 000000009ac6435b
0x000000011344af50:   0000000000004170 0000000111983000
0x000000011344af60:   00007fb4a8d2f6e0 00000000000015d0
0x000000011344af70:   000000011344afc0 000000010c75b7d0
0x000000011344af80:   000000000000002b 0000002ba905d000
0x000000011344af90:   000000011344afde 000000011344b428
0x000000011344afa0:   000000000000002b 000000011344afde
0x000000011344afb0:   00007fb4a8d2f6e0 00007fb4a905d1d8
0x000000011344afc0:   000000011344b410 000000010c75a62a
0x000000011344afd0:   0000000000000000 726f000100000001
0x000000011344afe0:   7370696c63652f67 2f797474656a2f65
0x000000011344aff0:   7475462f6c697475 626c6c6143657275
0x000000011344b000:   73616c632e6b6361 0000000113440073
0x000000011344b010:   0000000000000004 000000011344b1b7
0x000000011344b020:   0000000000000009 000000011344b8c0
0x000000011344b030:   00000001000001b8 5800000000000000
0x000000011344b040:   000000011344b340 000000011344b880
0x000000011344b050:   00007fff6d14f6d8 0000000000000000
0x000000011344b060:   000000011344b0b0 00007fff6d11e752
0x000000011344b070:   02000c539e430ec1 58007fff75329940
0x000000011344b080:   0000000000000000 ffffffffffffffff
0x000000011344b090:   000000011344b750 000000011344b280
0x000000011344b0a0:   000000011344b100 00007fb4a905d000
0x000000011344b0b0:   000000011344b100 00007fb4ab152c30
0x000000011344b0c0:   00000007e9e9ed40 0000000000000000
0x000000011344b0d0:   00000007e9e9edf0 00007fb40000000c
0x000000011344b0e0:   0000000113440000 00007fb4ab152bf8
0x000000011344b0f0:   00000007e9e9ec18 00007fb4ab152ab0
0x000000011344b100:   00007fb4a8debc20 00007fb4a8debc30 

Instructions: (pc=0x000000010c75b15e)
0x000000010c75b13e:   49 8b 7f 38 e8 83 19 00 00 4d 89 77 38 49 89 5f
0x000000010c75b14e:   40 4c 89 f0 48 85 c0 0f 84 16 05 00 00 48 89 c3
0x000000010c75b15e:   0f b6 43 0c 0f b6 4b 0d 48 c1 e1 08 48 01 c1 0f
0x000000010c75b16e:   b6 43 0e 0f b6 53 0f 48 c1 e2 08 48 01 c2 48 c1 

Register to memory mapping:

RAX=0x00007fb4a8d2f6e0 is an unknown value
RBX=0x0000000111a3a273 is an unknown value
RCX=0x0000000000000501 is an unknown value
RDX=0x0000000000000000 is an unknown value
RSP=0x000000011344af10 is pointing into the stack for thread: 0x00007fb4a905d000
RBP=0x000000011344af70 is pointing into the stack for thread: 0x00007fb4a905d000
RSI=0x000000007fffffff is an unknown value
RDI=0x000000010c5e7a00 is an unknown value
R8 =0x0000000000000004 is an unknown value
R9 =0x00007fb4ab100000 is an unknown value
R10=0x000000010dc1f850 [CodeBlob (0x000000010dc1f850)]
Framesize: 10
R11=0xfffffff9295abf7e is an unknown value
R12=0x0000000000004170 is an unknown value
R13=0x0000000111983000 is an unknown value
R14=0x00007fb4a8d2f6e0 is an unknown value
R15=0x00000000000015d0 is an unknown value


Stack: [0x000000011334d000,0x000000011344d000],  sp=0x000000011344af10,  free space=1015k
Native frames: (J=compiled Java code, j=interpreted, Vv=VM code, C=native code)
C  [libzip.dylib+0x315e]  newEntry+0x154
C  [libzip.dylib+0x37d0]  ZIP_GetEntry+0xa2
C  [libzip.dylib+0x262a]  Java_java_util_zip_ZipFile_getEntry+0xdd
J  java.util.zip.ZipFile.getEntry(J[BZ)J

Java frames: (J=compiled Java code, j=interpreted, Vv=VM code)
J  java.util.zip.ZipFile.getEntry(J[BZ)J
J  java.util.jar.JarFile.getEntry(Ljava/lang/String;)Ljava/util/zip/ZipEntry;
J  sun.misc.URLClassPath.getResource(Ljava/lang/String;Z)Lsun/misc/Resource;
j  java.net.URLClassLoader$1.run()Ljava/lang/Class;+26
j  java.net.URLClassLoader$1.run()Ljava/lang/Object;+1
v  ~StubRoutines::call_stub
j  java.security.AccessController.doPrivileged(Ljava/security/PrivilegedExceptionAction;Ljava/security/AccessControlContext;)Ljava/lang/Object;+0
j  java.net.URLClassLoader.findClass(Ljava/lang/String;)Ljava/lang/Class;+13
j  java.lang.ClassLoader.loadClass(Ljava/lang/String;Z)Ljava/lang/Class;+70
j  sun.misc.Launcher$AppClassLoader.loadClass(Ljava/lang/String;Z)Ljava/lang/Class;+36
j  java.lang.ClassLoader.loadClass(Ljava/lang/String;)Ljava/lang/Class;+3
v  ~StubRoutines::call_stub
j  org.eclipse.jetty.server.AbstractConnector.shutdown()Ljava/util/concurrent/Future;+0
j  org.eclipse.jetty.server.AbstractNetworkConnector.shutdown()Ljava/util/concurrent/Future;+5
j  org.eclipse.jetty.server.ServerConnector.shutdown()Ljava/util/concurrent/Future;+1
j  org.eclipse.jetty.server.Server.doStop()V+60
j  org.eclipse.jetty.util.component.AbstractLifeCycle.stop()V+30
j  org.eclipse.jetty.util.thread.ShutdownThread.run()V+41
v  ~StubRoutines::call_stub

---------------  P R O C E S S  ---------------

Java Threads: ( => current thread )
=>0x00007fb4a905d000 JavaThread "Thread-12" [_thread_in_native, id=20739, stack(0x000000011334d000,0x000000011344d000)]
  0x00007fb4aa0c4000 JavaThread "SIGINT handler" daemon [_thread_blocked, id=9519, stack(0x0000000113147000,0x0000000113247000)]
  0x00007fb4aa810800 JavaThread "dw-admin-31" [_thread_blocked, id=12555, stack(0x00000001112ae000,0x00000001113ae000)]
  0x00007fb4a9a1d800 JavaThread "dw-admin-28-acceptor-1-admin@365a25d3{HTTP/1.1}{0.0.0.0:8081}" [_thread_blocked, id=19971, stack(0x0000000113044000,0x0000000113144000)]
  0x00007fb4a9a12000 JavaThread "DestroyJavaVM" [_thread_blocked, id=3847, stack(0x000000010daa8000,0x000000010dba8000)]
  0x00007fb4aa0c5800 JavaThread "dw-admin-26-acceptor-0-admin@365a25d3{HTTP/1.1}{0.0.0.0:8081}" [_thread_in_native, id=19715, stack(0x0000000112f41000,0x0000000113041000)]
  0x00007fb4aa9a3000 JavaThread "dw-admin-25-selector-3" [_thread_in_native, id=19459, stack(0x0000000112e3e000,0x0000000112f3e000)]
  0x00007fb4aa9a2000 JavaThread "dw-admin-24-selector-2" [_thread_in_native, id=19203, stack(0x0000000112d3b000,0x0000000112e3b000)]
  0x00007fb4aa0c5000 JavaThread "dw-admin-23-selector-1" [_thread_in_native, id=18947, stack(0x0000000112c38000,0x0000000112d38000)]
  0x00007fb4aa040000 JavaThread "dw-admin-22-selector-0" [_thread_in_native, id=18691, stack(0x0000000112b35000,0x0000000112c35000)]
  0x00007fb4aa019000 JavaThread "dw-19" [_thread_blocked, id=18435, stack(0x0000000112a32000,0x0000000112b32000)]
  0x00007fb4aa0de800 JavaThread "dw-18" [_thread_blocked, id=18179, stack(0x000000011292f000,0x0000000112a2f000)]
  0x00007fb4aa053800 JavaThread "dw-17" [_thread_blocked, id=17923, stack(0x000000011282c000,0x000000011292c000)]
  0x00007fb4aa818800 JavaThread "dw-16" [_thread_blocked, id=17667, stack(0x0000000112729000,0x0000000112829000)]
  0x00007fb4a9459000 JavaThread "dw-15-selector-3" [_thread_in_native, id=17411, stack(0x0000000112626000,0x0000000112726000)]
  0x00007fb4aa022800 JavaThread "dw-14-selector-2" [_thread_in_native, id=17155, stack(0x0000000112523000,0x0000000112623000)]
  0x00007fb4aa935800 JavaThread "dw-13-selector-0" [_thread_in_native, id=16899, stack(0x0000000112420000,0x0000000112520000)]
  0x00007fb4a9440800 JavaThread "dw-12-selector-1" [_thread_in_native, id=16643, stack(0x000000011231d000,0x000000011241d000)]
  0x00007fb4a9453800 JavaThread "DateCache" daemon [_thread_blocked, id=16387, stack(0x000000011221a000,0x000000011231a000)]
  0x00007fb4a9444800 JavaThread "async-console-appender-2" [_thread_blocked, id=16131, stack(0x0000000112117000,0x0000000112217000)]
  0x00007fb4a9441800 JavaThread "async-console-appender-1" [_thread_blocked, id=15875, stack(0x0000000111c71000,0x0000000111d71000)]
  0x00007fb4a9819800 JavaThread "Service Thread" daemon [_thread_blocked, id=15363, stack(0x00000001116bd000,0x00000001117bd000)]
  0x00007fb4a9818800 JavaThread "C2 CompilerThread1" daemon [_thread_blocked, id=15107, stack(0x00000001115ba000,0x00000001116ba000)]
  0x00007fb4a9818000 JavaThread "C2 CompilerThread0" daemon [_thread_blocked, id=14851, stack(0x00000001114b7000,0x00000001115b7000)]
  0x00007fb4a9808800 JavaThread "Signal Dispatcher" daemon [_thread_blocked, id=14595, stack(0x00000001113b4000,0x00000001114b4000)]
  0x00007fb4a9807800 JavaThread "Finalizer" daemon [_thread_blocked, id=9267, stack(0x0000000111165000,0x0000000111265000)]
  0x00007fb4a9059800 JavaThread "Reference Handler" daemon [_thread_blocked, id=271, stack(0x0000000111062000,0x0000000111162000)]

Other Threads:
  0x00007fb4a9057000 VMThread [stack: 0x0000000110f5f000,0x000000011105f000] [id=523]
  0x00007fb4aa810000 WatcherThread [stack: 0x00000001117c0000,0x00000001118c0000] [id=15619]

VM state:not at safepoint (normal execution)

VM Mutex/Monitor currently owned by a thread: None

Heap
 def new generation   total 5184K, used 1268K [0x00000007e9e00000, 0x00000007ea3a0000, 0x00000007ef8a0000)
  eden space 4608K,  15% used [0x00000007e9e00000, 0x00000007e9ead1b8, 0x00000007ea280000)
  from space 576K, 100% used [0x00000007ea310000, 0x00000007ea3a0000, 0x00000007ea3a0000)
  to   space 576K,   0% used [0x00000007ea280000, 0x00000007ea280000, 0x00000007ea310000)
 tenured generation   total 11648K, used 10852K [0x00000007ef8a0000, 0x00000007f0400000, 0x00000007fae00000)
   the space 11648K,  93% used [0x00000007ef8a0000, 0x00000007f03390b8, 0x00000007f0339200, 0x00000007f0400000)
 compacting perm gen  total 21248K, used 20123K [0x00000007fae00000, 0x00000007fc2c0000, 0x0000000800000000)
   the space 21248K,  94% used [0x00000007fae00000, 0x00000007fc1a6c90, 0x00000007fc1a6e00, 0x00000007fc2c0000)
No shared spaces configured.

Card table byte_map: [0x0000000110c6a000,0x0000000110d1c000] byte_map_base: 0x000000010cd1b000

Polling page: 0x000000010c74e000

Code Cache  [0x000000010dbaa000, 0x000000010de1a000, 0x0000000110baa000)
 total_blobs=556 nmethods=224 adapters=284 free_code_cache=48268Kb largest_free_block=49361856

Compilation events (10 events):
Event: 78.695 Thread 0x00007fb4a9818000  232             java.util.concurrent.locks.ReentrantLock::unlock (10 bytes)
Event: 78.697 Thread 0x00007fb4a9818000 nmethod 232 0x000000010dc950d0 code [0x000000010dc95220, 0x000000010dc95328]
Event: 90.187 Thread 0x00007fb4a9818800  233             java.util.concurrent.atomic.AtomicReferenceArray::getRaw (12 bytes)
Event: 90.188 Thread 0x00007fb4a9818800 nmethod 233 0x000000010dc94e50 code [0x000000010dc94f80, 0x000000010dc94ff8]
Event: 90.589 Thread 0x00007fb4a9818000  234             java.util.concurrent.atomic.AtomicReferenceArray::byteOffset (12 bytes)
Event: 90.590 Thread 0x00007fb4a9818000 nmethod 234 0x000000010dc839d0 code [0x000000010dc83b00, 0x000000010dc83b58]
Event: 91.698 Thread 0x00007fb4a9818800  235             java.util.concurrent.atomic.AtomicReferenceArray::checkedByteOffset (45 bytes)
Event: 91.699 Thread 0x00007fb4a9818800 nmethod 235 0x000000010dc83750 code [0x000000010dc838a0, 0x000000010dc83938]
Event: 94.319 Thread 0x00007fb4a9818000  236             java.util.concurrent.atomic.AtomicReferenceArray::get (10 bytes)
Event: 94.320 Thread 0x00007fb4a9818000 nmethod 236 0x000000010dc83490 code [0x000000010dc835e0, 0x000000010dc83698]

GC Heap History (10 events):
Event: 4.794 GC heap before
{Heap before GC invocations=16 (full 0):
 def new generation   total 5184K, used 5134K [0x00000007e9e00000, 0x00000007ea3a0000, 0x00000007ef8a0000)
  eden space 4608K, 100% used [0x00000007e9e00000, 0x00000007ea280000, 0x00000007ea280000)
  from space 576K,  91% used [0x00000007ea280000, 0x00000007ea303940, 0x00000007ea310000)
  to   space 576K,   0% used [0x00000007ea310000, 0x00000007ea310000, 0x00000007ea3a0000)
 tenured generation   total 11648K, used 10201K [0x00000007ef8a0000, 0x00000007f0400000, 0x00000007fae00000)
   the space 11648K,  87% used [0x00000007ef8a0000, 0x00000007f0296420, 0x00000007f0296600, 0x00000007f0400000)
 compacting perm gen  total 21248K, used 19205K [0x00000007fae00000, 0x00000007fc2c0000, 0x0000000800000000)
   the space 21248K,  90% used [0x00000007fae00000, 0x00000007fc0c16e8, 0x00000007fc0c1800, 0x00000007fc2c0000)
No shared spaces configured.
Event: 4.798 GC heap after
Heap after GC invocations=17 (full 0):
 def new generation   total 5184K, used 576K [0x00000007e9e00000, 0x00000007ea3a0000, 0x00000007ef8a0000)
  eden space 4608K,   0% used [0x00000007e9e00000, 0x00000007e9e00000, 0x00000007ea280000)
  from space 576K, 100% used [0x00000007ea310000, 0x00000007ea3a0000, 0x00000007ea3a0000)
  to   space 576K,   0% used [0x00000007ea280000, 0x00000007ea280000, 0x00000007ea310000)
 tenured generation   total 11648K, used 10451K [0x00000007ef8a0000, 0x00000007f0400000, 0x00000007fae00000)
   the space 11648K,  89% used [0x00000007ef8a0000, 0x00000007f02d4c70, 0x00000007f02d4e00, 0x00000007f0400000)
 compacting perm gen  total 21248K, used 19205K [0x00000007fae00000, 0x00000007fc2c0000, 0x0000000800000000)
   the space 21248K,  90% used [0x00000007fae00000, 0x00000007fc0c16e8, 0x00000007fc0c1800, 0x00000007fc2c0000)
No shared spaces configured.
}
Event: 4.892 GC heap before
{Heap before GC invocations=17 (full 0):
 def new generation   total 5184K, used 5184K [0x00000007e9e00000, 0x00000007ea3a0000, 0x00000007ef8a0000)
  eden space 4608K, 100% used [0x00000007e9e00000, 0x00000007ea280000, 0x00000007ea280000)
  from space 576K, 100% used [0x00000007ea310000, 0x00000007ea3a0000, 0x00000007ea3a0000)
  to   space 576K,   0% used [0x00000007ea280000, 0x00000007ea280000, 0x00000007ea310000)
 tenured generation   total 11648K, used 10451K [0x00000007ef8a0000, 0x00000007f0400000, 0x00000007fae00000)
   the space 11648K,  89% used [0x00000007ef8a0000, 0x00000007f02d4c70, 0x00000007f02d4e00, 0x00000007f0400000)
 compacting perm gen  total 21248K, used 19358K [0x00000007fae00000, 0x00000007fc2c0000, 0x0000000800000000)
   the space 21248K,  91% used [0x00000007fae00000, 0x00000007fc0e7af8, 0x00000007fc0e7c00, 0x00000007fc2c0000)
No shared spaces configured.
Event: 4.895 GC heap after
Heap after GC invocations=18 (full 0):
 def new generation   total 5184K, used 257K [0x00000007e9e00000, 0x00000007ea3a0000, 0x00000007ef8a0000)
  eden space 4608K,   0% used [0x00000007e9e00000, 0x00000007e9e00000, 0x00000007ea280000)
  from space 576K,  44% used [0x00000007ea280000, 0x00000007ea2c06c0, 0x00000007ea310000)
  to   space 576K,   0% used [0x00000007ea310000, 0x00000007ea310000, 0x00000007ea3a0000)
 tenured generation   total 11648K, used 10572K [0x00000007ef8a0000, 0x00000007f0400000, 0x00000007fae00000)
   the space 11648K,  90% used [0x00000007ef8a0000, 0x00000007f02f3288, 0x00000007f02f3400, 0x00000007f0400000)
 compacting perm gen  total 21248K, used 19358K [0x00000007fae00000, 0x00000007fc2c0000, 0x0000000800000000)
   the space 21248K,  91% used [0x00000007fae00000, 0x00000007fc0e7af8, 0x00000007fc0e7c00, 0x00000007fc2c0000)
No shared spaces configured.
}
Event: 4.986 GC heap before
{Heap before GC invocations=18 (full 0):
 def new generation   total 5184K, used 4865K [0x00000007e9e00000, 0x00000007ea3a0000, 0x00000007ef8a0000)
  eden space 4608K, 100% used [0x00000007e9e00000, 0x00000007ea280000, 0x00000007ea280000)
  from space 576K,  44% used [0x00000007ea280000, 0x00000007ea2c06c0, 0x00000007ea310000)
  to   space 576K,   0% used [0x00000007ea310000, 0x00000007ea310000, 0x00000007ea3a0000)
 tenured generation   total 11648K, used 10572K [0x00000007ef8a0000, 0x00000007f0400000, 0x00000007fae00000)
   the space 11648K,  90% used [0x00000007ef8a0000, 0x00000007f02f3288, 0x00000007f02f3400, 0x00000007f0400000)
 compacting perm gen  total 21248K, used 19523K [0x00000007fae00000, 0x00000007fc2c0000, 0x0000000800000000)
   the space 21248K,  91% used [0x00000007fae00000, 0x00000007fc110c58, 0x00000007fc110e00, 0x00000007fc2c0000)
No shared spaces configured.
Event: 4.988 GC heap after
Heap after GC invocations=19 (full 0):
 def new generation   total 5184K, used 372K [0x00000007e9e00000, 0x00000007ea3a0000, 0x00000007ef8a0000)
  eden space 4608K,   0% used [0x00000007e9e00000, 0x00000007e9e00000, 0x00000007ea280000)
  from space 576K,  64% used [0x00000007ea310000, 0x00000007ea36d2b8, 0x00000007ea3a0000)
  to   space 576K,   0% used [0x00000007ea280000, 0x00000007ea280000, 0x00000007ea310000)
 tenured generation   total 11648K, used 10572K [0x00000007ef8a0000, 0x00000007f0400000, 0x00000007fae00000)
   the space 11648K,  90% used [0x00000007ef8a0000, 0x00000007f02f3288, 0x00000007f02f3400, 0x00000007f0400000)
 compacting perm gen  total 21248K, used 19523K [0x00000007fae00000, 0x00000007fc2c0000, 0x0000000800000000)
   the space 21248K,  91% used [0x00000007fae00000, 0x00000007fc110c58, 0x00000007fc110e00, 0x00000007fc2c0000)
No shared spaces configured.
}
Event: 5.056 GC heap before
{Heap before GC invocations=19 (full 0):
 def new generation   total 5184K, used 4980K [0x00000007e9e00000, 0x00000007ea3a0000, 0x00000007ef8a0000)
  eden space 4608K, 100% used [0x00000007e9e00000, 0x00000007ea280000, 0x00000007ea280000)
  from space 576K,  64% used [0x00000007ea310000, 0x00000007ea36d2b8, 0x00000007ea3a0000)
  to   space 576K,   0% used [0x00000007ea280000, 0x00000007ea280000, 0x00000007ea310000)
 tenured generation   total 11648K, used 10572K [0x00000007ef8a0000, 0x00000007f0400000, 0x00000007fae00000)
   the space 11648K,  90% used [0x00000007ef8a0000, 0x00000007f02f3288, 0x00000007f02f3400, 0x00000007f0400000)
 compacting perm gen  total 21248K, used 19572K [0x00000007fae00000, 0x00000007fc2c0000, 0x0000000800000000)
   the space 21248K,  92% used [0x00000007fae00000, 0x00000007fc11d070, 0x00000007fc11d200, 0x00000007fc2c0000)
No shared spaces configured.
Event: 5.059 GC heap after
Heap after GC invocations=20 (full 0):
 def new generation   total 5184K, used 268K [0x00000007e9e00000, 0x00000007ea3a0000, 0x00000007ef8a0000)
  eden space 4608K,   0% used [0x00000007e9e00000, 0x00000007e9e00000, 0x00000007ea280000)
  from space 576K,  46% used [0x00000007ea280000, 0x00000007ea2c3298, 0x00000007ea310000)
  to   space 576K,   0% used [0x00000007ea310000, 0x00000007ea310000, 0x00000007ea3a0000)
 tenured generation   total 11648K, used 10719K [0x00000007ef8a0000, 0x00000007f0400000, 0x00000007fae00000)
   the space 11648K,  92% used [0x00000007ef8a0000, 0x00000007f0317f70, 0x00000007f0318000, 0x00000007f0400000)
 compacting perm gen  total 21248K, used 19572K [0x00000007fae00000, 0x00000007fc2c0000, 0x0000000800000000)
   the space 21248K,  92% used [0x00000007fae00000, 0x00000007fc11d070, 0x00000007fc11d200, 0x00000007fc2c0000)
No shared spaces configured.
}
Event: 5.169 GC heap before
{Heap before GC invocations=20 (full 0):
 def new generation   total 5184K, used 4876K [0x00000007e9e00000, 0x00000007ea3a0000, 0x00000007ef8a0000)
  eden space 4608K, 100% used [0x00000007e9e00000, 0x00000007ea280000, 0x00000007ea280000)
  from space 576K,  46% used [0x00000007ea280000, 0x00000007ea2c3298, 0x00000007ea310000)
  to   space 576K,   0% used [0x00000007ea310000, 0x00000007ea310000, 0x00000007ea3a0000)
 tenured generation   total 11648K, used 10719K [0x00000007ef8a0000, 0x00000007f0400000, 0x00000007fae00000)
   the space 11648K,  92% used [0x00000007ef8a0000, 0x00000007f0317f70, 0x00000007f0318000, 0x00000007f0400000)
 compacting perm gen  total 21248K, used 20092K [0x00000007fae00000, 0x00000007fc2c0000, 0x0000000800000000)
   the space 21248K,  94% used [0x00000007fae00000, 0x00000007fc19f2f8, 0x00000007fc19f400, 0x00000007fc2c0000)
No shared spaces configured.
Event: 5.173 GC heap after
Heap after GC invocations=21 (full 0):
 def new generation   total 5184K, used 576K [0x00000007e9e00000, 0x00000007ea3a0000, 0x00000007ef8a0000)
  eden space 4608K,   0% used [0x00000007e9e00000, 0x00000007e9e00000, 0x00000007ea280000)
  from space 576K, 100% used [0x00000007ea310000, 0x00000007ea3a0000, 0x00000007ea3a0000)
  to   space 576K,   0% used [0x00000007ea280000, 0x00000007ea280000, 0x00000007ea310000)
 tenured generation   total 11648K, used 10852K [0x00000007ef8a0000, 0x00000007f0400000, 0x00000007fae00000)
   the space 11648K,  93% used [0x00000007ef8a0000, 0x00000007f03390b8, 0x00000007f0339200, 0x00000007f0400000)
 compacting perm gen  total 21248K, used 20092K [0x00000007fae00000, 0x00000007fc2c0000, 0x0000000800000000)
   the space 21248K,  94% used [0x00000007fae00000, 0x00000007fc19f2f8, 0x00000007fc19f400, 0x00000007fc2c0000)
No shared spaces configured.
}

Deoptimization events (9 events):
Event: 1.763 Thread 0x00007fb4a9006000 Uncommon trap -34 fr.pc 0x000000010dc11298
Event: 2.078 Thread 0x00007fb4a9006000 Uncommon trap -34 fr.pc 0x000000010dc11298
Event: 2.425 Thread 0x00007fb4a9006000 Uncommon trap -83 fr.pc 0x000000010dc34c08
Event: 2.915 Thread 0x00007fb4a9006000 Uncommon trap -34 fr.pc 0x000000010dc11298
Event: 2.931 Thread 0x00007fb4a9006000 Uncommon trap -34 fr.pc 0x000000010dc11298
Event: 3.673 Thread 0x00007fb4a9006000 Uncommon trap -83 fr.pc 0x000000010dc49548
Event: 3.673 Thread 0x00007fb4a9006000 Uncommon trap -83 fr.pc 0x000000010dc41648
Event: 4.738 Thread 0x00007fb4a9006000 Uncommon trap -83 fr.pc 0x000000010dc2e4c4
Event: 5.005 Thread 0x00007fb4a9006000 Uncommon trap -12 fr.pc 0x000000010dc11004

Internal exceptions (10 events):
Event: 5.156 Thread 0x00007fb4a9006000 Threw 0x00000007ea16f1f8 at /HUDSON/workspace/jdk7u10-2-build-macosx-amd64-product/jdk7u10/hotspot/src/share/vm/prims/jvm.cpp:1166
Event: 5.156 Thread 0x00007fb4a9006000 Threw 0x00000007ea174728 at /HUDSON/workspace/jdk7u10-2-build-macosx-amd64-product/jdk7u10/hotspot/src/share/vm/prims/jvm.cpp:1166
Event: 5.157 Thread 0x00007fb4a9006000 Threw 0x00000007ea17bac0 at /HUDSON/workspace/jdk7u10-2-build-macosx-amd64-product/jdk7u10/hotspot/src/share/vm/prims/jvm.cpp:1166
Event: 5.158 Thread 0x00007fb4a9006000 Threw 0x00000007ea180fc0 at /HUDSON/workspace/jdk7u10-2-build-macosx-amd64-product/jdk7u10/hotspot/src/share/vm/prims/jvm.cpp:1166
Event: 5.159 Thread 0x00007fb4a9006000 Threw 0x00000007ea185978 at /HUDSON/workspace/jdk7u10-2-build-macosx-amd64-product/jdk7u10/hotspot/src/share/vm/prims/jvm.cpp:1166
Event: 5.159 Thread 0x00007fb4a9006000 Threw 0x00000007ea18a1c0 at /HUDSON/workspace/jdk7u10-2-build-macosx-amd64-product/jdk7u10/hotspot/src/share/vm/prims/jvm.cpp:1166
Event: 5.162 Thread 0x00007fb4a9006000 Threw 0x00000007ea192200 at /HUDSON/workspace/jdk7u10-2-build-macosx-amd64-product/jdk7u10/hotspot/src/share/vm/prims/jvm.cpp:1166
Event: 5.166 Thread 0x00007fb4a9006000 Threw 0x00000007ea1ec780 at /HUDSON/workspace/jdk7u10-2-build-macosx-amd64-product/jdk7u10/hotspot/src/share/vm/prims/jvm.cpp:1166
Event: 95.647 Thread 0x00007fb4aa818800 Threw 0x00000007e9ea16f0 at /HUDSON/workspace/jdk7u10-2-build-macosx-amd64-product/jdk7u10/hotspot/src/share/vm/prims/jni.cpp:716
Event: 95.647 Thread 0x00007fb4a905d000 Threw 0x00000007e9e9ed18 at /HUDSON/workspace/jdk7u10-2-build-macosx-amd64-product/jdk7u10/hotspot/src/share/vm/prims/jvm.cpp:1166

Events (10 events):
Event: 95.646 loading class 0x00007fb4ab0677c0
Event: 95.646 loading class 0x00007fb4ab0677c0 done
Event: 95.646 Thread 0x00007fb4a9006000 Thread exited: 0x00007fb4a9006000
Event: 95.646 loading class 0x00007fb4ab067360 done
Event: 95.647 loading class 0x00007fb4ab068490
Event: 95.647 loading class 0x00007fb4ab067390
Event: 95.647 loading class 0x00007fb4ab067390 done
Event: 95.647 loading class 0x00007fb4ab068490 done
Event: 95.647 loading class 0x00007fb4ab0bddd0
Event: 95.647 loading class 0x00007fb4ab0bddd0 done


Dynamic libraries:
0x00000000045a5000 	/System/Library/Frameworks/Cocoa.framework/Versions/A/Cocoa
0x00000000045a5000 	/System/Library/Frameworks/Security.framework/Versions/A/Security
0x00000000045a5000 	/System/Library/Frameworks/ApplicationServices.framework/Versions/A/ApplicationServices
0x00000000045a5000 	/usr/lib/libz.1.dylib
0x00000000045a5000 	/usr/lib/libSystem.B.dylib
0x00000000045a5000 	/usr/lib/libobjc.A.dylib
0x00000000045a5000 	/System/Library/Frameworks/CoreFoundation.framework/Versions/A/CoreFoundation
0x00000000045a5000 	/System/Library/Frameworks/AppKit.framework/Versions/C/AppKit
0x00000000045a5000 	/System/Library/Frameworks/CoreData.framework/Versions/A/CoreData
0x00000000045a5000 	/System/Library/Frameworks/Foundation.framework/Versions/C/Foundation
0x00000000045a5000 	/System/Library/PrivateFrameworks/RemoteViewServices.framework/Versions/A/RemoteViewServices
0x00000000045a5000 	/System/Library/Frameworks/AudioToolbox.framework/Versions/A/AudioToolbox
0x00000000045a5000 	/System/Library/Frameworks/AudioUnit.framework/Versions/A/AudioUnit
0x00000000045a5000 	/System/Library/PrivateFrameworks/DataDetectorsCore.framework/Versions/A/DataDetectorsCore
0x00000000045a5000 	/System/Library/PrivateFrameworks/DesktopServicesPriv.framework/Versions/A/DesktopServicesPriv
0x00000000045a5000 	/System/Library/Frameworks/Carbon.framework/Versions/A/Frameworks/HIToolbox.framework/Versions/A/HIToolbox
0x00000000045a5000 	/System/Library/Frameworks/QuartzCore.framework/Versions/A/QuartzCore
0x00000000045a5000 	/System/Library/Frameworks/Carbon.framework/Versions/A/Frameworks/SpeechRecognition.framework/Versions/A/SpeechRecognition
0x00000000045a5000 	/usr/lib/libauto.dylib
0x00000000045a5000 	/usr/lib/libicucore.A.dylib
0x00000000045a5000 	/usr/lib/libxml2.2.dylib
0x00000000045a5000 	/System/Library/PrivateFrameworks/CoreUI.framework/Versions/A/CoreUI
0x00000000045a5000 	/System/Library/Frameworks/CoreAudio.framework/Versions/A/CoreAudio
0x00000000045a5000 	/System/Library/Frameworks/DiskArbitration.framework/Versions/A/DiskArbitration
0x00000000045a5000 	/usr/lib/liblangid.dylib
0x00000000045a5000 	/System/Library/PrivateFrameworks/MultitouchSupport.framework/Versions/A/MultitouchSupport
0x00000000045a5000 	/System/Library/Frameworks/IOKit.framework/Versions/A/IOKit
0x00000000045a5000 	/usr/lib/libDiagnosticMessagesClient.dylib
0x00000000045a5000 	/System/Library/Frameworks/CoreServices.framework/Versions/A/CoreServices
0x00000000045a5000 	/System/Library/PrivateFrameworks/PerformanceAnalysis.framework/Versions/A/PerformanceAnalysis
0x00000000045a5000 	/System/Library/PrivateFrameworks/GenerationalStorage.framework/Versions/A/GenerationalStorage
0x00000000045a5000 	/System/Library/Frameworks/OpenGL.framework/Versions/A/OpenGL
0x00000000045a5000 	/System/Library/PrivateFrameworks/Sharing.framework/Versions/A/Sharing
0x00000000045a5000 	/System/Library/Frameworks/ImageIO.framework/Versions/A/ImageIO
0x00000000045a5000 	/System/Library/Frameworks/CoreText.framework/Versions/A/CoreText
0x00000000045a5000 	/System/Library/Frameworks/CoreGraphics.framework/Versions/A/CoreGraphics
0x00000000045a5000 	/System/Library/PrivateFrameworks/Backup.framework/Versions/A/Backup
0x00000000045a5000 	/System/Library/Frameworks/CFNetwork.framework/Versions/A/CFNetwork
0x00000000045a5000 	/System/Library/Frameworks/SystemConfiguration.framework/Versions/A/SystemConfiguration
0x00000000045a5000 	/usr/lib/libCRFSuite.dylib
0x00000000045a5000 	/usr/lib/libc++.1.dylib
0x00000000045a5000 	/usr/lib/libc++abi.dylib
0x00000000045a5000 	/usr/lib/system/libcache.dylib
0x00000000045a5000 	/usr/lib/system/libcommonCrypto.dylib
0x00000000045a5000 	/usr/lib/system/libcompiler_rt.dylib
0x00000000045a5000 	/usr/lib/system/libcopyfile.dylib
0x00000000045a5000 	/usr/lib/system/libcorecrypto.dylib
0x00000000045a5000 	/usr/lib/system/libdispatch.dylib
0x00000000045a5000 	/usr/lib/system/libdyld.dylib
0x00000000045a5000 	/usr/lib/system/libkeymgr.dylib
0x00000000045a5000 	/usr/lib/system/liblaunch.dylib
0x00000000045a5000 	/usr/lib/system/libmacho.dylib
0x00000000045a5000 	/usr/lib/system/libquarantine.dylib
0x00000000045a5000 	/usr/lib/system/libremovefile.dylib
0x00000000045a5000 	/usr/lib/system/libsystem_asl.dylib
0x00000000045a5000 	/usr/lib/system/libsystem_blocks.dylib
0x00000000045a5000 	/usr/lib/system/libsystem_c.dylib
0x00000000045a5000 	/usr/lib/system/libsystem_configuration.dylib
0x00000000045a5000 	/usr/lib/system/libsystem_dnssd.dylib
0x00000000045a5000 	/usr/lib/system/libsystem_info.dylib
0x00000000045a5000 	/usr/lib/system/libsystem_kernel.dylib
0x00000000045a5000 	/usr/lib/system/libsystem_m.dylib
0x00000000045a5000 	/usr/lib/system/libsystem_malloc.dylib
0x00000000045a5000 	/usr/lib/system/libsystem_network.dylib
0x00000000045a5000 	/usr/lib/system/libsystem_notify.dylib
0x00000000045a5000 	/usr/lib/system/libsystem_platform.dylib
0x00000000045a5000 	/usr/lib/system/libsystem_pthread.dylib
0x00000000045a5000 	/usr/lib/system/libsystem_sandbox.dylib
0x00000000045a5000 	/usr/lib/system/libsystem_stats.dylib
0x00000000045a5000 	/usr/lib/system/libunc.dylib
0x00000000045a5000 	/usr/lib/system/libunwind.dylib
0x00000000045a5000 	/usr/lib/system/libxpc.dylib
0x00000000045a5000 	/usr/lib/libbsm.0.dylib
0x00000000045a5000 	/usr/lib/libsqlite3.dylib
0x00000000045a5000 	/usr/lib/libxar.1.dylib
0x00000000045a5000 	/usr/lib/libpam.2.dylib
0x00000000045a5000 	/usr/lib/libOpenScriptingUtil.dylib
0x00000000045a5000 	/usr/lib/libbz2.1.0.dylib
0x00000000045a5000 	/System/Library/Frameworks/CoreServices.framework/Versions/A/Frameworks/CarbonCore.framework/Versions/A/CarbonCore
0x00000000045a5000 	/System/Library/Frameworks/CoreServices.framework/Versions/A/Frameworks/Metadata.framework/Versions/A/Metadata
0x00000000045a5000 	/System/Library/Frameworks/CoreServices.framework/Versions/A/Frameworks/OSServices.framework/Versions/A/OSServices
0x00000000045a5000 	/System/Library/Frameworks/CoreServices.framework/Versions/A/Frameworks/SearchKit.framework/Versions/A/SearchKit
0x00000000045a5000 	/System/Library/Frameworks/CoreServices.framework/Versions/A/Frameworks/AE.framework/Versions/A/AE
0x00000000045a5000 	/System/Library/Frameworks/CoreServices.framework/Versions/A/Frameworks/LaunchServices.framework/Versions/A/LaunchServices
0x00000000045a5000 	/System/Library/Frameworks/CoreServices.framework/Versions/A/Frameworks/DictionaryServices.framework/Versions/A/DictionaryServices
0x00000000045a5000 	/System/Library/Frameworks/NetFS.framework/Versions/A/NetFS
0x00000000045a5000 	/usr/lib/system/libkxld.dylib
0x00000000045a5000 	/System/Library/PrivateFrameworks/NetAuth.framework/Versions/A/NetAuth
0x00000000045a5000 	/System/Library/PrivateFrameworks/TCC.framework/Versions/A/TCC
0x00000000045a5000 	/System/Library/Frameworks/OpenDirectory.framework/Versions/A/Frameworks/CFOpenDirectory.framework/Versions/A/CFOpenDirectory
0x00000000045a5000 	/System/Library/Frameworks/ServiceManagement.framework/Versions/A/ServiceManagement
0x00000000045a5000 	/usr/lib/libxslt.1.dylib
0x00000000045a5000 	/System/Library/Frameworks/Carbon.framework/Versions/A/Frameworks/Ink.framework/Versions/A/Ink
0x00000000045a5000 	/System/Library/Frameworks/ApplicationServices.framework/Versions/A/Frameworks/ATS.framework/Versions/A/ATS
0x00000000045a5000 	/System/Library/Frameworks/ApplicationServices.framework/Versions/A/Frameworks/ColorSync.framework/Versions/A/ColorSync
0x00000000045a5000 	/System/Library/Frameworks/ApplicationServices.framework/Versions/A/Frameworks/HIServices.framework/Versions/A/HIServices
0x00000000045a5000 	/System/Library/Frameworks/ApplicationServices.framework/Versions/A/Frameworks/LangAnalysis.framework/Versions/A/LangAnalysis
0x00000000045a5000 	/System/Library/Frameworks/ApplicationServices.framework/Versions/A/Frameworks/PrintCore.framework/Versions/A/PrintCore
0x00000000045a5000 	/System/Library/Frameworks/ApplicationServices.framework/Versions/A/Frameworks/QD.framework/Versions/A/QD
0x00000000045a5000 	/System/Library/Frameworks/ApplicationServices.framework/Versions/A/Frameworks/SpeechSynthesis.framework/Versions/A/SpeechSynthesis
0x00000000045a5000 	/System/Library/Frameworks/IOSurface.framework/Versions/A/IOSurface
0x00000000045a5000 	/System/Library/Frameworks/Accelerate.framework/Versions/A/Accelerate
0x00000000045a5000 	/System/Library/Frameworks/Accelerate.framework/Versions/A/Frameworks/vImage.framework/Versions/A/vImage
0x00000000045a5000 	/System/Library/Frameworks/Accelerate.framework/Versions/A/Frameworks/vecLib.framework/Versions/A/vecLib
0x00000000045a5000 	/System/Library/Frameworks/Accelerate.framework/Versions/A/Frameworks/vecLib.framework/Versions/A/libvDSP.dylib
0x00000000045a5000 	/System/Library/Frameworks/Accelerate.framework/Versions/A/Frameworks/vecLib.framework/Versions/A/libvMisc.dylib
0x00000000045a5000 	/System/Library/Frameworks/Accelerate.framework/Versions/A/Frameworks/vecLib.framework/Versions/A/libLAPACK.dylib
0x00000000045a5000 	/System/Library/Frameworks/Accelerate.framework/Versions/A/Frameworks/vecLib.framework/Versions/A/libBLAS.dylib
0x00000000045a5000 	/System/Library/Frameworks/ApplicationServices.framework/Versions/A/Frameworks/ATS.framework/Versions/A/Resources/libFontParser.dylib
0x00000000045a5000 	/System/Library/Frameworks/ApplicationServices.framework/Versions/A/Frameworks/ATS.framework/Versions/A/Resources/libFontRegistry.dylib
0x00000000045a5000 	/System/Library/Frameworks/ImageIO.framework/Versions/A/Resources/libJPEG.dylib
0x00000000045a5000 	/System/Library/Frameworks/ImageIO.framework/Versions/A/Resources/libTIFF.dylib
0x00000000045a5000 	/System/Library/Frameworks/ImageIO.framework/Versions/A/Resources/libPng.dylib
0x00000000045a5000 	/System/Library/Frameworks/ImageIO.framework/Versions/A/Resources/libGIF.dylib
0x00000000045a5000 	/System/Library/Frameworks/ImageIO.framework/Versions/A/Resources/libJP2.dylib
0x00000000045a5000 	/System/Library/Frameworks/ImageIO.framework/Versions/A/Resources/libRadiance.dylib
0x00000000045a5000 	/usr/lib/libcups.2.dylib
0x00000000045a5000 	/System/Library/Frameworks/Kerberos.framework/Versions/A/Kerberos
0x00000000045a5000 	/System/Library/Frameworks/GSS.framework/Versions/A/GSS
0x00000000045a5000 	/usr/lib/libresolv.9.dylib
0x00000000045a5000 	/usr/lib/libiconv.2.dylib
0x00000000045a5000 	/System/Library/PrivateFrameworks/Heimdal.framework/Versions/A/Heimdal
0x00000000045a5000 	/System/Library/PrivateFrameworks/TrustEvaluationAgent.framework/Versions/A/TrustEvaluationAgent
0x00000000045a5000 	/usr/lib/libheimdal-asn1.dylib
0x00000000045a5000 	/System/Library/Frameworks/OpenDirectory.framework/Versions/A/OpenDirectory
0x00000000045a5000 	/System/Library/PrivateFrameworks/CommonAuth.framework/Versions/A/CommonAuth
0x00000000045a5000 	/System/Library/Frameworks/SecurityFoundation.framework/Versions/A/SecurityFoundation
0x00000000045a5000 	/System/Library/PrivateFrameworks/Bom.framework/Versions/A/Bom
0x00000000045a5000 	/System/Library/Frameworks/CoreVideo.framework/Versions/A/CoreVideo
0x00000000045a5000 	/System/Library/Frameworks/QuartzCore.framework/Versions/A/Frameworks/CoreImage.framework/Versions/A/CoreImage
0x00000000045a5000 	/System/Library/Frameworks/QuartzCore.framework/Versions/A/Frameworks/ScalableUserInterface.framework/Versions/A/ScalableUserInterface
0x00000000045a5000 	/System/Library/Frameworks/OpenGL.framework/Versions/A/Libraries/libGLU.dylib
0x00000000045a5000 	/System/Library/Frameworks/OpenGL.framework/Versions/A/Libraries/libGFXShared.dylib
0x00000000045a5000 	/System/Library/Frameworks/OpenGL.framework/Versions/A/Libraries/libGL.dylib
0x00000000045a5000 	/System/Library/Frameworks/OpenGL.framework/Versions/A/Libraries/libGLImage.dylib
0x00000000045a5000 	/System/Library/Frameworks/OpenGL.framework/Versions/A/Libraries/libCVMSPluginSupport.dylib
0x00000000045a5000 	/System/Library/Frameworks/OpenGL.framework/Versions/A/Libraries/libCoreVMClient.dylib
0x00000000045a5000 	/System/Library/PrivateFrameworks/FaceCore.framework/Versions/A/FaceCore
0x00000000045a5000 	/System/Library/PrivateFrameworks/CrashReporterSupport.framework/Versions/A/CrashReporterSupport
0x00000000045a5000 	/System/Library/Frameworks/OpenCL.framework/Versions/A/OpenCL
0x00000000045a5000 	/System/Library/PrivateFrameworks/AppleFSCompression.framework/Versions/A/AppleFSCompression
0x00000000045a5000 	/System/Library/PrivateFrameworks/Ubiquity.framework/Versions/A/Ubiquity
0x00000000045a5000 	/System/Library/PrivateFrameworks/IconServices.framework/Versions/A/IconServices
0x00000000045a5000 	/System/Library/PrivateFrameworks/ChunkingLibrary.framework/Versions/A/ChunkingLibrary
0x00000000045a5000 	/System/Library/PrivateFrameworks/CoreSymbolication.framework/Versions/A/CoreSymbolication
0x00000000045a5000 	/System/Library/PrivateFrameworks/Symbolication.framework/Versions/A/Symbolication
0x00000000045a5000 	/System/Library/PrivateFrameworks/DebugSymbols.framework/Versions/A/DebugSymbols
0x000000010d000000 	/Library/Java/JavaVirtualMachines/jdk1.7.0_10.jdk/Contents/Home/jre/lib/server/libjvm.dylib
0x00000000045a5000 	/usr/lib/libstdc++.6.dylib
0x000000010c711000 	/Library/Java/JavaVirtualMachines/jdk1.7.0_10.jdk/Contents/Home/jre/lib/libverify.dylib
0x000000010c71e000 	/Library/Java/JavaVirtualMachines/jdk1.7.0_10.jdk/Contents/Home/jre/lib/libjava.dylib
0x000000010c758000 	/Library/Java/JavaVirtualMachines/jdk1.7.0_10.jdk/Contents/Home/jre/lib/libzip.dylib
0x0000000111267000 	/System/Library/Frameworks/JavaVM.framework/Frameworks/JavaRuntimeSupport.framework/JavaRuntimeSupport
0x000000011127f000 	/System/Library/Frameworks/JavaVM.framework/Versions/A/Frameworks/JavaNativeFoundation.framework/Versions/A/JavaNativeFoundation
0x0000000111294000 	/System/Library/Frameworks/JavaVM.framework/Versions/A/JavaVM
0x00000000045a5000 	/System/Library/Frameworks/Carbon.framework/Versions/A/Carbon
0x00000001112a1000 	/System/Library/PrivateFrameworks/JavaLaunching.framework/Versions/A/JavaLaunching
0x00000000045a5000 	/System/Library/Frameworks/Carbon.framework/Versions/A/Frameworks/CommonPanels.framework/Versions/A/CommonPanels
0x00000000045a5000 	/System/Library/Frameworks/Carbon.framework/Versions/A/Frameworks/Help.framework/Versions/A/Help
0x00000000045a5000 	/System/Library/Frameworks/Carbon.framework/Versions/A/Frameworks/ImageCapture.framework/Versions/A/ImageCapture
0x00000000045a5000 	/System/Library/Frameworks/Carbon.framework/Versions/A/Frameworks/OpenScripting.framework/Versions/A/OpenScripting
0x00000000045a5000 	/System/Library/Frameworks/Carbon.framework/Versions/A/Frameworks/Print.framework/Versions/A/Print
0x00000000045a5000 	/System/Library/Frameworks/Carbon.framework/Versions/A/Frameworks/SecurityHI.framework/Versions/A/SecurityHI
0x0000000111a72000 	/Library/Java/JavaVirtualMachines/jdk1.7.0_10.jdk/Contents/Home/jre/lib/libnio.dylib
0x0000000111a81000 	/Library/Java/JavaVirtualMachines/jdk1.7.0_10.jdk/Contents/Home/jre/lib/./libnet.dylib
0x0000000111941000 	/Library/Java/JavaVirtualMachines/jdk1.7.0_10.jdk/Contents/Home/jre/lib/libmanagement.dylib

VM Arguments:
java_command: usage-0.0.1-SNAPSHOT.jar server ../src/main/resources/usage.yml
Launcher Type: SUN_STANDARD

Environment Variables:
PATH=/usr/bin:/bin:/usr/sbin:/sbin:/usr/local/bin:/opt/X11/bin
SHELL=/bin/bash
DISPLAY=/tmp/launch-8bzTXb/org.macosforge.xquartz:0

Signal Handlers:
SIGSEGV: [libjvm.dylib+0x4a363d], sa_mask[0]=0xfffefeff, sa_flags=0x00000042
SIGBUS: [libjvm.dylib+0x4a363d], sa_mask[0]=0xfffefeff, sa_flags=0x00000042
SIGFPE: [libjvm.dylib+0x3b3051], sa_mask[0]=0xfffefeff, sa_flags=0x00000042
SIGPIPE: [libjvm.dylib+0x3b3051], sa_mask[0]=0xfffefeff, sa_flags=0x00000042
SIGXFSZ: [libjvm.dylib+0x3b3051], sa_mask[0]=0xfffefeff, sa_flags=0x00000042
SIGILL: [libjvm.dylib+0x3b3051], sa_mask[0]=0xfffefeff, sa_flags=0x00000042
SIGUSR1: SIG_DFL, sa_mask[0]=0x63807efb, sa_flags=0x00000000
SIGUSR2: [libjvm.dylib+0x3b2bea], sa_mask[0]=0x00000000, sa_flags=0x00000042
SIGHUP: [libjvm.dylib+0x3b0e4b], sa_mask[0]=0xfffefeff, sa_flags=0x00000042
SIGINT: [libjvm.dylib+0x3b0e4b], sa_mask[0]=0xfffefeff, sa_flags=0x00000042
SIGTERM: [libjvm.dylib+0x3b0e4b], sa_mask[0]=0xfffefeff, sa_flags=0x00000042
SIGQUIT: [libjvm.dylib+0x3b0e4b], sa_mask[0]=0xfffefeff, sa_flags=0x00000042


---------------  S Y S T E M  ---------------

OS:Bsduname:Darwin 13.4.0 Darwin Kernel Version 13.4.0: Sun Aug 17 19:50:11 PDT 2014; root:xnu-2422.115.4~1/RELEASE_X86_64 x86_64
rlimit: STACK 8192k, CORE 0k, NPROC 709, NOFILE 10240, AS infinity
load average:1.33 1.42 1.47

CPU:total 4 (2 cores per cpu, 2 threads per core) family 6 model 37 stepping 2, cmov, cx8, fxsr, mmx, sse, sse2, sse3, ssse3, sse4.1, sse4.2, popcnt, ht, tsc, tscinvbit

Memory: 4k page, physical 1113344k(278336k free)

/proc/meminfo:


vm_info: Java HotSpot(TM) 64-Bit Server VM (23.6-b04) for bsd-amd64 JRE (1.7.0_10-b18), built on Nov 28 2012 07:52:20 by "java_re" with gcc 4.2.1 (Based on Apple Inc. build 5658) (LLVM build 2336.9.00)

time: Wed Nov 12 17:34:15 2014
elapsed time: 95 seconds

