#
# A fatal error has been detected by the Java Runtime Environment:
#
#  SIGBUS (0xa) at pc=0x000000010b99415e, pid=7506, tid=13575
#
# JRE version: 7.0_10-b18
# Java VM: Java HotSpot(TM) 64-Bit Server VM (23.6-b04 mixed mode bsd-amd64 compressed oops)
# Problematic frame:
# C  [libzip.dylib+0x315e]  newEntry+0x154
#
# Failed to write core dump. Core dumps have been disabled. To enable core dumping, try "ulimit -c unlimited" before starting Java again
#
# If you would like to submit a bug report, please visit:
#   http://bugreport.sun.com/bugreport/crash.jsp
# The crash happened outside the Java Virtual Machine in native code.
# See problematic frame for where to report the bug.
#

---------------  T H R E A D  ---------------

Current thread (0x00007f8ec298e000):  JavaThread "Thread-12" [_thread_in_native, id=13575, stack(0x0000000112559000,0x0000000112659000)]

siginfo:si_signo=SIGBUS: si_errno=0, si_code=2 (BUS_ADRERR), si_addr=0x0000000110cf267e

Registers:
RAX=0x00007f8ec0c40850, RBX=0x0000000110cf2672, RCX=0x0000000000000001, RDX=0x0000000000000000
RSP=0x0000000112656f10, RBP=0x0000000112656f70, RSI=0x00000000fffc3fff, RDI=0x000000010b822800
R8 =0x0000000000000004, R9 =0x00007f8ec0e00000, R10=0x000000010ce24d58, R11=0xfffffff92841402e
R12=0x0000000000004173, R13=0x0000000110c3b000, R14=0x00007f8ec0c40850, R15=0x00000000000015d1
RIP=0x000000010b99415e, EFLAGS=0x0000000000010206, ERR=0x0000000000000004
  TRAPNO=0x000000000000000e

Top of Stack: (sp=0x0000000112656f10)
0x0000000112656f10:   0000000100000000 000000000b99362a
0x0000000112656f20:   00007fff75329940 726f7fff00000001
0x0000000112656f30:   0000000112656f50 00007f8ec0c40850
0x0000000112656f40:   00007f8ec0e498d0 000000009ac6435b
0x0000000112656f50:   0000000000004173 0000000110c3b000
0x0000000112656f60:   00007f8ec0c40850 00000000000015d1
0x0000000112656f70:   0000000112656fc0 000000010b9947d0
0x0000000112656f80:   000000000000002b 0000002bc298e000
0x0000000112656f90:   0000000112656fde 0000000112657428
0x0000000112656fa0:   000000000000002b 0000000112656fde
0x0000000112656fb0:   00007f8ec0c40850 00007f8ec298e1d8
0x0000000112656fc0:   0000000112657410 000000010b99362a
0x0000000112656fd0:   0000000000000000 726f000100000001
0x0000000112656fe0:   7370696c63652f67 2f797474656a2f65
0x0000000112656ff0:   7475462f6c697475 626c6c6143657275
0x0000000112657000:   73616c632e6b6361 0000000112650073
0x0000000112657010:   0000000000000004 00000001126571b7
0x0000000112657020:   0000000000000009 00000001126578c0
0x0000000112657030:   00000001000001b8 5800000000000000
0x0000000112657040:   0000000112657340 0000000112657880
0x0000000112657050:   00007fff6bde16d8 0000000000000000
0x0000000112657060:   00000001126570b0 00007fff6bdb0752
0x0000000112657070:   1e0032122ac275e7 58007fff75329940
0x0000000112657080:   0000000000000000 ffffffffffffffff
0x0000000112657090:   0000000112657750 0000000112657280
0x00000001126570a0:   0000000112657100 00007f8ec298e000
0x00000001126570b0:   0000000112657100 00007f8ec311d8f0
0x00000001126570c0:   00000007ea242c90 0000000000000000
0x00000001126570d0:   00000007ea242d40 00007f8e0000000c
0x00000001126570e0:   0000000112650000 00007f8ec311d8b8
0x00000001126570f0:   00000007ea242b68 00007f8ec0f9b1d0
0x0000000112657100:   00007f8ec311cbd0 00007f8ec311cbe0 

Instructions: (pc=0x000000010b99415e)
0x000000010b99413e:   49 8b 7f 38 e8 83 19 00 00 4d 89 77 38 49 89 5f
0x000000010b99414e:   40 4c 89 f0 48 85 c0 0f 84 16 05 00 00 48 89 c3
0x000000010b99415e:   0f b6 43 0c 0f b6 4b 0d 48 c1 e1 08 48 01 c1 0f
0x000000010b99416e:   b6 43 0e 0f b6 53 0f 48 c1 e2 08 48 01 c2 48 c1 

Register to memory mapping:

RAX=0x00007f8ec0c40850 is an unknown value
RBX=0x0000000110cf2672 is an unknown value
RCX=0x0000000000000001 is an unknown value
RDX=0x0000000000000000 is an unknown value
RSP=0x0000000112656f10 is pointing into the stack for thread: 0x00007f8ec298e000
RBP=0x0000000112656f70 is pointing into the stack for thread: 0x00007f8ec298e000
RSI=0x00000000fffc3fff is an unknown value
RDI=0x000000010b822800 is an unknown value
R8 =0x0000000000000004 is an unknown value
R9 =0x00007f8ec0e00000 is an unknown value
R10=0x000000010ce24b90 [CodeBlob (0x000000010ce24b90)]
Framesize: 10
R11=0xfffffff92841402e is an unknown value
R12=0x0000000000004173 is an unknown value
R13=0x0000000110c3b000 is an unknown value
R14=0x00007f8ec0c40850 is an unknown value
R15=0x00000000000015d1 is an unknown value


Stack: [0x0000000112559000,0x0000000112659000],  sp=0x0000000112656f10,  free space=1015k
Native frames: (J=compiled Java code, j=interpreted, Vv=VM code, C=native code)
C  [libzip.dylib+0x315e]  newEntry+0x154
C  [libzip.dylib+0x37d0]  ZIP_GetEntry+0xa2
C  [libzip.dylib+0x262a]  Java_java_util_zip_ZipFile_getEntry+0xdd
J  java.util.zip.ZipFile.getEntry(J[BZ)J

Java frames: (J=compiled Java code, j=interpreted, Vv=VM code)
J  java.util.zip.ZipFile.getEntry(J[BZ)J
J  java.util.jar.JarFile.getEntry(Ljava/lang/String;)Ljava/util/zip/ZipEntry;
J  sun.misc.URLClassPath.getResource(Ljava/lang/String;Z)Lsun/misc/Resource;
j  java.net.URLClassLoader$1.run()Ljava/lang/Class;+26
j  java.net.URLClassLoader$1.run()Ljava/lang/Object;+1
v  ~StubRoutines::call_stub
j  java.security.AccessController.doPrivileged(Ljava/security/PrivilegedExceptionAction;Ljava/security/AccessControlContext;)Ljava/lang/Object;+0
j  java.net.URLClassLoader.findClass(Ljava/lang/String;)Ljava/lang/Class;+13
j  java.lang.ClassLoader.loadClass(Ljava/lang/String;Z)Ljava/lang/Class;+70
j  sun.misc.Launcher$AppClassLoader.loadClass(Ljava/lang/String;Z)Ljava/lang/Class;+36
j  java.lang.ClassLoader.loadClass(Ljava/lang/String;)Ljava/lang/Class;+3
v  ~StubRoutines::call_stub
j  org.eclipse.jetty.server.AbstractConnector.shutdown()Ljava/util/concurrent/Future;+0
j  org.eclipse.jetty.server.AbstractNetworkConnector.shutdown()Ljava/util/concurrent/Future;+5
j  org.eclipse.jetty.server.ServerConnector.shutdown()Ljava/util/concurrent/Future;+1
j  org.eclipse.jetty.server.Server.doStop()V+60
j  org.eclipse.jetty.util.component.AbstractLifeCycle.stop()V+30
j  org.eclipse.jetty.util.thread.ShutdownThread.run()V+41
v  ~StubRoutines::call_stub

---------------  P R O C E S S  ---------------

Java Threads: ( => current thread )
=>0x00007f8ec298e000 JavaThread "Thread-12" [_thread_in_native, id=13575, stack(0x0000000112559000,0x0000000112659000)]
  0x00007f8ec2802000 JavaThread "SIGINT handler" daemon [_thread_blocked, id=13319, stack(0x00000001104e1000,0x00000001105e1000)]
  0x00007f8ec1015000 JavaThread "dw-admin-32" [_thread_blocked, id=10503, stack(0x0000000112456000,0x0000000112556000)]
  0x00007f8ec214c800 JavaThread "dw-admin-28-acceptor-1-admin@3bb6331e{HTTP/1.1}{0.0.0.0:8081}" [_thread_blocked, id=20227, stack(0x0000000112353000,0x0000000112453000)]
  0x00007f8ec20b0800 JavaThread "dw-admin-26-acceptor-0-admin@3bb6331e{HTTP/1.1}{0.0.0.0:8081}" [_thread_in_native, id=19971, stack(0x0000000112250000,0x0000000112350000)]
  0x00007f8ec100d000 JavaThread "DestroyJavaVM" [_thread_blocked, id=3847, stack(0x000000010cca8000,0x000000010cda8000)]
  0x00007f8ec19e4000 JavaThread "dw-admin-25-selector-3" [_thread_in_native, id=19715, stack(0x000000011214d000,0x000000011224d000)]
  0x00007f8ec19e2000 JavaThread "dw-admin-24-selector-2" [_thread_in_native, id=19459, stack(0x000000011204a000,0x000000011214a000)]
  0x00007f8ec19e0000 JavaThread "dw-admin-23-selector-1" [_thread_in_native, id=19203, stack(0x0000000111f47000,0x0000000112047000)]
  0x00007f8ec201d000 JavaThread "dw-admin-22-selector-0" [_thread_in_native, id=18947, stack(0x0000000111e44000,0x0000000111f44000)]
  0x00007f8ec1918800 JavaThread "dw-19" [_thread_blocked, id=18691, stack(0x0000000111d41000,0x0000000111e41000)]
  0x00007f8ec19bd000 JavaThread "dw-18" [_thread_blocked, id=18435, stack(0x0000000111c3e000,0x0000000111d3e000)]
  0x00007f8ec1914800 JavaThread "dw-17" [_thread_blocked, id=18179, stack(0x0000000111b3b000,0x0000000111c3b000)]
  0x00007f8ec2945000 JavaThread "dw-16" [_thread_blocked, id=17923, stack(0x0000000111a38000,0x0000000111b38000)]
  0x00007f8ec20b4000 JavaThread "dw-15-selector-3" [_thread_in_native, id=17667, stack(0x0000000111935000,0x0000000111a35000)]
  0x00007f8ec21b0000 JavaThread "dw-14-selector-2" [_thread_in_native, id=17411, stack(0x0000000111832000,0x0000000111932000)]
  0x00007f8ec2804000 JavaThread "dw-13-selector-1" [_thread_in_native, id=17155, stack(0x000000011172f000,0x000000011182f000)]
  0x00007f8ec1920000 JavaThread "dw-12-selector-0" [_thread_in_native, id=16899, stack(0x000000011162c000,0x000000011172c000)]
  0x00007f8ec2803000 JavaThread "DateCache" daemon [_thread_blocked, id=16643, stack(0x0000000111529000,0x0000000111629000)]
  0x00007f8ec2861000 JavaThread "async-console-appender-2" [_thread_blocked, id=16387, stack(0x0000000111426000,0x0000000111526000)]
  0x00007f8ec12b9800 JavaThread "async-console-appender-1" [_thread_blocked, id=16131, stack(0x0000000111323000,0x0000000111423000)]
  0x00007f8ec103c000 JavaThread "Service Thread" daemon [_thread_blocked, id=15619, stack(0x0000000110975000,0x0000000110a75000)]
  0x00007f8ec103b000 JavaThread "C2 CompilerThread1" daemon [_thread_blocked, id=15363, stack(0x0000000110872000,0x0000000110972000)]
  0x00007f8ec185b000 JavaThread "C2 CompilerThread0" daemon [_thread_blocked, id=15107, stack(0x000000011076f000,0x000000011086f000)]
  0x00007f8ec185a000 JavaThread "Signal Dispatcher" daemon [_thread_blocked, id=14851, stack(0x000000011066c000,0x000000011076c000)]
  0x00007f8ec184d800 JavaThread "Finalizer" daemon [_thread_blocked, id=9267, stack(0x00000001103a4000,0x00000001104a4000)]
  0x00007f8ec2006000 JavaThread "Reference Handler" daemon [_thread_blocked, id=271, stack(0x00000001102a1000,0x00000001103a1000)]

Other Threads:
  0x00007f8ec2003000 VMThread [stack: 0x000000011019e000,0x000000011029e000] [id=523]
  0x00007f8ec1853000 WatcherThread [stack: 0x0000000110a78000,0x0000000110b78000] [id=15875]

VM state:not at safepoint (normal execution)

VM Mutex/Monitor currently owned by a thread: None

Heap
 def new generation   total 5248K, used 943K [0x00000007ea200000, 0x00000007ea7b0000, 0x00000007efb50000)
  eden space 4672K,   7% used [0x00000007ea200000, 0x00000007ea25bde8, 0x00000007ea690000)
  from space 576K, 100% used [0x00000007ea690000, 0x00000007ea720000, 0x00000007ea720000)
  to   space 576K,   0% used [0x00000007ea720000, 0x00000007ea720000, 0x00000007ea7b0000)
 tenured generation   total 11456K, used 6467K [0x00000007efb50000, 0x00000007f0680000, 0x00000007fae00000)
   the space 11456K,  56% used [0x00000007efb50000, 0x00000007f01a0de8, 0x00000007f01a0e00, 0x00000007f0680000)
 compacting perm gen  total 21248K, used 20191K [0x00000007fae00000, 0x00000007fc2c0000, 0x0000000800000000)
   the space 21248K,  95% used [0x00000007fae00000, 0x00000007fc1b7e98, 0x00000007fc1b8000, 0x00000007fc2c0000)
No shared spaces configured.

Card table byte_map: [0x000000010fe6a000,0x000000010ff1a000] byte_map_base: 0x000000010bf19000

Polling page: 0x000000010b987000

Code Cache  [0x000000010cdaa000, 0x000000010d01a000, 0x000000010fdaa000)
 total_blobs=570 nmethods=236 adapters=286 free_code_cache=48226Kb largest_free_block=49356416

Compilation events (10 events):
Event: 133.283 Thread 0x00007f8ec103b000  238             java.util.concurrent.atomic.AtomicLongArray::getRaw (12 bytes)
Event: 133.283 Thread 0x00007f8ec103b000 nmethod 238 0x000000010ce8d6d0 code [0x000000010ce8d800, 0x000000010ce8d878]
Event: 135.196 Thread 0x00007f8ec185b000  239             java.util.concurrent.atomic.AtomicLongArray::byteOffset (12 bytes)
Event: 135.197 Thread 0x00007f8ec185b000 nmethod 239 0x000000010ce8d4d0 code [0x000000010ce8d600, 0x000000010ce8d658]
Event: 137.456 Thread 0x00007f8ec103b000  240             java.util.concurrent.atomic.AtomicLongArray::checkedByteOffset (45 bytes)
Event: 137.457 Thread 0x00007f8ec103b000 nmethod 240 0x000000010ce8d250 code [0x000000010ce8d3a0, 0x000000010ce8d438]
Event: 140.633 Thread 0x00007f8ec185b000  241             java.util.concurrent.atomic.AtomicLongArray::get (10 bytes)
Event: 140.634 Thread 0x00007f8ec185b000 nmethod 241 0x000000010ce8cf90 code [0x000000010ce8d0e0, 0x000000010ce8d198]
Event: 141.085 Thread 0x00007f8ec103b000  242  s          java.lang.StringBuffer::append (8 bytes)
Event: 141.092 Thread 0x00007f8ec103b000 nmethod 242 0x000000010ce95910 code [0x000000010ce95a60, 0x000000010ce96118]

GC Heap History (10 events):
Event: 3.096 GC heap before
{Heap before GC invocations=16 (full 0):
 def new generation   total 5184K, used 5177K [0x00000007ea200000, 0x00000007ea790000, 0x00000007efb50000)
  eden space 4672K, 100% used [0x00000007ea200000, 0x00000007ea690000, 0x00000007ea690000)
  from space 512K,  98% used [0x00000007ea690000, 0x00000007ea70e4c8, 0x00000007ea710000)
  to   space 512K,   0% used [0x00000007ea710000, 0x00000007ea710000, 0x00000007ea790000)
 tenured generation   total 11456K, used 11230K [0x00000007efb50000, 0x00000007f0680000, 0x00000007fae00000)
   the space 11456K,  98% used [0x00000007efb50000, 0x00000007f0647b28, 0x00000007f0647c00, 0x00000007f0680000)
 compacting perm gen  total 21248K, used 19346K [0x00000007fae00000, 0x00000007fc2c0000, 0x0000000800000000)
   the space 21248K,  91% used [0x00000007fae00000, 0x00000007fc0e4998, 0x00000007fc0e4a00, 0x00000007fc2c0000)
No shared spaces configured.
Event: 3.164 GC heap after
Heap after GC invocations=17 (full 1):
 def new generation   total 5248K, used 0K [0x00000007ea200000, 0x00000007ea7b0000, 0x00000007efb50000)
  eden space 4672K,   0% used [0x00000007ea200000, 0x00000007ea200000, 0x00000007ea690000)
  from space 576K,   0% used [0x00000007ea690000, 0x00000007ea690000, 0x00000007ea720000)
  to   space 576K,   0% used [0x00000007ea720000, 0x00000007ea720000, 0x00000007ea7b0000)
 tenured generation   total 11456K, used 6215K [0x00000007efb50000, 0x00000007f0680000, 0x00000007fae00000)
   the space 11456K,  54% used [0x00000007efb50000, 0x00000007f0161d58, 0x00000007f0161e00, 0x00000007f0680000)
 compacting perm gen  total 21248K, used 19346K [0x00000007fae00000, 0x00000007fc2c0000, 0x0000000800000000)
   the space 21248K,  91% used [0x00000007fae00000, 0x00000007fc0e4998, 0x00000007fc0e4a00, 0x00000007fc2c0000)
No shared spaces configured.
}
Event: 3.256 GC heap before
{Heap before GC invocations=17 (full 1):
 def new generation   total 5248K, used 4672K [0x00000007ea200000, 0x00000007ea7b0000, 0x00000007efb50000)
  eden space 4672K, 100% used [0x00000007ea200000, 0x00000007ea690000, 0x00000007ea690000)
  from space 576K,   0% used [0x00000007ea690000, 0x00000007ea690000, 0x00000007ea720000)
  to   space 576K,   0% used [0x00000007ea720000, 0x00000007ea720000, 0x00000007ea7b0000)
 tenured generation   total 11456K, used 6215K [0x00000007efb50000, 0x00000007f0680000, 0x00000007fae00000)
   the space 11456K,  54% used [0x00000007efb50000, 0x00000007f0161d58, 0x00000007f0161e00, 0x00000007f0680000)
 compacting perm gen  total 21248K, used 19424K [0x00000007fae00000, 0x00000007fc2c0000, 0x0000000800000000)
   the space 21248K,  91% used [0x00000007fae00000, 0x00000007fc0f82b0, 0x00000007fc0f8400, 0x00000007fc2c0000)
No shared spaces configured.
Event: 3.258 GC heap after
Heap after GC invocations=18 (full 1):
 def new generation   total 5248K, used 145K [0x00000007ea200000, 0x00000007ea7b0000, 0x00000007efb50000)
  eden space 4672K,   0% used [0x00000007ea200000, 0x00000007ea200000, 0x00000007ea690000)
  from space 576K,  25% used [0x00000007ea720000, 0x00000007ea7445a0, 0x00000007ea7b0000)
  to   space 576K,   0% used [0x00000007ea690000, 0x00000007ea690000, 0x00000007ea720000)
 tenured generation   total 11456K, used 6215K [0x00000007efb50000, 0x00000007f0680000, 0x00000007fae00000)
   the space 11456K,  54% used [0x00000007efb50000, 0x00000007f0161d58, 0x00000007f0161e00, 0x00000007f0680000)
 compacting perm gen  total 21248K, used 19424K [0x00000007fae00000, 0x00000007fc2c0000, 0x0000000800000000)
   the space 21248K,  91% used [0x00000007fae00000, 0x00000007fc0f82b0, 0x00000007fc0f8400, 0x00000007fc2c0000)
No shared spaces configured.
}
Event: 3.343 GC heap before
{Heap before GC invocations=18 (full 1):
 def new generation   total 5248K, used 4817K [0x00000007ea200000, 0x00000007ea7b0000, 0x00000007efb50000)
  eden space 4672K, 100% used [0x00000007ea200000, 0x00000007ea690000, 0x00000007ea690000)
  from space 576K,  25% used [0x00000007ea720000, 0x00000007ea7445a0, 0x00000007ea7b0000)
  to   space 576K,   0% used [0x00000007ea690000, 0x00000007ea690000, 0x00000007ea720000)
 tenured generation   total 11456K, used 6215K [0x00000007efb50000, 0x00000007f0680000, 0x00000007fae00000)
   the space 11456K,  54% used [0x00000007efb50000, 0x00000007f0161d58, 0x00000007f0161e00, 0x00000007f0680000)
 compacting perm gen  total 21248K, used 19588K [0x00000007fae00000, 0x00000007fc2c0000, 0x0000000800000000)
   the space 21248K,  92% used [0x00000007fae00000, 0x00000007fc121058, 0x00000007fc121200, 0x00000007fc2c0000)
No shared spaces configured.
Event: 3.345 GC heap after
Heap after GC invocations=19 (full 1):
 def new generation   total 5248K, used 358K [0x00000007ea200000, 0x00000007ea7b0000, 0x00000007efb50000)
  eden space 4672K,   0% used [0x00000007ea200000, 0x00000007ea200000, 0x00000007ea690000)
  from space 576K,  62% used [0x00000007ea690000, 0x00000007ea6e9b68, 0x00000007ea720000)
  to   space 576K,   0% used [0x00000007ea720000, 0x00000007ea720000, 0x00000007ea7b0000)
 tenured generation   total 11456K, used 6215K [0x00000007efb50000, 0x00000007f0680000, 0x00000007fae00000)
   the space 11456K,  54% used [0x00000007efb50000, 0x00000007f0161d58, 0x00000007f0161e00, 0x00000007f0680000)
 compacting perm gen  total 21248K, used 19588K [0x00000007fae00000, 0x00000007fc2c0000, 0x0000000800000000)
   the space 21248K,  92% used [0x00000007fae00000, 0x00000007fc121058, 0x00000007fc121200, 0x00000007fc2c0000)
No shared spaces configured.
}
Event: 3.416 GC heap before
{Heap before GC invocations=19 (full 1):
 def new generation   total 5248K, used 5030K [0x00000007ea200000, 0x00000007ea7b0000, 0x00000007efb50000)
  eden space 4672K, 100% used [0x00000007ea200000, 0x00000007ea690000, 0x00000007ea690000)
  from space 576K,  62% used [0x00000007ea690000, 0x00000007ea6e9b68, 0x00000007ea720000)
  to   space 576K,   0% used [0x00000007ea720000, 0x00000007ea720000, 0x00000007ea7b0000)
 tenured generation   total 11456K, used 6215K [0x00000007efb50000, 0x00000007f0680000, 0x00000007fae00000)
   the space 11456K,  54% used [0x00000007efb50000, 0x00000007f0161d58, 0x00000007f0161e00, 0x00000007f0680000)
 compacting perm gen  total 21248K, used 19642K [0x00000007fae00000, 0x00000007fc2c0000, 0x0000000800000000)
   the space 21248K,  92% used [0x00000007fae00000, 0x00000007fc12eb00, 0x00000007fc12ec00, 0x00000007fc2c0000)
No shared spaces configured.
Event: 3.419 GC heap after
Heap after GC invocations=20 (full 1):
 def new generation   total 5248K, used 287K [0x00000007ea200000, 0x00000007ea7b0000, 0x00000007efb50000)
  eden space 4672K,   0% used [0x00000007ea200000, 0x00000007ea200000, 0x00000007ea690000)
  from space 576K,  49% used [0x00000007ea720000, 0x00000007ea767df0, 0x00000007ea7b0000)
  to   space 576K,   0% used [0x00000007ea690000, 0x00000007ea690000, 0x00000007ea720000)
 tenured generation   total 11456K, used 6339K [0x00000007efb50000, 0x00000007f0680000, 0x00000007fae00000)
   the space 11456K,  55% used [0x00000007efb50000, 0x00000007f0180cb0, 0x00000007f0180e00, 0x00000007f0680000)
 compacting perm gen  total 21248K, used 19642K [0x00000007fae00000, 0x00000007fc2c0000, 0x0000000800000000)
   the space 21248K,  92% used [0x00000007fae00000, 0x00000007fc12eb00, 0x00000007fc12ec00, 0x00000007fc2c0000)
No shared spaces configured.
}
Event: 132.141 GC heap before
{Heap before GC invocations=20 (full 1):
 def new generation   total 5248K, used 4959K [0x00000007ea200000, 0x00000007ea7b0000, 0x00000007efb50000)
  eden space 4672K, 100% used [0x00000007ea200000, 0x00000007ea690000, 0x00000007ea690000)
  from space 576K,  49% used [0x00000007ea720000, 0x00000007ea767df0, 0x00000007ea7b0000)
  to   space 576K,   0% used [0x00000007ea690000, 0x00000007ea690000, 0x00000007ea720000)
 tenured generation   total 11456K, used 6339K [0x00000007efb50000, 0x00000007f0680000, 0x00000007fae00000)
   the space 11456K,  55% used [0x00000007efb50000, 0x00000007f0180cb0, 0x00000007f0180e00, 0x00000007f0680000)
 compacting perm gen  total 21248K, used 20168K [0x00000007fae00000, 0x00000007fc2c0000, 0x0000000800000000)
   the space 21248K,  94% used [0x00000007fae00000, 0x00000007fc1b2318, 0x00000007fc1b2400, 0x00000007fc2c0000)
No shared spaces configured.
Event: 132.174 GC heap after
Heap after GC invocations=21 (full 1):
 def new generation   total 5248K, used 576K [0x00000007ea200000, 0x00000007ea7b0000, 0x00000007efb50000)
  eden space 4672K,   0% used [0x00000007ea200000, 0x00000007ea200000, 0x00000007ea690000)
  from space 576K, 100% used [0x00000007ea690000, 0x00000007ea720000, 0x00000007ea720000)
  to   space 576K,   0% used [0x00000007ea720000, 0x00000007ea720000, 0x00000007ea7b0000)
 tenured generation   total 11456K, used 6467K [0x00000007efb50000, 0x00000007f0680000, 0x00000007fae00000)
   the space 11456K,  56% used [0x00000007efb50000, 0x00000007f01a0de8, 0x00000007f01a0e00, 0x00000007f0680000)
 compacting perm gen  total 21248K, used 20168K [0x00000007fae00000, 0x00000007fc2c0000, 0x0000000800000000)
   the space 21248K,  94% used [0x00000007fae00000, 0x00000007fc1b2318, 0x00000007fc1b2400, 0x00000007fc2c0000)
No shared spaces configured.
}

Deoptimization events (9 events):
Event: 0.827 Thread 0x00007f8ec100d000 Uncommon trap -34 fr.pc 0x000000010ce112d8
Event: 1.054 Thread 0x00007f8ec100d000 Uncommon trap -34 fr.pc 0x000000010ce112d8
Event: 1.335 Thread 0x00007f8ec100d000 Uncommon trap -83 fr.pc 0x000000010ce2eb04
Event: 1.675 Thread 0x00007f8ec100d000 Uncommon trap -34 fr.pc 0x000000010ce112d8
Event: 1.685 Thread 0x00007f8ec100d000 Uncommon trap -34 fr.pc 0x000000010ce112d8
Event: 2.182 Thread 0x00007f8ec100d000 Uncommon trap -83 fr.pc 0x000000010ce389c8
Event: 2.183 Thread 0x00007f8ec100d000 Uncommon trap -83 fr.pc 0x000000010ce31808
Event: 3.048 Thread 0x00007f8ec100d000 Uncommon trap -83 fr.pc 0x000000010ce57a44
Event: 3.233 Thread 0x00007f8ec100d000 Uncommon trap -83 fr.pc 0x000000010ce7a804

Internal exceptions (10 events):
Event: 3.462 Thread 0x00007f8ec100d000 Threw 0x00000007ea484818 at /HUDSON/workspace/jdk7u10-2-build-macosx-amd64-product/jdk7u10/hotspot/src/share/vm/prims/jvm.cpp:1166
Event: 3.462 Thread 0x00007f8ec100d000 Threw 0x00000007ea489d88 at /HUDSON/workspace/jdk7u10-2-build-macosx-amd64-product/jdk7u10/hotspot/src/share/vm/prims/jvm.cpp:1166
Event: 3.463 Thread 0x00007f8ec100d000 Threw 0x00000007ea491120 at /HUDSON/workspace/jdk7u10-2-build-macosx-amd64-product/jdk7u10/hotspot/src/share/vm/prims/jvm.cpp:1166
Event: 3.463 Thread 0x00007f8ec100d000 Threw 0x00000007ea496620 at /HUDSON/workspace/jdk7u10-2-build-macosx-amd64-product/jdk7u10/hotspot/src/share/vm/prims/jvm.cpp:1166
Event: 3.464 Thread 0x00007f8ec100d000 Threw 0x00000007ea49af70 at /HUDSON/workspace/jdk7u10-2-build-macosx-amd64-product/jdk7u10/hotspot/src/share/vm/prims/jvm.cpp:1166
Event: 3.464 Thread 0x00007f8ec100d000 Threw 0x00000007ea49f810 at /HUDSON/workspace/jdk7u10-2-build-macosx-amd64-product/jdk7u10/hotspot/src/share/vm/prims/jvm.cpp:1166
Event: 3.466 Thread 0x00007f8ec100d000 Threw 0x00000007ea4a7860 at /HUDSON/workspace/jdk7u10-2-build-macosx-amd64-product/jdk7u10/hotspot/src/share/vm/prims/jvm.cpp:1166
Event: 3.470 Thread 0x00007f8ec100d000 Threw 0x00000007ea4b1300 at /HUDSON/workspace/jdk7u10-2-build-macosx-amd64-product/jdk7u10/hotspot/src/share/vm/prims/jvm.cpp:1166
Event: 166.738 Thread 0x00007f8ec1914800 Threw 0x00000007ea2441d8 at /HUDSON/workspace/jdk7u10-2-build-macosx-amd64-product/jdk7u10/hotspot/src/share/vm/prims/jni.cpp:716
Event: 166.739 Thread 0x00007f8ec298e000 Threw 0x00000007ea242c68 at /HUDSON/workspace/jdk7u10-2-build-macosx-amd64-product/jdk7u10/hotspot/src/share/vm/prims/jvm.cpp:1166

Events (10 events):
Event: 166.736 Thread 0x00007f8ec2917800 Thread exited: 0x00007f8ec2917800
Event: 166.736 loading class 0x00007f8ec0d85410
Event: 166.736 loading class 0x00007f8ec0d85410 done
Event: 166.736 loading class 0x00007f8ec0d84fb0 done
Event: 166.738 loading class 0x00007f8ec0d860e0
Event: 166.738 loading class 0x00007f8ec0d84fe0
Event: 166.738 loading class 0x00007f8ec0dd13b0
Event: 166.738 loading class 0x00007f8ec0dd13b0 done
Event: 166.738 loading class 0x00007f8ec0d84fe0 done
Event: 166.738 loading class 0x00007f8ec0d860e0 done


Dynamic libraries:
0x00000000045a5000 	/System/Library/Frameworks/Cocoa.framework/Versions/A/Cocoa
0x00000000045a5000 	/System/Library/Frameworks/Security.framework/Versions/A/Security
0x00000000045a5000 	/System/Library/Frameworks/ApplicationServices.framework/Versions/A/ApplicationServices
0x00000000045a5000 	/usr/lib/libz.1.dylib
0x00000000045a5000 	/usr/lib/libSystem.B.dylib
0x00000000045a5000 	/usr/lib/libobjc.A.dylib
0x00000000045a5000 	/System/Library/Frameworks/CoreFoundation.framework/Versions/A/CoreFoundation
0x00000000045a5000 	/System/Library/Frameworks/AppKit.framework/Versions/C/AppKit
0x00000000045a5000 	/System/Library/Frameworks/CoreData.framework/Versions/A/CoreData
0x00000000045a5000 	/System/Library/Frameworks/Foundation.framework/Versions/C/Foundation
0x00000000045a5000 	/System/Library/PrivateFrameworks/RemoteViewServices.framework/Versions/A/RemoteViewServices
0x00000000045a5000 	/System/Library/Frameworks/AudioToolbox.framework/Versions/A/AudioToolbox
0x00000000045a5000 	/System/Library/Frameworks/AudioUnit.framework/Versions/A/AudioUnit
0x00000000045a5000 	/System/Library/PrivateFrameworks/DataDetectorsCore.framework/Versions/A/DataDetectorsCore
0x00000000045a5000 	/System/Library/PrivateFrameworks/DesktopServicesPriv.framework/Versions/A/DesktopServicesPriv
0x00000000045a5000 	/System/Library/Frameworks/Carbon.framework/Versions/A/Frameworks/HIToolbox.framework/Versions/A/HIToolbox
0x00000000045a5000 	/System/Library/Frameworks/QuartzCore.framework/Versions/A/QuartzCore
0x00000000045a5000 	/System/Library/Frameworks/Carbon.framework/Versions/A/Frameworks/SpeechRecognition.framework/Versions/A/SpeechRecognition
0x00000000045a5000 	/usr/lib/libauto.dylib
0x00000000045a5000 	/usr/lib/libicucore.A.dylib
0x00000000045a5000 	/usr/lib/libxml2.2.dylib
0x00000000045a5000 	/System/Library/PrivateFrameworks/CoreUI.framework/Versions/A/CoreUI
0x00000000045a5000 	/System/Library/Frameworks/CoreAudio.framework/Versions/A/CoreAudio
0x00000000045a5000 	/System/Library/Frameworks/DiskArbitration.framework/Versions/A/DiskArbitration
0x00000000045a5000 	/usr/lib/liblangid.dylib
0x00000000045a5000 	/System/Library/PrivateFrameworks/MultitouchSupport.framework/Versions/A/MultitouchSupport
0x00000000045a5000 	/System/Library/Frameworks/IOKit.framework/Versions/A/IOKit
0x00000000045a5000 	/usr/lib/libDiagnosticMessagesClient.dylib
0x00000000045a5000 	/System/Library/Frameworks/CoreServices.framework/Versions/A/CoreServices
0x00000000045a5000 	/System/Library/PrivateFrameworks/PerformanceAnalysis.framework/Versions/A/PerformanceAnalysis
0x00000000045a5000 	/System/Library/PrivateFrameworks/GenerationalStorage.framework/Versions/A/GenerationalStorage
0x00000000045a5000 	/System/Library/Frameworks/OpenGL.framework/Versions/A/OpenGL
0x00000000045a5000 	/System/Library/PrivateFrameworks/Sharing.framework/Versions/A/Sharing
0x00000000045a5000 	/System/Library/Frameworks/ImageIO.framework/Versions/A/ImageIO
0x00000000045a5000 	/System/Library/Frameworks/CoreText.framework/Versions/A/CoreText
0x00000000045a5000 	/System/Library/Frameworks/CoreGraphics.framework/Versions/A/CoreGraphics
0x00000000045a5000 	/System/Library/PrivateFrameworks/Backup.framework/Versions/A/Backup
0x00000000045a5000 	/System/Library/Frameworks/CFNetwork.framework/Versions/A/CFNetwork
0x00000000045a5000 	/System/Library/Frameworks/SystemConfiguration.framework/Versions/A/SystemConfiguration
0x00000000045a5000 	/usr/lib/libCRFSuite.dylib
0x00000000045a5000 	/usr/lib/libc++.1.dylib
0x00000000045a5000 	/usr/lib/libc++abi.dylib
0x00000000045a5000 	/usr/lib/system/libcache.dylib
0x00000000045a5000 	/usr/lib/system/libcommonCrypto.dylib
0x00000000045a5000 	/usr/lib/system/libcompiler_rt.dylib
0x00000000045a5000 	/usr/lib/system/libcopyfile.dylib
0x00000000045a5000 	/usr/lib/system/libcorecrypto.dylib
0x00000000045a5000 	/usr/lib/system/libdispatch.dylib
0x00000000045a5000 	/usr/lib/system/libdyld.dylib
0x00000000045a5000 	/usr/lib/system/libkeymgr.dylib
0x00000000045a5000 	/usr/lib/system/liblaunch.dylib
0x00000000045a5000 	/usr/lib/system/libmacho.dylib
0x00000000045a5000 	/usr/lib/system/libquarantine.dylib
0x00000000045a5000 	/usr/lib/system/libremovefile.dylib
0x00000000045a5000 	/usr/lib/system/libsystem_asl.dylib
0x00000000045a5000 	/usr/lib/system/libsystem_blocks.dylib
0x00000000045a5000 	/usr/lib/system/libsystem_c.dylib
0x00000000045a5000 	/usr/lib/system/libsystem_configuration.dylib
0x00000000045a5000 	/usr/lib/system/libsystem_dnssd.dylib
0x00000000045a5000 	/usr/lib/system/libsystem_info.dylib
0x00000000045a5000 	/usr/lib/system/libsystem_kernel.dylib
0x00000000045a5000 	/usr/lib/system/libsystem_m.dylib
0x00000000045a5000 	/usr/lib/system/libsystem_malloc.dylib
0x00000000045a5000 	/usr/lib/system/libsystem_network.dylib
0x00000000045a5000 	/usr/lib/system/libsystem_notify.dylib
0x00000000045a5000 	/usr/lib/system/libsystem_platform.dylib
0x00000000045a5000 	/usr/lib/system/libsystem_pthread.dylib
0x00000000045a5000 	/usr/lib/system/libsystem_sandbox.dylib
0x00000000045a5000 	/usr/lib/system/libsystem_stats.dylib
0x00000000045a5000 	/usr/lib/system/libunc.dylib
0x00000000045a5000 	/usr/lib/system/libunwind.dylib
0x00000000045a5000 	/usr/lib/system/libxpc.dylib
0x00000000045a5000 	/usr/lib/libbsm.0.dylib
0x00000000045a5000 	/usr/lib/libsqlite3.dylib
0x00000000045a5000 	/usr/lib/libxar.1.dylib
0x00000000045a5000 	/usr/lib/libpam.2.dylib
0x00000000045a5000 	/usr/lib/libOpenScriptingUtil.dylib
0x00000000045a5000 	/usr/lib/libbz2.1.0.dylib
0x00000000045a5000 	/System/Library/Frameworks/CoreServices.framework/Versions/A/Frameworks/CarbonCore.framework/Versions/A/CarbonCore
0x00000000045a5000 	/System/Library/Frameworks/CoreServices.framework/Versions/A/Frameworks/Metadata.framework/Versions/A/Metadata
0x00000000045a5000 	/System/Library/Frameworks/CoreServices.framework/Versions/A/Frameworks/OSServices.framework/Versions/A/OSServices
0x00000000045a5000 	/System/Library/Frameworks/CoreServices.framework/Versions/A/Frameworks/SearchKit.framework/Versions/A/SearchKit
0x00000000045a5000 	/System/Library/Frameworks/CoreServices.framework/Versions/A/Frameworks/AE.framework/Versions/A/AE
0x00000000045a5000 	/System/Library/Frameworks/CoreServices.framework/Versions/A/Frameworks/LaunchServices.framework/Versions/A/LaunchServices
0x00000000045a5000 	/System/Library/Frameworks/CoreServices.framework/Versions/A/Frameworks/DictionaryServices.framework/Versions/A/DictionaryServices
0x00000000045a5000 	/System/Library/Frameworks/NetFS.framework/Versions/A/NetFS
0x00000000045a5000 	/usr/lib/system/libkxld.dylib
0x00000000045a5000 	/System/Library/PrivateFrameworks/NetAuth.framework/Versions/A/NetAuth
0x00000000045a5000 	/System/Library/PrivateFrameworks/TCC.framework/Versions/A/TCC
0x00000000045a5000 	/System/Library/Frameworks/OpenDirectory.framework/Versions/A/Frameworks/CFOpenDirectory.framework/Versions/A/CFOpenDirectory
0x00000000045a5000 	/System/Library/Frameworks/ServiceManagement.framework/Versions/A/ServiceManagement
0x00000000045a5000 	/usr/lib/libxslt.1.dylib
0x00000000045a5000 	/System/Library/Frameworks/Carbon.framework/Versions/A/Frameworks/Ink.framework/Versions/A/Ink
0x00000000045a5000 	/System/Library/Frameworks/ApplicationServices.framework/Versions/A/Frameworks/ATS.framework/Versions/A/ATS
0x00000000045a5000 	/System/Library/Frameworks/ApplicationServices.framework/Versions/A/Frameworks/ColorSync.framework/Versions/A/ColorSync
0x00000000045a5000 	/System/Library/Frameworks/ApplicationServices.framework/Versions/A/Frameworks/HIServices.framework/Versions/A/HIServices
0x00000000045a5000 	/System/Library/Frameworks/ApplicationServices.framework/Versions/A/Frameworks/LangAnalysis.framework/Versions/A/LangAnalysis
0x00000000045a5000 	/System/Library/Frameworks/ApplicationServices.framework/Versions/A/Frameworks/PrintCore.framework/Versions/A/PrintCore
0x00000000045a5000 	/System/Library/Frameworks/ApplicationServices.framework/Versions/A/Frameworks/QD.framework/Versions/A/QD
0x00000000045a5000 	/System/Library/Frameworks/ApplicationServices.framework/Versions/A/Frameworks/SpeechSynthesis.framework/Versions/A/SpeechSynthesis
0x00000000045a5000 	/System/Library/Frameworks/IOSurface.framework/Versions/A/IOSurface
0x00000000045a5000 	/System/Library/Frameworks/Accelerate.framework/Versions/A/Accelerate
0x00000000045a5000 	/System/Library/Frameworks/Accelerate.framework/Versions/A/Frameworks/vImage.framework/Versions/A/vImage
0x00000000045a5000 	/System/Library/Frameworks/Accelerate.framework/Versions/A/Frameworks/vecLib.framework/Versions/A/vecLib
0x00000000045a5000 	/System/Library/Frameworks/Accelerate.framework/Versions/A/Frameworks/vecLib.framework/Versions/A/libvDSP.dylib
0x00000000045a5000 	/System/Library/Frameworks/Accelerate.framework/Versions/A/Frameworks/vecLib.framework/Versions/A/libvMisc.dylib
0x00000000045a5000 	/System/Library/Frameworks/Accelerate.framework/Versions/A/Frameworks/vecLib.framework/Versions/A/libLAPACK.dylib
0x00000000045a5000 	/System/Library/Frameworks/Accelerate.framework/Versions/A/Frameworks/vecLib.framework/Versions/A/libBLAS.dylib
0x00000000045a5000 	/System/Library/Frameworks/ApplicationServices.framework/Versions/A/Frameworks/ATS.framework/Versions/A/Resources/libFontParser.dylib
0x00000000045a5000 	/System/Library/Frameworks/ApplicationServices.framework/Versions/A/Frameworks/ATS.framework/Versions/A/Resources/libFontRegistry.dylib
0x00000000045a5000 	/System/Library/Frameworks/ImageIO.framework/Versions/A/Resources/libJPEG.dylib
0x00000000045a5000 	/System/Library/Frameworks/ImageIO.framework/Versions/A/Resources/libTIFF.dylib
0x00000000045a5000 	/System/Library/Frameworks/ImageIO.framework/Versions/A/Resources/libPng.dylib
0x00000000045a5000 	/System/Library/Frameworks/ImageIO.framework/Versions/A/Resources/libGIF.dylib
0x00000000045a5000 	/System/Library/Frameworks/ImageIO.framework/Versions/A/Resources/libJP2.dylib
0x00000000045a5000 	/System/Library/Frameworks/ImageIO.framework/Versions/A/Resources/libRadiance.dylib
0x00000000045a5000 	/usr/lib/libcups.2.dylib
0x00000000045a5000 	/System/Library/Frameworks/Kerberos.framework/Versions/A/Kerberos
0x00000000045a5000 	/System/Library/Frameworks/GSS.framework/Versions/A/GSS
0x00000000045a5000 	/usr/lib/libresolv.9.dylib
0x00000000045a5000 	/usr/lib/libiconv.2.dylib
0x00000000045a5000 	/System/Library/PrivateFrameworks/Heimdal.framework/Versions/A/Heimdal
0x00000000045a5000 	/System/Library/PrivateFrameworks/TrustEvaluationAgent.framework/Versions/A/TrustEvaluationAgent
0x00000000045a5000 	/usr/lib/libheimdal-asn1.dylib
0x00000000045a5000 	/System/Library/Frameworks/OpenDirectory.framework/Versions/A/OpenDirectory
0x00000000045a5000 	/System/Library/PrivateFrameworks/CommonAuth.framework/Versions/A/CommonAuth
0x00000000045a5000 	/System/Library/Frameworks/SecurityFoundation.framework/Versions/A/SecurityFoundation
0x00000000045a5000 	/System/Library/PrivateFrameworks/Bom.framework/Versions/A/Bom
0x00000000045a5000 	/System/Library/Frameworks/CoreVideo.framework/Versions/A/CoreVideo
0x00000000045a5000 	/System/Library/Frameworks/QuartzCore.framework/Versions/A/Frameworks/CoreImage.framework/Versions/A/CoreImage
0x00000000045a5000 	/System/Library/Frameworks/QuartzCore.framework/Versions/A/Frameworks/ScalableUserInterface.framework/Versions/A/ScalableUserInterface
0x00000000045a5000 	/System/Library/Frameworks/OpenGL.framework/Versions/A/Libraries/libGLU.dylib
0x00000000045a5000 	/System/Library/Frameworks/OpenGL.framework/Versions/A/Libraries/libGFXShared.dylib
0x00000000045a5000 	/System/Library/Frameworks/OpenGL.framework/Versions/A/Libraries/libGL.dylib
0x00000000045a5000 	/System/Library/Frameworks/OpenGL.framework/Versions/A/Libraries/libGLImage.dylib
0x00000000045a5000 	/System/Library/Frameworks/OpenGL.framework/Versions/A/Libraries/libCVMSPluginSupport.dylib
0x00000000045a5000 	/System/Library/Frameworks/OpenGL.framework/Versions/A/Libraries/libCoreVMClient.dylib
0x00000000045a5000 	/System/Library/PrivateFrameworks/FaceCore.framework/Versions/A/FaceCore
0x00000000045a5000 	/System/Library/PrivateFrameworks/CrashReporterSupport.framework/Versions/A/CrashReporterSupport
0x00000000045a5000 	/System/Library/Frameworks/OpenCL.framework/Versions/A/OpenCL
0x00000000045a5000 	/System/Library/PrivateFrameworks/AppleFSCompression.framework/Versions/A/AppleFSCompression
0x00000000045a5000 	/System/Library/PrivateFrameworks/Ubiquity.framework/Versions/A/Ubiquity
0x00000000045a5000 	/System/Library/PrivateFrameworks/IconServices.framework/Versions/A/IconServices
0x00000000045a5000 	/System/Library/PrivateFrameworks/ChunkingLibrary.framework/Versions/A/ChunkingLibrary
0x00000000045a5000 	/System/Library/PrivateFrameworks/CoreSymbolication.framework/Versions/A/CoreSymbolication
0x00000000045a5000 	/System/Library/PrivateFrameworks/Symbolication.framework/Versions/A/Symbolication
0x00000000045a5000 	/System/Library/PrivateFrameworks/DebugSymbols.framework/Versions/A/DebugSymbols
0x000000010c200000 	/Library/Java/JavaVirtualMachines/jdk1.7.0_10.jdk/Contents/Home/jre/lib/server/libjvm.dylib
0x00000000045a5000 	/usr/lib/libstdc++.6.dylib
0x000000010b94a000 	/Library/Java/JavaVirtualMachines/jdk1.7.0_10.jdk/Contents/Home/jre/lib/libverify.dylib
0x000000010b957000 	/Library/Java/JavaVirtualMachines/jdk1.7.0_10.jdk/Contents/Home/jre/lib/libjava.dylib
0x000000010b991000 	/Library/Java/JavaVirtualMachines/jdk1.7.0_10.jdk/Contents/Home/jre/lib/libzip.dylib
0x00000001104a6000 	/System/Library/Frameworks/JavaVM.framework/Frameworks/JavaRuntimeSupport.framework/JavaRuntimeSupport
0x00000001104be000 	/System/Library/Frameworks/JavaVM.framework/Versions/A/Frameworks/JavaNativeFoundation.framework/Versions/A/JavaNativeFoundation
0x00000001104d3000 	/System/Library/Frameworks/JavaVM.framework/Versions/A/JavaVM
0x00000000045a5000 	/System/Library/Frameworks/Carbon.framework/Versions/A/Carbon
0x000000010b9f4000 	/System/Library/PrivateFrameworks/JavaLaunching.framework/Versions/A/JavaLaunching
0x00000000045a5000 	/System/Library/Frameworks/Carbon.framework/Versions/A/Frameworks/CommonPanels.framework/Versions/A/CommonPanels
0x00000000045a5000 	/System/Library/Frameworks/Carbon.framework/Versions/A/Frameworks/Help.framework/Versions/A/Help
0x00000000045a5000 	/System/Library/Frameworks/Carbon.framework/Versions/A/Frameworks/ImageCapture.framework/Versions/A/ImageCapture
0x00000000045a5000 	/System/Library/Frameworks/Carbon.framework/Versions/A/Frameworks/OpenScripting.framework/Versions/A/OpenScripting
0x00000000045a5000 	/System/Library/Frameworks/Carbon.framework/Versions/A/Frameworks/Print.framework/Versions/A/Print
0x00000000045a5000 	/System/Library/Frameworks/Carbon.framework/Versions/A/Frameworks/SecurityHI.framework/Versions/A/SecurityHI
0x0000000110d2a000 	/Library/Java/JavaVirtualMachines/jdk1.7.0_10.jdk/Contents/Home/jre/lib/libnio.dylib
0x0000000110d39000 	/Library/Java/JavaVirtualMachines/jdk1.7.0_10.jdk/Contents/Home/jre/lib/./libnet.dylib
0x0000000111007000 	/Library/Java/JavaVirtualMachines/jdk1.7.0_10.jdk/Contents/Home/jre/lib/libmanagement.dylib

VM Arguments:
java_command: usage-0.0.1-SNAPSHOT.jar server ../src/main/resources/usage.yml
Launcher Type: SUN_STANDARD

Environment Variables:
PATH=/usr/bin:/bin:/usr/sbin:/sbin:/usr/local/bin:/opt/X11/bin
SHELL=/bin/bash
DISPLAY=/tmp/launch-8bzTXb/org.macosforge.xquartz:0

Signal Handlers:
SIGSEGV: [libjvm.dylib+0x4a363d], sa_mask[0]=0xfffefeff, sa_flags=0x00000042
SIGBUS: [libjvm.dylib+0x4a363d], sa_mask[0]=0xfffefeff, sa_flags=0x00000042
SIGFPE: [libjvm.dylib+0x3b3051], sa_mask[0]=0xfffefeff, sa_flags=0x00000042
SIGPIPE: [libjvm.dylib+0x3b3051], sa_mask[0]=0xfffefeff, sa_flags=0x00000042
SIGXFSZ: [libjvm.dylib+0x3b3051], sa_mask[0]=0xfffefeff, sa_flags=0x00000042
SIGILL: [libjvm.dylib+0x3b3051], sa_mask[0]=0xfffefeff, sa_flags=0x00000042
SIGUSR1: SIG_DFL, sa_mask[0]=0x63807efb, sa_flags=0x00000000
SIGUSR2: [libjvm.dylib+0x3b2bea], sa_mask[0]=0x00000000, sa_flags=0x00000042
SIGHUP: [libjvm.dylib+0x3b0e4b], sa_mask[0]=0xfffefeff, sa_flags=0x00000042
SIGINT: [libjvm.dylib+0x3b0e4b], sa_mask[0]=0xfffefeff, sa_flags=0x00000042
SIGTERM: [libjvm.dylib+0x3b0e4b], sa_mask[0]=0xfffefeff, sa_flags=0x00000042
SIGQUIT: [libjvm.dylib+0x3b0e4b], sa_mask[0]=0xfffefeff, sa_flags=0x00000042


---------------  S Y S T E M  ---------------

OS:Bsduname:Darwin 13.4.0 Darwin Kernel Version 13.4.0: Sun Aug 17 19:50:11 PDT 2014; root:xnu-2422.115.4~1/RELEASE_X86_64 x86_64
rlimit: STACK 8192k, CORE 0k, NPROC 709, NOFILE 10240, AS infinity
load average:1.80 1.56 1.52

CPU:total 4 (2 cores per cpu, 2 threads per core) family 6 model 37 stepping 2, cmov, cx8, fxsr, mmx, sse, sse2, sse3, ssse3, sse4.1, sse4.2, popcnt, ht, tsc, tscinvbit

Memory: 4k page, physical 1095248k(273812k free)

/proc/meminfo:


vm_info: Java HotSpot(TM) 64-Bit Server VM (23.6-b04) for bsd-amd64 JRE (1.7.0_10-b18), built on Nov 28 2012 07:52:20 by "java_re" with gcc 4.2.1 (Based on Apple Inc. build 5658) (LLVM build 2336.9.00)

time: Thu Nov 13 10:29:27 2014
elapsed time: 166 seconds

