#
# A fatal error has been detected by the Java Runtime Environment:
#
#  SIGBUS (0xa) at pc=0x0000000108cb215e, pid=7546, tid=22787
#
# JRE version: 7.0_10-b18
# Java VM: Java HotSpot(TM) 64-Bit Server VM (23.6-b04 mixed mode bsd-amd64 compressed oops)
# Problematic frame:
# C  [libzip.dylib+0x315e]  newEntry+0x154
#
# Failed to write core dump. Core dumps have been disabled. To enable core dumping, try "ulimit -c unlimited" before starting Java again
#
# If you would like to submit a bug report, please visit:
#   http://bugreport.sun.com/bugreport/crash.jsp
# The crash happened outside the Java Virtual Machine in native code.
# See problematic frame for where to report the bug.
#

---------------  T H R E A D  ---------------

Current thread (0x00007f8e8b87b800):  JavaThread "Thread-12" [_thread_in_native, id=22787, stack(0x0000000124717000,0x0000000124817000)]

siginfo:si_signo=SIGBUS: si_errno=0, si_code=2 (BUS_ADRERR), si_addr=0x0000000122bfb22d

Registers:
RAX=0x00007f8e8b51f6d0, RBX=0x0000000122bfb221, RCX=0x0000000000000001, RDX=0x0000000000000000
RSP=0x0000000124814f10, RBP=0x0000000124814f70, RSI=0x00000000ffff87ff, RDI=0x0000000107795400
R8 =0x0000000000000004, R9 =0x00007f8e8b600000, R10=0x0000000108d2cf18, R11=0x00000000189a6486
R12=0x0000000000004170, R13=0x0000000122b44000, R14=0x00007f8e8b51f6d0, R15=0x00000000000015d0
RIP=0x0000000108cb215e, EFLAGS=0x0000000000010206, ERR=0x0000000000000004
  TRAPNO=0x000000000000000e

Top of Stack: (sp=0x0000000124814f10)
0x0000000124814f10:   0000000100000000 0000000008cb162a
0x0000000124814f20:   00007fff75329940 000000011cc97940
0x0000000124814f30:   0000000124814f50 00007f8e8b51f6d0
0x0000000124814f40:   00007f8e8b67bca0 000000009ac6435b
0x0000000124814f50:   0000000000004170 0000000122b44000
0x0000000124814f60:   00007f8e8b51f6d0 00000000000015d0
0x0000000124814f70:   0000000124814fc0 0000000108cb27d0
0x0000000124814f80:   000000000000002b 0000002b8b87b800
0x0000000124814f90:   0000000124814fde 0000000124815428
0x0000000124814fa0:   000000000000002b 0000000124814fde
0x0000000124814fb0:   00007f8e8b51f6d0 00007f8e8b87b9d8
0x0000000124814fc0:   0000000124815410 0000000108cb162a
0x0000000124814fd0:   0000000000000000 726f000100000001
0x0000000124814fe0:   7370696c63652f67 2f797474656a2f65
0x0000000124814ff0:   7475462f6c697475 626c6c6143657275
0x0000000124815000:   73616c632e6b6361 0000000124810073
0x0000000124815010:   0000000000000004 00000001248151b7
0x0000000124815020:   0000000000000009 0000000000000000
0x0000000124815030:   0000000000000000 5800000000000000
0x0000000124815040:   0000000000000000 0000000000000000
0x0000000124815050:   0000000000000000 0000000000000000
0x0000000124815060:   0000000000000000 0000000000000000
0x0000000124815070:   5300ed828d563196 58007fff75329940
0x0000000124815080:   0000000000000000 ffffffffffffffff
0x0000000124815090:   0000000124815750 0000000124815280
0x00000001248150a0:   0000000124815100 00007f8e8b87b800
0x00000001248150b0:   0000000000000000 00007f8e8d95cc80
0x00000001248150c0:   000000010be6e838 0000000000000000
0x00000001248150d0:   000000010be6e8e8 00007f8e0000000c
0x00000001248150e0:   0000000000000000 00007f8e8d95cc48
0x00000001248150f0:   000000010be6e710 00007f8e8d95c4e0
0x0000000124815100:   00007f8e8b67cf10 00007f8e8b67cf20 

Instructions: (pc=0x0000000108cb215e)
0x0000000108cb213e:   49 8b 7f 38 e8 83 19 00 00 4d 89 77 38 49 89 5f
0x0000000108cb214e:   40 4c 89 f0 48 85 c0 0f 84 16 05 00 00 48 89 c3
0x0000000108cb215e:   0f b6 43 0c 0f b6 4b 0d 48 c1 e1 08 48 01 c1 0f
0x0000000108cb216e:   b6 43 0e 0f b6 53 0f 48 c1 e2 08 48 01 c2 48 c1 

Register to memory mapping:

RAX=0x00007f8e8b51f6d0 is an unknown value
RBX=0x0000000122bfb221 is an unknown value
RCX=0x0000000000000001 is an unknown value
RDX=0x0000000000000000 is an unknown value
RSP=0x0000000124814f10 is pointing into the stack for thread: 0x00007f8e8b87b800
RBP=0x0000000124814f70 is pointing into the stack for thread: 0x00007f8e8b87b800
RSI=0x00000000ffff87ff is an unknown value
RDI=0x0000000107795400 is an unknown value
R8 =0x0000000000000004 is an unknown value
R9 =0x00007f8e8b600000 is an unknown value
R10=0x0000000108d2cd50 [CodeBlob (0x0000000108d2cd50)]
Framesize: 10
R11=0x00000000189a6486 is an unknown value
R12=0x0000000000004170 is an unknown value
R13=0x0000000122b44000 is an unknown value
R14=0x00007f8e8b51f6d0 is an unknown value
R15=0x00000000000015d0 is an unknown value


Stack: [0x0000000124717000,0x0000000124817000],  sp=0x0000000124814f10,  free space=1015k
Native frames: (J=compiled Java code, j=interpreted, Vv=VM code, C=native code)
C  [libzip.dylib+0x315e]  newEntry+0x154
C  [libzip.dylib+0x37d0]  ZIP_GetEntry+0xa2
C  [libzip.dylib+0x262a]  Java_java_util_zip_ZipFile_getEntry+0xdd
J  java.util.zip.ZipFile.getEntry(J[BZ)J

Java frames: (J=compiled Java code, j=interpreted, Vv=VM code)
J  java.util.zip.ZipFile.getEntry(J[BZ)J
J  java.util.jar.JarFile.getEntry(Ljava/lang/String;)Ljava/util/zip/ZipEntry;
J  sun.misc.URLClassPath.getResource(Ljava/lang/String;Z)Lsun/misc/Resource;
j  java.net.URLClassLoader$1.run()Ljava/lang/Class;+26
j  java.net.URLClassLoader$1.run()Ljava/lang/Object;+1
v  ~StubRoutines::call_stub
j  java.security.AccessController.doPrivileged(Ljava/security/PrivilegedExceptionAction;Ljava/security/AccessControlContext;)Ljava/lang/Object;+0
j  java.net.URLClassLoader.findClass(Ljava/lang/String;)Ljava/lang/Class;+13
j  java.lang.ClassLoader.loadClass(Ljava/lang/String;Z)Ljava/lang/Class;+70
j  sun.misc.Launcher$AppClassLoader.loadClass(Ljava/lang/String;Z)Ljava/lang/Class;+36
j  java.lang.ClassLoader.loadClass(Ljava/lang/String;)Ljava/lang/Class;+3
v  ~StubRoutines::call_stub
j  org.eclipse.jetty.server.AbstractConnector.shutdown()Ljava/util/concurrent/Future;+0
j  org.eclipse.jetty.server.AbstractNetworkConnector.shutdown()Ljava/util/concurrent/Future;+5
j  org.eclipse.jetty.server.ServerConnector.shutdown()Ljava/util/concurrent/Future;+1
j  org.eclipse.jetty.server.Server.doStop()V+60
j  org.eclipse.jetty.util.component.AbstractLifeCycle.stop()V+30
j  org.eclipse.jetty.util.thread.ShutdownThread.run()V+41
v  ~StubRoutines::call_stub

---------------  P R O C E S S  ---------------

Java Threads: ( => current thread )
=>0x00007f8e8b87b800 JavaThread "Thread-12" [_thread_in_native, id=22787, stack(0x0000000124717000,0x0000000124817000)]
  0x00007f8e8ca1a800 JavaThread "SIGINT handler" daemon [_thread_blocked, id=22275, stack(0x000000012246f000,0x000000012256f000)]
  0x00007f8e8c839800 JavaThread "dw-admin-39" [_thread_blocked, id=22019, stack(0x0000000124511000,0x0000000124611000)]
  0x00007f8e8c83a800 JavaThread "Scheduler-200434820" [_thread_blocked, id=20739, stack(0x000000012440e000,0x000000012450e000)]
  0x00007f8e8d18e800 JavaThread "dw-admin-28-acceptor-1-admin@57005f31{HTTP/1.1}{0.0.0.0:8081}" [_thread_blocked, id=19971, stack(0x000000012430b000,0x000000012440b000)]
  0x00007f8e8c84a800 JavaThread "dw-admin-27-acceptor-0-admin@57005f31{HTTP/1.1}{0.0.0.0:8081}" [_thread_in_native, id=19715, stack(0x0000000124208000,0x0000000124308000)]
  0x00007f8e8b80a800 JavaThread "DestroyJavaVM" [_thread_blocked, id=3847, stack(0x00000001078bf000,0x00000001079bf000)]
  0x00007f8e8b870800 JavaThread "dw-admin-25-selector-3" [_thread_in_native, id=19459, stack(0x0000000124105000,0x0000000124205000)]
  0x00007f8e8babd800 JavaThread "dw-admin-24-selector-2" [_thread_in_native, id=19203, stack(0x0000000124002000,0x0000000124102000)]
  0x00007f8e8c841800 JavaThread "dw-admin-23-selector-1" [_thread_in_native, id=18947, stack(0x0000000123eff000,0x0000000123fff000)]
  0x00007f8e8ca0a000 JavaThread "dw-admin-22-selector-0" [_thread_in_native, id=18691, stack(0x0000000123dfc000,0x0000000123efc000)]
  0x00007f8e8d164800 JavaThread "dw-19" [_thread_blocked, id=18435, stack(0x0000000123cf9000,0x0000000123df9000)]
  0x00007f8e8d0d5800 JavaThread "dw-18" [_thread_blocked, id=18179, stack(0x0000000123bf6000,0x0000000123cf6000)]
  0x00007f8e8d0d4800 JavaThread "dw-17" [_thread_blocked, id=17923, stack(0x0000000123af3000,0x0000000123bf3000)]
  0x00007f8e8d0f6000 JavaThread "dw-16" [_thread_blocked, id=17667, stack(0x00000001239f0000,0x0000000123af0000)]
  0x00007f8e8ba5f800 JavaThread "dw-15-selector-3" [_thread_in_native, id=17411, stack(0x00000001238ed000,0x00000001239ed000)]
  0x00007f8e8d103800 JavaThread "dw-14-selector-2" [_thread_in_native, id=17155, stack(0x00000001237ea000,0x00000001238ea000)]
  0x00007f8e8d1f2000 JavaThread "dw-13-selector-1" [_thread_in_native, id=16899, stack(0x00000001236e7000,0x00000001237e7000)]
  0x00007f8e8bac0800 JavaThread "dw-12-selector-0" [_thread_in_native, id=16643, stack(0x00000001235e4000,0x00000001236e4000)]
  0x00007f8e8c15b800 JavaThread "DateCache" daemon [_thread_blocked, id=16387, stack(0x00000001234e1000,0x00000001235e1000)]
  0x00007f8e8ba65000 JavaThread "async-console-appender-2" [_thread_blocked, id=16131, stack(0x00000001233de000,0x00000001234de000)]
  0x00007f8e8baac800 JavaThread "async-console-appender-1" [_thread_blocked, id=15875, stack(0x00000001232db000,0x00000001233db000)]
  0x00007f8e8c825000 JavaThread "Service Thread" daemon [_thread_blocked, id=15363, stack(0x000000012287e000,0x000000012297e000)]
  0x00007f8e8c808800 JavaThread "C2 CompilerThread1" daemon [_thread_blocked, id=15107, stack(0x000000012277b000,0x000000012287b000)]
  0x00007f8e8b867000 JavaThread "C2 CompilerThread0" daemon [_thread_blocked, id=14851, stack(0x0000000122678000,0x0000000122778000)]
  0x00007f8e8b866000 JavaThread "Signal Dispatcher" daemon [_thread_blocked, id=14595, stack(0x0000000122575000,0x0000000122675000)]
  0x00007f8e8c801000 JavaThread "Finalizer" daemon [_thread_blocked, id=9267, stack(0x0000000122326000,0x0000000122426000)]
  0x00007f8e8c012000 JavaThread "Reference Handler" daemon [_thread_blocked, id=271, stack(0x0000000122223000,0x0000000122323000)]

Other Threads:
  0x00007f8e8c00f800 VMThread [stack: 0x0000000122120000,0x0000000122220000] [id=523]
  0x00007f8e8c82e800 WatcherThread [stack: 0x0000000122981000,0x0000000122a81000] [id=15619]

VM state:not at safepoint (normal execution)

VM Mutex/Monitor currently owned by a thread: None

Heap
 def new generation   total 5248K, used 1532K [0x000000010bd90000, 0x000000010c340000, 0x0000000111790000)
  eden space 4672K,  20% used [0x000000010bd90000, 0x000000010be7f298, 0x000000010c220000)
  from space 576K,  99% used [0x000000010c2b0000, 0x000000010c33fff0, 0x000000010c340000)
  to   space 576K,   0% used [0x000000010c220000, 0x000000010c220000, 0x000000010c2b0000)
 tenured generation   total 11520K, used 7220K [0x0000000111790000, 0x00000001122d0000, 0x000000011cb90000)
   the space 11520K,  62% used [0x0000000111790000, 0x0000000111e9d148, 0x0000000111e9d200, 0x00000001122d0000)
 compacting perm gen  total 21568K, used 21315K [0x000000011cb90000, 0x000000011e0a0000, 0x0000000121d90000)
   the space 21568K,  98% used [0x000000011cb90000, 0x000000011e060eb0, 0x000000011e061000, 0x000000011e0a0000)
No shared spaces configured.

Card table byte_map: [0x0000000121d90000,0x0000000121e41000] byte_map_base: 0x0000000121531380

Polling page: 0x00000001079fe000

Code Cache  [0x0000000108cb8000, 0x0000000108f28000, 0x000000010bcb8000)
 total_blobs=610 nmethods=268 adapters=294 free_code_cache=48189Kb largest_free_block=49322496

Compilation events (10 events):
Event: 347.016 Thread 0x00007f8e8c808800  277  s          java.lang.StringBuffer::length (5 bytes)
Event: 347.017 Thread 0x00007f8e8c808800 nmethod 277 0x0000000108d72510 code [0x0000000108d72640, 0x0000000108d72858]
Event: 423.016 Thread 0x00007f8e8b867000  278             java.util.Calendar::internalGet (7 bytes)
Event: 423.017 Thread 0x00007f8e8b867000 nmethod 278 0x0000000108da0dd0 code [0x0000000108da0f20, 0x0000000108da0fb8]
Event: 432.016 Thread 0x00007f8e8c808800  279             java.util.Calendar::complete (40 bytes)
Event: 432.016 Thread 0x00007f8e8b867000  280             java.util.Calendar::get (10 bytes)
Event: 432.017 Thread 0x00007f8e8c808800 nmethod 279 0x0000000108d72210 code [0x0000000108d72360, 0x0000000108d72438]
Event: 432.017 Thread 0x00007f8e8b867000 nmethod 280 0x0000000108d71e10 code [0x0000000108d71f60, 0x0000000108d72078]
Event: 462.016 Thread 0x00007f8e8c808800  281             java.text.SimpleDateFormat::format (171 bytes)
Event: 462.023 Thread 0x00007f8e8c808800 nmethod 281 0x0000000108d732d0 code [0x0000000108d73480, 0x0000000108d73c20]

GC Heap History (10 events):
Event: 2.865 GC heap before
{Heap before GC invocations=17 (full 1):
 def new generation   total 5248K, used 4672K [0x000000010bd90000, 0x000000010c340000, 0x0000000111790000)
  eden space 4672K, 100% used [0x000000010bd90000, 0x000000010c220000, 0x000000010c220000)
  from space 576K,   0% used [0x000000010c220000, 0x000000010c220000, 0x000000010c2b0000)
  to   space 576K,   0% used [0x000000010c2b0000, 0x000000010c2b0000, 0x000000010c340000)
 tenured generation   total 11520K, used 6209K [0x0000000111790000, 0x00000001122d0000, 0x000000011cb90000)
   the space 11520K,  53% used [0x0000000111790000, 0x0000000111da0730, 0x0000000111da0800, 0x00000001122d0000)
 compacting perm gen  total 21248K, used 19429K [0x000000011cb90000, 0x000000011e050000, 0x0000000121d90000)
   the space 21248K,  91% used [0x000000011cb90000, 0x000000011de89618, 0x000000011de89800, 0x000000011e050000)
No shared spaces configured.
Event: 2.867 GC heap after
Heap after GC invocations=18 (full 1):
 def new generation   total 5248K, used 153K [0x000000010bd90000, 0x000000010c340000, 0x0000000111790000)
  eden space 4672K,   0% used [0x000000010bd90000, 0x000000010bd90000, 0x000000010c220000)
  from space 576K,  26% used [0x000000010c2b0000, 0x000000010c2d67e8, 0x000000010c340000)
  to   space 576K,   0% used [0x000000010c220000, 0x000000010c220000, 0x000000010c2b0000)
 tenured generation   total 11520K, used 6209K [0x0000000111790000, 0x00000001122d0000, 0x000000011cb90000)
   the space 11520K,  53% used [0x0000000111790000, 0x0000000111da0730, 0x0000000111da0800, 0x00000001122d0000)
 compacting perm gen  total 21248K, used 19429K [0x000000011cb90000, 0x000000011e050000, 0x0000000121d90000)
   the space 21248K,  91% used [0x000000011cb90000, 0x000000011de89618, 0x000000011de89800, 0x000000011e050000)
No shared spaces configured.
}
Event: 2.956 GC heap before
{Heap before GC invocations=18 (full 1):
 def new generation   total 5248K, used 4825K [0x000000010bd90000, 0x000000010c340000, 0x0000000111790000)
  eden space 4672K, 100% used [0x000000010bd90000, 0x000000010c220000, 0x000000010c220000)
  from space 576K,  26% used [0x000000010c2b0000, 0x000000010c2d67e8, 0x000000010c340000)
  to   space 576K,   0% used [0x000000010c220000, 0x000000010c220000, 0x000000010c2b0000)
 tenured generation   total 11520K, used 6209K [0x0000000111790000, 0x00000001122d0000, 0x000000011cb90000)
   the space 11520K,  53% used [0x0000000111790000, 0x0000000111da0730, 0x0000000111da0800, 0x00000001122d0000)
 compacting perm gen  total 21248K, used 19593K [0x000000011cb90000, 0x000000011e050000, 0x0000000121d90000)
   the space 21248K,  92% used [0x000000011cb90000, 0x000000011deb2440, 0x000000011deb2600, 0x000000011e050000)
No shared spaces configured.
Event: 2.958 GC heap after
Heap after GC invocations=19 (full 1):
 def new generation   total 5248K, used 362K [0x000000010bd90000, 0x000000010c340000, 0x0000000111790000)
  eden space 4672K,   0% used [0x000000010bd90000, 0x000000010bd90000, 0x000000010c220000)
  from space 576K,  62% used [0x000000010c220000, 0x000000010c27aa20, 0x000000010c2b0000)
  to   space 576K,   0% used [0x000000010c2b0000, 0x000000010c2b0000, 0x000000010c340000)
 tenured generation   total 11520K, used 6209K [0x0000000111790000, 0x00000001122d0000, 0x000000011cb90000)
   the space 11520K,  53% used [0x0000000111790000, 0x0000000111da0730, 0x0000000111da0800, 0x00000001122d0000)
 compacting perm gen  total 21248K, used 19593K [0x000000011cb90000, 0x000000011e050000, 0x0000000121d90000)
   the space 21248K,  92% used [0x000000011cb90000, 0x000000011deb2440, 0x000000011deb2600, 0x000000011e050000)
No shared spaces configured.
}
Event: 3.032 GC heap before
{Heap before GC invocations=19 (full 1):
 def new generation   total 5248K, used 5034K [0x000000010bd90000, 0x000000010c340000, 0x0000000111790000)
  eden space 4672K, 100% used [0x000000010bd90000, 0x000000010c220000, 0x000000010c220000)
  from space 576K,  62% used [0x000000010c220000, 0x000000010c27aa20, 0x000000010c2b0000)
  to   space 576K,   0% used [0x000000010c2b0000, 0x000000010c2b0000, 0x000000010c340000)
 tenured generation   total 11520K, used 6209K [0x0000000111790000, 0x00000001122d0000, 0x000000011cb90000)
   the space 11520K,  53% used [0x0000000111790000, 0x0000000111da0730, 0x0000000111da0800, 0x00000001122d0000)
 compacting perm gen  total 21248K, used 19643K [0x000000011cb90000, 0x000000011e050000, 0x0000000121d90000)
   the space 21248K,  92% used [0x000000011cb90000, 0x000000011debefe8, 0x000000011debf000, 0x000000011e050000)
No shared spaces configured.
Event: 3.034 GC heap after
Heap after GC invocations=20 (full 1):
 def new generation   total 5248K, used 276K [0x000000010bd90000, 0x000000010c340000, 0x0000000111790000)
  eden space 4672K,   0% used [0x000000010bd90000, 0x000000010bd90000, 0x000000010c220000)
  from space 576K,  47% used [0x000000010c2b0000, 0x000000010c2f5198, 0x000000010c340000)
  to   space 576K,   0% used [0x000000010c220000, 0x000000010c220000, 0x000000010c2b0000)
 tenured generation   total 11520K, used 6338K [0x0000000111790000, 0x00000001122d0000, 0x000000011cb90000)
   the space 11520K,  55% used [0x0000000111790000, 0x0000000111dc08a8, 0x0000000111dc0a00, 0x00000001122d0000)
 compacting perm gen  total 21248K, used 19643K [0x000000011cb90000, 0x000000011e050000, 0x0000000121d90000)
   the space 21248K,  92% used [0x000000011cb90000, 0x000000011debefe8, 0x000000011debf000, 0x000000011e050000)
No shared spaces configured.
}
Event: 8.245 GC heap before
{Heap before GC invocations=20 (full 1):
 def new generation   total 5248K, used 4948K [0x000000010bd90000, 0x000000010c340000, 0x0000000111790000)
  eden space 4672K, 100% used [0x000000010bd90000, 0x000000010c220000, 0x000000010c220000)
  from space 576K,  47% used [0x000000010c2b0000, 0x000000010c2f5198, 0x000000010c340000)
  to   space 576K,   0% used [0x000000010c220000, 0x000000010c220000, 0x000000010c2b0000)
 tenured generation   total 11520K, used 6338K [0x0000000111790000, 0x00000001122d0000, 0x000000011cb90000)
   the space 11520K,  55% used [0x0000000111790000, 0x0000000111dc08a8, 0x0000000111dc0a00, 0x00000001122d0000)
 compacting perm gen  total 21248K, used 20429K [0x000000011cb90000, 0x000000011e050000, 0x0000000121d90000)
   the space 21248K,  96% used [0x000000011cb90000, 0x000000011df83450, 0x000000011df83600, 0x000000011e050000)
No shared spaces configured.
Event: 8.249 GC heap after
Heap after GC invocations=21 (full 1):
 def new generation   total 5248K, used 575K [0x000000010bd90000, 0x000000010c340000, 0x0000000111790000)
  eden space 4672K,   0% used [0x000000010bd90000, 0x000000010bd90000, 0x000000010c220000)
  from space 576K,  99% used [0x000000010c220000, 0x000000010c2afff8, 0x000000010c2b0000)
  to   space 576K,   0% used [0x000000010c2b0000, 0x000000010c2b0000, 0x000000010c340000)
 tenured generation   total 11520K, used 6599K [0x0000000111790000, 0x00000001122d0000, 0x000000011cb90000)
   the space 11520K,  57% used [0x0000000111790000, 0x0000000111e01fe8, 0x0000000111e02000, 0x00000001122d0000)
 compacting perm gen  total 21248K, used 20429K [0x000000011cb90000, 0x000000011e050000, 0x0000000121d90000)
   the space 21248K,  96% used [0x000000011cb90000, 0x000000011df83450, 0x000000011df83600, 0x000000011e050000)
No shared spaces configured.
}
Event: 265.441 GC heap before
{Heap before GC invocations=21 (full 1):
 def new generation   total 5248K, used 5247K [0x000000010bd90000, 0x000000010c340000, 0x0000000111790000)
  eden space 4672K, 100% used [0x000000010bd90000, 0x000000010c220000, 0x000000010c220000)
  from space 576K,  99% used [0x000000010c220000, 0x000000010c2afff8, 0x000000010c2b0000)
  to   space 576K,   0% used [0x000000010c2b0000, 0x000000010c2b0000, 0x000000010c340000)
 tenured generation   total 11520K, used 6599K [0x0000000111790000, 0x00000001122d0000, 0x000000011cb90000)
   the space 11520K,  57% used [0x0000000111790000, 0x0000000111e01fe8, 0x0000000111e02000, 0x00000001122d0000)
 compacting perm gen  total 21568K, used 21299K [0x000000011cb90000, 0x000000011e0a0000, 0x0000000121d90000)
   the space 21568K,  98% used [0x000000011cb90000, 0x000000011e05cfe0, 0x000000011e05d000, 0x000000011e0a0000)
No shared spaces configured.
Event: 265.484 GC heap after
Heap after GC invocations=22 (full 1):
 def new generation   total 5248K, used 575K [0x000000010bd90000, 0x000000010c340000, 0x0000000111790000)
  eden space 4672K,   0% used [0x000000010bd90000, 0x000000010bd90000, 0x000000010c220000)
  from space 576K,  99% used [0x000000010c2b0000, 0x000000010c33fff0, 0x000000010c340000)
  to   space 576K,   0% used [0x000000010c220000, 0x000000010c220000, 0x000000010c2b0000)
 tenured generation   total 11520K, used 7220K [0x0000000111790000, 0x00000001122d0000, 0x000000011cb90000)
   the space 11520K,  62% used [0x0000000111790000, 0x0000000111e9d148, 0x0000000111e9d200, 0x00000001122d0000)
 compacting perm gen  total 21568K, used 21299K [0x000000011cb90000, 0x000000011e0a0000, 0x0000000121d90000)
   the space 21568K,  98% used [0x000000011cb90000, 0x000000011e05cfe0, 0x000000011e05d000, 0x000000011e0a0000)
No shared spaces configured.
}

Deoptimization events (9 events):
Event: 0.752 Thread 0x00007f8e8b80a800 Uncommon trap -34 fr.pc 0x0000000108d1f458
Event: 0.976 Thread 0x00007f8e8b80a800 Uncommon trap -34 fr.pc 0x0000000108d1f458
Event: 1.122 Thread 0x00007f8e8b80a800 Uncommon trap -83 fr.pc 0x0000000108d3cb04
Event: 1.418 Thread 0x00007f8e8b80a800 Uncommon trap -34 fr.pc 0x0000000108d1f458
Event: 1.427 Thread 0x00007f8e8b80a800 Uncommon trap -34 fr.pc 0x0000000108d1f458
Event: 1.869 Thread 0x00007f8e8b80a800 Uncommon trap -83 fr.pc 0x0000000108d4a308
Event: 1.870 Thread 0x00007f8e8b80a800 Uncommon trap -83 fr.pc 0x0000000108d45f88
Event: 2.652 Thread 0x00007f8e8b80a800 Uncommon trap -83 fr.pc 0x0000000108d6ca44
Event: 321.017 Thread 0x00007f8e8c15b800 Uncommon trap -28 fr.pc 0x0000000108da16e8

Internal exceptions (10 events):
Event: 8.386 Thread 0x00007f8e8d0d5800 Threw 0x000000010c1050a0 at /HUDSON/workspace/jdk7u10-2-build-macosx-amd64-product/jdk7u10/hotspot/src/share/vm/prims/jvm.cpp:1166
Event: 8.386 Thread 0x00007f8e8d0d5800 Threw 0x000000010c108b08 at /HUDSON/workspace/jdk7u10-2-build-macosx-amd64-product/jdk7u10/hotspot/src/share/vm/prims/jvm.cpp:1166
Event: 8.386 Thread 0x00007f8e8d0d5800 Threw 0x000000010c10c1e8 at /HUDSON/workspace/jdk7u10-2-build-macosx-amd64-product/jdk7u10/hotspot/src/share/vm/prims/jvm.cpp:1166
Event: 8.386 Thread 0x00007f8e8d0d5800 Threw 0x000000010c10fa30 at /HUDSON/workspace/jdk7u10-2-build-macosx-amd64-product/jdk7u10/hotspot/src/share/vm/prims/jvm.cpp:1166
Event: 8.387 Thread 0x00007f8e8d0d5800 Threw 0x000000010c112fa8 at /HUDSON/workspace/jdk7u10-2-build-macosx-amd64-product/jdk7u10/hotspot/src/share/vm/prims/jvm.cpp:1166
Event: 8.387 Thread 0x00007f8e8d0d5800 Threw 0x000000010c1169d8 at /HUDSON/workspace/jdk7u10-2-build-macosx-amd64-product/jdk7u10/hotspot/src/share/vm/prims/jvm.cpp:1166
Event: 8.387 Thread 0x00007f8e8d0d5800 Threw 0x000000010c118450 at /HUDSON/workspace/jdk7u10-2-build-macosx-amd64-product/jdk7u10/hotspot/src/share/vm/prims/jni.cpp:716
Event: 13.645 Thread 0x00007f8e8d164800 Threw 0x000000010c150cf8 at /HUDSON/workspace/jdk7u10-2-build-macosx-amd64-product/jdk7u10/hotspot/src/share/vm/runtime/reflection.
Event: 502.073 Thread 0x00007f8e8d0f6000 Threw 0x000000010be6f950 at /HUDSON/workspace/jdk7u10-2-build-macosx-amd64-product/jdk7u10/hotspot/src/share/vm/prims/jni.cpp:716
Event: 502.074 Thread 0x00007f8e8b87b800 Threw 0x000000010be6e810 at /HUDSON/workspace/jdk7u10-2-build-macosx-amd64-product/jdk7u10/hotspot/src/share/vm/prims/jvm.cpp:1166

Events (10 events):
Event: 502.070 loading class 0x00007f8e8b46a9f0
Event: 502.070 loading class 0x00007f8e8b46aa30
Event: 502.070 loading class 0x00007f8e8b46aa30 done
Event: 502.070 loading class 0x00007f8e8b46a9f0 done
Event: 502.070 Thread 0x00007f8e8c171000 Thread added: 0x00007f8e8c171000
Event: 502.070 Thread 0x00007f8e8b87b800 Thread added: 0x00007f8e8b87b800
Event: 502.072 Thread 0x00007f8e8c171000 Thread exited: 0x00007f8e8c171000
Event: 502.073 loading class 0x00007f8e8b5fbca0
Event: 502.073 loading class 0x00007f8e8d851ff0
Event: 502.073 loading class 0x00007f8e8d851ff0 done


Dynamic libraries:
0x00000000045a5000 	/System/Library/Frameworks/Cocoa.framework/Versions/A/Cocoa
0x00000000045a5000 	/System/Library/Frameworks/Security.framework/Versions/A/Security
0x00000000045a5000 	/System/Library/Frameworks/ApplicationServices.framework/Versions/A/ApplicationServices
0x00000000045a5000 	/usr/lib/libz.1.dylib
0x00000000045a5000 	/usr/lib/libSystem.B.dylib
0x00000000045a5000 	/usr/lib/libobjc.A.dylib
0x00000000045a5000 	/System/Library/Frameworks/CoreFoundation.framework/Versions/A/CoreFoundation
0x00000000045a5000 	/System/Library/Frameworks/AppKit.framework/Versions/C/AppKit
0x00000000045a5000 	/System/Library/Frameworks/CoreData.framework/Versions/A/CoreData
0x00000000045a5000 	/System/Library/Frameworks/Foundation.framework/Versions/C/Foundation
0x00000000045a5000 	/System/Library/PrivateFrameworks/RemoteViewServices.framework/Versions/A/RemoteViewServices
0x00000000045a5000 	/System/Library/Frameworks/AudioToolbox.framework/Versions/A/AudioToolbox
0x00000000045a5000 	/System/Library/Frameworks/AudioUnit.framework/Versions/A/AudioUnit
0x00000000045a5000 	/System/Library/PrivateFrameworks/DataDetectorsCore.framework/Versions/A/DataDetectorsCore
0x00000000045a5000 	/System/Library/PrivateFrameworks/DesktopServicesPriv.framework/Versions/A/DesktopServicesPriv
0x00000000045a5000 	/System/Library/Frameworks/Carbon.framework/Versions/A/Frameworks/HIToolbox.framework/Versions/A/HIToolbox
0x00000000045a5000 	/System/Library/Frameworks/QuartzCore.framework/Versions/A/QuartzCore
0x00000000045a5000 	/System/Library/Frameworks/Carbon.framework/Versions/A/Frameworks/SpeechRecognition.framework/Versions/A/SpeechRecognition
0x00000000045a5000 	/usr/lib/libauto.dylib
0x00000000045a5000 	/usr/lib/libicucore.A.dylib
0x00000000045a5000 	/usr/lib/libxml2.2.dylib
0x00000000045a5000 	/System/Library/PrivateFrameworks/CoreUI.framework/Versions/A/CoreUI
0x00000000045a5000 	/System/Library/Frameworks/CoreAudio.framework/Versions/A/CoreAudio
0x00000000045a5000 	/System/Library/Frameworks/DiskArbitration.framework/Versions/A/DiskArbitration
0x00000000045a5000 	/usr/lib/liblangid.dylib
0x00000000045a5000 	/System/Library/PrivateFrameworks/MultitouchSupport.framework/Versions/A/MultitouchSupport
0x00000000045a5000 	/System/Library/Frameworks/IOKit.framework/Versions/A/IOKit
0x00000000045a5000 	/usr/lib/libDiagnosticMessagesClient.dylib
0x00000000045a5000 	/System/Library/Frameworks/CoreServices.framework/Versions/A/CoreServices
0x00000000045a5000 	/System/Library/PrivateFrameworks/PerformanceAnalysis.framework/Versions/A/PerformanceAnalysis
0x00000000045a5000 	/System/Library/PrivateFrameworks/GenerationalStorage.framework/Versions/A/GenerationalStorage
0x00000000045a5000 	/System/Library/Frameworks/OpenGL.framework/Versions/A/OpenGL
0x00000000045a5000 	/System/Library/PrivateFrameworks/Sharing.framework/Versions/A/Sharing
0x00000000045a5000 	/System/Library/Frameworks/ImageIO.framework/Versions/A/ImageIO
0x00000000045a5000 	/System/Library/Frameworks/CoreText.framework/Versions/A/CoreText
0x00000000045a5000 	/System/Library/Frameworks/CoreGraphics.framework/Versions/A/CoreGraphics
0x00000000045a5000 	/System/Library/PrivateFrameworks/Backup.framework/Versions/A/Backup
0x00000000045a5000 	/System/Library/Frameworks/CFNetwork.framework/Versions/A/CFNetwork
0x00000000045a5000 	/System/Library/Frameworks/SystemConfiguration.framework/Versions/A/SystemConfiguration
0x00000000045a5000 	/usr/lib/libCRFSuite.dylib
0x00000000045a5000 	/usr/lib/libc++.1.dylib
0x00000000045a5000 	/usr/lib/libc++abi.dylib
0x00000000045a5000 	/usr/lib/system/libcache.dylib
0x00000000045a5000 	/usr/lib/system/libcommonCrypto.dylib
0x00000000045a5000 	/usr/lib/system/libcompiler_rt.dylib
0x00000000045a5000 	/usr/lib/system/libcopyfile.dylib
0x00000000045a5000 	/usr/lib/system/libcorecrypto.dylib
0x00000000045a5000 	/usr/lib/system/libdispatch.dylib
0x00000000045a5000 	/usr/lib/system/libdyld.dylib
0x00000000045a5000 	/usr/lib/system/libkeymgr.dylib
0x00000000045a5000 	/usr/lib/system/liblaunch.dylib
0x00000000045a5000 	/usr/lib/system/libmacho.dylib
0x00000000045a5000 	/usr/lib/system/libquarantine.dylib
0x00000000045a5000 	/usr/lib/system/libremovefile.dylib
0x00000000045a5000 	/usr/lib/system/libsystem_asl.dylib
0x00000000045a5000 	/usr/lib/system/libsystem_blocks.dylib
0x00000000045a5000 	/usr/lib/system/libsystem_c.dylib
0x00000000045a5000 	/usr/lib/system/libsystem_configuration.dylib
0x00000000045a5000 	/usr/lib/system/libsystem_dnssd.dylib
0x00000000045a5000 	/usr/lib/system/libsystem_info.dylib
0x00000000045a5000 	/usr/lib/system/libsystem_kernel.dylib
0x00000000045a5000 	/usr/lib/system/libsystem_m.dylib
0x00000000045a5000 	/usr/lib/system/libsystem_malloc.dylib
0x00000000045a5000 	/usr/lib/system/libsystem_network.dylib
0x00000000045a5000 	/usr/lib/system/libsystem_notify.dylib
0x00000000045a5000 	/usr/lib/system/libsystem_platform.dylib
0x00000000045a5000 	/usr/lib/system/libsystem_pthread.dylib
0x00000000045a5000 	/usr/lib/system/libsystem_sandbox.dylib
0x00000000045a5000 	/usr/lib/system/libsystem_stats.dylib
0x00000000045a5000 	/usr/lib/system/libunc.dylib
0x00000000045a5000 	/usr/lib/system/libunwind.dylib
0x00000000045a5000 	/usr/lib/system/libxpc.dylib
0x00000000045a5000 	/usr/lib/libbsm.0.dylib
0x00000000045a5000 	/usr/lib/libsqlite3.dylib
0x00000000045a5000 	/usr/lib/libxar.1.dylib
0x00000000045a5000 	/usr/lib/libpam.2.dylib
0x00000000045a5000 	/usr/lib/libOpenScriptingUtil.dylib
0x00000000045a5000 	/usr/lib/libbz2.1.0.dylib
0x00000000045a5000 	/System/Library/Frameworks/CoreServices.framework/Versions/A/Frameworks/CarbonCore.framework/Versions/A/CarbonCore
0x00000000045a5000 	/System/Library/Frameworks/CoreServices.framework/Versions/A/Frameworks/Metadata.framework/Versions/A/Metadata
0x00000000045a5000 	/System/Library/Frameworks/CoreServices.framework/Versions/A/Frameworks/OSServices.framework/Versions/A/OSServices
0x00000000045a5000 	/System/Library/Frameworks/CoreServices.framework/Versions/A/Frameworks/SearchKit.framework/Versions/A/SearchKit
0x00000000045a5000 	/System/Library/Frameworks/CoreServices.framework/Versions/A/Frameworks/AE.framework/Versions/A/AE
0x00000000045a5000 	/System/Library/Frameworks/CoreServices.framework/Versions/A/Frameworks/LaunchServices.framework/Versions/A/LaunchServices
0x00000000045a5000 	/System/Library/Frameworks/CoreServices.framework/Versions/A/Frameworks/DictionaryServices.framework/Versions/A/DictionaryServices
0x00000000045a5000 	/System/Library/Frameworks/NetFS.framework/Versions/A/NetFS
0x00000000045a5000 	/usr/lib/system/libkxld.dylib
0x00000000045a5000 	/System/Library/PrivateFrameworks/NetAuth.framework/Versions/A/NetAuth
0x00000000045a5000 	/System/Library/PrivateFrameworks/TCC.framework/Versions/A/TCC
0x00000000045a5000 	/System/Library/Frameworks/OpenDirectory.framework/Versions/A/Frameworks/CFOpenDirectory.framework/Versions/A/CFOpenDirectory
0x00000000045a5000 	/System/Library/Frameworks/ServiceManagement.framework/Versions/A/ServiceManagement
0x00000000045a5000 	/usr/lib/libxslt.1.dylib
0x00000000045a5000 	/System/Library/Frameworks/Carbon.framework/Versions/A/Frameworks/Ink.framework/Versions/A/Ink
0x00000000045a5000 	/System/Library/Frameworks/ApplicationServices.framework/Versions/A/Frameworks/ATS.framework/Versions/A/ATS
0x00000000045a5000 	/System/Library/Frameworks/ApplicationServices.framework/Versions/A/Frameworks/ColorSync.framework/Versions/A/ColorSync
0x00000000045a5000 	/System/Library/Frameworks/ApplicationServices.framework/Versions/A/Frameworks/HIServices.framework/Versions/A/HIServices
0x00000000045a5000 	/System/Library/Frameworks/ApplicationServices.framework/Versions/A/Frameworks/LangAnalysis.framework/Versions/A/LangAnalysis
0x00000000045a5000 	/System/Library/Frameworks/ApplicationServices.framework/Versions/A/Frameworks/PrintCore.framework/Versions/A/PrintCore
0x00000000045a5000 	/System/Library/Frameworks/ApplicationServices.framework/Versions/A/Frameworks/QD.framework/Versions/A/QD
0x00000000045a5000 	/System/Library/Frameworks/ApplicationServices.framework/Versions/A/Frameworks/SpeechSynthesis.framework/Versions/A/SpeechSynthesis
0x00000000045a5000 	/System/Library/Frameworks/IOSurface.framework/Versions/A/IOSurface
0x00000000045a5000 	/System/Library/Frameworks/Accelerate.framework/Versions/A/Accelerate
0x00000000045a5000 	/System/Library/Frameworks/Accelerate.framework/Versions/A/Frameworks/vImage.framework/Versions/A/vImage
0x00000000045a5000 	/System/Library/Frameworks/Accelerate.framework/Versions/A/Frameworks/vecLib.framework/Versions/A/vecLib
0x00000000045a5000 	/System/Library/Frameworks/Accelerate.framework/Versions/A/Frameworks/vecLib.framework/Versions/A/libvDSP.dylib
0x00000000045a5000 	/System/Library/Frameworks/Accelerate.framework/Versions/A/Frameworks/vecLib.framework/Versions/A/libvMisc.dylib
0x00000000045a5000 	/System/Library/Frameworks/Accelerate.framework/Versions/A/Frameworks/vecLib.framework/Versions/A/libLAPACK.dylib
0x00000000045a5000 	/System/Library/Frameworks/Accelerate.framework/Versions/A/Frameworks/vecLib.framework/Versions/A/libBLAS.dylib
0x00000000045a5000 	/System/Library/Frameworks/ApplicationServices.framework/Versions/A/Frameworks/ATS.framework/Versions/A/Resources/libFontParser.dylib
0x00000000045a5000 	/System/Library/Frameworks/ApplicationServices.framework/Versions/A/Frameworks/ATS.framework/Versions/A/Resources/libFontRegistry.dylib
0x00000000045a5000 	/System/Library/Frameworks/ImageIO.framework/Versions/A/Resources/libJPEG.dylib
0x00000000045a5000 	/System/Library/Frameworks/ImageIO.framework/Versions/A/Resources/libTIFF.dylib
0x00000000045a5000 	/System/Library/Frameworks/ImageIO.framework/Versions/A/Resources/libPng.dylib
0x00000000045a5000 	/System/Library/Frameworks/ImageIO.framework/Versions/A/Resources/libGIF.dylib
0x00000000045a5000 	/System/Library/Frameworks/ImageIO.framework/Versions/A/Resources/libJP2.dylib
0x00000000045a5000 	/System/Library/Frameworks/ImageIO.framework/Versions/A/Resources/libRadiance.dylib
0x00000000045a5000 	/usr/lib/libcups.2.dylib
0x00000000045a5000 	/System/Library/Frameworks/Kerberos.framework/Versions/A/Kerberos
0x00000000045a5000 	/System/Library/Frameworks/GSS.framework/Versions/A/GSS
0x00000000045a5000 	/usr/lib/libresolv.9.dylib
0x00000000045a5000 	/usr/lib/libiconv.2.dylib
0x00000000045a5000 	/System/Library/PrivateFrameworks/Heimdal.framework/Versions/A/Heimdal
0x00000000045a5000 	/System/Library/PrivateFrameworks/TrustEvaluationAgent.framework/Versions/A/TrustEvaluationAgent
0x00000000045a5000 	/usr/lib/libheimdal-asn1.dylib
0x00000000045a5000 	/System/Library/Frameworks/OpenDirectory.framework/Versions/A/OpenDirectory
0x00000000045a5000 	/System/Library/PrivateFrameworks/CommonAuth.framework/Versions/A/CommonAuth
0x00000000045a5000 	/System/Library/Frameworks/SecurityFoundation.framework/Versions/A/SecurityFoundation
0x00000000045a5000 	/System/Library/PrivateFrameworks/Bom.framework/Versions/A/Bom
0x00000000045a5000 	/System/Library/Frameworks/CoreVideo.framework/Versions/A/CoreVideo
0x00000000045a5000 	/System/Library/Frameworks/QuartzCore.framework/Versions/A/Frameworks/CoreImage.framework/Versions/A/CoreImage
0x00000000045a5000 	/System/Library/Frameworks/QuartzCore.framework/Versions/A/Frameworks/ScalableUserInterface.framework/Versions/A/ScalableUserInterface
0x00000000045a5000 	/System/Library/Frameworks/OpenGL.framework/Versions/A/Libraries/libGLU.dylib
0x00000000045a5000 	/System/Library/Frameworks/OpenGL.framework/Versions/A/Libraries/libGFXShared.dylib
0x00000000045a5000 	/System/Library/Frameworks/OpenGL.framework/Versions/A/Libraries/libGL.dylib
0x00000000045a5000 	/System/Library/Frameworks/OpenGL.framework/Versions/A/Libraries/libGLImage.dylib
0x00000000045a5000 	/System/Library/Frameworks/OpenGL.framework/Versions/A/Libraries/libCVMSPluginSupport.dylib
0x00000000045a5000 	/System/Library/Frameworks/OpenGL.framework/Versions/A/Libraries/libCoreVMClient.dylib
0x00000000045a5000 	/System/Library/PrivateFrameworks/FaceCore.framework/Versions/A/FaceCore
0x00000000045a5000 	/System/Library/PrivateFrameworks/CrashReporterSupport.framework/Versions/A/CrashReporterSupport
0x00000000045a5000 	/System/Library/Frameworks/OpenCL.framework/Versions/A/OpenCL
0x00000000045a5000 	/System/Library/PrivateFrameworks/AppleFSCompression.framework/Versions/A/AppleFSCompression
0x00000000045a5000 	/System/Library/PrivateFrameworks/Ubiquity.framework/Versions/A/Ubiquity
0x00000000045a5000 	/System/Library/PrivateFrameworks/IconServices.framework/Versions/A/IconServices
0x00000000045a5000 	/System/Library/PrivateFrameworks/ChunkingLibrary.framework/Versions/A/ChunkingLibrary
0x00000000045a5000 	/System/Library/PrivateFrameworks/CoreSymbolication.framework/Versions/A/CoreSymbolication
0x00000000045a5000 	/System/Library/PrivateFrameworks/Symbolication.framework/Versions/A/Symbolication
0x00000000045a5000 	/System/Library/PrivateFrameworks/DebugSymbols.framework/Versions/A/DebugSymbols
0x0000000108200000 	/Library/Java/JavaVirtualMachines/jdk1.7.0_10.jdk/Contents/Home/jre/lib/server/libjvm.dylib
0x00000000045a5000 	/usr/lib/libstdc++.6.dylib
0x00000001079c1000 	/Library/Java/JavaVirtualMachines/jdk1.7.0_10.jdk/Contents/Home/jre/lib/libverify.dylib
0x00000001079ce000 	/Library/Java/JavaVirtualMachines/jdk1.7.0_10.jdk/Contents/Home/jre/lib/libjava.dylib
0x0000000108caf000 	/Library/Java/JavaVirtualMachines/jdk1.7.0_10.jdk/Contents/Home/jre/lib/libzip.dylib
0x0000000122428000 	/System/Library/Frameworks/JavaVM.framework/Frameworks/JavaRuntimeSupport.framework/JavaRuntimeSupport
0x0000000122440000 	/System/Library/Frameworks/JavaVM.framework/Versions/A/Frameworks/JavaNativeFoundation.framework/Versions/A/JavaNativeFoundation
0x0000000122455000 	/System/Library/Frameworks/JavaVM.framework/Versions/A/JavaVM
0x00000000045a5000 	/System/Library/Frameworks/Carbon.framework/Versions/A/Carbon
0x0000000122462000 	/System/Library/PrivateFrameworks/JavaLaunching.framework/Versions/A/JavaLaunching
0x00000000045a5000 	/System/Library/Frameworks/Carbon.framework/Versions/A/Frameworks/CommonPanels.framework/Versions/A/CommonPanels
0x00000000045a5000 	/System/Library/Frameworks/Carbon.framework/Versions/A/Frameworks/Help.framework/Versions/A/Help
0x00000000045a5000 	/System/Library/Frameworks/Carbon.framework/Versions/A/Frameworks/ImageCapture.framework/Versions/A/ImageCapture
0x00000000045a5000 	/System/Library/Frameworks/Carbon.framework/Versions/A/Frameworks/OpenScripting.framework/Versions/A/OpenScripting
0x00000000045a5000 	/System/Library/Frameworks/Carbon.framework/Versions/A/Frameworks/Print.framework/Versions/A/Print
0x00000000045a5000 	/System/Library/Frameworks/Carbon.framework/Versions/A/Frameworks/SecurityHI.framework/Versions/A/SecurityHI
0x0000000122c33000 	/Library/Java/JavaVirtualMachines/jdk1.7.0_10.jdk/Contents/Home/jre/lib/libnio.dylib
0x0000000122c42000 	/Library/Java/JavaVirtualMachines/jdk1.7.0_10.jdk/Contents/Home/jre/lib/./libnet.dylib
0x0000000122afe000 	/Library/Java/JavaVirtualMachines/jdk1.7.0_10.jdk/Contents/Home/jre/lib/libmanagement.dylib

VM Arguments:
java_command: usage-0.0.1-SNAPSHOT.jar server usage.yml
Launcher Type: SUN_STANDARD

Environment Variables:
PATH=/usr/bin:/bin:/usr/sbin:/sbin:/usr/local/bin:/opt/X11/bin
SHELL=/bin/bash
DISPLAY=/tmp/launch-8bzTXb/org.macosforge.xquartz:0

Signal Handlers:
SIGSEGV: [libjvm.dylib+0x4a363d], sa_mask[0]=0xfffefeff, sa_flags=0x00000042
SIGBUS: [libjvm.dylib+0x4a363d], sa_mask[0]=0xfffefeff, sa_flags=0x00000042
SIGFPE: [libjvm.dylib+0x3b3051], sa_mask[0]=0xfffefeff, sa_flags=0x00000042
SIGPIPE: [libjvm.dylib+0x3b3051], sa_mask[0]=0xfffefeff, sa_flags=0x00000042
SIGXFSZ: [libjvm.dylib+0x3b3051], sa_mask[0]=0xfffefeff, sa_flags=0x00000042
SIGILL: [libjvm.dylib+0x3b3051], sa_mask[0]=0xfffefeff, sa_flags=0x00000042
SIGUSR1: SIG_DFL, sa_mask[0]=0x63807efb, sa_flags=0x00000000
SIGUSR2: [libjvm.dylib+0x3b2bea], sa_mask[0]=0x00000000, sa_flags=0x00000042
SIGHUP: [libjvm.dylib+0x3b0e4b], sa_mask[0]=0xfffefeff, sa_flags=0x00000042
SIGINT: [libjvm.dylib+0x3b0e4b], sa_mask[0]=0xfffefeff, sa_flags=0x00000042
SIGTERM: [libjvm.dylib+0x3b0e4b], sa_mask[0]=0xfffefeff, sa_flags=0x00000042
SIGQUIT: [libjvm.dylib+0x3b0e4b], sa_mask[0]=0xfffefeff, sa_flags=0x00000042


---------------  S Y S T E M  ---------------

OS:Bsduname:Darwin 13.4.0 Darwin Kernel Version 13.4.0: Sun Aug 17 19:50:11 PDT 2014; root:xnu-2422.115.4~1/RELEASE_X86_64 x86_64
rlimit: STACK 8192k, CORE 0k, NPROC 709, NOFILE 10240, AS infinity
load average:1.84 1.53 1.44

CPU:total 4 (2 cores per cpu, 2 threads per core) family 6 model 37 stepping 2, cmov, cx8, fxsr, mmx, sse, sse2, sse3, ssse3, sse4.1, sse4.2, popcnt, ht, tsc, tscinvbit

Memory: 4k page, physical 1098988k(274747k free)

/proc/meminfo:


vm_info: Java HotSpot(TM) 64-Bit Server VM (23.6-b04) for bsd-amd64 JRE (1.7.0_10-b18), built on Nov 28 2012 07:52:20 by "java_re" with gcc 4.2.1 (Based on Apple Inc. build 5658) (LLVM build 2336.9.00)

time: Thu Nov 13 11:08:11 2014
elapsed time: 502 seconds

