#
# A fatal error has been detected by the Java Runtime Environment:
#
#  SIGBUS (0xa) at pc=0x000000010db7e15e, pid=7513, tid=26371
#
# JRE version: 7.0_10-b18
# Java VM: Java HotSpot(TM) 64-Bit Server VM (23.6-b04 mixed mode bsd-amd64 compressed oops)
# Problematic frame:
# C  [libzip.dylib+0x315e]  newEntry+0x154
#
# Failed to write core dump. Core dumps have been disabled. To enable core dumping, try "ulimit -c unlimited" before starting Java again
#
# If you would like to submit a bug report, please visit:
#   http://bugreport.sun.com/bugreport/crash.jsp
# The crash happened outside the Java Virtual Machine in native code.
# See problematic frame for where to report the bug.
#

---------------  T H R E A D  ---------------

Current thread (0x00007fa2d315c800):  JavaThread "Thread-12" [_thread_in_native, id=26371, stack(0x00000001148b2000,0x00000001149b2000)]

siginfo:si_signo=SIGBUS: si_errno=0, si_code=2 (BUS_ADRERR), si_addr=0x0000000112e64677

Registers:
RAX=0x00007fa2d1e14f30, RBX=0x0000000112e6466b, RCX=0x00000000ffff0001, RDX=0x0000000000000000
RSP=0x00000001149aff10, RBP=0x00000001149aff70, RSI=0x0000000000000048, RDI=0x000000010da0aa00
R8 =0x000000000000006f, R9 =0x0000000000000020, R10=0x000000010f025398, R11=0xfffffff92a88cade
R12=0x0000000000004173, R13=0x0000000112dad000, R14=0x00007fa2d1e14f30, R15=0x00000000000015d1
RIP=0x000000010db7e15e, EFLAGS=0x0000000000010202, ERR=0x0000000000000004
  TRAPNO=0x000000000000000e

Top of Stack: (sp=0x00000001149aff10)
0x00000001149aff10:   0000000100000000 000000000db7d62a
0x00000001149aff20:   00007fff75329940 00000007faf07940
0x00000001149aff30:   00000001149aff50 00007fa2d1e14f30
0x00000001149aff40:   00007fa2d1ee8520 000000009ac6435b
0x00000001149aff50:   0000000000004173 0000000112dad000
0x00000001149aff60:   00007fa2d1e14f30 00000000000015d1
0x00000001149aff70:   00000001149affc0 000000010db7e7d0
0x00000001149aff80:   000000000000002b 0000002bd315c800
0x00000001149aff90:   00000001149affde 00000001149b0428
0x00000001149affa0:   000000000000002b 00000001149affde
0x00000001149affb0:   00007fa2d1e14f30 00007fa2d315c9d8
0x00000001149affc0:   00000001149b0410 000000010db7d62a
0x00000001149affd0:   0000000000000000 726f000100000001
0x00000001149affe0:   7370696c63652f67 2f797474656a2f65
0x00000001149afff0:   7475462f6c697475 626c6c6143657275
0x00000001149b0000:   73616c632e6b6361 00000001149b0073
0x00000001149b0010:   0000000000000004 00000001149b01b7
0x00000001149b0020:   0000000000000009 0000000000000000
0x00000001149b0030:   0000000000000000 5800000000000000
0x00000001149b0040:   0000000000000000 0000000000000000
0x00000001149b0050:   0000000000000000 0000000000000000
0x00000001149b0060:   0000000000000000 0000000000000000
0x00000001149b0070:   2d00321619095e30 58007fff75329940
0x00000001149b0080:   0000000000000000 ffffffffffffffff
0x00000001149b0090:   00000001149b0750 00000001149b0280
0x00000001149b00a0:   00000001149b0100 00007fa2d315c800
0x00000001149b00b0:   0000000000000000 00007fa2d4141830
0x00000001149b00c0:   00000007ea1231e0 0000000000000000
0x00000001149b00d0:   00000007ea123290 00007fa20000000c
0x00000001149b00e0:   0000000000000000 00007fa2d41417f8
0x00000001149b00f0:   00000007ea1230b8 00007fa2d1ee84a0
0x00000001149b0100:   00007fa2d1f80380 00007fa2d1f80390 

Instructions: (pc=0x000000010db7e15e)
0x000000010db7e13e:   49 8b 7f 38 e8 83 19 00 00 4d 89 77 38 49 89 5f
0x000000010db7e14e:   40 4c 89 f0 48 85 c0 0f 84 16 05 00 00 48 89 c3
0x000000010db7e15e:   0f b6 43 0c 0f b6 4b 0d 48 c1 e1 08 48 01 c1 0f
0x000000010db7e16e:   b6 43 0e 0f b6 53 0f 48 c1 e2 08 48 01 c2 48 c1 

Register to memory mapping:

RAX=0x00007fa2d1e14f30 is an unknown value
RBX=0x0000000112e6466b is an unknown value
RCX=0x00000000ffff0001 is an unknown value
RDX=0x0000000000000000 is an unknown value
RSP=0x00000001149aff10 is pointing into the stack for thread: 0x00007fa2d315c800
RBP=0x00000001149aff70 is pointing into the stack for thread: 0x00007fa2d315c800
RSI=0x0000000000000048 is an unknown value
RDI=0x000000010da0aa00 is an unknown value
R8 =0x000000000000006f is an unknown value
R9 =0x0000000000000020 is an unknown value
R10=0x000000010f0251d0 [CodeBlob (0x000000010f0251d0)]
Framesize: 10
R11=0xfffffff92a88cade is an unknown value
R12=0x0000000000004173 is an unknown value
R13=0x0000000112dad000 is an unknown value
R14=0x00007fa2d1e14f30 is an unknown value
R15=0x00000000000015d1 is an unknown value


Stack: [0x00000001148b2000,0x00000001149b2000],  sp=0x00000001149aff10,  free space=1015k
Native frames: (J=compiled Java code, j=interpreted, Vv=VM code, C=native code)
C  [libzip.dylib+0x315e]  newEntry+0x154
C  [libzip.dylib+0x37d0]  ZIP_GetEntry+0xa2
C  [libzip.dylib+0x262a]  Java_java_util_zip_ZipFile_getEntry+0xdd
J  java.util.zip.ZipFile.getEntry(J[BZ)J

Java frames: (J=compiled Java code, j=interpreted, Vv=VM code)
J  java.util.zip.ZipFile.getEntry(J[BZ)J
J  java.util.jar.JarFile.getEntry(Ljava/lang/String;)Ljava/util/zip/ZipEntry;
J  sun.misc.URLClassPath.getResource(Ljava/lang/String;Z)Lsun/misc/Resource;
j  java.net.URLClassLoader$1.run()Ljava/lang/Class;+26
j  java.net.URLClassLoader$1.run()Ljava/lang/Object;+1
v  ~StubRoutines::call_stub
j  java.security.AccessController.doPrivileged(Ljava/security/PrivilegedExceptionAction;Ljava/security/AccessControlContext;)Ljava/lang/Object;+0
j  java.net.URLClassLoader.findClass(Ljava/lang/String;)Ljava/lang/Class;+13
j  java.lang.ClassLoader.loadClass(Ljava/lang/String;Z)Ljava/lang/Class;+70
j  sun.misc.Launcher$AppClassLoader.loadClass(Ljava/lang/String;Z)Ljava/lang/Class;+36
j  java.lang.ClassLoader.loadClass(Ljava/lang/String;)Ljava/lang/Class;+3
v  ~StubRoutines::call_stub
j  org.eclipse.jetty.server.AbstractConnector.shutdown()Ljava/util/concurrent/Future;+0
j  org.eclipse.jetty.server.AbstractNetworkConnector.shutdown()Ljava/util/concurrent/Future;+5
j  org.eclipse.jetty.server.ServerConnector.shutdown()Ljava/util/concurrent/Future;+1
j  org.eclipse.jetty.server.Server.doStop()V+60
j  org.eclipse.jetty.util.component.AbstractLifeCycle.stop()V+30
j  org.eclipse.jetty.util.thread.ShutdownThread.run()V+41
v  ~StubRoutines::call_stub

---------------  P R O C E S S  ---------------

Java Threads: ( => current thread )
=>0x00007fa2d315c800 JavaThread "Thread-12" [_thread_in_native, id=26371, stack(0x00000001148b2000,0x00000001149b2000)]
  0x00007fa2d2967000 JavaThread "SIGINT handler" daemon [_thread_blocked, id=25859, stack(0x00000001126d8000,0x00000001127d8000)]
  0x00007fa2d3ac7800 JavaThread "dw-admin-53" [_thread_blocked, id=25603, stack(0x00000001133b2000,0x00000001134b2000)]
  0x00007fa2d32c6800 JavaThread "Scheduler-489230494" [_thread_blocked, id=10503, stack(0x0000000114676000,0x0000000114776000)]
  0x00007fa2d29a9000 JavaThread "dw-admin-28-acceptor-1-admin@3bb6331e{HTTP/1.1}{0.0.0.0:8081}" [_thread_blocked, id=19971, stack(0x0000000114573000,0x0000000114673000)]
  0x00007fa2d299f000 JavaThread "DestroyJavaVM" [_thread_blocked, id=3847, stack(0x000000010eea8000,0x000000010efa8000)]
  0x00007fa2d32c6000 JavaThread "dw-admin-26-acceptor-0-admin@3bb6331e{HTTP/1.1}{0.0.0.0:8081}" [_thread_in_native, id=19715, stack(0x0000000114470000,0x0000000114570000)]
  0x00007fa2d3125800 JavaThread "dw-admin-25-selector-3" [_thread_in_native, id=19459, stack(0x000000011436d000,0x000000011446d000)]
  0x00007fa2d20c7000 JavaThread "dw-admin-24-selector-2" [_thread_in_native, id=19203, stack(0x000000011426a000,0x000000011436a000)]
  0x00007fa2d299e000 JavaThread "dw-admin-23-selector-1" [_thread_in_native, id=18947, stack(0x0000000114167000,0x0000000114267000)]
  0x00007fa2d3820000 JavaThread "dw-admin-22-selector-0" [_thread_in_native, id=18691, stack(0x0000000114064000,0x0000000114164000)]
  0x00007fa2d38b9800 JavaThread "dw-19" [_thread_blocked, id=18435, stack(0x0000000113f61000,0x0000000114061000)]
  0x00007fa2d38b8800 JavaThread "dw-18" [_thread_blocked, id=18179, stack(0x0000000113e5e000,0x0000000113f5e000)]
  0x00007fa2d2998800 JavaThread "dw-17" [_thread_blocked, id=17923, stack(0x0000000113d5b000,0x0000000113e5b000)]
  0x00007fa2d2991000 JavaThread "dw-16" [_thread_blocked, id=17667, stack(0x0000000113c58000,0x0000000113d58000)]
  0x00007fa2d2996000 JavaThread "dw-15-selector-3" [_thread_in_native, id=17411, stack(0x0000000113b55000,0x0000000113c55000)]
  0x00007fa2d212f800 JavaThread "dw-14-selector-2" [_thread_in_native, id=17155, stack(0x0000000113a52000,0x0000000113b52000)]
  0x00007fa2d201d000 JavaThread "dw-13-selector-1" [_thread_in_native, id=16899, stack(0x000000011394f000,0x0000000113a4f000)]
  0x00007fa2d2994800 JavaThread "dw-12-selector-0" [_thread_in_native, id=16643, stack(0x000000011384c000,0x000000011394c000)]
  0x00007fa2d2974800 JavaThread "DateCache" daemon [_thread_blocked, id=16387, stack(0x0000000113749000,0x0000000113849000)]
  0x00007fa2d2986800 JavaThread "async-console-appender-2" [_thread_blocked, id=16131, stack(0x0000000113646000,0x0000000113746000)]
  0x00007fa2d3915800 JavaThread "async-console-appender-1" [_thread_blocked, id=15875, stack(0x0000000113543000,0x0000000113643000)]
  0x00007fa2d3019000 JavaThread "Service Thread" daemon [_thread_blocked, id=15363, stack(0x0000000112ae7000,0x0000000112be7000)]
  0x00007fa2d284a800 JavaThread "C2 CompilerThread1" daemon [_thread_blocked, id=15107, stack(0x00000001129e4000,0x0000000112ae4000)]
  0x00007fa2d2849800 JavaThread "C2 CompilerThread0" daemon [_thread_blocked, id=14851, stack(0x00000001128e1000,0x00000001129e1000)]
  0x00007fa2d2848800 JavaThread "Signal Dispatcher" daemon [_thread_blocked, id=14595, stack(0x00000001127de000,0x00000001128de000)]
  0x00007fa2d282b800 JavaThread "Finalizer" daemon [_thread_blocked, id=9263, stack(0x000000011258f000,0x000000011268f000)]
  0x00007fa2d282a800 JavaThread "Reference Handler" daemon [_thread_blocked, id=271, stack(0x000000011248c000,0x000000011258c000)]

Other Threads:
  0x00007fa2d2828000 VMThread [stack: 0x0000000112389000,0x0000000112489000] [id=523]
  0x00007fa2d2005000 WatcherThread [stack: 0x0000000112bea000,0x0000000112cea000] [id=15619]

VM state:not at safepoint (normal execution)

VM Mutex/Monitor currently owned by a thread: None

Heap
 def new generation   total 5184K, used 3854K [0x00000007e9e00000, 0x00000007ea3a0000, 0x00000007ef8a0000)
  eden space 4608K,  71% used [0x00000007e9e00000, 0x00000007ea133820, 0x00000007ea280000)
  from space 576K,  99% used [0x00000007ea280000, 0x00000007ea30fff8, 0x00000007ea310000)
  to   space 576K,   0% used [0x00000007ea310000, 0x00000007ea310000, 0x00000007ea3a0000)
 tenured generation   total 11648K, used 11289K [0x00000007ef8a0000, 0x00000007f0400000, 0x00000007fae00000)
   the space 11648K,  96% used [0x00000007ef8a0000, 0x00000007f03a6450, 0x00000007f03a6600, 0x00000007f0400000)
 compacting perm gen  total 21248K, used 21151K [0x00000007fae00000, 0x00000007fc2c0000, 0x0000000800000000)
   the space 21248K,  99% used [0x00000007fae00000, 0x00000007fc2a7df8, 0x00000007fc2a7e00, 0x00000007fc2c0000)
No shared spaces configured.

Card table byte_map: [0x000000011206a000,0x000000011211c000] byte_map_base: 0x000000010e11b000

Polling page: 0x000000010db71000

Code Cache  [0x000000010efaa000, 0x000000010f21a000, 0x0000000111faa000)
 total_blobs=617 nmethods=277 adapters=292 free_code_cache=48168Kb largest_free_block=49284992

Compilation events (10 events):
Event: 609.935 Thread 0x00007fa2d2849800  287             io.dropwizard.util.Duration::getQuantity (5 bytes)
Event: 609.935 Thread 0x00007fa2d2849800 nmethod 287 0x000000010f0959d0 code [0x000000010f095b00, 0x000000010f095b58]
Event: 702.641 Thread 0x00007fa2d284a800  288             io.dropwizard.logging.AsyncAppender::access$000 (5 bytes)
Event: 702.642 Thread 0x00007fa2d284a800 nmethod 288 0x000000010f0957d0 code [0x000000010f095900, 0x000000010f095958]
Event: 708.595 Thread 0x00007fa2d2849800  289             java.text.DontCareFieldPosition$1::formatted (1 bytes)
Event: 708.596 Thread 0x00007fa2d2849800 nmethod 289 0x000000010f0955d0 code [0x000000010f095700, 0x000000010f095758]
Event: 709.596 Thread 0x00007fa2d284a800  290             java.text.SimpleDateFormat::subFormat (1080 bytes)
Event: 709.733 Thread 0x00007fa2d284a800 nmethod 290 0x000000010f0a26d0 code [0x000000010f0a2dc0, 0x000000010f0a6210]
Event: 759.466 Thread 0x00007fa2d2849800    3 % !         io.dropwizard.logging.AsyncAppender$Worker::run @ 0 (168 bytes)
Event: 759.476 Thread 0x00007fa2d2849800 nmethod 3% 0x000000010f08c850 code [0x000000010f08ca60, 0x000000010f08d088]

GC Heap History (10 events):
Event: 2.632 GC heap before
{Heap before GC invocations=17 (full 0):
 def new generation   total 5184K, used 5184K [0x00000007e9e00000, 0x00000007ea3a0000, 0x00000007ef8a0000)
  eden space 4608K, 100% used [0x00000007e9e00000, 0x00000007ea280000, 0x00000007ea280000)
  from space 576K, 100% used [0x00000007ea310000, 0x00000007ea3a0000, 0x00000007ea3a0000)
  to   space 576K,   0% used [0x00000007ea280000, 0x00000007ea280000, 0x00000007ea310000)
 tenured generation   total 11648K, used 10464K [0x00000007ef8a0000, 0x00000007f0400000, 0x00000007fae00000)
   the space 11648K,  89% used [0x00000007ef8a0000, 0x00000007f02d8238, 0x00000007f02d8400, 0x00000007f0400000)
 compacting perm gen  total 21248K, used 19419K [0x00000007fae00000, 0x00000007fc2c0000, 0x0000000800000000)
   the space 21248K,  91% used [0x00000007fae00000, 0x00000007fc0f6ed8, 0x00000007fc0f7000, 0x00000007fc2c0000)
No shared spaces configured.
Event: 2.635 GC heap after
Heap after GC invocations=18 (full 0):
 def new generation   total 5184K, used 311K [0x00000007e9e00000, 0x00000007ea3a0000, 0x00000007ef8a0000)
  eden space 4608K,   0% used [0x00000007e9e00000, 0x00000007e9e00000, 0x00000007ea280000)
  from space 576K,  54% used [0x00000007ea280000, 0x00000007ea2cded0, 0x00000007ea310000)
  to   space 576K,   0% used [0x00000007ea310000, 0x00000007ea310000, 0x00000007ea3a0000)
 tenured generation   total 11648K, used 10594K [0x00000007ef8a0000, 0x00000007f0400000, 0x00000007fae00000)
   the space 11648K,  90% used [0x00000007ef8a0000, 0x00000007f02f88d8, 0x00000007f02f8a00, 0x00000007f0400000)
 compacting perm gen  total 21248K, used 19419K [0x00000007fae00000, 0x00000007fc2c0000, 0x0000000800000000)
   the space 21248K,  91% used [0x00000007fae00000, 0x00000007fc0f6ed8, 0x00000007fc0f7000, 0x00000007fc2c0000)
No shared spaces configured.
}
Event: 2.716 GC heap before
{Heap before GC invocations=18 (full 0):
 def new generation   total 5184K, used 4919K [0x00000007e9e00000, 0x00000007ea3a0000, 0x00000007ef8a0000)
  eden space 4608K, 100% used [0x00000007e9e00000, 0x00000007ea280000, 0x00000007ea280000)
  from space 576K,  54% used [0x00000007ea280000, 0x00000007ea2cded0, 0x00000007ea310000)
  to   space 576K,   0% used [0x00000007ea310000, 0x00000007ea310000, 0x00000007ea3a0000)
 tenured generation   total 11648K, used 10594K [0x00000007ef8a0000, 0x00000007f0400000, 0x00000007fae00000)
   the space 11648K,  90% used [0x00000007ef8a0000, 0x00000007f02f88d8, 0x00000007f02f8a00, 0x00000007f0400000)
 compacting perm gen  total 21248K, used 19559K [0x00000007fae00000, 0x00000007fc2c0000, 0x0000000800000000)
   the space 21248K,  92% used [0x00000007fae00000, 0x00000007fc119c30, 0x00000007fc119e00, 0x00000007fc2c0000)
No shared spaces configured.
Event: 2.718 GC heap after
Heap after GC invocations=19 (full 0):
 def new generation   total 5184K, used 190K [0x00000007e9e00000, 0x00000007ea3a0000, 0x00000007ef8a0000)
  eden space 4608K,   0% used [0x00000007e9e00000, 0x00000007e9e00000, 0x00000007ea280000)
  from space 576K,  33% used [0x00000007ea310000, 0x00000007ea33f988, 0x00000007ea3a0000)
  to   space 576K,   0% used [0x00000007ea280000, 0x00000007ea280000, 0x00000007ea310000)
 tenured generation   total 11648K, used 10749K [0x00000007ef8a0000, 0x00000007f0400000, 0x00000007fae00000)
   the space 11648K,  92% used [0x00000007ef8a0000, 0x00000007f031f5a0, 0x00000007f031f600, 0x00000007f0400000)
 compacting perm gen  total 21248K, used 19559K [0x00000007fae00000, 0x00000007fc2c0000, 0x0000000800000000)
   the space 21248K,  92% used [0x00000007fae00000, 0x00000007fc119c30, 0x00000007fc119e00, 0x00000007fc2c0000)
No shared spaces configured.
}
Event: 2.794 GC heap before
{Heap before GC invocations=19 (full 0):
 def new generation   total 5184K, used 4798K [0x00000007e9e00000, 0x00000007ea3a0000, 0x00000007ef8a0000)
  eden space 4608K, 100% used [0x00000007e9e00000, 0x00000007ea280000, 0x00000007ea280000)
  from space 576K,  33% used [0x00000007ea310000, 0x00000007ea33f988, 0x00000007ea3a0000)
  to   space 576K,   0% used [0x00000007ea280000, 0x00000007ea280000, 0x00000007ea310000)
 tenured generation   total 11648K, used 10749K [0x00000007ef8a0000, 0x00000007f0400000, 0x00000007fae00000)
   the space 11648K,  92% used [0x00000007ef8a0000, 0x00000007f031f5a0, 0x00000007f031f600, 0x00000007f0400000)
 compacting perm gen  total 21248K, used 19632K [0x00000007fae00000, 0x00000007fc2c0000, 0x0000000800000000)
   the space 21248K,  92% used [0x00000007fae00000, 0x00000007fc12c060, 0x00000007fc12c200, 0x00000007fc2c0000)
No shared spaces configured.
Event: 2.796 GC heap after
Heap after GC invocations=20 (full 0):
 def new generation   total 5184K, used 294K [0x00000007e9e00000, 0x00000007ea3a0000, 0x00000007ef8a0000)
  eden space 4608K,   0% used [0x00000007e9e00000, 0x00000007e9e00000, 0x00000007ea280000)
  from space 576K,  51% used [0x00000007ea280000, 0x00000007ea2c9bc0, 0x00000007ea310000)
  to   space 576K,   0% used [0x00000007ea310000, 0x00000007ea310000, 0x00000007ea3a0000)
 tenured generation   total 11648K, used 10749K [0x00000007ef8a0000, 0x00000007f0400000, 0x00000007fae00000)
   the space 11648K,  92% used [0x00000007ef8a0000, 0x00000007f031f5a0, 0x00000007f031f600, 0x00000007f0400000)
 compacting perm gen  total 21248K, used 19632K [0x00000007fae00000, 0x00000007fc2c0000, 0x0000000800000000)
   the space 21248K,  92% used [0x00000007fae00000, 0x00000007fc12c060, 0x00000007fc12c200, 0x00000007fc2c0000)
No shared spaces configured.
}
Event: 2.867 GC heap before
{Heap before GC invocations=20 (full 0):
 def new generation   total 5184K, used 4902K [0x00000007e9e00000, 0x00000007ea3a0000, 0x00000007ef8a0000)
  eden space 4608K, 100% used [0x00000007e9e00000, 0x00000007ea280000, 0x00000007ea280000)
  from space 576K,  51% used [0x00000007ea280000, 0x00000007ea2c9bc0, 0x00000007ea310000)
  to   space 576K,   0% used [0x00000007ea310000, 0x00000007ea310000, 0x00000007ea3a0000)
 tenured generation   total 11648K, used 10749K [0x00000007ef8a0000, 0x00000007f0400000, 0x00000007fae00000)
   the space 11648K,  92% used [0x00000007ef8a0000, 0x00000007f031f5a0, 0x00000007f031f600, 0x00000007f0400000)
 compacting perm gen  total 21248K, used 20153K [0x00000007fae00000, 0x00000007fc2c0000, 0x0000000800000000)
   the space 21248K,  94% used [0x00000007fae00000, 0x00000007fc1ae740, 0x00000007fc1ae800, 0x00000007fc2c0000)
No shared spaces configured.
Event: 2.871 GC heap after
Heap after GC invocations=21 (full 0):
 def new generation   total 5184K, used 575K [0x00000007e9e00000, 0x00000007ea3a0000, 0x00000007ef8a0000)
  eden space 4608K,   0% used [0x00000007e9e00000, 0x00000007e9e00000, 0x00000007ea280000)
  from space 576K,  99% used [0x00000007ea310000, 0x00000007ea39ffd8, 0x00000007ea3a0000)
  to   space 576K,   0% used [0x00000007ea280000, 0x00000007ea280000, 0x00000007ea310000)
 tenured generation   total 11648K, used 10883K [0x00000007ef8a0000, 0x00000007f0400000, 0x00000007fae00000)
   the space 11648K,  93% used [0x00000007ef8a0000, 0x00000007f0340c78, 0x00000007f0340e00, 0x00000007f0400000)
 compacting perm gen  total 21248K, used 20153K [0x00000007fae00000, 0x00000007fc2c0000, 0x0000000800000000)
   the space 21248K,  94% used [0x00000007fae00000, 0x00000007fc1ae740, 0x00000007fc1ae800, 0x00000007fc2c0000)
No shared spaces configured.
}
Event: 229.328 GC heap before
{Heap before GC invocations=21 (full 0):
 def new generation   total 5184K, used 5183K [0x00000007e9e00000, 0x00000007ea3a0000, 0x00000007ef8a0000)
  eden space 4608K, 100% used [0x00000007e9e00000, 0x00000007ea280000, 0x00000007ea280000)
  from space 576K,  99% used [0x00000007ea310000, 0x00000007ea39ffd8, 0x00000007ea3a0000)
  to   space 576K,   0% used [0x00000007ea280000, 0x00000007ea280000, 0x00000007ea310000)
 tenured generation   total 11648K, used 10883K [0x00000007ef8a0000, 0x00000007f0400000, 0x00000007fae00000)
   the space 11648K,  93% used [0x00000007ef8a0000, 0x00000007f0340c78, 0x00000007f0340e00, 0x00000007f0400000)
 compacting perm gen  total 21248K, used 21121K [0x00000007fae00000, 0x00000007fc2c0000, 0x0000000800000000)
   the space 21248K,  99% used [0x00000007fae00000, 0x00000007fc2a07d8, 0x00000007fc2a0800, 0x00000007fc2c0000)
No shared spaces configured.
Event: 229.345 GC heap after
Heap after GC invocations=22 (full 0):
 def new generation   total 5184K, used 575K [0x00000007e9e00000, 0x00000007ea3a0000, 0x00000007ef8a0000)
  eden space 4608K,   0% used [0x00000007e9e00000, 0x00000007e9e00000, 0x00000007ea280000)
  from space 576K,  99% used [0x00000007ea280000, 0x00000007ea30fff8, 0x00000007ea310000)
  to   space 576K,   0% used [0x00000007ea310000, 0x00000007ea310000, 0x00000007ea3a0000)
 tenured generation   total 11648K, used 11289K [0x00000007ef8a0000, 0x00000007f0400000, 0x00000007fae00000)
   the space 11648K,  96% used [0x00000007ef8a0000, 0x00000007f03a6450, 0x00000007f03a6600, 0x00000007f0400000)
 compacting perm gen  total 21248K, used 21121K [0x00000007fae00000, 0x00000007fc2c0000, 0x0000000800000000)
   the space 21248K,  99% used [0x00000007fae00000, 0x00000007fc2a07d8, 0x00000007fc2a0800, 0x00000007fc2c0000)
No shared spaces configured.
}

Deoptimization events (10 events):
Event: 0.635 Thread 0x00007fa2d3002800 Uncommon trap -34 fr.pc 0x000000010f011418
Event: 0.862 Thread 0x00007fa2d3002800 Uncommon trap -34 fr.pc 0x000000010f011418
Event: 1.006 Thread 0x00007fa2d3002800 Uncommon trap -83 fr.pc 0x000000010f02e3c8
Event: 1.310 Thread 0x00007fa2d3002800 Uncommon trap -34 fr.pc 0x000000010f011418
Event: 1.319 Thread 0x00007fa2d3002800 Uncommon trap -34 fr.pc 0x000000010f011418
Event: 1.734 Thread 0x00007fa2d3002800 Uncommon trap -83 fr.pc 0x000000010f03c908
Event: 1.734 Thread 0x00007fa2d3002800 Uncommon trap -83 fr.pc 0x000000010f033f08
Event: 2.504 Thread 0x00007fa2d3002800 Uncommon trap -83 fr.pc 0x000000010f058444
Event: 2.611 Thread 0x00007fa2d3002800 Uncommon trap -83 fr.pc 0x000000010f079604
Event: 320.596 Thread 0x00007fa2d2974800 Uncommon trap -28 fr.pc 0x000000010f064128

Internal exceptions (10 events):
Event: 112.244 Thread 0x00007fa2d38b8800 Threw 0x00000007ea1bb628 at /HUDSON/workspace/jdk7u10-2-build-macosx-amd64-product/jdk7u10/hotspot/src/share/vm/prims/jvm.cpp:1166
Event: 112.245 Thread 0x00007fa2d38b8800 Threw 0x00000007ea1bf218 at /HUDSON/workspace/jdk7u10-2-build-macosx-amd64-product/jdk7u10/hotspot/src/share/vm/prims/jvm.cpp:1166
Event: 112.245 Thread 0x00007fa2d38b8800 Threw 0x00000007ea1c2b28 at /HUDSON/workspace/jdk7u10-2-build-macosx-amd64-product/jdk7u10/hotspot/src/share/vm/prims/jvm.cpp:1166
Event: 112.245 Thread 0x00007fa2d38b8800 Threw 0x00000007ea1c6600 at /HUDSON/workspace/jdk7u10-2-build-macosx-amd64-product/jdk7u10/hotspot/src/share/vm/prims/jvm.cpp:1166
Event: 112.246 Thread 0x00007fa2d38b8800 Threw 0x00000007ea1c9da8 at /HUDSON/workspace/jdk7u10-2-build-macosx-amd64-product/jdk7u10/hotspot/src/share/vm/prims/jvm.cpp:1166
Event: 112.246 Thread 0x00007fa2d38b8800 Threw 0x00000007ea1cda08 at /HUDSON/workspace/jdk7u10-2-build-macosx-amd64-product/jdk7u10/hotspot/src/share/vm/prims/jvm.cpp:1166
Event: 116.621 Thread 0x00007fa2d38b9800 Threw 0x00000007ea1ef228 at /HUDSON/workspace/jdk7u10-2-build-macosx-amd64-product/jdk7u10/hotspot/src/share/vm/runtime/reflection.
Event: 129.531 Thread 0x00007fa2d38b9800 Threw 0x00000007ea1fd2a0 at /HUDSON/workspace/jdk7u10-2-build-macosx-amd64-product/jdk7u10/hotspot/src/share/vm/prims/jvm.cpp:1166
Event: 1339.082 Thread 0x00007fa2d2998800 Threw 0x00000007ea124240 at /HUDSON/workspace/jdk7u10-2-build-macosx-amd64-product/jdk7u10/hotspot/src/share/vm/prims/jni.cpp:716
Event: 1339.083 Thread 0x00007fa2d315c800 Threw 0x00000007ea1231b8 at /HUDSON/workspace/jdk7u10-2-build-macosx-amd64-product/jdk7u10/hotspot/src/share/vm/prims/jvm.cpp:1166

Events (10 events):
Event: 1339.078 loading class 0x00007fa2d1e2c810
Event: 1339.079 loading class 0x00007fa2d1e2c810 done
Event: 1339.079 loading class 0x00007fa2d1e2c7d0 done
Event: 1339.079 Thread 0x00007fa2d313a000 Thread added: 0x00007fa2d313a000
Event: 1339.079 Thread 0x00007fa2d315c800 Thread added: 0x00007fa2d315c800
Event: 1339.081 Thread 0x00007fa2d313a000 Thread exited: 0x00007fa2d313a000
Event: 1339.082 loading class 0x00007fa2d4013580
Event: 1339.082 loading class 0x00007fa2d4013580 done
Event: 1339.082 loading class 0x00007fa2d1c39ad0
Event: 1339.082 loading class 0x00007fa2d1c39ad0 done


Dynamic libraries:
0x00000000045a5000 	/System/Library/Frameworks/Cocoa.framework/Versions/A/Cocoa
0x00000000045a5000 	/System/Library/Frameworks/Security.framework/Versions/A/Security
0x00000000045a5000 	/System/Library/Frameworks/ApplicationServices.framework/Versions/A/ApplicationServices
0x00000000045a5000 	/usr/lib/libz.1.dylib
0x00000000045a5000 	/usr/lib/libSystem.B.dylib
0x00000000045a5000 	/usr/lib/libobjc.A.dylib
0x00000000045a5000 	/System/Library/Frameworks/CoreFoundation.framework/Versions/A/CoreFoundation
0x00000000045a5000 	/System/Library/Frameworks/AppKit.framework/Versions/C/AppKit
0x00000000045a5000 	/System/Library/Frameworks/CoreData.framework/Versions/A/CoreData
0x00000000045a5000 	/System/Library/Frameworks/Foundation.framework/Versions/C/Foundation
0x00000000045a5000 	/System/Library/PrivateFrameworks/RemoteViewServices.framework/Versions/A/RemoteViewServices
0x00000000045a5000 	/System/Library/Frameworks/AudioToolbox.framework/Versions/A/AudioToolbox
0x00000000045a5000 	/System/Library/Frameworks/AudioUnit.framework/Versions/A/AudioUnit
0x00000000045a5000 	/System/Library/PrivateFrameworks/DataDetectorsCore.framework/Versions/A/DataDetectorsCore
0x00000000045a5000 	/System/Library/PrivateFrameworks/DesktopServicesPriv.framework/Versions/A/DesktopServicesPriv
0x00000000045a5000 	/System/Library/Frameworks/Carbon.framework/Versions/A/Frameworks/HIToolbox.framework/Versions/A/HIToolbox
0x00000000045a5000 	/System/Library/Frameworks/QuartzCore.framework/Versions/A/QuartzCore
0x00000000045a5000 	/System/Library/Frameworks/Carbon.framework/Versions/A/Frameworks/SpeechRecognition.framework/Versions/A/SpeechRecognition
0x00000000045a5000 	/usr/lib/libauto.dylib
0x00000000045a5000 	/usr/lib/libicucore.A.dylib
0x00000000045a5000 	/usr/lib/libxml2.2.dylib
0x00000000045a5000 	/System/Library/PrivateFrameworks/CoreUI.framework/Versions/A/CoreUI
0x00000000045a5000 	/System/Library/Frameworks/CoreAudio.framework/Versions/A/CoreAudio
0x00000000045a5000 	/System/Library/Frameworks/DiskArbitration.framework/Versions/A/DiskArbitration
0x00000000045a5000 	/usr/lib/liblangid.dylib
0x00000000045a5000 	/System/Library/PrivateFrameworks/MultitouchSupport.framework/Versions/A/MultitouchSupport
0x00000000045a5000 	/System/Library/Frameworks/IOKit.framework/Versions/A/IOKit
0x00000000045a5000 	/usr/lib/libDiagnosticMessagesClient.dylib
0x00000000045a5000 	/System/Library/Frameworks/CoreServices.framework/Versions/A/CoreServices
0x00000000045a5000 	/System/Library/PrivateFrameworks/PerformanceAnalysis.framework/Versions/A/PerformanceAnalysis
0x00000000045a5000 	/System/Library/PrivateFrameworks/GenerationalStorage.framework/Versions/A/GenerationalStorage
0x00000000045a5000 	/System/Library/Frameworks/OpenGL.framework/Versions/A/OpenGL
0x00000000045a5000 	/System/Library/PrivateFrameworks/Sharing.framework/Versions/A/Sharing
0x00000000045a5000 	/System/Library/Frameworks/ImageIO.framework/Versions/A/ImageIO
0x00000000045a5000 	/System/Library/Frameworks/CoreText.framework/Versions/A/CoreText
0x00000000045a5000 	/System/Library/Frameworks/CoreGraphics.framework/Versions/A/CoreGraphics
0x00000000045a5000 	/System/Library/PrivateFrameworks/Backup.framework/Versions/A/Backup
0x00000000045a5000 	/System/Library/Frameworks/CFNetwork.framework/Versions/A/CFNetwork
0x00000000045a5000 	/System/Library/Frameworks/SystemConfiguration.framework/Versions/A/SystemConfiguration
0x00000000045a5000 	/usr/lib/libCRFSuite.dylib
0x00000000045a5000 	/usr/lib/libc++.1.dylib
0x00000000045a5000 	/usr/lib/libc++abi.dylib
0x00000000045a5000 	/usr/lib/system/libcache.dylib
0x00000000045a5000 	/usr/lib/system/libcommonCrypto.dylib
0x00000000045a5000 	/usr/lib/system/libcompiler_rt.dylib
0x00000000045a5000 	/usr/lib/system/libcopyfile.dylib
0x00000000045a5000 	/usr/lib/system/libcorecrypto.dylib
0x00000000045a5000 	/usr/lib/system/libdispatch.dylib
0x00000000045a5000 	/usr/lib/system/libdyld.dylib
0x00000000045a5000 	/usr/lib/system/libkeymgr.dylib
0x00000000045a5000 	/usr/lib/system/liblaunch.dylib
0x00000000045a5000 	/usr/lib/system/libmacho.dylib
0x00000000045a5000 	/usr/lib/system/libquarantine.dylib
0x00000000045a5000 	/usr/lib/system/libremovefile.dylib
0x00000000045a5000 	/usr/lib/system/libsystem_asl.dylib
0x00000000045a5000 	/usr/lib/system/libsystem_blocks.dylib
0x00000000045a5000 	/usr/lib/system/libsystem_c.dylib
0x00000000045a5000 	/usr/lib/system/libsystem_configuration.dylib
0x00000000045a5000 	/usr/lib/system/libsystem_dnssd.dylib
0x00000000045a5000 	/usr/lib/system/libsystem_info.dylib
0x00000000045a5000 	/usr/lib/system/libsystem_kernel.dylib
0x00000000045a5000 	/usr/lib/system/libsystem_m.dylib
0x00000000045a5000 	/usr/lib/system/libsystem_malloc.dylib
0x00000000045a5000 	/usr/lib/system/libsystem_network.dylib
0x00000000045a5000 	/usr/lib/system/libsystem_notify.dylib
0x00000000045a5000 	/usr/lib/system/libsystem_platform.dylib
0x00000000045a5000 	/usr/lib/system/libsystem_pthread.dylib
0x00000000045a5000 	/usr/lib/system/libsystem_sandbox.dylib
0x00000000045a5000 	/usr/lib/system/libsystem_stats.dylib
0x00000000045a5000 	/usr/lib/system/libunc.dylib
0x00000000045a5000 	/usr/lib/system/libunwind.dylib
0x00000000045a5000 	/usr/lib/system/libxpc.dylib
0x00000000045a5000 	/usr/lib/libbsm.0.dylib
0x00000000045a5000 	/usr/lib/libsqlite3.dylib
0x00000000045a5000 	/usr/lib/libxar.1.dylib
0x00000000045a5000 	/usr/lib/libpam.2.dylib
0x00000000045a5000 	/usr/lib/libOpenScriptingUtil.dylib
0x00000000045a5000 	/usr/lib/libbz2.1.0.dylib
0x00000000045a5000 	/System/Library/Frameworks/CoreServices.framework/Versions/A/Frameworks/CarbonCore.framework/Versions/A/CarbonCore
0x00000000045a5000 	/System/Library/Frameworks/CoreServices.framework/Versions/A/Frameworks/Metadata.framework/Versions/A/Metadata
0x00000000045a5000 	/System/Library/Frameworks/CoreServices.framework/Versions/A/Frameworks/OSServices.framework/Versions/A/OSServices
0x00000000045a5000 	/System/Library/Frameworks/CoreServices.framework/Versions/A/Frameworks/SearchKit.framework/Versions/A/SearchKit
0x00000000045a5000 	/System/Library/Frameworks/CoreServices.framework/Versions/A/Frameworks/AE.framework/Versions/A/AE
0x00000000045a5000 	/System/Library/Frameworks/CoreServices.framework/Versions/A/Frameworks/LaunchServices.framework/Versions/A/LaunchServices
0x00000000045a5000 	/System/Library/Frameworks/CoreServices.framework/Versions/A/Frameworks/DictionaryServices.framework/Versions/A/DictionaryServices
0x00000000045a5000 	/System/Library/Frameworks/NetFS.framework/Versions/A/NetFS
0x00000000045a5000 	/usr/lib/system/libkxld.dylib
0x00000000045a5000 	/System/Library/PrivateFrameworks/NetAuth.framework/Versions/A/NetAuth
0x00000000045a5000 	/System/Library/PrivateFrameworks/TCC.framework/Versions/A/TCC
0x00000000045a5000 	/System/Library/Frameworks/OpenDirectory.framework/Versions/A/Frameworks/CFOpenDirectory.framework/Versions/A/CFOpenDirectory
0x00000000045a5000 	/System/Library/Frameworks/ServiceManagement.framework/Versions/A/ServiceManagement
0x00000000045a5000 	/usr/lib/libxslt.1.dylib
0x00000000045a5000 	/System/Library/Frameworks/Carbon.framework/Versions/A/Frameworks/Ink.framework/Versions/A/Ink
0x00000000045a5000 	/System/Library/Frameworks/ApplicationServices.framework/Versions/A/Frameworks/ATS.framework/Versions/A/ATS
0x00000000045a5000 	/System/Library/Frameworks/ApplicationServices.framework/Versions/A/Frameworks/ColorSync.framework/Versions/A/ColorSync
0x00000000045a5000 	/System/Library/Frameworks/ApplicationServices.framework/Versions/A/Frameworks/HIServices.framework/Versions/A/HIServices
0x00000000045a5000 	/System/Library/Frameworks/ApplicationServices.framework/Versions/A/Frameworks/LangAnalysis.framework/Versions/A/LangAnalysis
0x00000000045a5000 	/System/Library/Frameworks/ApplicationServices.framework/Versions/A/Frameworks/PrintCore.framework/Versions/A/PrintCore
0x00000000045a5000 	/System/Library/Frameworks/ApplicationServices.framework/Versions/A/Frameworks/QD.framework/Versions/A/QD
0x00000000045a5000 	/System/Library/Frameworks/ApplicationServices.framework/Versions/A/Frameworks/SpeechSynthesis.framework/Versions/A/SpeechSynthesis
0x00000000045a5000 	/System/Library/Frameworks/IOSurface.framework/Versions/A/IOSurface
0x00000000045a5000 	/System/Library/Frameworks/Accelerate.framework/Versions/A/Accelerate
0x00000000045a5000 	/System/Library/Frameworks/Accelerate.framework/Versions/A/Frameworks/vImage.framework/Versions/A/vImage
0x00000000045a5000 	/System/Library/Frameworks/Accelerate.framework/Versions/A/Frameworks/vecLib.framework/Versions/A/vecLib
0x00000000045a5000 	/System/Library/Frameworks/Accelerate.framework/Versions/A/Frameworks/vecLib.framework/Versions/A/libvDSP.dylib
0x00000000045a5000 	/System/Library/Frameworks/Accelerate.framework/Versions/A/Frameworks/vecLib.framework/Versions/A/libvMisc.dylib
0x00000000045a5000 	/System/Library/Frameworks/Accelerate.framework/Versions/A/Frameworks/vecLib.framework/Versions/A/libLAPACK.dylib
0x00000000045a5000 	/System/Library/Frameworks/Accelerate.framework/Versions/A/Frameworks/vecLib.framework/Versions/A/libBLAS.dylib
0x00000000045a5000 	/System/Library/Frameworks/ApplicationServices.framework/Versions/A/Frameworks/ATS.framework/Versions/A/Resources/libFontParser.dylib
0x00000000045a5000 	/System/Library/Frameworks/ApplicationServices.framework/Versions/A/Frameworks/ATS.framework/Versions/A/Resources/libFontRegistry.dylib
0x00000000045a5000 	/System/Library/Frameworks/ImageIO.framework/Versions/A/Resources/libJPEG.dylib
0x00000000045a5000 	/System/Library/Frameworks/ImageIO.framework/Versions/A/Resources/libTIFF.dylib
0x00000000045a5000 	/System/Library/Frameworks/ImageIO.framework/Versions/A/Resources/libPng.dylib
0x00000000045a5000 	/System/Library/Frameworks/ImageIO.framework/Versions/A/Resources/libGIF.dylib
0x00000000045a5000 	/System/Library/Frameworks/ImageIO.framework/Versions/A/Resources/libJP2.dylib
0x00000000045a5000 	/System/Library/Frameworks/ImageIO.framework/Versions/A/Resources/libRadiance.dylib
0x00000000045a5000 	/usr/lib/libcups.2.dylib
0x00000000045a5000 	/System/Library/Frameworks/Kerberos.framework/Versions/A/Kerberos
0x00000000045a5000 	/System/Library/Frameworks/GSS.framework/Versions/A/GSS
0x00000000045a5000 	/usr/lib/libresolv.9.dylib
0x00000000045a5000 	/usr/lib/libiconv.2.dylib
0x00000000045a5000 	/System/Library/PrivateFrameworks/Heimdal.framework/Versions/A/Heimdal
0x00000000045a5000 	/System/Library/PrivateFrameworks/TrustEvaluationAgent.framework/Versions/A/TrustEvaluationAgent
0x00000000045a5000 	/usr/lib/libheimdal-asn1.dylib
0x00000000045a5000 	/System/Library/Frameworks/OpenDirectory.framework/Versions/A/OpenDirectory
0x00000000045a5000 	/System/Library/PrivateFrameworks/CommonAuth.framework/Versions/A/CommonAuth
0x00000000045a5000 	/System/Library/Frameworks/SecurityFoundation.framework/Versions/A/SecurityFoundation
0x00000000045a5000 	/System/Library/PrivateFrameworks/Bom.framework/Versions/A/Bom
0x00000000045a5000 	/System/Library/Frameworks/CoreVideo.framework/Versions/A/CoreVideo
0x00000000045a5000 	/System/Library/Frameworks/QuartzCore.framework/Versions/A/Frameworks/CoreImage.framework/Versions/A/CoreImage
0x00000000045a5000 	/System/Library/Frameworks/QuartzCore.framework/Versions/A/Frameworks/ScalableUserInterface.framework/Versions/A/ScalableUserInterface
0x00000000045a5000 	/System/Library/Frameworks/OpenGL.framework/Versions/A/Libraries/libGLU.dylib
0x00000000045a5000 	/System/Library/Frameworks/OpenGL.framework/Versions/A/Libraries/libGFXShared.dylib
0x00000000045a5000 	/System/Library/Frameworks/OpenGL.framework/Versions/A/Libraries/libGL.dylib
0x00000000045a5000 	/System/Library/Frameworks/OpenGL.framework/Versions/A/Libraries/libGLImage.dylib
0x00000000045a5000 	/System/Library/Frameworks/OpenGL.framework/Versions/A/Libraries/libCVMSPluginSupport.dylib
0x00000000045a5000 	/System/Library/Frameworks/OpenGL.framework/Versions/A/Libraries/libCoreVMClient.dylib
0x00000000045a5000 	/System/Library/PrivateFrameworks/FaceCore.framework/Versions/A/FaceCore
0x00000000045a5000 	/System/Library/PrivateFrameworks/CrashReporterSupport.framework/Versions/A/CrashReporterSupport
0x00000000045a5000 	/System/Library/Frameworks/OpenCL.framework/Versions/A/OpenCL
0x00000000045a5000 	/System/Library/PrivateFrameworks/AppleFSCompression.framework/Versions/A/AppleFSCompression
0x00000000045a5000 	/System/Library/PrivateFrameworks/Ubiquity.framework/Versions/A/Ubiquity
0x00000000045a5000 	/System/Library/PrivateFrameworks/IconServices.framework/Versions/A/IconServices
0x00000000045a5000 	/System/Library/PrivateFrameworks/ChunkingLibrary.framework/Versions/A/ChunkingLibrary
0x00000000045a5000 	/System/Library/PrivateFrameworks/CoreSymbolication.framework/Versions/A/CoreSymbolication
0x00000000045a5000 	/System/Library/PrivateFrameworks/Symbolication.framework/Versions/A/Symbolication
0x00000000045a5000 	/System/Library/PrivateFrameworks/DebugSymbols.framework/Versions/A/DebugSymbols
0x000000010e400000 	/Library/Java/JavaVirtualMachines/jdk1.7.0_10.jdk/Contents/Home/jre/lib/server/libjvm.dylib
0x00000000045a5000 	/usr/lib/libstdc++.6.dylib
0x000000010db34000 	/Library/Java/JavaVirtualMachines/jdk1.7.0_10.jdk/Contents/Home/jre/lib/libverify.dylib
0x000000010db41000 	/Library/Java/JavaVirtualMachines/jdk1.7.0_10.jdk/Contents/Home/jre/lib/libjava.dylib
0x000000010db7b000 	/Library/Java/JavaVirtualMachines/jdk1.7.0_10.jdk/Contents/Home/jre/lib/libzip.dylib
0x0000000112691000 	/System/Library/Frameworks/JavaVM.framework/Frameworks/JavaRuntimeSupport.framework/JavaRuntimeSupport
0x00000001126a9000 	/System/Library/Frameworks/JavaVM.framework/Versions/A/Frameworks/JavaNativeFoundation.framework/Versions/A/JavaNativeFoundation
0x00000001126be000 	/System/Library/Frameworks/JavaVM.framework/Versions/A/JavaVM
0x00000000045a5000 	/System/Library/Frameworks/Carbon.framework/Versions/A/Carbon
0x00000001126cb000 	/System/Library/PrivateFrameworks/JavaLaunching.framework/Versions/A/JavaLaunching
0x00000000045a5000 	/System/Library/Frameworks/Carbon.framework/Versions/A/Frameworks/CommonPanels.framework/Versions/A/CommonPanels
0x00000000045a5000 	/System/Library/Frameworks/Carbon.framework/Versions/A/Frameworks/Help.framework/Versions/A/Help
0x00000000045a5000 	/System/Library/Frameworks/Carbon.framework/Versions/A/Frameworks/ImageCapture.framework/Versions/A/ImageCapture
0x00000000045a5000 	/System/Library/Frameworks/Carbon.framework/Versions/A/Frameworks/OpenScripting.framework/Versions/A/OpenScripting
0x00000000045a5000 	/System/Library/Frameworks/Carbon.framework/Versions/A/Frameworks/Print.framework/Versions/A/Print
0x00000000045a5000 	/System/Library/Frameworks/Carbon.framework/Versions/A/Frameworks/SecurityHI.framework/Versions/A/SecurityHI
0x0000000112e9c000 	/Library/Java/JavaVirtualMachines/jdk1.7.0_10.jdk/Contents/Home/jre/lib/libnio.dylib
0x0000000112eab000 	/Library/Java/JavaVirtualMachines/jdk1.7.0_10.jdk/Contents/Home/jre/lib/./libnet.dylib
0x0000000112d64000 	/Library/Java/JavaVirtualMachines/jdk1.7.0_10.jdk/Contents/Home/jre/lib/libmanagement.dylib

VM Arguments:
java_command: usage-0.0.1-SNAPSHOT.jar server usage.yml
Launcher Type: SUN_STANDARD

Environment Variables:
PATH=/usr/bin:/bin:/usr/sbin:/sbin:/usr/local/bin:/opt/X11/bin
SHELL=/bin/bash
DISPLAY=/tmp/launch-8bzTXb/org.macosforge.xquartz:0

Signal Handlers:
SIGSEGV: [libjvm.dylib+0x4a363d], sa_mask[0]=0xfffefeff, sa_flags=0x00000042
SIGBUS: [libjvm.dylib+0x4a363d], sa_mask[0]=0xfffefeff, sa_flags=0x00000042
SIGFPE: [libjvm.dylib+0x3b3051], sa_mask[0]=0xfffefeff, sa_flags=0x00000042
SIGPIPE: [libjvm.dylib+0x3b3051], sa_mask[0]=0xfffefeff, sa_flags=0x00000042
SIGXFSZ: [libjvm.dylib+0x3b3051], sa_mask[0]=0xfffefeff, sa_flags=0x00000042
SIGILL: [libjvm.dylib+0x3b3051], sa_mask[0]=0xfffefeff, sa_flags=0x00000042
SIGUSR1: SIG_DFL, sa_mask[0]=0x63807efb, sa_flags=0x00000000
SIGUSR2: [libjvm.dylib+0x3b2bea], sa_mask[0]=0x00000000, sa_flags=0x00000042
SIGHUP: [libjvm.dylib+0x3b0e4b], sa_mask[0]=0xfffefeff, sa_flags=0x00000042
SIGINT: [libjvm.dylib+0x3b0e4b], sa_mask[0]=0xfffefeff, sa_flags=0x00000042
SIGTERM: [libjvm.dylib+0x3b0e4b], sa_mask[0]=0xfffefeff, sa_flags=0x00000042
SIGQUIT: [libjvm.dylib+0x3b0e4b], sa_mask[0]=0xfffefeff, sa_flags=0x00000042


---------------  S Y S T E M  ---------------

OS:Bsduname:Darwin 13.4.0 Darwin Kernel Version 13.4.0: Sun Aug 17 19:50:11 PDT 2014; root:xnu-2422.115.4~1/RELEASE_X86_64 x86_64
rlimit: STACK 8192k, CORE 0k, NPROC 709, NOFILE 10240, AS infinity
load average:2.39 1.69 1.51

CPU:total 4 (2 cores per cpu, 2 threads per core) family 6 model 37 stepping 2, cmov, cx8, fxsr, mmx, sse, sse2, sse3, ssse3, sse4.1, sse4.2, popcnt, ht, tsc, tscinvbit

Memory: 4k page, physical 1111816k(277954k free)

/proc/meminfo:


vm_info: Java HotSpot(TM) 64-Bit Server VM (23.6-b04) for bsd-amd64 JRE (1.7.0_10-b18), built on Nov 28 2012 07:52:20 by "java_re" with gcc 4.2.1 (Based on Apple Inc. build 5658) (LLVM build 2336.9.00)

time: Thu Nov 13 10:53:02 2014
elapsed time: 1339 seconds

