#
# A fatal error has been detected by the Java Runtime Environment:
#
#  SIGBUS (0xa) at pc=0x0000000106dea15e, pid=7335, tid=21251
#
# JRE version: 7.0_10-b18
# Java VM: Java HotSpot(TM) 64-Bit Server VM (23.6-b04 mixed mode bsd-amd64 compressed oops)
# Problematic frame:
# C  [libzip.dylib+0x315e]  newEntry+0x154
#
# Failed to write core dump. Core dumps have been disabled. To enable core dumping, try "ulimit -c unlimited" before starting Java again
#
# If you would like to submit a bug report, please visit:
#   http://bugreport.sun.com/bugreport/crash.jsp
# The crash happened outside the Java Virtual Machine in native code.
# See problematic frame for where to report the bug.
#

---------------  T H R E A D  ---------------

Current thread (0x00007fd78380c000):  JavaThread "Thread-12" [_thread_in_native, id=21251, stack(0x000000010c837000,0x000000010c937000)]

siginfo:si_signo=SIGBUS: si_errno=0, si_code=2 (BUS_ADRERR), si_addr=0x000000010ad1c3bb

Registers:
RAX=0x00007fd781e532f0, RBX=0x000000010ad1c3af, RCX=0x0000000000000001, RDX=0x0000000000000000
RSP=0x000000010c934f10, RBP=0x000000010c934f70, RSI=0x00000000fffffff0, RDI=0x00000001058cba00
R8 =0x0000000000000004, R9 =0x00007fd784000000, R10=0x00000000be1395a6, R11=0x000000007bf4e10f
R12=0x0000000000004170, R13=0x000000010ac65000, R14=0x00007fd781e532f0, R15=0x00000000000015d0
RIP=0x0000000106dea15e, EFLAGS=0x0000000000010206, ERR=0x0000000000000004
  TRAPNO=0x000000000000000e

Top of Stack: (sp=0x000000010c934f10)
0x000000010c934f10:   0000000100000000 0000000006de962a
0x000000010c934f20:   00007fff75329940 00000007faf07940
0x000000010c934f30:   000000010c934f50 00007fd781e532f0
0x000000010c934f40:   00007fd7840ceff0 000000009ac6435b
0x000000010c934f50:   0000000000004170 000000010ac65000
0x000000010c934f60:   00007fd781e532f0 00000000000015d0
0x000000010c934f70:   000000010c934fc0 0000000106dea7d0
0x000000010c934f80:   000000000000002b 0000002b8380c000
0x000000010c934f90:   000000010c934fde 000000010c935428
0x000000010c934fa0:   000000000000002b 000000010c934fde
0x000000010c934fb0:   00007fd781e532f0 00007fd78380c1d8
0x000000010c934fc0:   000000010c935410 0000000106de962a
0x000000010c934fd0:   0000000000000000 726f000100000001
0x000000010c934fe0:   7370696c63652f67 2f797474656a2f65
0x000000010c934ff0:   7475462f6c697475 626c6c6143657275
0x000000010c935000:   73616c632e6b6361 000000010c930073
0x000000010c935010:   0000000000000004 000000010c9351b7
0x000000010c935020:   0000000000000009 0000000000000000
0x000000010c935030:   00000000000001f0 5800000000000000
0x000000010c935040:   0000000000000000 0000000000000000
0x000000010c935050:   0000000000000000 0000000000000000
0x000000010c935060:   0000000000000000 0000000000000000
0x000000010c935070:   2400bc3062bbfa31 58007fff75329940
0x000000010c935080:   0000000000000000 ffffffffffffffff
0x000000010c935090:   000000010c935750 000000010c935280
0x000000010c9350a0:   000000010c935100 00007fd78380c000
0x000000010c9350b0:   0000000000000000 00007fd784109870
0x000000010c9350c0:   00000007ea343278 0000000000000000
0x000000010c9350d0:   00000007ea343328 00007fd70000000c
0x000000010c9350e0:   0000000000000000 00007fd784109838
0x000000010c9350f0:   00000007ea343150 00007fd781feb050
0x000000010c935100:   00007fd781d706a0 00007fd781d706b0 

Instructions: (pc=0x0000000106dea15e)
0x0000000106dea13e:   49 8b 7f 38 e8 83 19 00 00 4d 89 77 38 49 89 5f
0x0000000106dea14e:   40 4c 89 f0 48 85 c0 0f 84 16 05 00 00 48 89 c3
0x0000000106dea15e:   0f b6 43 0c 0f b6 4b 0d 48 c1 e1 08 48 01 c1 0f
0x0000000106dea16e:   b6 43 0e 0f b6 53 0f 48 c1 e2 08 48 01 c2 48 c1 

Register to memory mapping:

RAX=0x00007fd781e532f0 is an unknown value
RBX=0x000000010ad1c3af is an unknown value
RCX=0x0000000000000001 is an unknown value
RDX=0x0000000000000000 is an unknown value
RSP=0x000000010c934f10 is pointing into the stack for thread: 0x00007fd78380c000
RBP=0x000000010c934f70 is pointing into the stack for thread: 0x00007fd78380c000
RSI=0x00000000fffffff0 is an unknown value
RDI=0x00000001058cba00 is an unknown value
R8 =0x0000000000000004 is an unknown value
R9 =0x00007fd784000000 is an unknown value
R10=0x00000000be1395a6 is an unknown value
R11=0x000000007bf4e10f is an unknown value
R12=0x0000000000004170 is an unknown value
R13=0x000000010ac65000 is an unknown value
R14=0x00007fd781e532f0 is an unknown value
R15=0x00000000000015d0 is an unknown value


Stack: [0x000000010c837000,0x000000010c937000],  sp=0x000000010c934f10,  free space=1015k
Native frames: (J=compiled Java code, j=interpreted, Vv=VM code, C=native code)
C  [libzip.dylib+0x315e]  newEntry+0x154
C  [libzip.dylib+0x37d0]  ZIP_GetEntry+0xa2
C  [libzip.dylib+0x262a]  Java_java_util_zip_ZipFile_getEntry+0xdd
J  java.util.zip.ZipFile.getEntry(J[BZ)J

Java frames: (J=compiled Java code, j=interpreted, Vv=VM code)
J  java.util.zip.ZipFile.getEntry(J[BZ)J
J  java.util.jar.JarFile.getEntry(Ljava/lang/String;)Ljava/util/zip/ZipEntry;
J  sun.misc.URLClassPath.getResource(Ljava/lang/String;Z)Lsun/misc/Resource;
j  java.net.URLClassLoader$1.run()Ljava/lang/Class;+26
j  java.net.URLClassLoader$1.run()Ljava/lang/Object;+1
v  ~StubRoutines::call_stub
j  java.security.AccessController.doPrivileged(Ljava/security/PrivilegedExceptionAction;Ljava/security/AccessControlContext;)Ljava/lang/Object;+0
j  java.net.URLClassLoader.findClass(Ljava/lang/String;)Ljava/lang/Class;+13
j  java.lang.ClassLoader.loadClass(Ljava/lang/String;Z)Ljava/lang/Class;+70
j  sun.misc.Launcher$AppClassLoader.loadClass(Ljava/lang/String;Z)Ljava/lang/Class;+36
j  java.lang.ClassLoader.loadClass(Ljava/lang/String;)Ljava/lang/Class;+3
v  ~StubRoutines::call_stub
j  org.eclipse.jetty.server.AbstractConnector.shutdown()Ljava/util/concurrent/Future;+0
j  org.eclipse.jetty.server.AbstractNetworkConnector.shutdown()Ljava/util/concurrent/Future;+5
j  org.eclipse.jetty.server.ServerConnector.shutdown()Ljava/util/concurrent/Future;+1
j  org.eclipse.jetty.server.Server.doStop()V+60
j  org.eclipse.jetty.util.component.AbstractLifeCycle.stop()V+30
j  org.eclipse.jetty.util.thread.ShutdownThread.run()V+41
v  ~StubRoutines::call_stub

---------------  P R O C E S S  ---------------

Java Threads: ( => current thread )
=>0x00007fd78380c000 JavaThread "Thread-12" [_thread_in_native, id=21251, stack(0x000000010c837000,0x000000010c937000)]
  0x00007fd7831f0800 JavaThread "SIGINT handler" daemon [_thread_blocked, id=12299, stack(0x000000010a58f000,0x000000010a68f000)]
  0x00007fd7830e0000 JavaThread "dw-admin-33" [_thread_blocked, id=10503, stack(0x000000010c631000,0x000000010c731000)]
  0x00007fd78383d800 JavaThread "Scheduler-971200845" [_thread_blocked, id=20739, stack(0x000000010c52e000,0x000000010c62e000)]
  0x00007fd782145000 JavaThread "dw-admin-27-acceptor-1-admin@2fbb7466{HTTP/1.1}{0.0.0.0:8081}" [_thread_blocked, id=19971, stack(0x000000010c42b000,0x000000010c52b000)]
  0x00007fd783002800 JavaThread "DestroyJavaVM" [_thread_blocked, id=3847, stack(0x0000000106ca8000,0x0000000106da8000)]
  0x00007fd7838e7000 JavaThread "dw-admin-26-acceptor-0-admin@2fbb7466{HTTP/1.1}{0.0.0.0:8081}" [_thread_in_native, id=19715, stack(0x000000010c328000,0x000000010c428000)]
  0x00007fd783984800 JavaThread "dw-admin-25-selector-3" [_thread_in_native, id=19459, stack(0x000000010c225000,0x000000010c325000)]
  0x00007fd78215d800 JavaThread "dw-admin-24-selector-2" [_thread_in_native, id=19203, stack(0x000000010c122000,0x000000010c222000)]
  0x00007fd7838f2000 JavaThread "dw-admin-23-selector-1" [_thread_in_native, id=18947, stack(0x000000010c01f000,0x000000010c11f000)]
  0x00007fd783b18800 JavaThread "dw-admin-22-selector-0" [_thread_in_native, id=18691, stack(0x000000010bf1c000,0x000000010c01c000)]
  0x00007fd7831b8800 JavaThread "dw-19" [_thread_blocked, id=18435, stack(0x000000010be19000,0x000000010bf19000)]
  0x00007fd782970000 JavaThread "dw-18" [_thread_blocked, id=18179, stack(0x000000010bd16000,0x000000010be16000)]
  0x00007fd7830ef000 JavaThread "dw-17" [_thread_blocked, id=17923, stack(0x000000010bc13000,0x000000010bd13000)]
  0x00007fd78313e800 JavaThread "dw-16" [_thread_blocked, id=17667, stack(0x000000010bb10000,0x000000010bc10000)]
  0x00007fd7831e0000 JavaThread "dw-15-selector-3" [_thread_in_native, id=17411, stack(0x000000010ba0d000,0x000000010bb0d000)]
  0x00007fd7828d0800 JavaThread "dw-14-selector-2" [_thread_in_native, id=17155, stack(0x000000010b90a000,0x000000010ba0a000)]
  0x00007fd782860800 JavaThread "dw-13-selector-1" [_thread_in_native, id=16899, stack(0x000000010b807000,0x000000010b907000)]
  0x00007fd7831c0000 JavaThread "dw-12-selector-0" [_thread_in_native, id=16643, stack(0x000000010b704000,0x000000010b804000)]
  0x00007fd782974000 JavaThread "DateCache" daemon [_thread_blocked, id=16387, stack(0x000000010b601000,0x000000010b701000)]
  0x00007fd782904000 JavaThread "async-console-appender-2" [_thread_blocked, id=16131, stack(0x000000010b4fe000,0x000000010b5fe000)]
  0x00007fd782111800 JavaThread "async-console-appender-1" [_thread_blocked, id=15875, stack(0x000000010b3fb000,0x000000010b4fb000)]
  0x00007fd782808800 JavaThread "Service Thread" daemon [_thread_blocked, id=15363, stack(0x000000010a99f000,0x000000010aa9f000)]
  0x00007fd783829800 JavaThread "C2 CompilerThread1" daemon [_thread_blocked, id=15107, stack(0x000000010a89c000,0x000000010a99c000)]
  0x00007fd783828800 JavaThread "C2 CompilerThread0" daemon [_thread_blocked, id=14851, stack(0x000000010a799000,0x000000010a899000)]
  0x00007fd783808800 JavaThread "Signal Dispatcher" daemon [_thread_blocked, id=14595, stack(0x000000010a696000,0x000000010a796000)]
  0x00007fd782807000 JavaThread "Finalizer" daemon [_thread_blocked, id=9267, stack(0x000000010a446000,0x000000010a546000)]
  0x00007fd783802800 JavaThread "Reference Handler" daemon [_thread_blocked, id=271, stack(0x000000010a343000,0x000000010a443000)]

Other Threads:
  0x00007fd783052800 VMThread [stack: 0x000000010a240000,0x000000010a340000] [id=523]
  0x00007fd782812800 WatcherThread [stack: 0x000000010aaa2000,0x000000010aba2000] [id=15619]

VM state:not at safepoint (normal execution)

VM Mutex/Monitor currently owned by a thread: None

Heap
 def new generation   total 5376K, used 4020K [0x00000007ea000000, 0x00000007ea5d0000, 0x00000007efa00000)
  eden space 4800K,  71% used [0x00000007ea000000, 0x00000007ea35d1a0, 0x00000007ea4b0000)
  from space 576K,  99% used [0x00000007ea4b0000, 0x00000007ea53fff8, 0x00000007ea540000)
  to   space 576K,   0% used [0x00000007ea540000, 0x00000007ea540000, 0x00000007ea5d0000)
 tenured generation   total 11712K, used 7415K [0x00000007efa00000, 0x00000007f0570000, 0x00000007fae00000)
   the space 11712K,  63% used [0x00000007efa00000, 0x00000007f013ded0, 0x00000007f013e000, 0x00000007f0570000)
 compacting perm gen  total 21568K, used 21300K [0x00000007fae00000, 0x00000007fc310000, 0x0000000800000000)
   the space 21568K,  98% used [0x00000007fae00000, 0x00000007fc2cd0a0, 0x00000007fc2cd200, 0x00000007fc310000)
No shared spaces configured.

Card table byte_map: [0x0000000109eb0000,0x0000000109f61000] byte_map_base: 0x0000000105f60000

Polling page: 0x00000001059f5000

Code Cache  [0x0000000106df0000, 0x0000000107060000, 0x0000000109df0000)
 total_blobs=585 nmethods=245 adapters=292 free_code_cache=48208Kb largest_free_block=49338560

Compilation events (10 events):
Event: 84.973 Thread 0x00007fd783829800  245             java.util.concurrent.atomic.AtomicReferenceArray::get (10 bytes)
Event: 84.973 Thread 0x00007fd783828800  246             java.util.concurrent.atomic.AtomicReferenceArray::getRaw (12 bytes)
Event: 84.974 Thread 0x00007fd783828800 nmethod 246 0x0000000106edabd0 code [0x0000000106edad00, 0x0000000106edad78]
Event: 84.974 Thread 0x00007fd783829800 nmethod 245 0x0000000106eda890 code [0x0000000106eda9e0, 0x0000000106edaa98]
Event: 98.442 Thread 0x00007fd783828800  248             java.lang.Thread::interrupted (8 bytes)
Event: 98.443 Thread 0x00007fd783828800 nmethod 248 0x0000000106edbcd0 code [0x0000000106edbe20, 0x0000000106edbea8]
Event: 129.686 Thread 0x00007fd783829800  249             java.util.concurrent.atomic.AtomicLongArray::getRaw (12 bytes)
Event: 129.688 Thread 0x00007fd783829800 nmethod 249 0x0000000106edbad0 code [0x0000000106edbc00, 0x0000000106edbc78]
Event: 130.998 Thread 0x00007fd783828800  250             java.util.concurrent.atomic.AtomicLongArray::byteOffset (12 bytes)
Event: 130.999 Thread 0x00007fd783828800 nmethod 250 0x0000000106edb8d0 code [0x0000000106edba00, 0x0000000106edba58]

GC Heap History (10 events):
Event: 2.645 GC heap before
{Heap before GC invocations=16 (full 0):
 def new generation   total 5184K, used 5184K [0x00000007ea000000, 0x00000007ea590000, 0x00000007efa00000)
  eden space 4672K, 100% used [0x00000007ea000000, 0x00000007ea490000, 0x00000007ea490000)
  from space 512K, 100% used [0x00000007ea490000, 0x00000007ea510000, 0x00000007ea510000)
  to   space 512K,   0% used [0x00000007ea510000, 0x00000007ea510000, 0x00000007ea590000)
 tenured generation   total 11520K, used 11290K [0x00000007efa00000, 0x00000007f0540000, 0x00000007fae00000)
   the space 11520K,  98% used [0x00000007efa00000, 0x00000007f0506a50, 0x00000007f0506c00, 0x00000007f0540000)
 compacting perm gen  total 21248K, used 19280K [0x00000007fae00000, 0x00000007fc2c0000, 0x0000000800000000)
   the space 21248K,  90% used [0x00000007fae00000, 0x00000007fc0d4388, 0x00000007fc0d4400, 0x00000007fc2c0000)
No shared spaces configured.
Event: 2.718 GC heap after
Heap after GC invocations=17 (full 1):
 def new generation   total 5376K, used 0K [0x00000007ea000000, 0x00000007ea5d0000, 0x00000007efa00000)
  eden space 4800K,   0% used [0x00000007ea000000, 0x00000007ea000000, 0x00000007ea4b0000)
  from space 576K,   0% used [0x00000007ea4b0000, 0x00000007ea4b0000, 0x00000007ea540000)
  to   space 576K,   0% used [0x00000007ea540000, 0x00000007ea540000, 0x00000007ea5d0000)
 tenured generation   total 11712K, used 6938K [0x00000007efa00000, 0x00000007f0570000, 0x00000007fae00000)
   the space 11712K,  59% used [0x00000007efa00000, 0x00000007f00c6948, 0x00000007f00c6a00, 0x00000007f0570000)
 compacting perm gen  total 21248K, used 19280K [0x00000007fae00000, 0x00000007fc2c0000, 0x0000000800000000)
   the space 21248K,  90% used [0x00000007fae00000, 0x00000007fc0d4388, 0x00000007fc0d4400, 0x00000007fc2c0000)
No shared spaces configured.
}
Event: 2.817 GC heap before
{Heap before GC invocations=17 (full 1):
 def new generation   total 5376K, used 4800K [0x00000007ea000000, 0x00000007ea5d0000, 0x00000007efa00000)
  eden space 4800K, 100% used [0x00000007ea000000, 0x00000007ea4b0000, 0x00000007ea4b0000)
  from space 576K,   0% used [0x00000007ea4b0000, 0x00000007ea4b0000, 0x00000007ea540000)
  to   space 576K,   0% used [0x00000007ea540000, 0x00000007ea540000, 0x00000007ea5d0000)
 tenured generation   total 11712K, used 6938K [0x00000007efa00000, 0x00000007f0570000, 0x00000007fae00000)
   the space 11712K,  59% used [0x00000007efa00000, 0x00000007f00c6948, 0x00000007f00c6a00, 0x00000007f0570000)
 compacting perm gen  total 21248K, used 19368K [0x00000007fae00000, 0x00000007fc2c0000, 0x0000000800000000)
   the space 21248K,  91% used [0x00000007fae00000, 0x00000007fc0ea078, 0x00000007fc0ea200, 0x00000007fc2c0000)
No shared spaces configured.
Event: 2.819 GC heap after
Heap after GC invocations=18 (full 1):
 def new generation   total 5376K, used 137K [0x00000007ea000000, 0x00000007ea5d0000, 0x00000007efa00000)
  eden space 4800K,   0% used [0x00000007ea000000, 0x00000007ea000000, 0x00000007ea4b0000)
  from space 576K,  23% used [0x00000007ea540000, 0x00000007ea562580, 0x00000007ea5d0000)
  to   space 576K,   0% used [0x00000007ea4b0000, 0x00000007ea4b0000, 0x00000007ea540000)
 tenured generation   total 11712K, used 6938K [0x00000007efa00000, 0x00000007f0570000, 0x00000007fae00000)
   the space 11712K,  59% used [0x00000007efa00000, 0x00000007f00c6948, 0x00000007f00c6a00, 0x00000007f0570000)
 compacting perm gen  total 21248K, used 19368K [0x00000007fae00000, 0x00000007fc2c0000, 0x0000000800000000)
   the space 21248K,  91% used [0x00000007fae00000, 0x00000007fc0ea078, 0x00000007fc0ea200, 0x00000007fc2c0000)
No shared spaces configured.
}
Event: 2.901 GC heap before
{Heap before GC invocations=18 (full 1):
 def new generation   total 5376K, used 4937K [0x00000007ea000000, 0x00000007ea5d0000, 0x00000007efa00000)
  eden space 4800K, 100% used [0x00000007ea000000, 0x00000007ea4b0000, 0x00000007ea4b0000)
  from space 576K,  23% used [0x00000007ea540000, 0x00000007ea562580, 0x00000007ea5d0000)
  to   space 576K,   0% used [0x00000007ea4b0000, 0x00000007ea4b0000, 0x00000007ea540000)
 tenured generation   total 11712K, used 6938K [0x00000007efa00000, 0x00000007f0570000, 0x00000007fae00000)
   the space 11712K,  59% used [0x00000007efa00000, 0x00000007f00c6948, 0x00000007f00c6a00, 0x00000007f0570000)
 compacting perm gen  total 21248K, used 19519K [0x00000007fae00000, 0x00000007fc2c0000, 0x0000000800000000)
   the space 21248K,  91% used [0x00000007fae00000, 0x00000007fc10fc28, 0x00000007fc10fe00, 0x00000007fc2c0000)
No shared spaces configured.
Event: 2.904 GC heap after
Heap after GC invocations=19 (full 1):
 def new generation   total 5376K, used 345K [0x00000007ea000000, 0x00000007ea5d0000, 0x00000007efa00000)
  eden space 4800K,   0% used [0x00000007ea000000, 0x00000007ea000000, 0x00000007ea4b0000)
  from space 576K,  59% used [0x00000007ea4b0000, 0x00000007ea506430, 0x00000007ea540000)
  to   space 576K,   0% used [0x00000007ea540000, 0x00000007ea540000, 0x00000007ea5d0000)
 tenured generation   total 11712K, used 6938K [0x00000007efa00000, 0x00000007f0570000, 0x00000007fae00000)
   the space 11712K,  59% used [0x00000007efa00000, 0x00000007f00c6948, 0x00000007f00c6a00, 0x00000007f0570000)
 compacting perm gen  total 21248K, used 19519K [0x00000007fae00000, 0x00000007fc2c0000, 0x0000000800000000)
   the space 21248K,  91% used [0x00000007fae00000, 0x00000007fc10fc28, 0x00000007fc10fe00, 0x00000007fc2c0000)
No shared spaces configured.
}
Event: 2.979 GC heap before
{Heap before GC invocations=19 (full 1):
 def new generation   total 5376K, used 5145K [0x00000007ea000000, 0x00000007ea5d0000, 0x00000007efa00000)
  eden space 4800K, 100% used [0x00000007ea000000, 0x00000007ea4b0000, 0x00000007ea4b0000)
  from space 576K,  59% used [0x00000007ea4b0000, 0x00000007ea506430, 0x00000007ea540000)
  to   space 576K,   0% used [0x00000007ea540000, 0x00000007ea540000, 0x00000007ea5d0000)
 tenured generation   total 11712K, used 6938K [0x00000007efa00000, 0x00000007f0570000, 0x00000007fae00000)
   the space 11712K,  59% used [0x00000007efa00000, 0x00000007f00c6948, 0x00000007f00c6a00, 0x00000007f0570000)
 compacting perm gen  total 21248K, used 19676K [0x00000007fae00000, 0x00000007fc2c0000, 0x0000000800000000)
   the space 21248K,  92% used [0x00000007fae00000, 0x00000007fc1372e0, 0x00000007fc137400, 0x00000007fc2c0000)
No shared spaces configured.
Event: 2.981 GC heap after
Heap after GC invocations=20 (full 1):
 def new generation   total 5376K, used 371K [0x00000007ea000000, 0x00000007ea5d0000, 0x00000007efa00000)
  eden space 4800K,   0% used [0x00000007ea000000, 0x00000007ea000000, 0x00000007ea4b0000)
  from space 576K,  64% used [0x00000007ea540000, 0x00000007ea59cf10, 0x00000007ea5d0000)
  to   space 576K,   0% used [0x00000007ea4b0000, 0x00000007ea4b0000, 0x00000007ea540000)
 tenured generation   total 11712K, used 7041K [0x00000007efa00000, 0x00000007f0570000, 0x00000007fae00000)
   the space 11712K,  60% used [0x00000007efa00000, 0x00000007f00e07c0, 0x00000007f00e0800, 0x00000007f0570000)
 compacting perm gen  total 21248K, used 19676K [0x00000007fae00000, 0x00000007fc2c0000, 0x0000000800000000)
   the space 21248K,  92% used [0x00000007fae00000, 0x00000007fc1372e0, 0x00000007fc137400, 0x00000007fc2c0000)
No shared spaces configured.
}
Event: 6.937 GC heap before
{Heap before GC invocations=20 (full 1):
 def new generation   total 5376K, used 5171K [0x00000007ea000000, 0x00000007ea5d0000, 0x00000007efa00000)
  eden space 4800K, 100% used [0x00000007ea000000, 0x00000007ea4b0000, 0x00000007ea4b0000)
  from space 576K,  64% used [0x00000007ea540000, 0x00000007ea59cf10, 0x00000007ea5d0000)
  to   space 576K,   0% used [0x00000007ea4b0000, 0x00000007ea4b0000, 0x00000007ea540000)
 tenured generation   total 11712K, used 7041K [0x00000007efa00000, 0x00000007f0570000, 0x00000007fae00000)
   the space 11712K,  60% used [0x00000007efa00000, 0x00000007f00e07c0, 0x00000007f00e0800, 0x00000007f0570000)
 compacting perm gen  total 21248K, used 20685K [0x00000007fae00000, 0x00000007fc2c0000, 0x0000000800000000)
   the space 21248K,  97% used [0x00000007fae00000, 0x00000007fc233738, 0x00000007fc233800, 0x00000007fc2c0000)
No shared spaces configured.
Event: 6.942 GC heap after
Heap after GC invocations=21 (full 1):
 def new generation   total 5376K, used 575K [0x00000007ea000000, 0x00000007ea5d0000, 0x00000007efa00000)
  eden space 4800K,   0% used [0x00000007ea000000, 0x00000007ea000000, 0x00000007ea4b0000)
  from space 576K,  99% used [0x00000007ea4b0000, 0x00000007ea53fff8, 0x00000007ea540000)
  to   space 576K,   0% used [0x00000007ea540000, 0x00000007ea540000, 0x00000007ea5d0000)
 tenured generation   total 11712K, used 7415K [0x00000007efa00000, 0x00000007f0570000, 0x00000007fae00000)
   the space 11712K,  63% used [0x00000007efa00000, 0x00000007f013ded0, 0x00000007f013e000, 0x00000007f0570000)
 compacting perm gen  total 21248K, used 20685K [0x00000007fae00000, 0x00000007fc2c0000, 0x0000000800000000)
   the space 21248K,  97% used [0x00000007fae00000, 0x00000007fc233738, 0x00000007fc233800, 0x00000007fc2c0000)
No shared spaces configured.
}

Deoptimization events (8 events):
Event: 0.747 Thread 0x00007fd783002800 Uncommon trap -34 fr.pc 0x0000000106e54098
Event: 0.976 Thread 0x00007fd783002800 Uncommon trap -34 fr.pc 0x0000000106e54098
Event: 1.116 Thread 0x00007fd783002800 Uncommon trap -83 fr.pc 0x0000000106e74804
Event: 1.399 Thread 0x00007fd783002800 Uncommon trap -34 fr.pc 0x0000000106e54098
Event: 1.408 Thread 0x00007fd783002800 Uncommon trap -34 fr.pc 0x0000000106e54098
Event: 1.850 Thread 0x00007fd783002800 Uncommon trap -83 fr.pc 0x0000000106e80ec8
Event: 1.850 Thread 0x00007fd783002800 Uncommon trap -83 fr.pc 0x0000000106e7e148
Event: 2.589 Thread 0x00007fd783002800 Uncommon trap -83 fr.pc 0x0000000106e9fac4

Internal exceptions (10 events):
Event: 7.055 Thread 0x00007fd782970000 Threw 0x00000007ea2a7ea8 at /HUDSON/workspace/jdk7u10-2-build-macosx-amd64-product/jdk7u10/hotspot/src/share/vm/prims/jvm.cpp:1166
Event: 7.055 Thread 0x00007fd782970000 Threw 0x00000007ea2ab4a8 at /HUDSON/workspace/jdk7u10-2-build-macosx-amd64-product/jdk7u10/hotspot/src/share/vm/prims/jvm.cpp:1166
Event: 7.056 Thread 0x00007fd782970000 Threw 0x00000007ea2aed88 at /HUDSON/workspace/jdk7u10-2-build-macosx-amd64-product/jdk7u10/hotspot/src/share/vm/prims/jvm.cpp:1166
Event: 7.056 Thread 0x00007fd782970000 Threw 0x00000007ea2b2748 at /HUDSON/workspace/jdk7u10-2-build-macosx-amd64-product/jdk7u10/hotspot/src/share/vm/prims/jvm.cpp:1166
Event: 7.056 Thread 0x00007fd782970000 Threw 0x00000007ea2b5eb8 at /HUDSON/workspace/jdk7u10-2-build-macosx-amd64-product/jdk7u10/hotspot/src/share/vm/prims/jvm.cpp:1166
Event: 7.057 Thread 0x00007fd782970000 Threw 0x00000007ea2b9700 at /HUDSON/workspace/jdk7u10-2-build-macosx-amd64-product/jdk7u10/hotspot/src/share/vm/prims/jvm.cpp:1166
Event: 7.057 Thread 0x00007fd782970000 Threw 0x00000007ea2bcc78 at /HUDSON/workspace/jdk7u10-2-build-macosx-amd64-product/jdk7u10/hotspot/src/share/vm/prims/jvm.cpp:1166
Event: 7.057 Thread 0x00007fd782970000 Threw 0x00000007ea2c06a8 at /HUDSON/workspace/jdk7u10-2-build-macosx-amd64-product/jdk7u10/hotspot/src/share/vm/prims/jvm.cpp:1166
Event: 132.564 Thread 0x00007fd78313e800 Threw 0x00000007ea344b20 at /HUDSON/workspace/jdk7u10-2-build-macosx-amd64-product/jdk7u10/hotspot/src/share/vm/prims/jni.cpp:716
Event: 132.565 Thread 0x00007fd78380c000 Threw 0x00000007ea343250 at /HUDSON/workspace/jdk7u10-2-build-macosx-amd64-product/jdk7u10/hotspot/src/share/vm/prims/jvm.cpp:1166

Events (10 events):
Event: 132.556 loading class 0x00007fd781e6af40
Event: 132.559 loading class 0x00007fd781e6af40 done
Event: 132.560 loading class 0x00007fd781e6af00 done
Event: 132.560 Thread 0x00007fd78200a800 Thread added: 0x00007fd78200a800
Event: 132.561 Thread 0x00007fd78380c000 Thread added: 0x00007fd78380c000
Event: 132.563 Thread 0x00007fd78200a800 Thread exited: 0x00007fd78200a800
Event: 132.564 loading class 0x00007fd784066060
Event: 132.564 loading class 0x00007fd784066060 done
Event: 132.565 loading class 0x00007fd78408ef30
Event: 132.565 loading class 0x00007fd78408ef30 done


Dynamic libraries:
0x00000000045a5000 	/System/Library/Frameworks/Cocoa.framework/Versions/A/Cocoa
0x00000000045a5000 	/System/Library/Frameworks/Security.framework/Versions/A/Security
0x00000000045a5000 	/System/Library/Frameworks/ApplicationServices.framework/Versions/A/ApplicationServices
0x00000000045a5000 	/usr/lib/libz.1.dylib
0x00000000045a5000 	/usr/lib/libSystem.B.dylib
0x00000000045a5000 	/usr/lib/libobjc.A.dylib
0x00000000045a5000 	/System/Library/Frameworks/CoreFoundation.framework/Versions/A/CoreFoundation
0x00000000045a5000 	/System/Library/Frameworks/AppKit.framework/Versions/C/AppKit
0x00000000045a5000 	/System/Library/Frameworks/CoreData.framework/Versions/A/CoreData
0x00000000045a5000 	/System/Library/Frameworks/Foundation.framework/Versions/C/Foundation
0x00000000045a5000 	/System/Library/PrivateFrameworks/RemoteViewServices.framework/Versions/A/RemoteViewServices
0x00000000045a5000 	/System/Library/Frameworks/AudioToolbox.framework/Versions/A/AudioToolbox
0x00000000045a5000 	/System/Library/Frameworks/AudioUnit.framework/Versions/A/AudioUnit
0x00000000045a5000 	/System/Library/PrivateFrameworks/DataDetectorsCore.framework/Versions/A/DataDetectorsCore
0x00000000045a5000 	/System/Library/PrivateFrameworks/DesktopServicesPriv.framework/Versions/A/DesktopServicesPriv
0x00000000045a5000 	/System/Library/Frameworks/Carbon.framework/Versions/A/Frameworks/HIToolbox.framework/Versions/A/HIToolbox
0x00000000045a5000 	/System/Library/Frameworks/QuartzCore.framework/Versions/A/QuartzCore
0x00000000045a5000 	/System/Library/Frameworks/Carbon.framework/Versions/A/Frameworks/SpeechRecognition.framework/Versions/A/SpeechRecognition
0x00000000045a5000 	/usr/lib/libauto.dylib
0x00000000045a5000 	/usr/lib/libicucore.A.dylib
0x00000000045a5000 	/usr/lib/libxml2.2.dylib
0x00000000045a5000 	/System/Library/PrivateFrameworks/CoreUI.framework/Versions/A/CoreUI
0x00000000045a5000 	/System/Library/Frameworks/CoreAudio.framework/Versions/A/CoreAudio
0x00000000045a5000 	/System/Library/Frameworks/DiskArbitration.framework/Versions/A/DiskArbitration
0x00000000045a5000 	/usr/lib/liblangid.dylib
0x00000000045a5000 	/System/Library/PrivateFrameworks/MultitouchSupport.framework/Versions/A/MultitouchSupport
0x00000000045a5000 	/System/Library/Frameworks/IOKit.framework/Versions/A/IOKit
0x00000000045a5000 	/usr/lib/libDiagnosticMessagesClient.dylib
0x00000000045a5000 	/System/Library/Frameworks/CoreServices.framework/Versions/A/CoreServices
0x00000000045a5000 	/System/Library/PrivateFrameworks/PerformanceAnalysis.framework/Versions/A/PerformanceAnalysis
0x00000000045a5000 	/System/Library/PrivateFrameworks/GenerationalStorage.framework/Versions/A/GenerationalStorage
0x00000000045a5000 	/System/Library/Frameworks/OpenGL.framework/Versions/A/OpenGL
0x00000000045a5000 	/System/Library/PrivateFrameworks/Sharing.framework/Versions/A/Sharing
0x00000000045a5000 	/System/Library/Frameworks/ImageIO.framework/Versions/A/ImageIO
0x00000000045a5000 	/System/Library/Frameworks/CoreText.framework/Versions/A/CoreText
0x00000000045a5000 	/System/Library/Frameworks/CoreGraphics.framework/Versions/A/CoreGraphics
0x00000000045a5000 	/System/Library/PrivateFrameworks/Backup.framework/Versions/A/Backup
0x00000000045a5000 	/System/Library/Frameworks/CFNetwork.framework/Versions/A/CFNetwork
0x00000000045a5000 	/System/Library/Frameworks/SystemConfiguration.framework/Versions/A/SystemConfiguration
0x00000000045a5000 	/usr/lib/libCRFSuite.dylib
0x00000000045a5000 	/usr/lib/libc++.1.dylib
0x00000000045a5000 	/usr/lib/libc++abi.dylib
0x00000000045a5000 	/usr/lib/system/libcache.dylib
0x00000000045a5000 	/usr/lib/system/libcommonCrypto.dylib
0x00000000045a5000 	/usr/lib/system/libcompiler_rt.dylib
0x00000000045a5000 	/usr/lib/system/libcopyfile.dylib
0x00000000045a5000 	/usr/lib/system/libcorecrypto.dylib
0x00000000045a5000 	/usr/lib/system/libdispatch.dylib
0x00000000045a5000 	/usr/lib/system/libdyld.dylib
0x00000000045a5000 	/usr/lib/system/libkeymgr.dylib
0x00000000045a5000 	/usr/lib/system/liblaunch.dylib
0x00000000045a5000 	/usr/lib/system/libmacho.dylib
0x00000000045a5000 	/usr/lib/system/libquarantine.dylib
0x00000000045a5000 	/usr/lib/system/libremovefile.dylib
0x00000000045a5000 	/usr/lib/system/libsystem_asl.dylib
0x00000000045a5000 	/usr/lib/system/libsystem_blocks.dylib
0x00000000045a5000 	/usr/lib/system/libsystem_c.dylib
0x00000000045a5000 	/usr/lib/system/libsystem_configuration.dylib
0x00000000045a5000 	/usr/lib/system/libsystem_dnssd.dylib
0x00000000045a5000 	/usr/lib/system/libsystem_info.dylib
0x00000000045a5000 	/usr/lib/system/libsystem_kernel.dylib
0x00000000045a5000 	/usr/lib/system/libsystem_m.dylib
0x00000000045a5000 	/usr/lib/system/libsystem_malloc.dylib
0x00000000045a5000 	/usr/lib/system/libsystem_network.dylib
0x00000000045a5000 	/usr/lib/system/libsystem_notify.dylib
0x00000000045a5000 	/usr/lib/system/libsystem_platform.dylib
0x00000000045a5000 	/usr/lib/system/libsystem_pthread.dylib
0x00000000045a5000 	/usr/lib/system/libsystem_sandbox.dylib
0x00000000045a5000 	/usr/lib/system/libsystem_stats.dylib
0x00000000045a5000 	/usr/lib/system/libunc.dylib
0x00000000045a5000 	/usr/lib/system/libunwind.dylib
0x00000000045a5000 	/usr/lib/system/libxpc.dylib
0x00000000045a5000 	/usr/lib/libbsm.0.dylib
0x00000000045a5000 	/usr/lib/libsqlite3.dylib
0x00000000045a5000 	/usr/lib/libxar.1.dylib
0x00000000045a5000 	/usr/lib/libpam.2.dylib
0x00000000045a5000 	/usr/lib/libOpenScriptingUtil.dylib
0x00000000045a5000 	/usr/lib/libbz2.1.0.dylib
0x00000000045a5000 	/System/Library/Frameworks/CoreServices.framework/Versions/A/Frameworks/CarbonCore.framework/Versions/A/CarbonCore
0x00000000045a5000 	/System/Library/Frameworks/CoreServices.framework/Versions/A/Frameworks/Metadata.framework/Versions/A/Metadata
0x00000000045a5000 	/System/Library/Frameworks/CoreServices.framework/Versions/A/Frameworks/OSServices.framework/Versions/A/OSServices
0x00000000045a5000 	/System/Library/Frameworks/CoreServices.framework/Versions/A/Frameworks/SearchKit.framework/Versions/A/SearchKit
0x00000000045a5000 	/System/Library/Frameworks/CoreServices.framework/Versions/A/Frameworks/AE.framework/Versions/A/AE
0x00000000045a5000 	/System/Library/Frameworks/CoreServices.framework/Versions/A/Frameworks/LaunchServices.framework/Versions/A/LaunchServices
0x00000000045a5000 	/System/Library/Frameworks/CoreServices.framework/Versions/A/Frameworks/DictionaryServices.framework/Versions/A/DictionaryServices
0x00000000045a5000 	/System/Library/Frameworks/NetFS.framework/Versions/A/NetFS
0x00000000045a5000 	/usr/lib/system/libkxld.dylib
0x00000000045a5000 	/System/Library/PrivateFrameworks/NetAuth.framework/Versions/A/NetAuth
0x00000000045a5000 	/System/Library/PrivateFrameworks/TCC.framework/Versions/A/TCC
0x00000000045a5000 	/System/Library/Frameworks/OpenDirectory.framework/Versions/A/Frameworks/CFOpenDirectory.framework/Versions/A/CFOpenDirectory
0x00000000045a5000 	/System/Library/Frameworks/ServiceManagement.framework/Versions/A/ServiceManagement
0x00000000045a5000 	/usr/lib/libxslt.1.dylib
0x00000000045a5000 	/System/Library/Frameworks/Carbon.framework/Versions/A/Frameworks/Ink.framework/Versions/A/Ink
0x00000000045a5000 	/System/Library/Frameworks/ApplicationServices.framework/Versions/A/Frameworks/ATS.framework/Versions/A/ATS
0x00000000045a5000 	/System/Library/Frameworks/ApplicationServices.framework/Versions/A/Frameworks/ColorSync.framework/Versions/A/ColorSync
0x00000000045a5000 	/System/Library/Frameworks/ApplicationServices.framework/Versions/A/Frameworks/HIServices.framework/Versions/A/HIServices
0x00000000045a5000 	/System/Library/Frameworks/ApplicationServices.framework/Versions/A/Frameworks/LangAnalysis.framework/Versions/A/LangAnalysis
0x00000000045a5000 	/System/Library/Frameworks/ApplicationServices.framework/Versions/A/Frameworks/PrintCore.framework/Versions/A/PrintCore
0x00000000045a5000 	/System/Library/Frameworks/ApplicationServices.framework/Versions/A/Frameworks/QD.framework/Versions/A/QD
0x00000000045a5000 	/System/Library/Frameworks/ApplicationServices.framework/Versions/A/Frameworks/SpeechSynthesis.framework/Versions/A/SpeechSynthesis
0x00000000045a5000 	/System/Library/Frameworks/IOSurface.framework/Versions/A/IOSurface
0x00000000045a5000 	/System/Library/Frameworks/Accelerate.framework/Versions/A/Accelerate
0x00000000045a5000 	/System/Library/Frameworks/Accelerate.framework/Versions/A/Frameworks/vImage.framework/Versions/A/vImage
0x00000000045a5000 	/System/Library/Frameworks/Accelerate.framework/Versions/A/Frameworks/vecLib.framework/Versions/A/vecLib
0x00000000045a5000 	/System/Library/Frameworks/Accelerate.framework/Versions/A/Frameworks/vecLib.framework/Versions/A/libvDSP.dylib
0x00000000045a5000 	/System/Library/Frameworks/Accelerate.framework/Versions/A/Frameworks/vecLib.framework/Versions/A/libvMisc.dylib
0x00000000045a5000 	/System/Library/Frameworks/Accelerate.framework/Versions/A/Frameworks/vecLib.framework/Versions/A/libLAPACK.dylib
0x00000000045a5000 	/System/Library/Frameworks/Accelerate.framework/Versions/A/Frameworks/vecLib.framework/Versions/A/libBLAS.dylib
0x00000000045a5000 	/System/Library/Frameworks/ApplicationServices.framework/Versions/A/Frameworks/ATS.framework/Versions/A/Resources/libFontParser.dylib
0x00000000045a5000 	/System/Library/Frameworks/ApplicationServices.framework/Versions/A/Frameworks/ATS.framework/Versions/A/Resources/libFontRegistry.dylib
0x00000000045a5000 	/System/Library/Frameworks/ImageIO.framework/Versions/A/Resources/libJPEG.dylib
0x00000000045a5000 	/System/Library/Frameworks/ImageIO.framework/Versions/A/Resources/libTIFF.dylib
0x00000000045a5000 	/System/Library/Frameworks/ImageIO.framework/Versions/A/Resources/libPng.dylib
0x00000000045a5000 	/System/Library/Frameworks/ImageIO.framework/Versions/A/Resources/libGIF.dylib
0x00000000045a5000 	/System/Library/Frameworks/ImageIO.framework/Versions/A/Resources/libJP2.dylib
0x00000000045a5000 	/System/Library/Frameworks/ImageIO.framework/Versions/A/Resources/libRadiance.dylib
0x00000000045a5000 	/usr/lib/libcups.2.dylib
0x00000000045a5000 	/System/Library/Frameworks/Kerberos.framework/Versions/A/Kerberos
0x00000000045a5000 	/System/Library/Frameworks/GSS.framework/Versions/A/GSS
0x00000000045a5000 	/usr/lib/libresolv.9.dylib
0x00000000045a5000 	/usr/lib/libiconv.2.dylib
0x00000000045a5000 	/System/Library/PrivateFrameworks/Heimdal.framework/Versions/A/Heimdal
0x00000000045a5000 	/System/Library/PrivateFrameworks/TrustEvaluationAgent.framework/Versions/A/TrustEvaluationAgent
0x00000000045a5000 	/usr/lib/libheimdal-asn1.dylib
0x00000000045a5000 	/System/Library/Frameworks/OpenDirectory.framework/Versions/A/OpenDirectory
0x00000000045a5000 	/System/Library/PrivateFrameworks/CommonAuth.framework/Versions/A/CommonAuth
0x00000000045a5000 	/System/Library/Frameworks/SecurityFoundation.framework/Versions/A/SecurityFoundation
0x00000000045a5000 	/System/Library/PrivateFrameworks/Bom.framework/Versions/A/Bom
0x00000000045a5000 	/System/Library/Frameworks/CoreVideo.framework/Versions/A/CoreVideo
0x00000000045a5000 	/System/Library/Frameworks/QuartzCore.framework/Versions/A/Frameworks/CoreImage.framework/Versions/A/CoreImage
0x00000000045a5000 	/System/Library/Frameworks/QuartzCore.framework/Versions/A/Frameworks/ScalableUserInterface.framework/Versions/A/ScalableUserInterface
0x00000000045a5000 	/System/Library/Frameworks/OpenGL.framework/Versions/A/Libraries/libGLU.dylib
0x00000000045a5000 	/System/Library/Frameworks/OpenGL.framework/Versions/A/Libraries/libGFXShared.dylib
0x00000000045a5000 	/System/Library/Frameworks/OpenGL.framework/Versions/A/Libraries/libGL.dylib
0x00000000045a5000 	/System/Library/Frameworks/OpenGL.framework/Versions/A/Libraries/libGLImage.dylib
0x00000000045a5000 	/System/Library/Frameworks/OpenGL.framework/Versions/A/Libraries/libCVMSPluginSupport.dylib
0x00000000045a5000 	/System/Library/Frameworks/OpenGL.framework/Versions/A/Libraries/libCoreVMClient.dylib
0x00000000045a5000 	/System/Library/PrivateFrameworks/FaceCore.framework/Versions/A/FaceCore
0x00000000045a5000 	/System/Library/PrivateFrameworks/CrashReporterSupport.framework/Versions/A/CrashReporterSupport
0x00000000045a5000 	/System/Library/Frameworks/OpenCL.framework/Versions/A/OpenCL
0x00000000045a5000 	/System/Library/PrivateFrameworks/AppleFSCompression.framework/Versions/A/AppleFSCompression
0x00000000045a5000 	/System/Library/PrivateFrameworks/Ubiquity.framework/Versions/A/Ubiquity
0x00000000045a5000 	/System/Library/PrivateFrameworks/IconServices.framework/Versions/A/IconServices
0x00000000045a5000 	/System/Library/PrivateFrameworks/ChunkingLibrary.framework/Versions/A/ChunkingLibrary
0x00000000045a5000 	/System/Library/PrivateFrameworks/CoreSymbolication.framework/Versions/A/CoreSymbolication
0x00000000045a5000 	/System/Library/PrivateFrameworks/Symbolication.framework/Versions/A/Symbolication
0x00000000045a5000 	/System/Library/PrivateFrameworks/DebugSymbols.framework/Versions/A/DebugSymbols
0x0000000106200000 	/Library/Java/JavaVirtualMachines/jdk1.7.0_10.jdk/Contents/Home/jre/lib/server/libjvm.dylib
0x00000000045a5000 	/usr/lib/libstdc++.6.dylib
0x0000000106daa000 	/Library/Java/JavaVirtualMachines/jdk1.7.0_10.jdk/Contents/Home/jre/lib/libverify.dylib
0x0000000106db7000 	/Library/Java/JavaVirtualMachines/jdk1.7.0_10.jdk/Contents/Home/jre/lib/libjava.dylib
0x0000000106de7000 	/Library/Java/JavaVirtualMachines/jdk1.7.0_10.jdk/Contents/Home/jre/lib/libzip.dylib
0x000000010a548000 	/System/Library/Frameworks/JavaVM.framework/Frameworks/JavaRuntimeSupport.framework/JavaRuntimeSupport
0x000000010a560000 	/System/Library/Frameworks/JavaVM.framework/Versions/A/Frameworks/JavaNativeFoundation.framework/Versions/A/JavaNativeFoundation
0x000000010a575000 	/System/Library/Frameworks/JavaVM.framework/Versions/A/JavaVM
0x00000000045a5000 	/System/Library/Frameworks/Carbon.framework/Versions/A/Carbon
0x000000010a582000 	/System/Library/PrivateFrameworks/JavaLaunching.framework/Versions/A/JavaLaunching
0x00000000045a5000 	/System/Library/Frameworks/Carbon.framework/Versions/A/Frameworks/CommonPanels.framework/Versions/A/CommonPanels
0x00000000045a5000 	/System/Library/Frameworks/Carbon.framework/Versions/A/Frameworks/Help.framework/Versions/A/Help
0x00000000045a5000 	/System/Library/Frameworks/Carbon.framework/Versions/A/Frameworks/ImageCapture.framework/Versions/A/ImageCapture
0x00000000045a5000 	/System/Library/Frameworks/Carbon.framework/Versions/A/Frameworks/OpenScripting.framework/Versions/A/OpenScripting
0x00000000045a5000 	/System/Library/Frameworks/Carbon.framework/Versions/A/Frameworks/Print.framework/Versions/A/Print
0x00000000045a5000 	/System/Library/Frameworks/Carbon.framework/Versions/A/Frameworks/SecurityHI.framework/Versions/A/SecurityHI
0x000000010ad54000 	/Library/Java/JavaVirtualMachines/jdk1.7.0_10.jdk/Contents/Home/jre/lib/libnio.dylib
0x000000010ad63000 	/Library/Java/JavaVirtualMachines/jdk1.7.0_10.jdk/Contents/Home/jre/lib/./libnet.dylib
0x000000010ac24000 	/Library/Java/JavaVirtualMachines/jdk1.7.0_10.jdk/Contents/Home/jre/lib/libmanagement.dylib

VM Arguments:
java_command: usage-0.0.1-SNAPSHOT.jar server ../src/main/resources/usage.yml
Launcher Type: SUN_STANDARD

Environment Variables:
PATH=/usr/bin:/bin:/usr/sbin:/sbin:/usr/local/bin:/opt/X11/bin
SHELL=/bin/bash
DISPLAY=/tmp/launch-8bzTXb/org.macosforge.xquartz:0

Signal Handlers:
SIGSEGV: [libjvm.dylib+0x4a363d], sa_mask[0]=0xfffefeff, sa_flags=0x00000042
SIGBUS: [libjvm.dylib+0x4a363d], sa_mask[0]=0xfffefeff, sa_flags=0x00000042
SIGFPE: [libjvm.dylib+0x3b3051], sa_mask[0]=0xfffefeff, sa_flags=0x00000042
SIGPIPE: [libjvm.dylib+0x3b3051], sa_mask[0]=0xfffefeff, sa_flags=0x00000042
SIGXFSZ: [libjvm.dylib+0x3b3051], sa_mask[0]=0xfffefeff, sa_flags=0x00000042
SIGILL: [libjvm.dylib+0x3b3051], sa_mask[0]=0xfffefeff, sa_flags=0x00000042
SIGUSR1: SIG_DFL, sa_mask[0]=0x63807efb, sa_flags=0x00000000
SIGUSR2: [libjvm.dylib+0x3b2bea], sa_mask[0]=0x00000000, sa_flags=0x00000042
SIGHUP: [libjvm.dylib+0x3b0e4b], sa_mask[0]=0xfffefeff, sa_flags=0x00000042
SIGINT: [libjvm.dylib+0x3b0e4b], sa_mask[0]=0xfffefeff, sa_flags=0x00000042
SIGTERM: [libjvm.dylib+0x3b0e4b], sa_mask[0]=0xfffefeff, sa_flags=0x00000042
SIGQUIT: [libjvm.dylib+0x3b0e4b], sa_mask[0]=0xfffefeff, sa_flags=0x00000042


---------------  S Y S T E M  ---------------

OS:Bsduname:Darwin 13.4.0 Darwin Kernel Version 13.4.0: Sun Aug 17 19:50:11 PDT 2014; root:xnu-2422.115.4~1/RELEASE_X86_64 x86_64
rlimit: STACK 8192k, CORE 0k, NPROC 709, NOFILE 10240, AS infinity
load average:2.04 1.46 1.37

CPU:total 4 (2 cores per cpu, 2 threads per core) family 6 model 37 stepping 2, cmov, cx8, fxsr, mmx, sse, sse2, sse3, ssse3, sse4.1, sse4.2, popcnt, ht, tsc, tscinvbit

Memory: 4k page, physical 1099468k(274867k free)

/proc/meminfo:


vm_info: Java HotSpot(TM) 64-Bit Server VM (23.6-b04) for bsd-amd64 JRE (1.7.0_10-b18), built on Nov 28 2012 07:52:20 by "java_re" with gcc 4.2.1 (Based on Apple Inc. build 5658) (LLVM build 2336.9.00)

time: Wed Nov 12 17:59:46 2014
elapsed time: 132 seconds

